[Info  - 10:08:02 am] Initialising intelephense 1.7.1
[Info  - 10:08:02 am] Reading state from /var/www/html/chat_system/~/.vscode-root/User/workspaceStorage/a1724bc378757307ba4f9369e51b622d/bmewburn.vscode-intelephense-client/475f69b4.
[Info  - 10:08:06 am] Initialised in 3717 ms
[Warn  - 10:08:08 am] file:///var/www/html/chat_system/vendor/fakerphp/faker/src/Faker/Provider/nl_BE/Text.php is over the maximum file size of 1000000 bytes.
[Info  - 10:08:08 am] Indexing started.
[Info  - 10:08:09 am] Indexing ended. 57 files indexed in 0s.
[Info  - 10:08:09 am] Writing state to /var/www/html/chat_system/~/.vscode-root/User/workspaceStorage/a1724bc378757307ba4f9369e51b622d/bmewburn.vscode-intelephense-client/475f69b4.
[Info  - 10:08:12 am] Wrote state in 3.6s.
[Info  - 10:08:51 am] Indexing started.
[Info  - 10:08:51 am] Indexing ended. 1 files indexed in 0s.
[Info  - 10:08:52 am] Indexing started.
[Info  - 10:08:52 am] Indexing ended. 4 files indexed in 0s.
[Info  - 10:08:52 am] Indexing started.
[Info  - 10:08:52 am] Indexing ended. 2 files indexed in 0s.
[Info  - 10:08:53 am] Indexing started.
[Info  - 10:08:53 am] Indexing ended. 2 files indexed in 0s.
[Info  - 10:09:22 am] Indexing started.
[Info  - 10:09:22 am] Indexing ended. 1 files indexed in 0s.
[Info  - 10:12:51 am] Indexing started.
[Info  - 10:12:52 am] Indexing ended. 1 files indexed in 0s.
[Info  - 10:12:56 am] Indexing started.
[Info  - 10:12:56 am] Indexing ended. 1 files indexed in 0s.
[Info  - 10:12:57 am] Indexing started.
[Info  - 10:12:57 am] Indexing ended. 1 files indexed in 0s.
[Info  - 10:13:01 am] Indexing started.
[Info  - 10:13:01 am] Indexing ended. 1 files indexed in 0s.
[Info  - 10:13:02 am] Indexing started.
[Info  - 10:13:02 am] Indexing ended. 1 files indexed in 0s.
[Info  - 10:13:27 am] Indexing started.
[Info  - 10:13:27 am] Indexing ended. 1 files indexed in 0s.
[Info  - 10:14:01 am] Indexing started.
[Info  - 10:14:01 am] Indexing ended. 1 files indexed in 0s.
[Info  - 10:14:02 am] Indexing started.
[Info  - 10:14:02 am] Indexing ended. 1 files indexed in 0s.
[Info  - 10:14:02 am] Indexing started.
[Info  - 10:14:02 am] Indexing ended. 2 files indexed in 0s.
[Info  - 10:14:03 am] Indexing started.
[Info  - 10:14:03 am] Indexing ended. 4 files indexed in 0s.
[Info  - 10:14:03 am] Indexing started.
[Info  - 10:14:04 am] Indexing ended. 1 files indexed in 0s.
[Info  - 10:14:04 am] Indexing started.
[Info  - 10:14:05 am] Indexing ended. 4 files indexed in 0s.
[Info  - 10:14:09 am] Indexing started.
[Info  - 10:14:09 am] Indexing ended. 1 files indexed in 0s.
[Info  - 10:14:40 am] Indexing started.
[Info  - 10:14:40 am] Indexing ended. 1 files indexed in 0s.
[Info  - 10:14:40 am] Indexing started.
[Info  - 10:14:41 am] Indexing ended. 3 files indexed in 0s.
[Info  - 10:14:46 am] Indexing started.
[Info  - 10:14:46 am] Indexing ended. 1 files indexed in 0s.
[Info  - 10:58:46 am] Indexing started.
[Info  - 10:58:47 am] Indexing ended. 1 files indexed in 0s.
[Info  - 10:58:48 am] Indexing started.
[Info  - 10:58:49 am] Indexing ended. 1 files indexed in 0s.
[Info  - 10:58:49 am] Indexing started.
[Info  - 10:58:49 am] Indexing ended. 1 files indexed in 0s.
[Info  - 10:58:49 am] Indexing started.
[Info  - 10:58:49 am] Indexing ended. 2 files indexed in 0s.
[Info  - 10:58:50 am] Indexing started.
[Info  - 10:58:50 am] Indexing ended. 2 files indexed in 0s.
[Info  - 10:58:50 am] Indexing started.
[Info  - 10:58:50 am] Indexing ended. 2 files indexed in 0s.
[Info  - 10:58:59 am] Indexing started.
[Info  - 10:58:59 am] Indexing ended. 1 files indexed in 0s.
[Info  - 10:59:05 am] Indexing started.
[Info  - 10:59:05 am] Indexing ended. 1 files indexed in 0s.
[Info  - 10:59:15 am] Indexing started.
[Info  - 10:59:15 am] Indexing ended. 1 files indexed in 0s.
[Info  - 10:59:16 am] Indexing started.
[Info  - 10:59:16 am] Indexing ended. 1 files indexed in 0s.
[Info  - 10:59:20 am] Indexing started.
[Info  - 10:59:20 am] Indexing ended. 1 files indexed in 0s.
[Info  - 10:59:20 am] Indexing started.
[Info  - 10:59:20 am] Indexing ended. 1 files indexed in 0s.
[Info  - 10:59:21 am] Indexing started.
[Info  - 10:59:21 am] Indexing ended. 4 files indexed in 0s.
[Info  - 10:59:35 am] Indexing started.
[Info  - 10:59:35 am] Indexing ended. 1 files indexed in 0s.
[Info  - 11:00:16 am] Indexing started.
[Info  - 11:00:17 am] Indexing ended. 1 files indexed in 0s.
[Info  - 11:00:23 am] Indexing started.
[Info  - 11:00:23 am] Indexing ended. 1 files indexed in 0s.
[Info  - 11:00:28 am] Indexing started.
[Info  - 11:00:28 am] Indexing ended. 1 files indexed in 0s.
[Info  - 11:00:28 am] Indexing started.
[Info  - 11:00:28 am] Indexing ended. 1 files indexed in 0s.
[Info  - 11:00:31 am] Indexing started.
[Info  - 11:00:31 am] Indexing ended. 1 files indexed in 0s.
[Info  - 11:01:25 am] Indexing started.
[Info  - 11:01:26 am] Indexing ended. 1 files indexed in 0s.
[Info  - 11:01:28 am] Indexing started.
[Info  - 11:01:28 am] Indexing ended. 1 files indexed in 0s.
[Info  - 11:01:28 am] Indexing started.
[Info  - 11:01:28 am] Indexing ended. 2 files indexed in 0s.
[Info  - 11:01:32 am] Indexing started.
[Info  - 11:01:33 am] Indexing ended. 1 files indexed in 0s.
[Info  - 11:01:35 am] Indexing started.
[Info  - 11:01:36 am] Indexing ended. 2 files indexed in 0s.
[Info  - 11:01:37 am] Indexing started.
[Info  - 11:01:37 am] Indexing ended. 5 files indexed in 0s.
[Info  - 11:01:40 am] Indexing started.
[Info  - 11:01:40 am] Indexing ended. 2 files indexed in 0s.
[Info  - 11:01:41 am] Indexing started.
[Info  - 11:01:41 am] Indexing ended. 2 files indexed in 0s.
[Info  - 11:01:41 am] Indexing started.
[Info  - 11:01:42 am] Indexing ended. 2 files indexed in 0s.
[Info  - 11:01:43 am] Indexing started.
[Info  - 11:01:43 am] Indexing ended. 7 files indexed in 0s.
[Info  - 11:02:03 am] Indexing started.
[Info  - 11:02:03 am] Indexing ended. 1 files indexed in 0s.
[Info  - 11:02:04 am] Indexing started.
[Info  - 11:02:04 am] Indexing ended. 4 files indexed in 0s.
[Info  - 11:02:07 am] Indexing started.
[Info  - 11:02:07 am] Indexing ended. 7 files indexed in 0s.
[Info  - 11:02:08 am] Indexing started.
[Info  - 11:02:09 am] Indexing ended. 1 files indexed in 0s.
[Info  - 11:02:09 am] Indexing started.
[Info  - 11:02:09 am] Indexing ended. 2 files indexed in 0s.
[Info  - 11:02:12 am] Indexing started.
[Info  - 11:02:12 am] Indexing ended. 1 files indexed in 0s.
[Info  - 11:02:23 am] Indexing started.
[Info  - 11:02:24 am] Indexing ended. 1 files indexed in 0s.
[Info  - 11:02:25 am] Indexing started.
[Info  - 11:02:25 am] Indexing ended. 10 files indexed in 0s.
[Info  - 11:02:45 am] Indexing started.
[Info  - 11:02:46 am] Indexing ended. 1 files indexed in 0s.
[Info  - 11:02:46 am] Indexing started.
[Info  - 11:02:46 am] Indexing ended. 1 files indexed in 0s.
[Info  - 11:02:48 am] Indexing started.
[Info  - 11:02:48 am] Indexing ended. 1 files indexed in 0s.
[Info  - 11:02:56 am] Indexing started.
[Info  - 11:02:56 am] Indexing ended. 1 files indexed in 0s.
[Info  - 11:02:59 am] Indexing started.
[Info  - 11:02:59 am] Indexing ended. 1 files indexed in 0s.
[Info  - 11:02:59 am] Indexing started.
[Info  - 11:02:59 am] Indexing ended. 2 files indexed in 0s.
[Info  - 11:03:01 am] Indexing started.
[Info  - 11:03:02 am] Indexing ended. 1 files indexed in 0s.
[Info  - 11:03:06 am] Indexing started.
[Info  - 11:03:06 am] Indexing ended. 1 files indexed in 0s.
[Info  - 11:03:09 am] Indexing started.
[Info  - 11:03:09 am] Indexing ended. 2 files indexed in 0s.
[Info  - 11:03:11 am] Indexing started.
[Info  - 11:03:11 am] Indexing ended. 1 files indexed in 0s.
[Info  - 11:03:14 am] Indexing started.
[Info  - 11:03:15 am] Indexing ended. 1 files indexed in 0s.
[Info  - 11:03:16 am] Indexing started.
[Info  - 11:03:17 am] Indexing ended. 1 files indexed in 0s.
[Info  - 11:03:17 am] Indexing started.
[Info  - 11:03:17 am] Indexing ended. 1 files indexed in 0s.
[Info  - 11:03:22 am] Indexing started.
[Info  - 11:03:22 am] Indexing ended. 1 files indexed in 0s.
[Info  - 11:03:24 am] Indexing started.
[Info  - 11:03:25 am] Indexing ended. 1 files indexed in 0s.
[Info  - 11:03:27 am] Indexing started.
[Info  - 11:03:27 am] Indexing ended. 1 files indexed in 0s.
[Info  - 11:03:27 am] Indexing started.
[Info  - 11:03:27 am] Indexing ended. 1 files indexed in 0s.
[Info  - 11:03:29 am] Indexing started.
[Info  - 11:03:29 am] Indexing ended. 1 files indexed in 0s.
[Info  - 11:03:38 am] Indexing started.
[Info  - 11:03:38 am] Indexing ended. 1 files indexed in 0s.
[Info  - 11:03:40 am] Indexing started.
[Info  - 11:03:40 am] Indexing ended. 1 files indexed in 0s.
[Info  - 11:03:41 am] Indexing started.
[Info  - 11:03:41 am] Indexing ended. 2 files indexed in 0s.
[Info  - 11:03:42 am] Indexing started.
[Info  - 11:03:43 am] Indexing ended. 1 files indexed in 0s.
[Info  - 11:03:52 am] Indexing started.
[Info  - 11:03:53 am] Indexing ended. 2 files indexed in 0s.
[Info  - 11:03:54 am] Indexing started.
[Info  - 11:03:54 am] Indexing ended. 1 files indexed in 0s.
[Info  - 11:04:04 am] Indexing started.
[Info  - 11:04:04 am] Indexing ended. 1 files indexed in 0s.
[Info  - 11:04:05 am] Indexing started.
[Info  - 11:04:05 am] Indexing ended. 3 files indexed in 0s.
[Info  - 11:04:07 am] Indexing started.
[Info  - 11:04:07 am] Indexing ended. 1 files indexed in 0s.
[Info  - 11:04:07 am] Indexing started.
[Info  - 11:04:07 am] Indexing ended. 2 files indexed in 0s.
[Info  - 11:04:07 am] Indexing started.
[Info  - 11:04:08 am] Indexing ended. 2 files indexed in 0s.
[Info  - 11:04:08 am] Indexing started.
[Info  - 11:04:08 am] Indexing ended. 2 files indexed in 0s.
[Info  - 11:04:12 am] Indexing started.
[Info  - 11:04:12 am] Indexing ended. 3 files indexed in 0s.
[Info  - 11:04:15 am] Indexing started.
[Info  - 11:04:16 am] Indexing ended. 1 files indexed in 0s.
[Info  - 11:04:18 am] Indexing started.
[Info  - 11:04:18 am] Indexing ended. 1 files indexed in 0s.
[Info  - 11:04:21 am] Indexing started.
[Info  - 11:04:21 am] Indexing ended. 1 files indexed in 0s.
[Info  - 11:04:22 am] Indexing started.
[Info  - 11:04:22 am] Indexing ended. 1 files indexed in 0s.
[Info  - 11:04:23 am] Indexing started.
[Info  - 11:04:23 am] Indexing ended. 6 files indexed in 0s.
[Info  - 11:04:27 am] Indexing started.
[Info  - 11:04:27 am] Indexing ended. 1 files indexed in 0s.
[Info  - 11:04:36 am] Indexing started.
[Info  - 11:04:37 am] Indexing ended. 1 files indexed in 0s.
[Info  - 11:04:39 am] Indexing started.
[Info  - 11:04:39 am] Indexing ended. 1 files indexed in 0s.
[Info  - 11:04:41 am] Indexing started.
[Info  - 11:04:41 am] Indexing ended. 10 files indexed in 0s.
[Info  - 11:04:41 am] Indexing started.
[Info  - 11:04:42 am] Indexing ended. 1 files indexed in 0s.
[Info  - 11:04:42 am] Indexing started.
[Info  - 11:04:42 am] Indexing ended. 1 files indexed in 0s.
[Info  - 11:11:34 am] Indexing started.
[Info  - 11:11:34 am] Indexing ended. 1 files indexed in 0s.
[Info  - 11:12:45 am] Indexing started.
[Info  - 11:12:45 am] Indexing ended. 1 files indexed in 0s.
[Info  - 11:12:46 am] Indexing started.
[Info  - 11:12:46 am] Indexing ended. 1 files indexed in 0s.
[Info  - 11:12:47 am] Indexing started.
[Info  - 11:12:47 am] Indexing ended. 1 files indexed in 0s.
[Info  - 11:12:48 am] Indexing started.
[Info  - 11:12:48 am] Indexing ended. 3 files indexed in 0s.
[Info  - 11:12:53 am] Indexing started.
[Info  - 11:12:53 am] Indexing ended. 1 files indexed in 0s.
[Info  - 11:12:53 am] Indexing started.
[Info  - 11:12:54 am] Indexing ended. 1 files indexed in 0s.
[Info  - 11:16:18 am] Indexing started.
[Info  - 11:16:18 am] Indexing ended. 1 files indexed in 0s.
[Info  - 11:17:49 am] Indexing started.
[Info  - 11:17:49 am] Indexing ended. 1 files indexed in 0s.
[Info  - 11:17:51 am] Indexing started.
[Info  - 11:17:51 am] Indexing ended. 1 files indexed in 0s.
[Info  - 11:17:52 am] Indexing started.
[Info  - 11:17:52 am] Indexing ended. 2 files indexed in 0s.
[Info  - 11:18:03 am] Indexing started.
[Info  - 11:18:03 am] Indexing ended. 1 files indexed in 0s.
[Info  - 11:22:00 am] Indexing started.
[Info  - 11:22:00 am] Indexing ended. 1 files indexed in 0s.
[Info  - 11:22:01 am] Indexing started.
[Info  - 11:22:01 am] Indexing ended. 1 files indexed in 0s.
[Info  - 11:22:07 am] Indexing started.
[Info  - 11:22:07 am] Indexing ended. 1 files indexed in 0s.
[Info  - 11:22:10 am] Indexing started.
[Info  - 11:22:10 am] Indexing ended. 1 files indexed in 0s.
[Info  - 11:22:13 am] Indexing started.
[Info  - 11:22:13 am] Indexing ended. 1 files indexed in 0s.
[Info  - 11:22:47 am] Indexing started.
[Info  - 11:22:47 am] Indexing ended. 1 files indexed in 0s.
[Info  - 11:22:56 am] Indexing started.
[Info  - 11:22:56 am] Indexing ended. 1 files indexed in 0s.
[Info  - 11:23:01 am] Indexing started.
[Info  - 11:23:01 am] Indexing ended. 1 files indexed in 0s.
[Info  - 11:23:07 am] Indexing started.
[Info  - 11:23:07 am] Indexing ended. 1 files indexed in 0s.
[Info  - 11:23:08 am] Indexing started.
[Info  - 11:23:08 am] Indexing ended. 4 files indexed in 0s.
[Info  - 11:23:11 am] Indexing started.
[Info  - 11:23:11 am] Indexing ended. 1 files indexed in 0s.
[Info  - 11:24:54 am] Indexing started.
[Info  - 11:24:54 am] Indexing ended. 1 files indexed in 0s.
[Info  - 11:24:57 am] Indexing started.
[Info  - 11:24:57 am] Indexing ended. 1 files indexed in 0s.
[Info  - 11:24:57 am] Indexing started.
[Info  - 11:24:57 am] Indexing ended. 1 files indexed in 0s.
[Info  - 11:24:57 am] Indexing started.
[Info  - 11:24:57 am] Indexing ended. 1 files indexed in 0s.
[Info  - 11:24:58 am] Indexing started.
[Info  - 11:24:58 am] Indexing ended. 2 files indexed in 0s.
[Info  - 11:24:59 am] Indexing started.
[Info  - 11:25:00 am] Indexing ended. 1 files indexed in 0s.
[Info  - 12:09:11 pm] Indexing started.
[Info  - 12:09:11 pm] Indexing ended. 1 files indexed in 0s.
[Info  - 12:09:11 pm] Indexing started.
[Info  - 12:09:12 pm] Indexing ended. 1 files indexed in 0s.
[Info  - 12:09:12 pm] Indexing started.
[Info  - 12:09:12 pm] Indexing ended. 1 files indexed in 0s.
[Info  - 12:09:14 pm] Indexing started.
[Info  - 12:09:14 pm] Indexing ended. 12 files indexed in 0s.
[Info  - 12:09:19 pm] Indexing started.
[Info  - 12:09:19 pm] Indexing ended. 1 files indexed in 0s.
[Info  - 12:10:01 pm] Indexing started.
[Info  - 12:10:01 pm] Indexing ended. 1 files indexed in 0s.
[Info  - 12:10:01 pm] Indexing started.
[Info  - 12:10:01 pm] Indexing ended. 1 files indexed in 0s.
[Info  - 12:10:03 pm] Indexing started.
[Info  - 12:10:03 pm] Indexing ended. 1 files indexed in 0s.
