[Info  - 10:13:50 am] Initialising intelephense 1.7.1
[Info  - 10:13:50 am] Reading state from /var/www/html/chat_system/~/.vscode-root/User/workspaceStorage/a1724bc378757307ba4f9369e51b622d/bmewburn.vscode-intelephense-client/475f69b4.
[Info  - 10:13:53 am] Initialised in 3261 ms
[Warn  - 10:13:54 am] file:///var/www/html/chat_system/vendor/fakerphp/faker/src/Faker/Provider/nl_BE/Text.php is over the maximum file size of 1000000 bytes.
[Info  - 10:13:54 am] Indexing started.
[Info  - 10:13:56 am] Indexing ended. 51 files indexed in 1s.
[Info  - 10:13:56 am] Writing state to /var/www/html/chat_system/~/.vscode-root/User/workspaceStorage/a1724bc378757307ba4f9369e51b622d/bmewburn.vscode-intelephense-client/475f69b4.
[Info  - 10:13:58 am] Wrote state in 2.3s.
[Info  - 10:16:12 am] Indexing started.
[Info  - 10:16:13 am] Indexing ended. 1 files indexed in 0s.
[Info  - 10:16:50 am] Indexing started.
[Info  - 10:16:50 am] Indexing ended. 1 files indexed in 0s.
[Info  - 10:16:54 am] Indexing started.
[Info  - 10:16:54 am] Indexing ended. 3 files indexed in 0s.
[Info  - 10:19:44 am] Indexing started.
[Info  - 10:19:44 am] Indexing ended. 1 files indexed in 0s.
[Info  - 10:19:44 am] Indexing started.
[Info  - 10:19:45 am] Indexing ended. 3 files indexed in 0s.
[Info  - 10:30:36 am] Indexing started.
[Info  - 10:30:36 am] Indexing ended. 1 files indexed in 0s.
[Info  - 10:32:14 am] Indexing started.
[Info  - 10:32:14 am] Indexing ended. 1 files indexed in 0s.
[Info  - 10:38:53 am] Indexing started.
[Info  - 10:38:54 am] Indexing ended. 1 files indexed in 0s.
[Info  - 10:46:13 am] Indexing started.
[Info  - 10:46:13 am] Indexing ended. 1 files indexed in 0s.
[Info  - 10:46:15 am] Indexing started.
[Info  - 10:46:15 am] Indexing ended. 9 files indexed in 0s.
[Info  - 10:46:25 am] Indexing started.
[Info  - 10:46:25 am] Indexing ended. 1 files indexed in 0s.
[Info  - 10:46:25 am] Indexing started.
[Info  - 10:46:25 am] Indexing ended. 1 files indexed in 0s.
[Info  - 10:46:27 am] Indexing started.
[Info  - 10:46:27 am] Indexing ended. 8 files indexed in 0s.
[Info  - 10:46:28 am] Indexing started.
[Info  - 10:46:28 am] Indexing ended. 6 files indexed in 0s.
[Info  - 10:46:30 am] Indexing started.
[Info  - 10:46:30 am] Indexing ended. 10 files indexed in 0s.
[Info  - 10:47:06 am] Indexing started.
[Info  - 10:47:06 am] Indexing ended. 1 files indexed in 0s.
[Info  - 10:47:06 am] Indexing started.
[Info  - 10:47:07 am] Indexing ended. 4 files indexed in 0s.
[Info  - 10:47:26 am] Indexing started.
[Info  - 10:47:26 am] Indexing ended. 1 files indexed in 0s.
[Info  - 10:47:26 am] Indexing started.
[Info  - 10:47:26 am] Indexing ended. 1 files indexed in 0s.
[Info  - 10:47:35 am] Indexing started.
[Info  - 10:47:35 am] Indexing ended. 1 files indexed in 0s.
[Info  - 10:47:36 am] Indexing started.
[Info  - 10:47:36 am] Indexing ended. 6 files indexed in 0s.
[Info  - 10:47:58 am] Indexing started.
[Info  - 10:47:58 am] Indexing ended. 1 files indexed in 0s.
[Info  - 10:48:08 am] Indexing started.
[Info  - 10:48:09 am] Indexing ended. 1 files indexed in 0s.
[Info  - 10:48:58 am] Indexing started.
[Info  - 10:48:58 am] Indexing ended. 1 files indexed in 0s.
[Info  - 10:48:59 am] Indexing started.
[Info  - 10:48:59 am] Indexing ended. 1 files indexed in 0s.
[Info  - 10:49:31 am] Indexing started.
[Info  - 10:49:31 am] Indexing ended. 1 files indexed in 0s.
[Info  - 10:53:34 am] Indexing started.
[Info  - 10:53:34 am] Indexing ended. 1 files indexed in 0s.
[Info  - 10:53:35 am] Indexing started.
[Info  - 10:53:35 am] Indexing ended. 5 files indexed in 0s.
[Info  - 10:53:37 am] Indexing started.
[Info  - 10:53:37 am] Indexing ended. 1 files indexed in 0s.
[Info  - 10:53:44 am] Indexing started.
[Info  - 10:53:45 am] Indexing ended. 1 files indexed in 0s.
[Info  - 10:53:45 am] Indexing started.
[Info  - 10:53:45 am] Indexing ended. 2 files indexed in 0s.
[Info  - 10:53:47 am] Indexing started.
[Info  - 10:53:47 am] Indexing ended. 1 files indexed in 0s.
[Info  - 10:54:13 am] Indexing started.
[Info  - 10:54:14 am] Indexing ended. 1 files indexed in 0s.
[Info  - 10:54:14 am] Indexing started.
[Info  - 10:54:14 am] Indexing ended. 2 files indexed in 0s.
[Info  - 10:54:16 am] Indexing started.
[Info  - 10:54:16 am] Indexing ended. 1 files indexed in 0s.
[Info  - 10:55:40 am] Indexing started.
[Info  - 10:55:41 am] Indexing ended. 1 files indexed in 0s.
[Info  - 10:55:41 am] Indexing started.
[Info  - 10:55:41 am] Indexing ended. 1 files indexed in 0s.
[Info  - 10:55:44 am] Indexing started.
[Info  - 10:55:44 am] Indexing ended. 1 files indexed in 0s.
[Info  - 10:56:15 am] Indexing started.
[Info  - 10:56:16 am] Indexing ended. 1 files indexed in 0s.
[Info  - 10:56:16 am] Indexing started.
[Info  - 10:56:16 am] Indexing ended. 4 files indexed in 0s.
[Info  - 10:56:18 am] Indexing started.
[Info  - 10:56:18 am] Indexing ended. 9 files indexed in 0s.
[Info  - 10:56:49 am] Indexing started.
[Info  - 10:56:49 am] Indexing ended. 1 files indexed in 0s.
[Info  - 11:03:04 am] Indexing started.
[Info  - 11:03:04 am] Indexing ended. 1 files indexed in 0s.
[Info  - 11:03:16 am] Indexing started.
[Info  - 11:03:16 am] Indexing ended. 1 files indexed in 0s.
[Info  - 11:03:17 am] Indexing started.
[Info  - 11:03:17 am] Indexing ended. 4 files indexed in 0s.
[Info  - 11:03:18 am] Indexing started.
[Info  - 11:03:18 am] Indexing ended. 5 files indexed in 0s.
[Info  - 11:07:31 am] Indexing started.
[Info  - 11:07:31 am] Indexing ended. 20 files indexed in 0s.
[Info  - 11:07:37 am] Indexing started.
[Info  - 11:07:38 am] Indexing ended. 10 files indexed in 1s.
[Info  - 11:18:12 am] Indexing started.
[Info  - 11:18:12 am] Indexing ended. 3 files indexed in 0s.
[Info  - 11:25:09 am] Indexing started.
[Info  - 11:25:09 am] Indexing ended. 1 files indexed in 0s.
[Info  - 11:25:10 am] Indexing started.
[Info  - 11:25:10 am] Indexing ended. 4 files indexed in 0s.
[Info  - 11:25:10 am] Indexing started.
[Info  - 11:25:10 am] Indexing ended. 2 files indexed in 0s.
[Info  - 11:25:35 am] Indexing started.
[Info  - 11:25:35 am] Indexing ended. 1 files indexed in 0s.
[Info  - 11:25:35 am] Indexing started.
[Info  - 11:25:36 am] Indexing ended. 3 files indexed in 0s.
[Info  - 11:25:59 am] Indexing started.
[Info  - 11:25:59 am] Indexing ended. 1 files indexed in 0s.
[Info  - 11:26:45 am] Indexing started.
[Info  - 11:26:45 am] Indexing ended. 1 files indexed in 0s.
[Info  - 11:27:00 am] Indexing started.
[Info  - 11:27:00 am] Indexing ended. 1 files indexed in 0s.
[Info  - 11:27:20 am] Indexing started.
[Info  - 11:27:20 am] Indexing ended. 3 files indexed in 0s.
[Info  - 11:28:19 am] Indexing started.
[Info  - 11:28:19 am] Indexing ended. 1 files indexed in 0s.
[Info  - 11:33:58 am] Indexing started.
[Info  - 11:33:59 am] Indexing ended. 1 files indexed in 0s.
[Info  - 11:33:59 am] Indexing started.
[Info  - 11:34:00 am] Indexing ended. 5 files indexed in 0s.
[Info  - 11:34:23 am] Indexing started.
[Info  - 11:34:23 am] Indexing ended. 1 files indexed in 0s.
[Info  - 11:34:50 am] Indexing started.
[Info  - 11:34:51 am] Indexing ended. 1 files indexed in 0s.
[Info  - 11:34:51 am] Indexing started.
[Info  - 11:34:52 am] Indexing ended. 5 files indexed in 0s.
[Info  - 11:34:56 am] Indexing started.
[Info  - 11:34:56 am] Indexing ended. 2 files indexed in 0s.
[Info  - 11:35:30 am] Indexing started.
[Info  - 11:35:31 am] Indexing ended. 1 files indexed in 0s.
[Info  - 11:35:51 am] Indexing started.
[Info  - 11:35:51 am] Indexing ended. 1 files indexed in 0s.
[Info  - 11:35:52 am] Indexing started.
[Info  - 11:35:52 am] Indexing ended. 4 files indexed in 0s.
[Info  - 11:35:52 am] Indexing started.
[Info  - 11:35:52 am] Indexing ended. 1 files indexed in 0s.
[Info  - 11:35:53 am] Indexing started.
[Info  - 11:35:53 am] Indexing ended. 5 files indexed in 0s.
[Info  - 11:36:01 am] Indexing started.
[Info  - 11:36:01 am] Indexing ended. 5 files indexed in 0s.
[Info  - 11:36:30 am] Indexing started.
[Info  - 11:36:30 am] Indexing ended. 1 files indexed in 0s.
[Info  - 11:36:30 am] Indexing started.
[Info  - 11:36:31 am] Indexing ended. 4 files indexed in 0s.
[Info  - 11:36:32 am] Indexing started.
[Info  - 11:36:32 am] Indexing ended. 7 files indexed in 0s.
[Info  - 11:36:34 am] Indexing started.
[Info  - 11:36:34 am] Indexing ended. 1 files indexed in 0s.
[Info  - 11:37:02 am] Indexing started.
[Info  - 11:37:02 am] Indexing ended. 1 files indexed in 0s.
[Info  - 11:37:03 am] Indexing started.
[Info  - 11:37:04 am] Indexing ended. 10 files indexed in 0s.
[Info  - 11:37:10 am] Indexing started.
[Info  - 11:37:10 am] Indexing ended. 1 files indexed in 0s.
[Info  - 11:38:12 am] Indexing started.
[Info  - 11:38:12 am] Indexing ended. 1 files indexed in 0s.
[Info  - 11:38:14 am] Indexing started.
[Info  - 11:38:14 am] Indexing ended. 9 files indexed in 0s.
[Info  - 11:38:19 am] Indexing started.
[Info  - 11:38:19 am] Indexing ended. 1 files indexed in 0s.
[Info  - 11:38:49 am] Indexing started.
[Info  - 11:38:49 am] Indexing ended. 2 files indexed in 0s.
[Info  - 11:38:51 am] Indexing started.
[Info  - 11:38:51 am] Indexing ended. 1 files indexed in 0s.
[Info  - 11:39:09 am] Indexing started.
[Info  - 11:39:10 am] Indexing ended. 1 files indexed in 0s.
[Info  - 11:39:10 am] Indexing started.
[Info  - 11:39:11 am] Indexing ended. 5 files indexed in 0s.
[Info  - 11:39:12 am] Indexing started.
[Info  - 11:39:12 am] Indexing ended. 6 files indexed in 0s.
[Info  - 11:39:31 am] Indexing started.
[Info  - 11:39:31 am] Indexing ended. 1 files indexed in 0s.
[Info  - 11:39:31 am] Indexing started.
[Info  - 11:39:31 am] Indexing ended. 1 files indexed in 0s.
[Info  - 11:39:33 am] Indexing started.
[Info  - 11:39:34 am] Indexing ended. 1 files indexed in 0s.
[Info  - 11:40:35 am] Indexing started.
[Info  - 11:40:35 am] Indexing ended. 1 files indexed in 0s.
[Info  - 11:40:35 am] Indexing started.
[Info  - 11:40:35 am] Indexing ended. 1 files indexed in 0s.
[Info  - 11:40:39 am] Indexing started.
[Info  - 11:40:39 am] Indexing ended. 1 files indexed in 0s.
[Info  - 11:41:05 am] Indexing started.
[Info  - 11:41:06 am] Indexing ended. 1 files indexed in 0s.
[Info  - 11:41:31 am] Indexing started.
[Info  - 11:41:31 am] Indexing ended. 1 files indexed in 0s.
[Info  - 11:41:31 am] Indexing started.
[Info  - 11:41:31 am] Indexing ended. 2 files indexed in 0s.
[Info  - 11:41:44 am] Indexing started.
[Info  - 11:41:44 am] Indexing ended. 1 files indexed in 0s.
[Info  - 11:41:58 am] Indexing started.
[Info  - 11:41:59 am] Indexing ended. 2 files indexed in 0s.
[Info  - 11:42:01 am] Indexing started.
[Info  - 11:42:01 am] Indexing ended. 1 files indexed in 0s.
[Info  - 11:42:11 am] Indexing started.
[Info  - 11:42:12 am] Indexing ended. 1 files indexed in 0s.
[Info  - 11:42:12 am] Indexing started.
[Info  - 11:42:13 am] Indexing ended. 5 files indexed in 0s.
[Info  - 11:42:15 am] Indexing started.
[Info  - 11:42:16 am] Indexing ended. 1 files indexed in 0s.
[Info  - 11:42:21 am] Indexing started.
[Info  - 11:42:21 am] Indexing ended. 2 files indexed in 0s.
[Info  - 11:42:22 am] Indexing started.
[Info  - 11:42:22 am] Indexing ended. 1 files indexed in 0s.
[Info  - 11:43:20 am] Indexing started.
[Info  - 11:43:20 am] Indexing ended. 1 files indexed in 0s.
[Info  - 11:43:20 am] Indexing started.
[Info  - 11:43:20 am] Indexing ended. 2 files indexed in 0s.
[Info  - 11:43:22 am] Indexing started.
[Info  - 11:43:23 am] Indexing ended. 1 files indexed in 0s.
[Info  - 11:43:40 am] Indexing started.
[Info  - 11:43:40 am] Indexing ended. 1 files indexed in 0s.
[Info  - 11:43:40 am] Indexing started.
[Info  - 11:43:40 am] Indexing ended. 1 files indexed in 0s.
[Info  - 11:43:42 am] Indexing started.
[Info  - 11:43:42 am] Indexing ended. 1 files indexed in 0s.
[Info  - 11:43:54 am] Indexing started.
[Info  - 11:43:54 am] Indexing ended. 2 files indexed in 0s.
[Info  - 11:43:56 am] Indexing started.
[Info  - 11:43:56 am] Indexing ended. 1 files indexed in 0s.
[Info  - 11:44:43 am] Indexing started.
[Info  - 11:44:44 am] Indexing ended. 1 files indexed in 0s.
[Info  - 11:44:44 am] Indexing started.
[Info  - 11:44:44 am] Indexing ended. 4 files indexed in 0s.
[Info  - 11:44:47 am] Indexing started.
[Info  - 11:44:47 am] Indexing ended. 1 files indexed in 0s.
[Info  - 11:44:55 am] Indexing started.
[Info  - 11:44:56 am] Indexing ended. 2 files indexed in 0s.
[Info  - 11:44:59 am] Indexing started.
[Info  - 11:45:00 am] Indexing ended. 1 files indexed in 0s.
[Info  - 11:45:13 am] Indexing started.
[Info  - 11:45:13 am] Indexing ended. 1 files indexed in 0s.
[Info  - 11:45:45 am] Indexing started.
[Info  - 11:45:45 am] Indexing ended. 1 files indexed in 0s.
[Info  - 11:45:47 am] Indexing started.
[Info  - 11:45:47 am] Indexing ended. 10 files indexed in 0s.
[Info  - 11:45:50 am] Indexing started.
[Info  - 11:45:50 am] Indexing ended. 1 files indexed in 0s.
[Info  - 11:46:55 am] Indexing started.
[Info  - 11:46:55 am] Indexing ended. 1 files indexed in 0s.
[Info  - 11:57:23 am] Indexing started.
[Info  - 11:57:23 am] Indexing ended. 1 files indexed in 0s.
