Looking for git in: git
Using git 2.25.1 from git
> git rev-parse --git-dir
Open repository: /var/www/html/chat_system
> git status -z -u
> git symbolic-ref --short HEAD
> git for-each-ref --format=%(refname)%00%(upstream:short)%00%(objectname)%00%(upstream:track) refs/heads/master refs/remotes/master
> git for-each-ref --sort -committerdate --format %(refname) %(objectname) %(*objectname)
> git remote --verbose
> git config --get commit.template
> git check-ignore -v -z --stdin
> git check-ignore -v -z --stdin
> git show --textconv :app/Models/Role.php
> git ls-files --stage -- /var/www/html/chat_system/app/Models/Role.php
> git status -z -u
> git symbolic-ref --short HEAD
> git for-each-ref --format=%(refname)%00%(upstream:short)%00%(objectname)%00%(upstream:track) refs/heads/master refs/remotes/master
> git for-each-ref --sort -committerdate --format %(refname) %(objectname) %(*objectname)
> git remote --verbose
> git config --get commit.template
> git status -z -u
> git symbolic-ref --short HEAD
> git for-each-ref --format=%(refname)%00%(upstream:short)%00%(objectname)%00%(upstream:track) refs/heads/master refs/remotes/master
> git for-each-ref --sort -committerdate --format %(refname) %(objectname) %(*objectname)
> git remote --verbose
> git config --get commit.template
> git show --textconv :database/migrations/2014_09_08_093915_create_roles_table.php
> git ls-files --stage -- /var/www/html/chat_system/database/migrations/2014_09_08_093915_create_roles_table.php
> git show --textconv :database/migrations/2014_10_12_000000_create_users_table.php
> git ls-files --stage -- /var/www/html/chat_system/database/migrations/2014_10_12_000000_create_users_table.php
> git cat-file -s 621a24eb734b76ca474bb8b5ea4a62b5f27d223c
> git show --textconv :database/migrations/2014_10_12_100000_create_password_resets_table.php
> git ls-files --stage -- /var/www/html/chat_system/database/migrations/2014_10_12_100000_create_password_resets_table.php
> git cat-file -s 0ee0a36a4f87c2f914288abfc133573d6a6324b7
> git show --textconv :database/migrations/2019_08_19_000000_create_failed_jobs_table.php
> git ls-files --stage -- /var/www/html/chat_system/database/migrations/2019_08_19_000000_create_failed_jobs_table.php
> git cat-file -s 6aa6d743e9c62a2eefee37c1913b95a4acf5aa6d
> git show --textconv :database/migrations/2021_07_12_125630_create__admin_table.php
> git ls-files --stage -- /var/www/html/chat_system/database/migrations/2021_07_12_125630_create__admin_table.php
> git show --textconv :database/migrations/2019_08_19_000000_create_failed_jobs_table.php
> git ls-files --stage -- /var/www/html/chat_system/database/migrations/2019_08_19_000000_create_failed_jobs_table.php
> git cat-file -s 6aa6d743e9c62a2eefee37c1913b95a4acf5aa6d
> git show --textconv :database/migrations/2021_07_12_125630_create__admin_table.php
> git ls-files --stage -- /var/www/html/chat_system/database/migrations/2021_07_12_125630_create__admin_table.php
> git show --textconv :database/migrations/2014_10_12_000000_create_users_table.php
> git ls-files --stage -- /var/www/html/chat_system/database/migrations/2014_10_12_000000_create_users_table.php
> git cat-file -s 621a24eb734b76ca474bb8b5ea4a62b5f27d223c
> git show --textconv :database/migrations/2021_07_12_125630_create__admin_table.php
> git ls-files --stage -- /var/www/html/chat_system/database/migrations/2021_07_12_125630_create__admin_table.php
> git show --textconv :database/migrations/2014_09_08_093915_create_roles_table.php
> git ls-files --stage -- /var/www/html/chat_system/database/migrations/2014_09_08_093915_create_roles_table.php
> git status -z -u
> git symbolic-ref --short HEAD
> git for-each-ref --format=%(refname)%00%(upstream:short)%00%(objectname)%00%(upstream:track) refs/heads/master refs/remotes/master
> git for-each-ref --sort -committerdate --format %(refname) %(objectname) %(*objectname)
> git remote --verbose
> git config --get commit.template
> git check-ignore -v -z --stdin
> git status -z -u
> git symbolic-ref --short HEAD
> git for-each-ref --format=%(refname)%00%(upstream:short)%00%(objectname)%00%(upstream:track) refs/heads/master refs/remotes/master
> git for-each-ref --sort -committerdate --format %(refname) %(objectname) %(*objectname)
> git remote --verbose
> git config --get commit.template
> git show --textconv :database/migrations/2021_07_13_044650_create_admins_table.php
> git ls-files --stage -- /var/www/html/chat_system/database/migrations/2021_07_13_044650_create_admins_table.php
> git status -z -u
> git symbolic-ref --short HEAD
> git for-each-ref --format=%(refname)%00%(upstream:short)%00%(objectname)%00%(upstream:track) refs/heads/master refs/remotes/master
> git for-each-ref --sort -committerdate --format %(refname) %(objectname) %(*objectname)
> git remote --verbose
> git config --get commit.template
> git show --textconv :database/migrations/2014_09_08_093915_create_roles_table.php
> git ls-files --stage -- /var/www/html/chat_system/database/migrations/2014_09_08_093915_create_roles_table.php
> git show --textconv :database/migrations/2021_07_13_044650_create_admins_table.php
> git ls-files --stage -- /var/www/html/chat_system/database/migrations/2021_07_13_044650_create_admins_table.php
> git check-ignore -v -z --stdin
> git check-ignore -v -z --stdin
> git check-ignore -v -z --stdin
> git check-ignore -v -z --stdin
> git check-ignore -v -z --stdin
> git check-ignore -v -z --stdin
> git show --textconv :resources/views/admin/chat/chats.blade.php
> git ls-files --stage -- /var/www/html/chat_system/resources/views/admin/chat/chats.blade.php
> git cat-file -s 6ef6fcc2c794387c831cdfc7413c436136bd1159
> git show --textconv :resources/views/admin/auth/signin.blade.php
> git ls-files --stage -- /var/www/html/chat_system/resources/views/admin/auth/signin.blade.php
> git cat-file -s 26fc1a79f1d907caa1547cd121577690175a683e
> git show --textconv :resources/views/admin/auth/signup.blade.php
> git ls-files --stage -- /var/www/html/chat_system/resources/views/admin/auth/signup.blade.php
> git cat-file -s 298c3ff7e41fc3a7ac86327580fb7bbc91749b89
> git status -z -u
> git symbolic-ref --short HEAD
> git for-each-ref --format=%(refname)%00%(upstream:short)%00%(objectname)%00%(upstream:track) refs/heads/master refs/remotes/master
> git for-each-ref --sort -committerdate --format %(refname) %(objectname) %(*objectname)
> git remote --verbose
> git config --get commit.template
> git show --textconv :database/migrations/2021_07_13_044650_create_admins_table.php
> git ls-files --stage -- /var/www/html/chat_system/database/migrations/2021_07_13_044650_create_admins_table.php
> git status -z -u
> git symbolic-ref --short HEAD
> git for-each-ref --format=%(refname)%00%(upstream:short)%00%(objectname)%00%(upstream:track) refs/heads/master refs/remotes/master
> git for-each-ref --sort -committerdate --format %(refname) %(objectname) %(*objectname)
> git remote --verbose
> git config --get commit.template
> git status -z -u
> git symbolic-ref --short HEAD
> git for-each-ref --format=%(refname)%00%(upstream:short)%00%(objectname)%00%(upstream:track) refs/heads/master refs/remotes/master
> git for-each-ref --sort -committerdate --format %(refname) %(objectname) %(*objectname)
> git remote --verbose
> git config --get commit.template
> git show --textconv :database/migrations/2014_09_08_093915_create_roles_table.php
> git ls-files --stage -- /var/www/html/chat_system/database/migrations/2014_09_08_093915_create_roles_table.php
> git show --textconv :database/migrations/2014_10_12_000000_create_users_table.php
> git ls-files --stage -- /var/www/html/chat_system/database/migrations/2014_10_12_000000_create_users_table.php
> git cat-file -s 621a24eb734b76ca474bb8b5ea4a62b5f27d223c
> git show --textconv :database/migrations/2014_09_08_093915_create_roles_table.php
> git ls-files --stage -- /var/www/html/chat_system/database/migrations/2014_09_08_093915_create_roles_table.php
> git show --textconv :database/migrations/2014_10_12_000000_create_users_table.php
> git ls-files --stage -- /var/www/html/chat_system/database/migrations/2014_10_12_000000_create_users_table.php
> git cat-file -s 621a24eb734b76ca474bb8b5ea4a62b5f27d223c
> git show --textconv :database/migrations/2014_10_12_100000_create_password_resets_table.php
> git ls-files --stage -- /var/www/html/chat_system/database/migrations/2014_10_12_100000_create_password_resets_table.php
> git cat-file -s 0ee0a36a4f87c2f914288abfc133573d6a6324b7
> git show --textconv :database/migrations/2019_08_19_000000_create_failed_jobs_table.php
> git ls-files --stage -- /var/www/html/chat_system/database/migrations/2019_08_19_000000_create_failed_jobs_table.php
> git cat-file -s 6aa6d743e9c62a2eefee37c1913b95a4acf5aa6d
> git show --textconv :database/migrations/2021_07_13_044650_create_admins_table.php
> git ls-files --stage -- /var/www/html/chat_system/database/migrations/2021_07_13_044650_create_admins_table.php
> git show --textconv :database/migrations/2014_09_08_093915_create_roles_table.php
> git ls-files --stage -- /var/www/html/chat_system/database/migrations/2014_09_08_093915_create_roles_table.php
> git show --textconv :database/migrations/2021_07_13_044650_create_admins_table.php
> git ls-files --stage -- /var/www/html/chat_system/database/migrations/2021_07_13_044650_create_admins_table.php
> git show --textconv :database/migrations/2014_10_12_000000_create_users_table.php
> git ls-files --stage -- /var/www/html/chat_system/database/migrations/2014_10_12_000000_create_users_table.php
> git cat-file -s 621a24eb734b76ca474bb8b5ea4a62b5f27d223c
> git show --textconv :database/migrations/2021_07_13_044650_create_admins_table.php
> git ls-files --stage -- /var/www/html/chat_system/database/migrations/2021_07_13_044650_create_admins_table.php
> git show --textconv :database/migrations/2014_09_08_093915_create_roles_table.php
> git ls-files --stage -- /var/www/html/chat_system/database/migrations/2014_09_08_093915_create_roles_table.php
> git show --textconv :database/migrations/2014_10_12_000000_create_users_table.php
> git ls-files --stage -- /var/www/html/chat_system/database/migrations/2014_10_12_000000_create_users_table.php
> git cat-file -s 621a24eb734b76ca474bb8b5ea4a62b5f27d223c
> git status -z -u
> git symbolic-ref --short HEAD
> git for-each-ref --format=%(refname)%00%(upstream:short)%00%(objectname)%00%(upstream:track) refs/heads/master refs/remotes/master
> git for-each-ref --sort -committerdate --format %(refname) %(objectname) %(*objectname)
> git remote --verbose
> git config --get commit.template
> git show --textconv :database/seeders/RoleSeeder.php
> git ls-files --stage -- /var/www/html/chat_system/database/seeders/RoleSeeder.php
> git check-ignore -v -z --stdin
> git status -z -u
> git symbolic-ref --short HEAD
> git for-each-ref --format=%(refname)%00%(upstream:short)%00%(objectname)%00%(upstream:track) refs/heads/master refs/remotes/master
> git for-each-ref --sort -committerdate --format %(refname) %(objectname) %(*objectname)
> git remote --verbose
> git config --get commit.template
> git show --textconv :database/seeders/DatabaseSeeder.php
> git ls-files --stage -- /var/www/html/chat_system/database/seeders/DatabaseSeeder.php
> git cat-file -s 57b73b54da1626684550e048062061ec1737745c
> git status -z -u
> git symbolic-ref --short HEAD
> git for-each-ref --format=%(refname)%00%(upstream:short)%00%(objectname)%00%(upstream:track) refs/heads/master refs/remotes/master
> git for-each-ref --sort -committerdate --format %(refname) %(objectname) %(*objectname)
> git remote --verbose
> git config --get commit.template
> git show --textconv :database/seeders/RoleSeeder.php
> git ls-files --stage -- /var/www/html/chat_system/database/seeders/RoleSeeder.php
> git show --textconv :database/seeders/UserSeeder.php
> git ls-files --stage -- /var/www/html/chat_system/database/seeders/UserSeeder.php
> git check-ignore -v -z --stdin
> git status -z -u
> git symbolic-ref --short HEAD
> git for-each-ref --format=%(refname)%00%(upstream:short)%00%(objectname)%00%(upstream:track) refs/heads/master refs/remotes/master
> git for-each-ref --sort -committerdate --format %(refname) %(objectname) %(*objectname)
> git remote --verbose
> git config --get commit.template
> git show --textconv :database/seeders/RoleSeeder.php
> git ls-files --stage -- /var/www/html/chat_system/database/seeders/RoleSeeder.php
> git show --textconv :database/seeders/DatabaseSeeder.php
> git ls-files --stage -- /var/www/html/chat_system/database/seeders/DatabaseSeeder.php
> git cat-file -s 57b73b54da1626684550e048062061ec1737745c
> git status -z -u
> git symbolic-ref --short HEAD
> git for-each-ref --format=%(refname)%00%(upstream:short)%00%(objectname)%00%(upstream:track) refs/heads/master refs/remotes/master
> git for-each-ref --sort -committerdate --format %(refname) %(objectname) %(*objectname)
> git remote --verbose
> git config --get commit.template
> git show --textconv :database/seeders/UserSeeder.php
> git ls-files --stage -- /var/www/html/chat_system/database/seeders/UserSeeder.php
> git show --textconv :database/seeders/DatabaseSeeder.php
> git ls-files --stage -- /var/www/html/chat_system/database/seeders/DatabaseSeeder.php
> git cat-file -s 57b73b54da1626684550e048062061ec1737745c
> git show --textconv :database/migrations/2014_09_08_093915_create_roles_table.php
> git ls-files --stage -- /var/www/html/chat_system/database/migrations/2014_09_08_093915_create_roles_table.php
> git show --textconv :database/migrations/2014_10_12_000000_create_users_table.php
> git ls-files --stage -- /var/www/html/chat_system/database/migrations/2014_10_12_000000_create_users_table.php
> git cat-file -s 621a24eb734b76ca474bb8b5ea4a62b5f27d223c
> git show --textconv :database/migrations/2021_07_13_044650_create_admins_table.php
> git ls-files --stage -- /var/www/html/chat_system/database/migrations/2021_07_13_044650_create_admins_table.php
> git status -z -u
> git symbolic-ref --short HEAD
> git for-each-ref --format=%(refname)%00%(upstream:short)%00%(objectname)%00%(upstream:track) refs/heads/master refs/remotes/master
> git for-each-ref --sort -committerdate --format %(refname) %(objectname) %(*objectname)
> git remote --verbose
> git config --get commit.template
> git status -z -u
> git symbolic-ref --short HEAD
> git for-each-ref --format=%(refname)%00%(upstream:short)%00%(objectname)%00%(upstream:track) refs/heads/master refs/remotes/master
> git for-each-ref --sort -committerdate --format %(refname) %(objectname) %(*objectname)
> git remote --verbose
> git config --get commit.template
> git show --textconv :database/migrations/2014_10_12_000000_create_users_table.php
> git ls-files --stage -- /var/www/html/chat_system/database/migrations/2014_10_12_000000_create_users_table.php
> git cat-file -s 621a24eb734b76ca474bb8b5ea4a62b5f27d223c
> git show --textconv :database/seeders/RoleSeeder.php
> git ls-files --stage -- /var/www/html/chat_system/database/seeders/RoleSeeder.php
> git show --textconv :database/seeders/UserSeeder.php
> git ls-files --stage -- /var/www/html/chat_system/database/seeders/UserSeeder.php
> git status -z -u
> git symbolic-ref --short HEAD
> git for-each-ref --format=%(refname)%00%(upstream:short)%00%(objectname)%00%(upstream:track) refs/heads/master refs/remotes/master
> git for-each-ref --sort -committerdate --format %(refname) %(objectname) %(*objectname)
> git remote --verbose
> git config --get commit.template
> git status -z -u
> git symbolic-ref --short HEAD
> git for-each-ref --format=%(refname)%00%(upstream:short)%00%(objectname)%00%(upstream:track) refs/heads/master refs/remotes/master
> git for-each-ref --sort -committerdate --format %(refname) %(objectname) %(*objectname)
> git remote --verbose
> git config --get commit.template
> git status -z -u
> git symbolic-ref --short HEAD
> git for-each-ref --format=%(refname)%00%(upstream:short)%00%(objectname)%00%(upstream:track) refs/heads/master refs/remotes/master
> git for-each-ref --sort -committerdate --format %(refname) %(objectname) %(*objectname)
> git remote --verbose
> git config --get commit.template
> git show --textconv :database/migrations/2021_07_13_044650_create_admins_table.php
> git ls-files --stage -- /var/www/html/chat_system/database/migrations/2021_07_13_044650_create_admins_table.php
> git show --textconv :database/migrations/2014_09_08_093915_create_roles_table.php
> git ls-files --stage -- /var/www/html/chat_system/database/migrations/2014_09_08_093915_create_roles_table.php
> git show --textconv :database/migrations/2014_10_12_000000_create_users_table.php
> git ls-files --stage -- /var/www/html/chat_system/database/migrations/2014_10_12_000000_create_users_table.php
> git cat-file -s 621a24eb734b76ca474bb8b5ea4a62b5f27d223c
> git show --textconv :database/migrations/2021_07_13_044650_create_admins_table.php
> git ls-files --stage -- /var/www/html/chat_system/database/migrations/2021_07_13_044650_create_admins_table.php
> git show --textconv :database/migrations/2014_09_08_093915_create_roles_table.php
> git ls-files --stage -- /var/www/html/chat_system/database/migrations/2014_09_08_093915_create_roles_table.php
> git show --textconv :database/migrations/2014_10_12_000000_create_users_table.php
> git ls-files --stage -- /var/www/html/chat_system/database/migrations/2014_10_12_000000_create_users_table.php
> git cat-file -s 621a24eb734b76ca474bb8b5ea4a62b5f27d223c
> git status -z -u
> git symbolic-ref --short HEAD
> git for-each-ref --format=%(refname)%00%(upstream:short)%00%(objectname)%00%(upstream:track) refs/heads/master refs/remotes/master
> git for-each-ref --sort -committerdate --format %(refname) %(objectname) %(*objectname)
> git remote --verbose
> git config --get commit.template
> git status -z -u
> git symbolic-ref --short HEAD
> git for-each-ref --format=%(refname)%00%(upstream:short)%00%(objectname)%00%(upstream:track) refs/heads/master refs/remotes/master
> git for-each-ref --sort -committerdate --format %(refname) %(objectname) %(*objectname)
> git remote --verbose
> git config --get commit.template
> git show --textconv :database/seeders/RoleSeeder.php
> git ls-files --stage -- /var/www/html/chat_system/database/seeders/RoleSeeder.php
> git status -z -u
> git symbolic-ref --short HEAD
> git for-each-ref --format=%(refname)%00%(upstream:short)%00%(objectname)%00%(upstream:track) refs/heads/master refs/remotes/master
> git for-each-ref --sort -committerdate --format %(refname) %(objectname) %(*objectname)
> git remote --verbose
> git config --get commit.template
> git check-ignore -v -z --stdin
> git check-ignore -v -z --stdin
> git show --textconv :routes/web.php
> git ls-files --stage -- /var/www/html/chat_system/routes/web.php
> git cat-file -s 48383c830cce84f65401e9f5e8072e9300577d25
> git status -z -u
> git symbolic-ref --short HEAD
> git for-each-ref --format=%(refname)%00%(upstream:short)%00%(objectname)%00%(upstream:track) refs/heads/master refs/remotes/master
> git for-each-ref --sort -committerdate --format %(refname) %(objectname) %(*objectname)
> git remote --verbose
> git config --get commit.template
> git status -z -u
> git symbolic-ref --short HEAD
> git for-each-ref --format=%(refname)%00%(upstream:short)%00%(objectname)%00%(upstream:track) refs/heads/master refs/remotes/master
> git for-each-ref --sort -committerdate --format %(refname) %(objectname) %(*objectname)
> git remote --verbose
> git config --get commit.template
> git status -z -u
> git symbolic-ref --short HEAD
> git for-each-ref --format=%(refname)%00%(upstream:short)%00%(objectname)%00%(upstream:track) refs/heads/master refs/remotes/master
> git for-each-ref --sort -committerdate --format %(refname) %(objectname) %(*objectname)
> git remote --verbose
> git config --get commit.template
> git status -z -u
> git symbolic-ref --short HEAD
> git for-each-ref --format=%(refname)%00%(upstream:short)%00%(objectname)%00%(upstream:track) refs/heads/master refs/remotes/master
> git for-each-ref --sort -committerdate --format %(refname) %(objectname) %(*objectname)
> git remote --verbose
> git config --get commit.template
> git status -z -u
> git symbolic-ref --short HEAD
> git for-each-ref --format=%(refname)%00%(upstream:short)%00%(objectname)%00%(upstream:track) refs/heads/master refs/remotes/master
> git for-each-ref --sort -committerdate --format %(refname) %(objectname) %(*objectname)
> git remote --verbose
> git config --get commit.template
> git check-ignore -v -z --stdin
> git show --textconv :database/migrations/2014_10_12_100000_create_password_resets_table.php
> git ls-files --stage -- /var/www/html/chat_system/database/migrations/2014_10_12_100000_create_password_resets_table.php
> git cat-file -s 0ee0a36a4f87c2f914288abfc133573d6a6324b7
> git show --textconv :database/migrations/2014_10_12_000000_create_users_table.php
> git ls-files --stage -- /var/www/html/chat_system/database/migrations/2014_10_12_000000_create_users_table.php
> git cat-file -s 621a24eb734b76ca474bb8b5ea4a62b5f27d223c
> git show --textconv :resources/views/admin/auth/signup.blade.php
> git ls-files --stage -- /var/www/html/chat_system/resources/views/admin/auth/signup.blade.php
> git cat-file -s 298c3ff7e41fc3a7ac86327580fb7bbc91749b89
> git status -z -u
> git symbolic-ref --short HEAD
> git for-each-ref --format=%(refname)%00%(upstream:short)%00%(objectname)%00%(upstream:track) refs/heads/master refs/remotes/master
> git for-each-ref --sort -committerdate --format %(refname) %(objectname) %(*objectname)
> git remote --verbose
> git config --get commit.template
> git status -z -u
> git symbolic-ref --short HEAD
> git for-each-ref --format=%(refname)%00%(upstream:short)%00%(objectname)%00%(upstream:track) refs/heads/master refs/remotes/master
> git for-each-ref --sort -committerdate --format %(refname) %(objectname) %(*objectname)
> git remote --verbose
> git config --get commit.template
> git show --textconv :resources/views/admin/auth/signin.blade.php
> git ls-files --stage -- /var/www/html/chat_system/resources/views/admin/auth/signin.blade.php
> git cat-file -s 26fc1a79f1d907caa1547cd121577690175a683e
> git status -z -u
> git symbolic-ref --short HEAD
> git for-each-ref --format=%(refname)%00%(upstream:short)%00%(objectname)%00%(upstream:track) refs/heads/master refs/remotes/master
> git for-each-ref --sort -committerdate --format %(refname) %(objectname) %(*objectname)
> git remote --verbose
> git config --get commit.template
> git status -z -u
> git symbolic-ref --short HEAD
> git for-each-ref --format=%(refname)%00%(upstream:short)%00%(objectname)%00%(upstream:track) refs/heads/master refs/remotes/master
> git for-each-ref --sort -committerdate --format %(refname) %(objectname) %(*objectname)
> git remote --verbose
> git config --get commit.template
> git status -z -u
> git symbolic-ref --short HEAD
> git for-each-ref --format=%(refname)%00%(upstream:short)%00%(objectname)%00%(upstream:track) refs/heads/master refs/remotes/master
> git for-each-ref --sort -committerdate --format %(refname) %(objectname) %(*objectname)
> git remote --verbose
> git config --get commit.template
> git show --textconv :app/Models/Role.php
> git ls-files --stage -- /var/www/html/chat_system/app/Models/Role.php
> git show --textconv :resources/views/admin/auth/signin.blade.php
> git ls-files --stage -- /var/www/html/chat_system/resources/views/admin/auth/signin.blade.php
> git cat-file -s 26fc1a79f1d907caa1547cd121577690175a683e
> git show --textconv :resources/views/admin/chat/friends.blade.php
> git ls-files --stage -- /var/www/html/chat_system/resources/views/admin/chat/friends.blade.php
> git cat-file -s ea5b8bc2519706a33be83158c24b7917de907e6b
> git show --textconv :resources/views/admin/auth/signin.blade.php
> git ls-files --stage -- /var/www/html/chat_system/resources/views/admin/auth/signin.blade.php
> git cat-file -s 26fc1a79f1d907caa1547cd121577690175a683e
> git show --textconv :resources/views/admin/chat/chats.blade.php
> git ls-files --stage -- /var/www/html/chat_system/resources/views/admin/chat/chats.blade.php
> git cat-file -s 6ef6fcc2c794387c831cdfc7413c436136bd1159
> git show --textconv :resources/views/admin/auth/signin.blade.php
> git ls-files --stage -- /var/www/html/chat_system/resources/views/admin/auth/signin.blade.php
> git cat-file -s 26fc1a79f1d907caa1547cd121577690175a683e
> git status -z -u
> git symbolic-ref --short HEAD
> git for-each-ref --format=%(refname)%00%(upstream:short)%00%(objectname)%00%(upstream:track) refs/heads/master refs/remotes/master
> git for-each-ref --sort -committerdate --format %(refname) %(objectname) %(*objectname)
> git remote --verbose
> git config --get commit.template
> git show --textconv :resources/views/admin/auth/signup.blade.php
> git ls-files --stage -- /var/www/html/chat_system/resources/views/admin/auth/signup.blade.php
> git cat-file -s 298c3ff7e41fc3a7ac86327580fb7bbc91749b89
> git show --textconv :resources/views/admin/auth/signin.blade.php
> git ls-files --stage -- /var/www/html/chat_system/resources/views/admin/auth/signin.blade.php
> git cat-file -s 26fc1a79f1d907caa1547cd121577690175a683e
> git status -z -u
> git symbolic-ref --short HEAD
> git for-each-ref --format=%(refname)%00%(upstream:short)%00%(objectname)%00%(upstream:track) refs/heads/master refs/remotes/master
> git for-each-ref --sort -committerdate --format %(refname) %(objectname) %(*objectname)
> git remote --verbose
> git config --get commit.template
> git show --textconv :app/Http/Middleware/Admin.php
> git ls-files --stage -- /var/www/html/chat_system/app/Http/Middleware/Admin.php
> git check-ignore -v -z --stdin
> git status -z -u
> git symbolic-ref --short HEAD
> git for-each-ref --format=%(refname)%00%(upstream:short)%00%(objectname)%00%(upstream:track) refs/heads/master refs/remotes/master
> git for-each-ref --sort -committerdate --format %(refname) %(objectname) %(*objectname)
> git remote --verbose
> git config --get commit.template
> git show --textconv :resources/views/admin/auth/signin.blade.php
> git ls-files --stage -- /var/www/html/chat_system/resources/views/admin/auth/signin.blade.php
> git cat-file -s 26fc1a79f1d907caa1547cd121577690175a683e
> git show --textconv :app/Http/Controllers/Admin/AuthController.php
> git ls-files --stage -- /var/www/html/chat_system/app/Http/Controllers/Admin/AuthController.php
> git cat-file -s a7f20a624a4ebfdcd979e8f4d3dc99cf7855d671
> git check-ignore -v -z --stdin
> git show --textconv :routes/web.php
> git ls-files --stage -- /var/www/html/chat_system/routes/web.php
> git cat-file -s 48383c830cce84f65401e9f5e8072e9300577d25
> git status -z -u
> git symbolic-ref --short HEAD
> git for-each-ref --format=%(refname)%00%(upstream:short)%00%(objectname)%00%(upstream:track) refs/heads/master refs/remotes/master
> git for-each-ref --sort -committerdate --format %(refname) %(objectname) %(*objectname)
> git remote --verbose
> git config --get commit.template
> git status -z -u
> git symbolic-ref --short HEAD
> git for-each-ref --format=%(refname)%00%(upstream:short)%00%(objectname)%00%(upstream:track) refs/heads/master refs/remotes/master
> git for-each-ref --sort -committerdate --format %(refname) %(objectname) %(*objectname)
> git remote --verbose
> git config --get commit.template
> git show --textconv :database/seeders/RoleSeeder.php
> git ls-files --stage -- /var/www/html/chat_system/database/seeders/RoleSeeder.php
> git show --textconv :database/seeders/UserSeeder.php
> git ls-files --stage -- /var/www/html/chat_system/database/seeders/UserSeeder.php
> git status -z -u
> git symbolic-ref --short HEAD
> git for-each-ref --format=%(refname)%00%(upstream:short)%00%(objectname)%00%(upstream:track) refs/heads/master refs/remotes/master
> git for-each-ref --sort -committerdate --format %(refname) %(objectname) %(*objectname)
> git remote --verbose
> git config --get commit.template
> git status -z -u
> git symbolic-ref --short HEAD
> git for-each-ref --format=%(refname)%00%(upstream:short)%00%(objectname)%00%(upstream:track) refs/heads/master refs/remotes/master
> git for-each-ref --sort -committerdate --format %(refname) %(objectname) %(*objectname)
> git remote --verbose
> git config --get commit.template
> git show --textconv :app/Http/Controllers/Admin/AuthController.php
> git ls-files --stage -- /var/www/html/chat_system/app/Http/Controllers/Admin/AuthController.php
> git cat-file -s a7f20a624a4ebfdcd979e8f4d3dc99cf7855d671
> git status -z -u
> git symbolic-ref --short HEAD
> git for-each-ref --format=%(refname)%00%(upstream:short)%00%(objectname)%00%(upstream:track) refs/heads/master refs/remotes/master
> git for-each-ref --sort -committerdate --format %(refname) %(objectname) %(*objectname)
> git remote --verbose
> git config --get commit.template
> git show --textconv :database/seeders/UserSeeder.php
> git ls-files --stage -- /var/www/html/chat_system/database/seeders/UserSeeder.php
> git show --textconv :app/Http/Controllers/Admin/AuthController.php
> git ls-files --stage -- /var/www/html/chat_system/app/Http/Controllers/Admin/AuthController.php
> git cat-file -s a7f20a624a4ebfdcd979e8f4d3dc99cf7855d671
> git status -z -u
> git symbolic-ref --short HEAD
> git for-each-ref --format=%(refname)%00%(upstream:short)%00%(objectname)%00%(upstream:track) refs/heads/master refs/remotes/master
> git for-each-ref --sort -committerdate --format %(refname) %(objectname) %(*objectname)
> git remote --verbose
> git config --get commit.template
> git status -z -u
> git symbolic-ref --short HEAD
> git for-each-ref --format=%(refname)%00%(upstream:short)%00%(objectname)%00%(upstream:track) refs/heads/master refs/remotes/master
> git for-each-ref --sort -committerdate --format %(refname) %(objectname) %(*objectname)
> git remote --verbose
> git config --get commit.template
> git show --textconv :resources/views/admin/auth/signin.blade.php
> git ls-files --stage -- /var/www/html/chat_system/resources/views/admin/auth/signin.blade.php
> git cat-file -s 26fc1a79f1d907caa1547cd121577690175a683e
> git status -z -u
> git symbolic-ref --short HEAD
> git for-each-ref --format=%(refname)%00%(upstream:short)%00%(objectname)%00%(upstream:track) refs/heads/master refs/remotes/master
> git for-each-ref --sort -committerdate --format %(refname) %(objectname) %(*objectname)
> git remote --verbose
> git config --get commit.template
> git status -z -u
> git symbolic-ref --short HEAD
> git for-each-ref --format=%(refname)%00%(upstream:short)%00%(objectname)%00%(upstream:track) refs/heads/master refs/remotes/master
> git for-each-ref --sort -committerdate --format %(refname) %(objectname) %(*objectname)
> git remote --verbose
> git config --get commit.template
> git status -z -u
> git symbolic-ref --short HEAD
> git for-each-ref --format=%(refname)%00%(upstream:short)%00%(objectname)%00%(upstream:track) refs/heads/master refs/remotes/master
> git for-each-ref --sort -committerdate --format %(refname) %(objectname) %(*objectname)
> git remote --verbose
> git config --get commit.template
> git status -z -u
> git symbolic-ref --short HEAD
> git for-each-ref --format=%(refname)%00%(upstream:short)%00%(objectname)%00%(upstream:track) refs/heads/master refs/remotes/master
> git for-each-ref --sort -committerdate --format %(refname) %(objectname) %(*objectname)
> git remote --verbose
> git config --get commit.template
> git status -z -u
> git symbolic-ref --short HEAD
> git for-each-ref --format=%(refname)%00%(upstream:short)%00%(objectname)%00%(upstream:track) refs/heads/master refs/remotes/master
> git for-each-ref --sort -committerdate --format %(refname) %(objectname) %(*objectname)
> git remote --verbose
> git config --get commit.template
> git show --textconv :app/Http/Controllers/Admin/AuthController.php
> git ls-files --stage -- /var/www/html/chat_system/app/Http/Controllers/Admin/AuthController.php
> git cat-file -s a7f20a624a4ebfdcd979e8f4d3dc99cf7855d671
> git status -z -u
> git symbolic-ref --short HEAD
> git for-each-ref --format=%(refname)%00%(upstream:short)%00%(objectname)%00%(upstream:track) refs/heads/master refs/remotes/master
> git for-each-ref --sort -committerdate --format %(refname) %(objectname) %(*objectname)
> git remote --verbose
> git config --get commit.template
> git status -z -u
> git symbolic-ref --short HEAD
> git for-each-ref --format=%(refname)%00%(upstream:short)%00%(objectname)%00%(upstream:track) refs/heads/master refs/remotes/master
> git for-each-ref --sort -committerdate --format %(refname) %(objectname) %(*objectname)
> git remote --verbose
> git config --get commit.template
> git status -z -u
> git symbolic-ref --short HEAD
> git for-each-ref --format=%(refname)%00%(upstream:short)%00%(objectname)%00%(upstream:track) refs/heads/master refs/remotes/master
> git for-each-ref --sort -committerdate --format %(refname) %(objectname) %(*objectname)
> git remote --verbose
> git config --get commit.template
> git status -z -u
> git symbolic-ref --short HEAD
> git for-each-ref --format=%(refname)%00%(upstream:short)%00%(objectname)%00%(upstream:track) refs/heads/master refs/remotes/master
> git for-each-ref --sort -committerdate --format %(refname) %(objectname) %(*objectname)
> git remote --verbose
> git config --get commit.template
> git show --textconv :app/Http/Middleware/Admin.php
> git ls-files --stage -- /var/www/html/chat_system/app/Http/Middleware/Admin.php
> git show --textconv :app/Http/Controllers/Admin/AuthController.php
> git ls-files --stage -- /var/www/html/chat_system/app/Http/Controllers/Admin/AuthController.php
> git cat-file -s a7f20a624a4ebfdcd979e8f4d3dc99cf7855d671
> git status -z -u
> git symbolic-ref --short HEAD
> git for-each-ref --format=%(refname)%00%(upstream:short)%00%(objectname)%00%(upstream:track) refs/heads/master refs/remotes/master
> git for-each-ref --sort -committerdate --format %(refname) %(objectname) %(*objectname)
> git remote --verbose
> git config --get commit.template
> git show --textconv :app/Models/Role.php
> git ls-files --stage -- /var/www/html/chat_system/app/Models/Role.php
> git status -z -u
> git symbolic-ref --short HEAD
> git for-each-ref --format=%(refname)%00%(upstream:short)%00%(objectname)%00%(upstream:track) refs/heads/master refs/remotes/master
> git for-each-ref --sort -committerdate --format %(refname) %(objectname) %(*objectname)
> git remote --verbose
> git config --get commit.template
> git status -z -u
> git symbolic-ref --short HEAD
> git for-each-ref --format=%(refname)%00%(upstream:short)%00%(objectname)%00%(upstream:track) refs/heads/master refs/remotes/master
> git for-each-ref --sort -committerdate --format %(refname) %(objectname) %(*objectname)
> git remote --verbose
> git config --get commit.template
> git show --textconv :resources/views/layouts/admin.blade.php
> git ls-files --stage -- /var/www/html/chat_system/resources/views/layouts/admin.blade.php
> git cat-file -s f0d05dc0cd229611bf94422ea938f9c232756a52
> git status -z -u
> git symbolic-ref --short HEAD
> git for-each-ref --format=%(refname)%00%(upstream:short)%00%(objectname)%00%(upstream:track) refs/heads/master refs/remotes/master
> git for-each-ref --sort -committerdate --format %(refname) %(objectname) %(*objectname)
> git remote --verbose
> git config --get commit.template
> git status -z -u
> git symbolic-ref --short HEAD
> git for-each-ref --format=%(refname)%00%(upstream:short)%00%(objectname)%00%(upstream:track) refs/heads/master refs/remotes/master
> git for-each-ref --sort -committerdate --format %(refname) %(objectname) %(*objectname)
> git remote --verbose
> git config --get commit.template
> git status -z -u
> git symbolic-ref --short HEAD
> git for-each-ref --format=%(refname)%00%(upstream:short)%00%(objectname)%00%(upstream:track) refs/heads/master refs/remotes/master
> git for-each-ref --sort -committerdate --format %(refname) %(objectname) %(*objectname)
> git remote --verbose
> git config --get commit.template
> git status -z -u
> git symbolic-ref --short HEAD
> git for-each-ref --format=%(refname)%00%(upstream:short)%00%(objectname)%00%(upstream:track) refs/heads/master refs/remotes/master
> git for-each-ref --sort -committerdate --format %(refname) %(objectname) %(*objectname)
> git remote --verbose
> git config --get commit.template
> git status -z -u
> git symbolic-ref --short HEAD
> git for-each-ref --format=%(refname)%00%(upstream:short)%00%(objectname)%00%(upstream:track) refs/heads/master refs/remotes/master
> git for-each-ref --sort -committerdate --format %(refname) %(objectname) %(*objectname)
> git remote --verbose
> git config --get commit.template
> git status -z -u
> git symbolic-ref --short HEAD
> git for-each-ref --format=%(refname)%00%(upstream:short)%00%(objectname)%00%(upstream:track) refs/heads/master refs/remotes/master
> git for-each-ref --sort -committerdate --format %(refname) %(objectname) %(*objectname)
> git remote --verbose
> git config --get commit.template
> git status -z -u
> git symbolic-ref --short HEAD
> git for-each-ref --format=%(refname)%00%(upstream:short)%00%(objectname)%00%(upstream:track) refs/heads/master refs/remotes/master
> git for-each-ref --sort -committerdate --format %(refname) %(objectname) %(*objectname)
> git remote --verbose
> git config --get commit.template
> git show --textconv :app/Http/Middleware/Admin.php
> git ls-files --stage -- /var/www/html/chat_system/app/Http/Middleware/Admin.php
> git status -z -u
> git symbolic-ref --short HEAD
> git for-each-ref --format=%(refname)%00%(upstream:short)%00%(objectname)%00%(upstream:track) refs/heads/master refs/remotes/master
> git for-each-ref --sort -committerdate --format %(refname) %(objectname) %(*objectname)
> git remote --verbose
> git config --get commit.template
> git status -z -u
> git symbolic-ref --short HEAD
> git for-each-ref --format=%(refname)%00%(upstream:short)%00%(objectname)%00%(upstream:track) refs/heads/master refs/remotes/master
> git for-each-ref --sort -committerdate --format %(refname) %(objectname) %(*objectname)
> git remote --verbose
> git config --get commit.template
> git status -z -u
> git symbolic-ref --short HEAD
> git for-each-ref --format=%(refname)%00%(upstream:short)%00%(objectname)%00%(upstream:track) refs/heads/master refs/remotes/master
> git for-each-ref --sort -committerdate --format %(refname) %(objectname) %(*objectname)
> git remote --verbose
> git config --get commit.template
> git status -z -u
> git symbolic-ref --short HEAD
> git for-each-ref --format=%(refname)%00%(upstream:short)%00%(objectname)%00%(upstream:track) refs/heads/master refs/remotes/master
> git for-each-ref --sort -committerdate --format %(refname) %(objectname) %(*objectname)
> git remote --verbose
> git config --get commit.template
> git show --textconv :app/Models/Role.php
> git ls-files --stage -- /var/www/html/chat_system/app/Models/Role.php
> git show --textconv :app/Models/Admin.php
> git ls-files --stage -- /var/www/html/chat_system/app/Models/Admin.php
> git show --textconv :app/Models/User.php
> git ls-files --stage -- /var/www/html/chat_system/app/Models/User.php
> git cat-file -s 804799bafe1da2889c0cc8ae43ff3c307f017e3c
> git status -z -u
> git symbolic-ref --short HEAD
> git for-each-ref --format=%(refname)%00%(upstream:short)%00%(objectname)%00%(upstream:track) refs/heads/master refs/remotes/master
> git for-each-ref --sort -committerdate --format %(refname) %(objectname) %(*objectname)
> git remote --verbose
> git config --get commit.template
> git status -z -u
> git symbolic-ref --short HEAD
> git for-each-ref --format=%(refname)%00%(upstream:short)%00%(objectname)%00%(upstream:track) refs/heads/master refs/remotes/master
> git for-each-ref --sort -committerdate --format %(refname) %(objectname) %(*objectname)
> git remote --verbose
> git config --get commit.template
> git status -z -u
> git symbolic-ref --short HEAD
> git for-each-ref --format=%(refname)%00%(upstream:short)%00%(objectname)%00%(upstream:track) refs/heads/master refs/remotes/master
> git for-each-ref --sort -committerdate --format %(refname) %(objectname) %(*objectname)
> git remote --verbose
> git config --get commit.template
> git status -z -u
> git symbolic-ref --short HEAD
> git for-each-ref --format=%(refname)%00%(upstream:short)%00%(objectname)%00%(upstream:track) refs/heads/master refs/remotes/master
> git for-each-ref --sort -committerdate --format %(refname) %(objectname) %(*objectname)
> git remote --verbose
> git config --get commit.template
> git show --textconv :app/Http/Middleware/Admin.php
> git ls-files --stage -- /var/www/html/chat_system/app/Http/Middleware/Admin.php
> git status -z -u
> git symbolic-ref --short HEAD
> git for-each-ref --format=%(refname)%00%(upstream:short)%00%(objectname)%00%(upstream:track) refs/heads/master refs/remotes/master
> git for-each-ref --sort -committerdate --format %(refname) %(objectname) %(*objectname)
> git remote --verbose
> git config --get commit.template
> git status -z -u
> git symbolic-ref --short HEAD
> git for-each-ref --format=%(refname)%00%(upstream:short)%00%(objectname)%00%(upstream:track) refs/heads/master refs/remotes/master
> git for-each-ref --sort -committerdate --format %(refname) %(objectname) %(*objectname)
> git remote --verbose
> git config --get commit.template
> git status -z -u
> git symbolic-ref --short HEAD
> git for-each-ref --format=%(refname)%00%(upstream:short)%00%(objectname)%00%(upstream:track) refs/heads/master refs/remotes/master
> git for-each-ref --sort -committerdate --format %(refname) %(objectname) %(*objectname)
> git remote --verbose
> git config --get commit.template
> git show --textconv :app/Models/Admin.php
> git ls-files --stage -- /var/www/html/chat_system/app/Models/Admin.php
> git show --textconv :app/Models/Role.php
> git ls-files --stage -- /var/www/html/chat_system/app/Models/Role.php
> git show --textconv :app/Models/User.php
> git ls-files --stage -- /var/www/html/chat_system/app/Models/User.php
> git cat-file -s 804799bafe1da2889c0cc8ae43ff3c307f017e3c
> git check-ignore -v -z --stdin
> git check-ignore -v -z --stdin
> git show --textconv :routes/web.php
> git ls-files --stage -- /var/www/html/chat_system/routes/web.php
> git cat-file -s 48383c830cce84f65401e9f5e8072e9300577d25
> git show --textconv :app/Http/Controllers/Admin/AuthController.php
> git ls-files --stage -- /var/www/html/chat_system/app/Http/Controllers/Admin/AuthController.php
> git cat-file -s a7f20a624a4ebfdcd979e8f4d3dc99cf7855d671
> git status -z -u
> git symbolic-ref --short HEAD
> git for-each-ref --format=%(refname)%00%(upstream:short)%00%(objectname)%00%(upstream:track) refs/heads/master refs/remotes/master
> git for-each-ref --sort -committerdate --format %(refname) %(objectname) %(*objectname)
> git remote --verbose
> git config --get commit.template
> git status -z -u
> git symbolic-ref --short HEAD
> git for-each-ref --format=%(refname)%00%(upstream:short)%00%(objectname)%00%(upstream:track) refs/heads/master refs/remotes/master
> git for-each-ref --sort -committerdate --format %(refname) %(objectname) %(*objectname)
> git remote --verbose
> git config --get commit.template
> git show --textconv :resources/views/welcome.blade.php
> git ls-files --stage -- /var/www/html/chat_system/resources/views/welcome.blade.php
> git cat-file -s b1905c9261a3006ee17b91a7b335f3d8821fd944
> git show --textconv :resources/views/admin/auth/signin.blade.php
> git ls-files --stage -- /var/www/html/chat_system/resources/views/admin/auth/signin.blade.php
> git cat-file -s 26fc1a79f1d907caa1547cd121577690175a683e
> git status -z -u
> git symbolic-ref --short HEAD
> git for-each-ref --format=%(refname)%00%(upstream:short)%00%(objectname)%00%(upstream:track) refs/heads/master refs/remotes/master
> git for-each-ref --sort -committerdate --format %(refname) %(objectname) %(*objectname)
> git remote --verbose
> git config --get commit.template
> git status -z -u
> git symbolic-ref --short HEAD
> git for-each-ref --format=%(refname)%00%(upstream:short)%00%(objectname)%00%(upstream:track) refs/heads/master refs/remotes/master
> git for-each-ref --sort -committerdate --format %(refname) %(objectname) %(*objectname)
> git remote --verbose
> git config --get commit.template
> git show --textconv :app/Http/Controllers/Admin/AuthController.php
> git ls-files --stage -- /var/www/html/chat_system/app/Http/Controllers/Admin/AuthController.php
> git cat-file -s a7f20a624a4ebfdcd979e8f4d3dc99cf7855d671
> git status -z -u
> git symbolic-ref --short HEAD
> git for-each-ref --format=%(refname)%00%(upstream:short)%00%(objectname)%00%(upstream:track) refs/heads/master refs/remotes/master
> git for-each-ref --sort -committerdate --format %(refname) %(objectname) %(*objectname)
> git remote --verbose
> git config --get commit.template
> git check-ignore -v -z --stdin
> git show --textconv :config/app.php
> git ls-files --stage -- /var/www/html/chat_system/config/app.php
> git cat-file -s f572b64682d2b2aed12fbbb359e23cb1f93e9876
> git status -z -u
> git symbolic-ref --short HEAD
> git for-each-ref --format=%(refname)%00%(upstream:short)%00%(objectname)%00%(upstream:track) refs/heads/master refs/remotes/master
> git for-each-ref --sort -committerdate --format %(refname) %(objectname) %(*objectname)
> git remote --verbose
> git config --get commit.template
> git status -z -u
> git symbolic-ref --short HEAD
> git for-each-ref --format=%(refname)%00%(upstream:short)%00%(objectname)%00%(upstream:track) refs/heads/master refs/remotes/master
> git for-each-ref --sort -committerdate --format %(refname) %(objectname) %(*objectname)
> git remote --verbose
> git check-ignore -v -z --stdin
> git config --get commit.template
> git status -z -u
> git symbolic-ref --short HEAD
> git for-each-ref --format=%(refname)%00%(upstream:short)%00%(objectname)%00%(upstream:track) refs/heads/master refs/remotes/master
> git for-each-ref --sort -committerdate --format %(refname) %(objectname) %(*objectname)
> git remote --verbose
> git config --get commit.template
> git status -z -u
> git symbolic-ref --short HEAD
> git for-each-ref --format=%(refname)%00%(upstream:short)%00%(objectname)%00%(upstream:track) refs/heads/master refs/remotes/master
> git for-each-ref --sort -committerdate --format %(refname) %(objectname) %(*objectname)
> git remote --verbose
> git config --get commit.template
> git status -z -u
> git symbolic-ref --short HEAD
> git for-each-ref --format=%(refname)%00%(upstream:short)%00%(objectname)%00%(upstream:track) refs/heads/master refs/remotes/master
> git for-each-ref --sort -committerdate --format %(refname) %(objectname) %(*objectname)
> git remote --verbose
> git config --get commit.template
> git status -z -u
> git symbolic-ref --short HEAD
> git for-each-ref --format=%(refname)%00%(upstream:short)%00%(objectname)%00%(upstream:track) refs/heads/master refs/remotes/master
> git for-each-ref --sort -committerdate --format %(refname) %(objectname) %(*objectname)
> git remote --verbose
> git config --get commit.template
> git status -z -u
> git symbolic-ref --short HEAD
> git for-each-ref --format=%(refname)%00%(upstream:short)%00%(objectname)%00%(upstream:track) refs/heads/master refs/remotes/master
> git for-each-ref --sort -committerdate --format %(refname) %(objectname) %(*objectname)
> git remote --verbose
> git config --get commit.template
> git status -z -u
> git symbolic-ref --short HEAD
> git for-each-ref --format=%(refname)%00%(upstream:short)%00%(objectname)%00%(upstream:track) refs/heads/master refs/remotes/master
> git for-each-ref --sort -committerdate --format %(refname) %(objectname) %(*objectname)
> git remote --verbose
> git config --get commit.template
> git check-ignore -v -z --stdin
> git show --textconv :app/Providers/RouteServiceProvider.php
> git ls-files --stage -- /var/www/html/chat_system/app/Providers/RouteServiceProvider.php
> git cat-file -s 3bd3c81eb2b6df0dc0a897ed95054e848013950e
> git status -z -u
> git symbolic-ref --short HEAD
> git for-each-ref --format=%(refname)%00%(upstream:short)%00%(objectname)%00%(upstream:track) refs/heads/master refs/remotes/master
> git for-each-ref --sort -committerdate --format %(refname) %(objectname) %(*objectname)
> git remote --verbose
> git config --get commit.template
> git show --textconv :app/Http/Controllers/Admin/AuthController.php
> git ls-files --stage -- /var/www/html/chat_system/app/Http/Controllers/Admin/AuthController.php
> git cat-file -s a7f20a624a4ebfdcd979e8f4d3dc99cf7855d671
> git show --textconv :routes/web.php
> git ls-files --stage -- /var/www/html/chat_system/routes/web.php
> git cat-file -s 48383c830cce84f65401e9f5e8072e9300577d25
> git show --textconv :app/Providers/RouteServiceProvider.php
> git ls-files --stage -- /var/www/html/chat_system/app/Providers/RouteServiceProvider.php
> git cat-file -s 3bd3c81eb2b6df0dc0a897ed95054e848013950e
> git status -z -u
> git symbolic-ref --short HEAD
> git for-each-ref --format=%(refname)%00%(upstream:short)%00%(objectname)%00%(upstream:track) refs/heads/master refs/remotes/master
> git for-each-ref --sort -committerdate --format %(refname) %(objectname) %(*objectname)
> git remote --verbose
> git config --get commit.template
> git show --textconv :routes/web.php
> git ls-files --stage -- /var/www/html/chat_system/routes/web.php
> git cat-file -s 48383c830cce84f65401e9f5e8072e9300577d25
> git show --textconv :resources/views/layouts/admin_auth.blade.php
> git ls-files --stage -- /var/www/html/chat_system/resources/views/layouts/admin_auth.blade.php
> git cat-file -s c8b822ce5478d5cbdb1dbe5c6e0e84bbdaef63ed
> git show --textconv :resources/views/layouts/admin.blade.php
> git ls-files --stage -- /var/www/html/chat_system/resources/views/layouts/admin.blade.php
> git cat-file -s f0d05dc0cd229611bf94422ea938f9c232756a52
> git show --textconv :resources/views/layouts/admin_auth.blade.php
> git ls-files --stage -- /var/www/html/chat_system/resources/views/layouts/admin_auth.blade.php
> git cat-file -s c8b822ce5478d5cbdb1dbe5c6e0e84bbdaef63ed
> git show --textconv :resources/views/layouts/admin.blade.php
> git ls-files --stage -- /var/www/html/chat_system/resources/views/layouts/admin.blade.php
> git cat-file -s f0d05dc0cd229611bf94422ea938f9c232756a52
> git show --textconv :resources/views/layouts/admin_auth.blade.php
> git ls-files --stage -- /var/www/html/chat_system/resources/views/layouts/admin_auth.blade.php
> git cat-file -s c8b822ce5478d5cbdb1dbe5c6e0e84bbdaef63ed
> git show --textconv :resources/views/layouts/admin.blade.php
> git ls-files --stage -- /var/www/html/chat_system/resources/views/layouts/admin.blade.php
> git cat-file -s f0d05dc0cd229611bf94422ea938f9c232756a52
> git show --textconv :resources/views/layouts/admin_auth.blade.php
> git ls-files --stage -- /var/www/html/chat_system/resources/views/layouts/admin_auth.blade.php
> git cat-file -s c8b822ce5478d5cbdb1dbe5c6e0e84bbdaef63ed
> git show --textconv :resources/views/layouts/admin.blade.php
> git ls-files --stage -- /var/www/html/chat_system/resources/views/layouts/admin.blade.php
> git cat-file -s f0d05dc0cd229611bf94422ea938f9c232756a52
> git show --textconv :resources/views/layouts/admin_auth.blade.php
> git ls-files --stage -- /var/www/html/chat_system/resources/views/layouts/admin_auth.blade.php
> git cat-file -s c8b822ce5478d5cbdb1dbe5c6e0e84bbdaef63ed
> git show --textconv :resources/views/layouts/admin.blade.php
> git ls-files --stage -- /var/www/html/chat_system/resources/views/layouts/admin.blade.php
> git cat-file -s f0d05dc0cd229611bf94422ea938f9c232756a52
> git show --textconv :resources/views/layouts/admin_auth.blade.php
> git ls-files --stage -- /var/www/html/chat_system/resources/views/layouts/admin_auth.blade.php
> git cat-file -s c8b822ce5478d5cbdb1dbe5c6e0e84bbdaef63ed
> git status -z -u
> git symbolic-ref --short HEAD
> git for-each-ref --format=%(refname)%00%(upstream:short)%00%(objectname)%00%(upstream:track) refs/heads/master refs/remotes/master
> git for-each-ref --sort -committerdate --format %(refname) %(objectname) %(*objectname)
> git remote --verbose
> git config --get commit.template
> git show --textconv :resources/views/layouts/admin.blade.php
> git ls-files --stage -- /var/www/html/chat_system/resources/views/layouts/admin.blade.php
> git cat-file -s f0d05dc0cd229611bf94422ea938f9c232756a52
> git show --textconv :resources/views/layouts/admin_auth.blade.php
> git ls-files --stage -- /var/www/html/chat_system/resources/views/layouts/admin_auth.blade.php
> git cat-file -s c8b822ce5478d5cbdb1dbe5c6e0e84bbdaef63ed
> git status -z -u
> git symbolic-ref --short HEAD
> git for-each-ref --format=%(refname)%00%(upstream:short)%00%(objectname)%00%(upstream:track) refs/heads/master refs/remotes/master
> git for-each-ref --sort -committerdate --format %(refname) %(objectname) %(*objectname)
> git remote --verbose
> git config --get commit.template
> git show --textconv :resources/views/admin/auth/signin.blade.php
> git ls-files --stage -- /var/www/html/chat_system/resources/views/admin/auth/signin.blade.php
> git cat-file -s 26fc1a79f1d907caa1547cd121577690175a683e
> git status -z -u
> git symbolic-ref --short HEAD
> git for-each-ref --format=%(refname)%00%(upstream:short)%00%(objectname)%00%(upstream:track) refs/heads/master refs/remotes/master
> git for-each-ref --sort -committerdate --format %(refname) %(objectname) %(*objectname)
> git remote --verbose
> git config --get commit.template
> git status -z -u
> git symbolic-ref --short HEAD
> git for-each-ref --format=%(refname)%00%(upstream:short)%00%(objectname)%00%(upstream:track) refs/heads/master refs/remotes/master
> git for-each-ref --sort -committerdate --format %(refname) %(objectname) %(*objectname)
> git remote --verbose
> git config --get commit.template
> git show --textconv :resources/views/admin/auth/reset_password.blade.php
> git ls-files --stage -- /var/www/html/chat_system/resources/views/admin/auth/reset_password.blade.php
> git cat-file -s 097784f3302015dc38629787b3dc7722e6ea4dd3
> git status -z -u
> git symbolic-ref --short HEAD
> git for-each-ref --format=%(refname)%00%(upstream:short)%00%(objectname)%00%(upstream:track) refs/heads/master refs/remotes/master
> git for-each-ref --sort -committerdate --format %(refname) %(objectname) %(*objectname)
> git remote --verbose
> git config --get commit.template
> git show --textconv :resources/views/admin/auth/signup.blade.php
> git ls-files --stage -- /var/www/html/chat_system/resources/views/admin/auth/signup.blade.php
> git cat-file -s 298c3ff7e41fc3a7ac86327580fb7bbc91749b89
> git status -z -u
> git symbolic-ref --short HEAD
> git for-each-ref --format=%(refname)%00%(upstream:short)%00%(objectname)%00%(upstream:track) refs/heads/master refs/remotes/master
> git for-each-ref --sort -committerdate --format %(refname) %(objectname) %(*objectname)
> git remote --verbose
> git config --get commit.template
> git status -z -u
> git symbolic-ref --short HEAD
> git for-each-ref --format=%(refname)%00%(upstream:short)%00%(objectname)%00%(upstream:track) refs/heads/master refs/remotes/master
> git for-each-ref --sort -committerdate --format %(refname) %(objectname) %(*objectname)
> git remote --verbose
> git config --get commit.template
> git status -z -u
> git symbolic-ref --short HEAD
> git for-each-ref --format=%(refname)%00%(upstream:short)%00%(objectname)%00%(upstream:track) refs/heads/master refs/remotes/master
> git for-each-ref --sort -committerdate --format %(refname) %(objectname) %(*objectname)
> git remote --verbose
> git config --get commit.template
> git show --textconv :resources/views/admin/auth/signin.blade.php
> git ls-files --stage -- /var/www/html/chat_system/resources/views/admin/auth/signin.blade.php
> git cat-file -s 26fc1a79f1d907caa1547cd121577690175a683e
> git status -z -u
> git symbolic-ref --short HEAD
> git for-each-ref --format=%(refname)%00%(upstream:short)%00%(objectname)%00%(upstream:track) refs/heads/master refs/remotes/master
> git for-each-ref --sort -committerdate --format %(refname) %(objectname) %(*objectname)
> git remote --verbose
> git config --get commit.template
> git status -z -u
> git symbolic-ref --short HEAD
> git for-each-ref --format=%(refname)%00%(upstream:short)%00%(objectname)%00%(upstream:track) refs/heads/master refs/remotes/master
> git for-each-ref --sort -committerdate --format %(refname) %(objectname) %(*objectname)
> git remote --verbose
> git config --get commit.template
> git status -z -u
> git symbolic-ref --short HEAD
> git for-each-ref --format=%(refname)%00%(upstream:short)%00%(objectname)%00%(upstream:track) refs/heads/master refs/remotes/master
> git for-each-ref --sort -committerdate --format %(refname) %(objectname) %(*objectname)
> git remote --verbose
> git config --get commit.template
> git status -z -u
> git symbolic-ref --short HEAD
> git for-each-ref --format=%(refname)%00%(upstream:short)%00%(objectname)%00%(upstream:track) refs/heads/master refs/remotes/master
> git for-each-ref --sort -committerdate --format %(refname) %(objectname) %(*objectname)
> git remote --verbose
> git config --get commit.template
> git status -z -u
> git symbolic-ref --short HEAD
> git for-each-ref --format=%(refname)%00%(upstream:short)%00%(objectname)%00%(upstream:track) refs/heads/master refs/remotes/master
> git for-each-ref --sort -committerdate --format %(refname) %(objectname) %(*objectname)
> git remote --verbose
> git config --get commit.template
> git status -z -u
> git symbolic-ref --short HEAD
> git for-each-ref --format=%(refname)%00%(upstream:short)%00%(objectname)%00%(upstream:track) refs/heads/master refs/remotes/master
> git for-each-ref --sort -committerdate --format %(refname) %(objectname) %(*objectname)
> git remote --verbose
> git config --get commit.template
> git status -z -u
> git symbolic-ref --short HEAD
> git for-each-ref --format=%(refname)%00%(upstream:short)%00%(objectname)%00%(upstream:track) refs/heads/master refs/remotes/master
> git for-each-ref --sort -committerdate --format %(refname) %(objectname) %(*objectname)
> git remote --verbose
> git config --get commit.template
> git status -z -u
> git symbolic-ref --short HEAD
> git for-each-ref --format=%(refname)%00%(upstream:short)%00%(objectname)%00%(upstream:track) refs/heads/master refs/remotes/master
> git for-each-ref --sort -committerdate --format %(refname) %(objectname) %(*objectname)
> git remote --verbose
> git config --get commit.template
> git status -z -u
> git symbolic-ref --short HEAD
> git for-each-ref --format=%(refname)%00%(upstream:short)%00%(objectname)%00%(upstream:track) refs/heads/master refs/remotes/master
> git for-each-ref --sort -committerdate --format %(refname) %(objectname) %(*objectname)
> git remote --verbose
> git config --get commit.template
> git status -z -u
> git symbolic-ref --short HEAD
> git for-each-ref --format=%(refname)%00%(upstream:short)%00%(objectname)%00%(upstream:track) refs/heads/master refs/remotes/master
> git for-each-ref --sort -committerdate --format %(refname) %(objectname) %(*objectname)
> git remote --verbose
> git config --get commit.template
> git status -z -u
> git symbolic-ref --short HEAD
> git for-each-ref --format=%(refname)%00%(upstream:short)%00%(objectname)%00%(upstream:track) refs/heads/master refs/remotes/master
> git for-each-ref --sort -committerdate --format %(refname) %(objectname) %(*objectname)
> git remote --verbose
> git config --get commit.template
> git show --textconv :resources/views/admin/auth/signup.blade.php
> git ls-files --stage -- /var/www/html/chat_system/resources/views/admin/auth/signup.blade.php
> git cat-file -s 298c3ff7e41fc3a7ac86327580fb7bbc91749b89
> git show --textconv :resources/views/admin/auth/signin.blade.php
> git ls-files --stage -- /var/www/html/chat_system/resources/views/admin/auth/signin.blade.php
> git cat-file -s 26fc1a79f1d907caa1547cd121577690175a683e
> git status -z -u
> git symbolic-ref --short HEAD
> git for-each-ref --format=%(refname)%00%(upstream:short)%00%(objectname)%00%(upstream:track) refs/heads/master refs/remotes/master
> git for-each-ref --sort -committerdate --format %(refname) %(objectname) %(*objectname)
> git remote --verbose
> git config --get commit.template
> git status -z -u
> git symbolic-ref --short HEAD
> git for-each-ref --format=%(refname)%00%(upstream:short)%00%(objectname)%00%(upstream:track) refs/heads/master refs/remotes/master
> git for-each-ref --sort -committerdate --format %(refname) %(objectname) %(*objectname)
> git remote --verbose
> git config --get commit.template
> git show --textconv :resources/views/admin/auth/signup.blade.php
> git ls-files --stage -- /var/www/html/chat_system/resources/views/admin/auth/signup.blade.php
> git cat-file -s 298c3ff7e41fc3a7ac86327580fb7bbc91749b89
> git status -z -u
> git symbolic-ref --short HEAD
> git for-each-ref --format=%(refname)%00%(upstream:short)%00%(objectname)%00%(upstream:track) refs/heads/master refs/remotes/master
> git for-each-ref --sort -committerdate --format %(refname) %(objectname) %(*objectname)
> git remote --verbose
> git config --get commit.template
> git status -z -u
> git symbolic-ref --short HEAD
> git for-each-ref --format=%(refname)%00%(upstream:short)%00%(objectname)%00%(upstream:track) refs/heads/master refs/remotes/master
> git for-each-ref --sort -committerdate --format %(refname) %(objectname) %(*objectname)
> git remote --verbose
> git config --get commit.template
> git status -z -u
> git symbolic-ref --short HEAD
> git for-each-ref --format=%(refname)%00%(upstream:short)%00%(objectname)%00%(upstream:track) refs/heads/master refs/remotes/master
> git for-each-ref --sort -committerdate --format %(refname) %(objectname) %(*objectname)
> git remote --verbose
> git config --get commit.template
> git status -z -u
> git symbolic-ref --short HEAD
> git for-each-ref --format=%(refname)%00%(upstream:short)%00%(objectname)%00%(upstream:track) refs/heads/master refs/remotes/master
> git for-each-ref --sort -committerdate --format %(refname) %(objectname) %(*objectname)
> git remote --verbose
> git config --get commit.template
> git status -z -u
> git symbolic-ref --short HEAD
> git for-each-ref --format=%(refname)%00%(upstream:short)%00%(objectname)%00%(upstream:track) refs/heads/master refs/remotes/master
> git for-each-ref --sort -committerdate --format %(refname) %(objectname) %(*objectname)
> git remote --verbose
> git config --get commit.template
> git status -z -u
> git symbolic-ref --short HEAD
> git for-each-ref --format=%(refname)%00%(upstream:short)%00%(objectname)%00%(upstream:track) refs/heads/master refs/remotes/master
> git for-each-ref --sort -committerdate --format %(refname) %(objectname) %(*objectname)
> git remote --verbose
> git config --get commit.template
> git status -z -u
> git symbolic-ref --short HEAD
> git for-each-ref --format=%(refname)%00%(upstream:short)%00%(objectname)%00%(upstream:track) refs/heads/master refs/remotes/master
> git for-each-ref --sort -committerdate --format %(refname) %(objectname) %(*objectname)
> git remote --verbose
> git config --get commit.template
> git show --textconv :resources/views/admin/auth/signin.blade.php
> git ls-files --stage -- /var/www/html/chat_system/resources/views/admin/auth/signin.blade.php
> git cat-file -s 26fc1a79f1d907caa1547cd121577690175a683e
> git show --textconv :resources/views/admin/auth/signup.blade.php
> git ls-files --stage -- /var/www/html/chat_system/resources/views/admin/auth/signup.blade.php
> git cat-file -s 298c3ff7e41fc3a7ac86327580fb7bbc91749b89
> git status -z -u
> git symbolic-ref --short HEAD
> git for-each-ref --format=%(refname)%00%(upstream:short)%00%(objectname)%00%(upstream:track) refs/heads/master refs/remotes/master
> git for-each-ref --sort -committerdate --format %(refname) %(objectname) %(*objectname)
> git remote --verbose
> git config --get commit.template
> git status -z -u
> git symbolic-ref --short HEAD
> git for-each-ref --format=%(refname)%00%(upstream:short)%00%(objectname)%00%(upstream:track) refs/heads/master refs/remotes/master
> git for-each-ref --sort -committerdate --format %(refname) %(objectname) %(*objectname)
> git remote --verbose
> git config --get commit.template
> git status -z -u
> git symbolic-ref --short HEAD
> git for-each-ref --format=%(refname)%00%(upstream:short)%00%(objectname)%00%(upstream:track) refs/heads/master refs/remotes/master
> git for-each-ref --sort -committerdate --format %(refname) %(objectname) %(*objectname)
> git remote --verbose
> git config --get commit.template
> git status -z -u
> git symbolic-ref --short HEAD
> git for-each-ref --format=%(refname)%00%(upstream:short)%00%(objectname)%00%(upstream:track) refs/heads/master refs/remotes/master
> git for-each-ref --sort -committerdate --format %(refname) %(objectname) %(*objectname)
> git remote --verbose
> git config --get commit.template
> git status -z -u
> git symbolic-ref --short HEAD
> git for-each-ref --format=%(refname)%00%(upstream:short)%00%(objectname)%00%(upstream:track) refs/heads/master refs/remotes/master
> git for-each-ref --sort -committerdate --format %(refname) %(objectname) %(*objectname)
> git remote --verbose
> git config --get commit.template
> git status -z -u
> git symbolic-ref --short HEAD
> git for-each-ref --format=%(refname)%00%(upstream:short)%00%(objectname)%00%(upstream:track) refs/heads/master refs/remotes/master
> git for-each-ref --sort -committerdate --format %(refname) %(objectname) %(*objectname)
> git remote --verbose
> git config --get commit.template
> git status -z -u
> git symbolic-ref --short HEAD
> git for-each-ref --format=%(refname)%00%(upstream:short)%00%(objectname)%00%(upstream:track) refs/heads/master refs/remotes/master
> git for-each-ref --sort -committerdate --format %(refname) %(objectname) %(*objectname)
> git remote --verbose
> git config --get commit.template
> git status -z -u
> git symbolic-ref --short HEAD
> git for-each-ref --format=%(refname)%00%(upstream:short)%00%(objectname)%00%(upstream:track) refs/heads/master refs/remotes/master
> git for-each-ref --sort -committerdate --format %(refname) %(objectname) %(*objectname)
> git remote --verbose
> git config --get commit.template
> git show --textconv :resources/views/admin/auth/reset_password.blade.php
> git ls-files --stage -- /var/www/html/chat_system/resources/views/admin/auth/reset_password.blade.php
> git cat-file -s 097784f3302015dc38629787b3dc7722e6ea4dd3
> git status -z -u
> git symbolic-ref --short HEAD
> git for-each-ref --format=%(refname)%00%(upstream:short)%00%(objectname)%00%(upstream:track) refs/heads/master refs/remotes/master
> git for-each-ref --sort -committerdate --format %(refname) %(objectname) %(*objectname)
> git remote --verbose
> git config --get commit.template
> git show --textconv :resources/views/admin/auth/signin.blade.php
> git ls-files --stage -- /var/www/html/chat_system/resources/views/admin/auth/signin.blade.php
> git cat-file -s 26fc1a79f1d907caa1547cd121577690175a683e
> git show --textconv :resources/views/admin/auth/reset_password.blade.php
> git ls-files --stage -- /var/www/html/chat_system/resources/views/admin/auth/reset_password.blade.php
> git cat-file -s 097784f3302015dc38629787b3dc7722e6ea4dd3
> git status -z -u
> git symbolic-ref --short HEAD
> git for-each-ref --format=%(refname)%00%(upstream:short)%00%(objectname)%00%(upstream:track) refs/heads/master refs/remotes/master
> git for-each-ref --sort -committerdate --format %(refname) %(objectname) %(*objectname)
> git remote --verbose
> git config --get commit.template
> git status -z -u
> git ls-files --stage -- /var/www/html/chat_system/resources/views/admin/auth/reset_password.blade.php
> git symbolic-ref --short HEAD
> git cat-file -s 097784f3302015dc38629787b3dc7722e6ea4dd3
> git for-each-ref --format=%(refname)%00%(upstream:short)%00%(objectname)%00%(upstream:track) refs/heads/master refs/remotes/master
> git show --textconv :resources/views/admin/auth/reset_password.blade.php
> git for-each-ref --sort -committerdate --format %(refname) %(objectname) %(*objectname)
> git remote --verbose
> git config --get commit.template
> git status -z -u
> git symbolic-ref --short HEAD
> git for-each-ref --format=%(refname)%00%(upstream:short)%00%(objectname)%00%(upstream:track) refs/heads/master refs/remotes/master
> git for-each-ref --sort -committerdate --format %(refname) %(objectname) %(*objectname)
> git remote --verbose
> git config --get commit.template
> git status -z -u
> git ls-files --stage -- /var/www/html/chat_system/resources/views/admin/auth/reset_password.blade.php
> git symbolic-ref --short HEAD
> git cat-file -s 097784f3302015dc38629787b3dc7722e6ea4dd3
> git for-each-ref --format=%(refname)%00%(upstream:short)%00%(objectname)%00%(upstream:track) refs/heads/master refs/remotes/master
> git for-each-ref --sort -committerdate --format %(refname) %(objectname) %(*objectname)
> git remote --verbose
> git show --textconv :resources/views/admin/auth/reset_password.blade.php
> git config --get commit.template
> git status -z -u
> git symbolic-ref --short HEAD
> git for-each-ref --format=%(refname)%00%(upstream:short)%00%(objectname)%00%(upstream:track) refs/heads/master refs/remotes/master
> git for-each-ref --sort -committerdate --format %(refname) %(objectname) %(*objectname)
> git remote --verbose
> git config --get commit.template
> git status -z -u
> git symbolic-ref --short HEAD
> git for-each-ref --format=%(refname)%00%(upstream:short)%00%(objectname)%00%(upstream:track) refs/heads/master refs/remotes/master
> git for-each-ref --sort -committerdate --format %(refname) %(objectname) %(*objectname)
> git remote --verbose
> git config --get commit.template
> git status -z -u
> git ls-files --stage -- /var/www/html/chat_system/resources/views/admin/auth/reset_password.blade.php
> git symbolic-ref --short HEAD
> git cat-file -s 097784f3302015dc38629787b3dc7722e6ea4dd3
> git for-each-ref --format=%(refname)%00%(upstream:short)%00%(objectname)%00%(upstream:track) refs/heads/master refs/remotes/master
> git for-each-ref --sort -committerdate --format %(refname) %(objectname) %(*objectname)
> git remote --verbose
> git show --textconv :resources/views/admin/auth/reset_password.blade.php
> git config --get commit.template
> git status -z -u
> git symbolic-ref --short HEAD
> git for-each-ref --format=%(refname)%00%(upstream:short)%00%(objectname)%00%(upstream:track) refs/heads/master refs/remotes/master
> git for-each-ref --sort -committerdate --format %(refname) %(objectname) %(*objectname)
> git remote --verbose
> git config --get commit.template
> git status -z -u
> git ls-files --stage -- /var/www/html/chat_system/resources/views/admin/auth/reset_password.blade.php
> git symbolic-ref --short HEAD
> git cat-file -s 097784f3302015dc38629787b3dc7722e6ea4dd3
> git for-each-ref --format=%(refname)%00%(upstream:short)%00%(objectname)%00%(upstream:track) refs/heads/master refs/remotes/master
> git show --textconv :resources/views/admin/auth/reset_password.blade.php
> git for-each-ref --sort -committerdate --format %(refname) %(objectname) %(*objectname)
> git remote --verbose
> git config --get commit.template
> git status -z -u
> git symbolic-ref --short HEAD
> git for-each-ref --format=%(refname)%00%(upstream:short)%00%(objectname)%00%(upstream:track) refs/heads/master refs/remotes/master
> git for-each-ref --sort -committerdate --format %(refname) %(objectname) %(*objectname)
> git remote --verbose
> git config --get commit.template
> git ls-files --stage -- /var/www/html/chat_system/resources/views/admin/auth/reset_password.blade.php
> git cat-file -s 097784f3302015dc38629787b3dc7722e6ea4dd3
> git show --textconv :resources/views/admin/auth/reset_password.blade.php
> git status -z -u
> git symbolic-ref --short HEAD
> git for-each-ref --format=%(refname)%00%(upstream:short)%00%(objectname)%00%(upstream:track) refs/heads/master refs/remotes/master
> git for-each-ref --sort -committerdate --format %(refname) %(objectname) %(*objectname)
> git remote --verbose
> git config --get commit.template
