Initializing document watcher...
chat_system/app/Models/Role.php: Using EditorConfig core...
app/Models/Role.php: editor.action.trimTrailingWhitespace
chat_system/app/Models/Role.php: Using EditorConfig core...
app/Models/Role.php: editor.action.trimTrailingWhitespace
chat_system/app/Models/Role.php: Using EditorConfig core...
app/Models/Role.php: editor.action.trimTrailingWhitespace
chat_system/app/Models/Role.php: Using EditorConfig core...
app/Models/Role.php: editor.action.trimTrailingWhitespace
chat_system/app/Models/Role.php: Using EditorConfig core...
app/Models/Role.php: editor.action.trimTrailingWhitespace
chat_system/app/Models/Role.php: Using EditorConfig core...
app/Models/Role.php: editor.action.trimTrailingWhitespace
chat_system/app/Models/Role.php: Using EditorConfig core...
app/Models/Role.php: editor.action.trimTrailingWhitespace
chat_system/app/Models/Role.php: Using EditorConfig core...
app/Models/Role.php: editor.action.trimTrailingWhitespace
chat_system/app/Models/Role.php: Using EditorConfig core...
app/Models/Role.php: editor.action.trimTrailingWhitespace
chat_system/app/Models/Role.php: Using EditorConfig core...
app/Models/Role.php: editor.action.trimTrailingWhitespace
chat_system/app/Models/Role.php: Using EditorConfig core...
app/Models/Role.php: editor.action.trimTrailingWhitespace
chat_system/app/Models/Role.php: Using EditorConfig core...
app/Models/Role.php: editor.action.trimTrailingWhitespace
chat_system/app/Models/Role.php: Using EditorConfig core...
app/Models/Role.php: editor.action.trimTrailingWhitespace
chat_system/database/migrations/2014_09_08_093915_create_roles_table.php: {"insertSpaces":true,"tabSize":4}
chat_system/database/migrations/2014_09_08_093915_create_roles_table.php: {"insertSpaces":true,"tabSize":4}
chat_system/database/migrations/2014_10_12_000000_create_users_table.php: {"insertSpaces":true,"tabSize":4}
chat_system/database/migrations/2014_10_12_100000_create_password_resets_table.php: {"insertSpaces":true,"tabSize":4}
chat_system/database/migrations/2019_08_19_000000_create_failed_jobs_table.php: {"insertSpaces":true,"tabSize":4}
chat_system/database/migrations/2021_07_12_125630_create__admin_table.php: {"insertSpaces":true,"tabSize":4}
chat_system/database/migrations/2019_08_19_000000_create_failed_jobs_table.php: {"insertSpaces":true,"tabSize":4}
chat_system/database/migrations/2021_07_12_125630_create__admin_table.php: {"insertSpaces":true,"tabSize":4}
chat_system/database/migrations/2014_10_12_000000_create_users_table.php: {"insertSpaces":true,"tabSize":4}
chat_system/database/migrations/2021_07_12_125630_create__admin_table.php: {"insertSpaces":true,"tabSize":4}
chat_system/database/migrations/2021_07_12_125630_create__admin_table.php: {"insertSpaces":true,"tabSize":4}
chat_system/database/migrations/2014_09_08_093915_create_roles_table.php: {"insertSpaces":true,"tabSize":4}
chat_system/database/migrations/2014_09_08_093915_create_roles_table.php: {"insertSpaces":true,"tabSize":4}
chat_system/database/migrations/2014_09_08_093915_create_roles_table.php: {"insertSpaces":true,"tabSize":4}
chat_system/database/migrations/2021_07_13_044650_create_admins_table.php: {"insertSpaces":true,"tabSize":4}
chat_system/database/migrations/2014_09_08_093915_create_roles_table.php: {"insertSpaces":true,"tabSize":4}
chat_system/database/migrations/2014_09_08_093915_create_roles_table.php: {"insertSpaces":true,"tabSize":4}
chat_system/database/migrations/2021_07_13_044650_create_admins_table.php: {"insertSpaces":true,"tabSize":4}
chat_system/database/migrations/2021_07_13_044650_create_admins_table.php: {"insertSpaces":true,"tabSize":4}
chat_system/resources/views/admin/chat/chats.blade.php: {"insertSpaces":true,"tabSize":4}
chat_system/resources/views/admin/auth/signin.blade.php: {"insertSpaces":true,"tabSize":4}
chat_system/resources/views/admin/auth/signup.blade.php: {"insertSpaces":true,"tabSize":4}
chat_system/resources/views/admin/auth/signup.blade.php: Using EditorConfig core...
resources/views/admin/auth/signup.blade.php: editor.action.trimTrailingWhitespace
chat_system/resources/views/admin/auth/signup.blade.php: Using EditorConfig core...
resources/views/admin/auth/signup.blade.php: editor.action.trimTrailingWhitespace
chat_system/resources/views/admin/auth/signup.blade.php: Using EditorConfig core...
resources/views/admin/auth/signup.blade.php: editor.action.trimTrailingWhitespace
chat_system/resources/views/admin/auth/signup.blade.php: Using EditorConfig core...
resources/views/admin/auth/signup.blade.php: editor.action.trimTrailingWhitespace
chat_system/database/migrations/2021_07_13_044650_create_admins_table.php: {"insertSpaces":true,"tabSize":4}
chat_system/database/migrations/2021_07_13_044650_create_admins_table.php: Using EditorConfig core...
database/migrations/2021_07_13_044650_create_admins_table.php: editor.action.trimTrailingWhitespace
chat_system/database/migrations/2021_07_13_044650_create_admins_table.php: {"insertSpaces":true,"tabSize":4}
chat_system/database/migrations/2021_07_13_044650_create_admins_table.php: Using EditorConfig core...
database/migrations/2021_07_13_044650_create_admins_table.php: editor.action.trimTrailingWhitespace
chat_system/database/migrations/2021_07_13_044650_create_admins_table.php: {"insertSpaces":true,"tabSize":4}
chat_system/database/migrations/2014_09_08_093915_create_roles_table.php: {"insertSpaces":true,"tabSize":4}
chat_system/database/migrations/2014_10_12_000000_create_users_table.php: {"insertSpaces":true,"tabSize":4}
chat_system/database/migrations/2014_09_08_093915_create_roles_table.php: {"insertSpaces":true,"tabSize":4}
chat_system/database/migrations/2014_10_12_000000_create_users_table.php: {"insertSpaces":true,"tabSize":4}
chat_system/database/migrations/2014_10_12_000000_create_users_table.php: {"insertSpaces":true,"tabSize":4}
chat_system/database/migrations/2014_10_12_100000_create_password_resets_table.php: {"insertSpaces":true,"tabSize":4}
chat_system/database/migrations/2019_08_19_000000_create_failed_jobs_table.php: {"insertSpaces":true,"tabSize":4}
chat_system/database/migrations/2021_07_13_044650_create_admins_table.php: {"insertSpaces":true,"tabSize":4}
chat_system/database/migrations/2021_07_13_044650_create_admins_table.php: {"insertSpaces":true,"tabSize":4}
chat_system/database/migrations/2021_07_13_044650_create_admins_table.php: {"insertSpaces":true,"tabSize":4}
chat_system/database/migrations/2021_07_13_044650_create_admins_table.php: {"insertSpaces":true,"tabSize":4}
chat_system/database/migrations/2014_09_08_093915_create_roles_table.php: {"insertSpaces":true,"tabSize":4}
chat_system/database/migrations/2021_07_13_044650_create_admins_table.php: {"insertSpaces":true,"tabSize":4}
chat_system/database/migrations/2014_10_12_000000_create_users_table.php: {"insertSpaces":true,"tabSize":4}
chat_system/database/migrations/2021_07_13_044650_create_admins_table.php: {"insertSpaces":true,"tabSize":4}
chat_system/database/migrations/2014_09_08_093915_create_roles_table.php: {"insertSpaces":true,"tabSize":4}
chat_system/database/migrations/2014_10_12_000000_create_users_table.php: {"insertSpaces":true,"tabSize":4}
chat_system/database/migrations/2014_10_12_000000_create_users_table.php: Using EditorConfig core...
database/migrations/2014_10_12_000000_create_users_table.php: editor.action.trimTrailingWhitespace
chat_system/database/migrations/2014_10_12_000000_create_users_table.php: Using EditorConfig core...
database/migrations/2014_10_12_000000_create_users_table.php: editor.action.trimTrailingWhitespace
chat_system/database/migrations/2014_10_12_000000_create_users_table.php: Using EditorConfig core...
database/migrations/2014_10_12_000000_create_users_table.php: editor.action.trimTrailingWhitespace
chat_system/database/migrations/2014_10_12_000000_create_users_table.php: {"insertSpaces":true,"tabSize":4}
chat_system/database/seeders/RoleSeeder.php: {"insertSpaces":true,"tabSize":4}
chat_system/database/seeders/RoleSeeder.php: {"insertSpaces":true,"tabSize":4}
chat_system/database/seeders/DatabaseSeeder.php: {"insertSpaces":true,"tabSize":4}
chat_system/database/seeders/DatabaseSeeder.php: {"insertSpaces":true,"tabSize":4}
chat_system/database/seeders/DatabaseSeeder.php: {"insertSpaces":true,"tabSize":4}
chat_system/database/seeders/DatabaseSeeder.php: Using EditorConfig core...
database/seeders/DatabaseSeeder.php: editor.action.trimTrailingWhitespace
chat_system/database/seeders/DatabaseSeeder.php: {"insertSpaces":true,"tabSize":4}
chat_system/database/seeders/RoleSeeder.php: {"insertSpaces":true,"tabSize":4}
chat_system/database/seeders/RoleSeeder.php: {"insertSpaces":true,"tabSize":4}
chat_system/database/seeders/UserSeeder.php: {"insertSpaces":true,"tabSize":4}
chat_system/database/seeders/RoleSeeder.php: {"insertSpaces":true,"tabSize":4}
chat_system/database/seeders/DatabaseSeeder.php: {"insertSpaces":true,"tabSize":4}
chat_system/database/seeders/DatabaseSeeder.php: {"insertSpaces":true,"tabSize":4}
chat_system/database/seeders/UserSeeder.php: {"insertSpaces":true,"tabSize":4}
chat_system/database/seeders/UserSeeder.php: {"insertSpaces":true,"tabSize":4}
chat_system/database/seeders/DatabaseSeeder.php: {"insertSpaces":true,"tabSize":4}
chat_system/database/migrations/2014_09_08_093915_create_roles_table.php: {"insertSpaces":true,"tabSize":4}
chat_system/database/migrations/2014_10_12_000000_create_users_table.php: {"insertSpaces":true,"tabSize":4}
chat_system/database/migrations/2021_07_13_044650_create_admins_table.php: {"insertSpaces":true,"tabSize":4}
chat_system/database/migrations/2021_07_13_044650_create_admins_table.php: Using EditorConfig core...
database/migrations/2021_07_13_044650_create_admins_table.php: editor.action.trimTrailingWhitespace
chat_system/database/migrations/2021_07_13_044650_create_admins_table.php: Using EditorConfig core...
database/migrations/2021_07_13_044650_create_admins_table.php: editor.action.trimTrailingWhitespace
chat_system/database/migrations/2021_07_13_044650_create_admins_table.php: Using EditorConfig core...
database/migrations/2021_07_13_044650_create_admins_table.php: editor.action.trimTrailingWhitespace
chat_system/database/migrations/2021_07_13_044650_create_admins_table.php: Using EditorConfig core...
database/migrations/2021_07_13_044650_create_admins_table.php: editor.action.trimTrailingWhitespace
chat_system/database/migrations/2021_07_13_044650_create_admins_table.php: Using EditorConfig core...
database/migrations/2021_07_13_044650_create_admins_table.php: editor.action.trimTrailingWhitespace
chat_system/database/migrations/2021_07_13_044650_create_admins_table.php: Using EditorConfig core...
database/migrations/2021_07_13_044650_create_admins_table.php: editor.action.trimTrailingWhitespace
chat_system/database/migrations/2021_07_13_044650_create_admins_table.php: {"insertSpaces":true,"tabSize":4}
chat_system/database/migrations/2014_10_12_000000_create_users_table.php: {"insertSpaces":true,"tabSize":4}
chat_system/database/seeders/RoleSeeder.php: {"insertSpaces":true,"tabSize":4}
chat_system/database/seeders/UserSeeder.php: {"insertSpaces":true,"tabSize":4}
chat_system/database/seeders/UserSeeder.php: Using EditorConfig core...
database/seeders/UserSeeder.php: editor.action.trimTrailingWhitespace
chat_system/database/seeders/UserSeeder.php: Using EditorConfig core...
database/seeders/UserSeeder.php: editor.action.trimTrailingWhitespace
chat_system/database/seeders/UserSeeder.php: Using EditorConfig core...
database/seeders/UserSeeder.php: editor.action.trimTrailingWhitespace
chat_system/database/seeders/UserSeeder.php: Using EditorConfig core...
database/seeders/UserSeeder.php: editor.action.trimTrailingWhitespace
chat_system/database/seeders/UserSeeder.php: Using EditorConfig core...
database/seeders/UserSeeder.php: editor.action.trimTrailingWhitespace
chat_system/database/seeders/UserSeeder.php: Using EditorConfig core...
database/seeders/UserSeeder.php: editor.action.trimTrailingWhitespace
chat_system/database/seeders/UserSeeder.php: Using EditorConfig core...
database/seeders/UserSeeder.php: editor.action.trimTrailingWhitespace
chat_system/database/seeders/UserSeeder.php: Using EditorConfig core...
database/seeders/UserSeeder.php: editor.action.trimTrailingWhitespace
chat_system/database/seeders/UserSeeder.php: Using EditorConfig core...
database/seeders/UserSeeder.php: editor.action.trimTrailingWhitespace
chat_system/database/seeders/UserSeeder.php: Using EditorConfig core...
database/seeders/UserSeeder.php: editor.action.trimTrailingWhitespace
chat_system/database/seeders/UserSeeder.php: Using EditorConfig core...
database/seeders/UserSeeder.php: editor.action.trimTrailingWhitespace
chat_system/database/seeders/UserSeeder.php: Using EditorConfig core...
database/seeders/UserSeeder.php: editor.action.trimTrailingWhitespace
chat_system/database/seeders/UserSeeder.php: Using EditorConfig core...
database/seeders/UserSeeder.php: editor.action.trimTrailingWhitespace
chat_system/database/seeders/UserSeeder.php: Using EditorConfig core...
database/seeders/UserSeeder.php: editor.action.trimTrailingWhitespace
chat_system/database/seeders/UserSeeder.php: Using EditorConfig core...
database/seeders/UserSeeder.php: editor.action.trimTrailingWhitespace
chat_system/database/seeders/UserSeeder.php: Using EditorConfig core...
database/seeders/UserSeeder.php: editor.action.trimTrailingWhitespace
chat_system/database/seeders/UserSeeder.php: Using EditorConfig core...
database/seeders/UserSeeder.php: editor.action.trimTrailingWhitespace
chat_system/database/seeders/UserSeeder.php: Using EditorConfig core...
database/seeders/UserSeeder.php: editor.action.trimTrailingWhitespace
chat_system/database/seeders/UserSeeder.php: Using EditorConfig core...
database/seeders/UserSeeder.php: editor.action.trimTrailingWhitespace
chat_system/database/seeders/UserSeeder.php: Using EditorConfig core...
database/seeders/UserSeeder.php: editor.action.trimTrailingWhitespace
chat_system/database/seeders/UserSeeder.php: Using EditorConfig core...
database/seeders/UserSeeder.php: editor.action.trimTrailingWhitespace
chat_system/database/seeders/UserSeeder.php: Using EditorConfig core...
database/seeders/UserSeeder.php: editor.action.trimTrailingWhitespace
chat_system/database/seeders/UserSeeder.php: Using EditorConfig core...
database/seeders/UserSeeder.php: editor.action.trimTrailingWhitespace
chat_system/database/seeders/UserSeeder.php: Using EditorConfig core...
database/seeders/UserSeeder.php: editor.action.trimTrailingWhitespace
chat_system/database/seeders/UserSeeder.php: Using EditorConfig core...
database/seeders/UserSeeder.php: editor.action.trimTrailingWhitespace
chat_system/database/seeders/UserSeeder.php: Using EditorConfig core...
database/seeders/UserSeeder.php: editor.action.trimTrailingWhitespace
chat_system/database/seeders/UserSeeder.php: Using EditorConfig core...
database/seeders/UserSeeder.php: editor.action.trimTrailingWhitespace
chat_system/database/seeders/UserSeeder.php: Using EditorConfig core...
database/seeders/UserSeeder.php: editor.action.trimTrailingWhitespace
chat_system/database/seeders/UserSeeder.php: Using EditorConfig core...
database/seeders/UserSeeder.php: editor.action.trimTrailingWhitespace
chat_system/database/seeders/UserSeeder.php: Using EditorConfig core...
database/seeders/UserSeeder.php: editor.action.trimTrailingWhitespace
chat_system/database/seeders/UserSeeder.php: {"insertSpaces":true,"tabSize":4}
chat_system/database/seeders/UserSeeder.php: Using EditorConfig core...
database/seeders/UserSeeder.php: editor.action.trimTrailingWhitespace
chat_system/database/seeders/UserSeeder.php: Using EditorConfig core...
database/seeders/UserSeeder.php: editor.action.trimTrailingWhitespace
chat_system/database/seeders/UserSeeder.php: Using EditorConfig core...
database/seeders/UserSeeder.php: editor.action.trimTrailingWhitespace
chat_system/database/seeders/UserSeeder.php: Using EditorConfig core...
database/seeders/UserSeeder.php: editor.action.trimTrailingWhitespace
chat_system/database/seeders/UserSeeder.php: Using EditorConfig core...
database/seeders/UserSeeder.php: editor.action.trimTrailingWhitespace
chat_system/database/seeders/UserSeeder.php: Using EditorConfig core...
database/seeders/UserSeeder.php: editor.action.trimTrailingWhitespace
chat_system/database/seeders/UserSeeder.php: Using EditorConfig core...
database/seeders/UserSeeder.php: editor.action.trimTrailingWhitespace
chat_system/database/seeders/UserSeeder.php: {"insertSpaces":true,"tabSize":4}
chat_system/database/seeders/UserSeeder.php: {"insertSpaces":true,"tabSize":4}
chat_system/database/migrations/2021_07_13_044650_create_admins_table.php: {"insertSpaces":true,"tabSize":4}
chat_system/database/migrations/2021_07_13_044650_create_admins_table.php: {"insertSpaces":true,"tabSize":4}
chat_system/database/migrations/2014_09_08_093915_create_roles_table.php: {"insertSpaces":true,"tabSize":4}
chat_system/database/migrations/2014_10_12_000000_create_users_table.php: {"insertSpaces":true,"tabSize":4}
chat_system/database/migrations/2021_07_13_044650_create_admins_table.php: {"insertSpaces":true,"tabSize":4}
chat_system/database/migrations/2014_09_08_093915_create_roles_table.php: {"insertSpaces":true,"tabSize":4}
chat_system/database/migrations/2014_10_12_000000_create_users_table.php: {"insertSpaces":true,"tabSize":4}
chat_system/database/migrations/2014_10_12_000000_create_users_table.php: Using EditorConfig core...
database/migrations/2014_10_12_000000_create_users_table.php: editor.action.trimTrailingWhitespace
chat_system/database/migrations/2014_10_12_000000_create_users_table.php: Using EditorConfig core...
database/migrations/2014_10_12_000000_create_users_table.php: editor.action.trimTrailingWhitespace
chat_system/database/migrations/2014_10_12_000000_create_users_table.php: {"insertSpaces":true,"tabSize":4}
chat_system/database/migrations/2014_10_12_000000_create_users_table.php: {"insertSpaces":true,"tabSize":4}
chat_system/database/seeders/RoleSeeder.php: {"insertSpaces":true,"tabSize":4}
chat_system/database/seeders/RoleSeeder.php: Using EditorConfig core...
database/seeders/RoleSeeder.php: editor.action.trimTrailingWhitespace
chat_system/database/seeders/RoleSeeder.php: Using EditorConfig core...
database/seeders/RoleSeeder.php: editor.action.trimTrailingWhitespace
chat_system/database/seeders/RoleSeeder.php: Using EditorConfig core...
database/seeders/RoleSeeder.php: editor.action.trimTrailingWhitespace
chat_system/database/seeders/RoleSeeder.php: Using EditorConfig core...
database/seeders/RoleSeeder.php: editor.action.trimTrailingWhitespace
chat_system/database/seeders/RoleSeeder.php: {"insertSpaces":true,"tabSize":4}
chat_system/database/seeders/RoleSeeder.php: {"insertSpaces":true,"tabSize":4}
chat_system/routes/web.php: {"insertSpaces":true,"tabSize":4}
chat_system/routes/web.php: Using EditorConfig core...
routes/web.php: editor.action.trimTrailingWhitespace
chat_system/routes/web.php: Using EditorConfig core...
routes/web.php: editor.action.trimTrailingWhitespace
chat_system/routes/web.php: Using EditorConfig core...
routes/web.php: editor.action.trimTrailingWhitespace
chat_system/routes/web.php: Using EditorConfig core...
routes/web.php: editor.action.trimTrailingWhitespace
chat_system/routes/web.php: Using EditorConfig core...
routes/web.php: editor.action.trimTrailingWhitespace
chat_system/routes/web.php: Using EditorConfig core...
routes/web.php: editor.action.trimTrailingWhitespace
chat_system/routes/web.php: Using EditorConfig core...
routes/web.php: editor.action.trimTrailingWhitespace
chat_system/routes/web.php: Using EditorConfig core...
routes/web.php: editor.action.trimTrailingWhitespace
chat_system/routes/web.php: Using EditorConfig core...
routes/web.php: editor.action.trimTrailingWhitespace
chat_system/routes/web.php: Using EditorConfig core...
routes/web.php: editor.action.trimTrailingWhitespace
chat_system/routes/web.php: Using EditorConfig core...
routes/web.php: editor.action.trimTrailingWhitespace
chat_system/routes/web.php: {"insertSpaces":true,"tabSize":4}
chat_system/routes/web.php: Using EditorConfig core...
routes/web.php: editor.action.trimTrailingWhitespace
chat_system/routes/web.php: Using EditorConfig core...
routes/web.php: editor.action.trimTrailingWhitespace
chat_system/routes/web.php: Using EditorConfig core...
routes/web.php: editor.action.trimTrailingWhitespace
chat_system/routes/web.php: Using EditorConfig core...
routes/web.php: editor.action.trimTrailingWhitespace
chat_system/routes/web.php: Using EditorConfig core...
routes/web.php: editor.action.trimTrailingWhitespace
chat_system/routes/web.php: Using EditorConfig core...
routes/web.php: editor.action.trimTrailingWhitespace
chat_system/routes/web.php: Using EditorConfig core...
routes/web.php: editor.action.trimTrailingWhitespace
chat_system/routes/web.php: Using EditorConfig core...
routes/web.php: editor.action.trimTrailingWhitespace
chat_system/routes/web.php: Using EditorConfig core...
routes/web.php: editor.action.trimTrailingWhitespace
chat_system/routes/web.php: Using EditorConfig core...
routes/web.php: editor.action.trimTrailingWhitespace
chat_system/routes/web.php: Using EditorConfig core...
routes/web.php: editor.action.trimTrailingWhitespace
chat_system/routes/web.php: {"insertSpaces":true,"tabSize":4}
chat_system/database/migrations/2014_10_12_100000_create_password_resets_table.php: {"insertSpaces":true,"tabSize":4}
chat_system/database/migrations/2014_10_12_000000_create_users_table.php: {"insertSpaces":true,"tabSize":4}
chat_system/resources/views/admin/auth/signup.blade.php: {"insertSpaces":true,"tabSize":4}
chat_system/resources/views/admin/auth/signup.blade.php: {"insertSpaces":true,"tabSize":4}
chat_system/resources/views/admin/auth/signup.blade.php: Using EditorConfig core...
resources/views/admin/auth/signup.blade.php: editor.action.trimTrailingWhitespace
chat_system/resources/views/admin/auth/signup.blade.php: Using EditorConfig core...
resources/views/admin/auth/signup.blade.php: editor.action.trimTrailingWhitespace
chat_system/resources/views/admin/auth/signup.blade.php: Using EditorConfig core...
resources/views/admin/auth/signup.blade.php: editor.action.trimTrailingWhitespace
chat_system/resources/views/admin/auth/signup.blade.php: Using EditorConfig core...
resources/views/admin/auth/signup.blade.php: editor.action.trimTrailingWhitespace
chat_system/resources/views/admin/auth/signup.blade.php: Using EditorConfig core...
resources/views/admin/auth/signup.blade.php: editor.action.trimTrailingWhitespace
chat_system/resources/views/admin/auth/signup.blade.php: Using EditorConfig core...
resources/views/admin/auth/signup.blade.php: editor.action.trimTrailingWhitespace
chat_system/resources/views/admin/auth/signup.blade.php: Using EditorConfig core...
resources/views/admin/auth/signup.blade.php: editor.action.trimTrailingWhitespace
chat_system/resources/views/admin/auth/signup.blade.php: Using EditorConfig core...
resources/views/admin/auth/signup.blade.php: editor.action.trimTrailingWhitespace
chat_system/resources/views/admin/auth/signup.blade.php: Using EditorConfig core...
resources/views/admin/auth/signup.blade.php: editor.action.trimTrailingWhitespace
chat_system/resources/views/admin/auth/signup.blade.php: Using EditorConfig core...
resources/views/admin/auth/signup.blade.php: editor.action.trimTrailingWhitespace
chat_system/resources/views/admin/auth/signup.blade.php: Using EditorConfig core...
resources/views/admin/auth/signup.blade.php: editor.action.trimTrailingWhitespace
chat_system/resources/views/admin/auth/signup.blade.php: Using EditorConfig core...
resources/views/admin/auth/signup.blade.php: editor.action.trimTrailingWhitespace
chat_system/resources/views/admin/auth/signup.blade.php: Using EditorConfig core...
resources/views/admin/auth/signup.blade.php: editor.action.trimTrailingWhitespace
chat_system/resources/views/admin/auth/signup.blade.php: Using EditorConfig core...
resources/views/admin/auth/signup.blade.php: editor.action.trimTrailingWhitespace
chat_system/resources/views/admin/auth/signup.blade.php: Using EditorConfig core...
resources/views/admin/auth/signup.blade.php: editor.action.trimTrailingWhitespace
chat_system/resources/views/admin/auth/signup.blade.php: Using EditorConfig core...
resources/views/admin/auth/signup.blade.php: editor.action.trimTrailingWhitespace
chat_system/resources/views/admin/auth/signup.blade.php: Using EditorConfig core...
resources/views/admin/auth/signup.blade.php: editor.action.trimTrailingWhitespace
chat_system/resources/views/admin/auth/signup.blade.php: Using EditorConfig core...
resources/views/admin/auth/signup.blade.php: editor.action.trimTrailingWhitespace
chat_system/resources/views/admin/auth/signup.blade.php: Using EditorConfig core...
resources/views/admin/auth/signup.blade.php: editor.action.trimTrailingWhitespace
chat_system/resources/views/admin/auth/signup.blade.php: Using EditorConfig core...
resources/views/admin/auth/signup.blade.php: editor.action.trimTrailingWhitespace
chat_system/resources/views/admin/auth/signup.blade.php: Using EditorConfig core...
resources/views/admin/auth/signup.blade.php: editor.action.trimTrailingWhitespace
chat_system/resources/views/admin/auth/signup.blade.php: Using EditorConfig core...
resources/views/admin/auth/signup.blade.php: editor.action.trimTrailingWhitespace
chat_system/resources/views/admin/auth/signup.blade.php: Using EditorConfig core...
resources/views/admin/auth/signup.blade.php: editor.action.trimTrailingWhitespace
chat_system/resources/views/admin/auth/signup.blade.php: Using EditorConfig core...
resources/views/admin/auth/signup.blade.php: editor.action.trimTrailingWhitespace
chat_system/resources/views/admin/auth/signup.blade.php: Using EditorConfig core...
resources/views/admin/auth/signup.blade.php: editor.action.trimTrailingWhitespace
chat_system/resources/views/admin/auth/signup.blade.php: Using EditorConfig core...
resources/views/admin/auth/signup.blade.php: editor.action.trimTrailingWhitespace
chat_system/resources/views/admin/auth/signup.blade.php: Using EditorConfig core...
resources/views/admin/auth/signup.blade.php: editor.action.trimTrailingWhitespace
chat_system/resources/views/admin/auth/signup.blade.php: Using EditorConfig core...
resources/views/admin/auth/signup.blade.php: editor.action.trimTrailingWhitespace
chat_system/resources/views/admin/auth/signup.blade.php: Using EditorConfig core...
resources/views/admin/auth/signup.blade.php: editor.action.trimTrailingWhitespace
chat_system/resources/views/admin/auth/signup.blade.php: Using EditorConfig core...
resources/views/admin/auth/signup.blade.php: editor.action.trimTrailingWhitespace
chat_system/resources/views/admin/auth/signup.blade.php: Using EditorConfig core...
resources/views/admin/auth/signup.blade.php: editor.action.trimTrailingWhitespace
chat_system/resources/views/admin/auth/signup.blade.php: Using EditorConfig core...
resources/views/admin/auth/signup.blade.php: editor.action.trimTrailingWhitespace
chat_system/resources/views/admin/auth/signup.blade.php: Using EditorConfig core...
resources/views/admin/auth/signup.blade.php: editor.action.trimTrailingWhitespace
chat_system/resources/views/admin/auth/signup.blade.php: Using EditorConfig core...
resources/views/admin/auth/signup.blade.php: editor.action.trimTrailingWhitespace
chat_system/resources/views/admin/auth/signup.blade.php: Using EditorConfig core...
resources/views/admin/auth/signup.blade.php: editor.action.trimTrailingWhitespace
chat_system/resources/views/admin/auth/signup.blade.php: Using EditorConfig core...
resources/views/admin/auth/signup.blade.php: editor.action.trimTrailingWhitespace
chat_system/resources/views/admin/auth/signin.blade.php: {"insertSpaces":true,"tabSize":4}
chat_system/resources/views/admin/auth/signin.blade.php: Using EditorConfig core...
resources/views/admin/auth/signin.blade.php: editor.action.trimTrailingWhitespace
chat_system/resources/views/admin/auth/signin.blade.php: Using EditorConfig core...
resources/views/admin/auth/signin.blade.php: editor.action.trimTrailingWhitespace
chat_system/resources/views/admin/auth/signin.blade.php: Using EditorConfig core...
resources/views/admin/auth/signin.blade.php: editor.action.trimTrailingWhitespace
chat_system/resources/views/admin/auth/signin.blade.php: Using EditorConfig core...
resources/views/admin/auth/signin.blade.php: editor.action.trimTrailingWhitespace
chat_system/resources/views/admin/auth/signin.blade.php: Using EditorConfig core...
resources/views/admin/auth/signin.blade.php: editor.action.trimTrailingWhitespace
chat_system/resources/views/admin/auth/signin.blade.php: Using EditorConfig core...
resources/views/admin/auth/signin.blade.php: editor.action.trimTrailingWhitespace
chat_system/resources/views/admin/auth/signin.blade.php: Using EditorConfig core...
resources/views/admin/auth/signin.blade.php: editor.action.trimTrailingWhitespace
chat_system/resources/views/admin/auth/signin.blade.php: Using EditorConfig core...
resources/views/admin/auth/signin.blade.php: editor.action.trimTrailingWhitespace
chat_system/resources/views/admin/auth/signin.blade.php: Using EditorConfig core...
resources/views/admin/auth/signin.blade.php: editor.action.trimTrailingWhitespace
chat_system/resources/views/admin/auth/signin.blade.php: Using EditorConfig core...
resources/views/admin/auth/signin.blade.php: editor.action.trimTrailingWhitespace
chat_system/resources/views/admin/auth/signin.blade.php: Using EditorConfig core...
resources/views/admin/auth/signin.blade.php: editor.action.trimTrailingWhitespace
chat_system/resources/views/admin/auth/signin.blade.php: Using EditorConfig core...
resources/views/admin/auth/signin.blade.php: editor.action.trimTrailingWhitespace
chat_system/resources/views/admin/auth/signin.blade.php: Using EditorConfig core...
resources/views/admin/auth/signin.blade.php: editor.action.trimTrailingWhitespace
chat_system/resources/views/admin/auth/signin.blade.php: Using EditorConfig core...
resources/views/admin/auth/signin.blade.php: editor.action.trimTrailingWhitespace
chat_system/app/Models/Role.php: {"insertSpaces":true,"tabSize":4}
chat_system/resources/views/admin/auth/signin.blade.php: {"insertSpaces":true,"tabSize":4}
chat_system/resources/views/admin/chat/friends.blade.php: {"insertSpaces":true,"tabSize":4}
chat_system/resources/views/admin/auth/signin.blade.php: {"insertSpaces":true,"tabSize":4}
chat_system/resources/views/admin/chat/chats.blade.php: {"insertSpaces":true,"tabSize":4}
chat_system/resources/views/admin/chat/chats.blade.php: {"insertSpaces":true,"tabSize":4}
chat_system/resources/views/admin/chat/chats.blade.php: Using EditorConfig core...
resources/views/admin/chat/chats.blade.php: editor.action.trimTrailingWhitespace
chat_system/resources/views/admin/auth/signin.blade.php: {"insertSpaces":true,"tabSize":4}
chat_system/resources/views/admin/auth/signup.blade.php: {"insertSpaces":true,"tabSize":4}
chat_system/resources/views/admin/auth/signup.blade.php: {"insertSpaces":true,"tabSize":4}
chat_system/resources/views/admin/auth/signup.blade.php: {"insertSpaces":true,"tabSize":4}
chat_system/resources/views/admin/auth/signup.blade.php: Using EditorConfig core...
resources/views/admin/auth/signup.blade.php: editor.action.trimTrailingWhitespace
chat_system/resources/views/admin/auth/signin.blade.php: {"insertSpaces":true,"tabSize":4}
chat_system/app/Http/Middleware/Admin.php: {"insertSpaces":true,"tabSize":4}
chat_system/app/Http/Middleware/Admin.php: Using EditorConfig core...
app/Http/Middleware/Admin.php: editor.action.trimTrailingWhitespace
chat_system/resources/views/admin/auth/signin.blade.php: {"insertSpaces":true,"tabSize":4}
chat_system/app/Http/Controllers/Admin/AuthController.php: {"insertSpaces":true,"tabSize":4}
chat_system/routes/web.php: {"insertSpaces":true,"tabSize":4}
chat_system/routes/web.php: {"insertSpaces":true,"tabSize":4}
chat_system/database/seeders/RoleSeeder.php: {"insertSpaces":true,"tabSize":4}
chat_system/database/seeders/UserSeeder.php: {"insertSpaces":true,"tabSize":4}
chat_system/database/seeders/UserSeeder.php: {"insertSpaces":true,"tabSize":4}
chat_system/database/seeders/UserSeeder.php: {"insertSpaces":true,"tabSize":4}
chat_system/app/Http/Controllers/Admin/AuthController.php: {"insertSpaces":true,"tabSize":4}
chat_system/app/Http/Controllers/Admin/AuthController.php: Using EditorConfig core...
app/Http/Controllers/Admin/AuthController.php: editor.action.trimTrailingWhitespace
chat_system/app/Http/Controllers/Admin/AuthController.php: Using EditorConfig core...
app/Http/Controllers/Admin/AuthController.php: editor.action.trimTrailingWhitespace
chat_system/app/Http/Controllers/Admin/AuthController.php: Using EditorConfig core...
app/Http/Controllers/Admin/AuthController.php: editor.action.trimTrailingWhitespace
chat_system/app/Http/Controllers/Admin/AuthController.php: Using EditorConfig core...
app/Http/Controllers/Admin/AuthController.php: editor.action.trimTrailingWhitespace
chat_system/app/Http/Controllers/Admin/AuthController.php: Using EditorConfig core...
app/Http/Controllers/Admin/AuthController.php: editor.action.trimTrailingWhitespace
chat_system/app/Http/Controllers/Admin/AuthController.php: Using EditorConfig core...
app/Http/Controllers/Admin/AuthController.php: editor.action.trimTrailingWhitespace
chat_system/app/Http/Controllers/Admin/AuthController.php: Using EditorConfig core...
app/Http/Controllers/Admin/AuthController.php: editor.action.trimTrailingWhitespace
chat_system/app/Http/Controllers/Admin/AuthController.php: Using EditorConfig core...
app/Http/Controllers/Admin/AuthController.php: editor.action.trimTrailingWhitespace
chat_system/app/Http/Controllers/Admin/AuthController.php: Using EditorConfig core...
app/Http/Controllers/Admin/AuthController.php: editor.action.trimTrailingWhitespace
chat_system/app/Http/Controllers/Admin/AuthController.php: Using EditorConfig core...
app/Http/Controllers/Admin/AuthController.php: editor.action.trimTrailingWhitespace
chat_system/app/Http/Controllers/Admin/AuthController.php: Using EditorConfig core...
app/Http/Controllers/Admin/AuthController.php: editor.action.trimTrailingWhitespace
chat_system/app/Http/Controllers/Admin/AuthController.php: Using EditorConfig core...
app/Http/Controllers/Admin/AuthController.php: editor.action.trimTrailingWhitespace
chat_system/app/Http/Controllers/Admin/AuthController.php: Using EditorConfig core...
app/Http/Controllers/Admin/AuthController.php: editor.action.trimTrailingWhitespace
chat_system/app/Http/Controllers/Admin/AuthController.php: Using EditorConfig core...
app/Http/Controllers/Admin/AuthController.php: editor.action.trimTrailingWhitespace
chat_system/app/Http/Controllers/Admin/AuthController.php: Using EditorConfig core...
app/Http/Controllers/Admin/AuthController.php: editor.action.trimTrailingWhitespace
chat_system/app/Http/Controllers/Admin/AuthController.php: Using EditorConfig core...
app/Http/Controllers/Admin/AuthController.php: editor.action.trimTrailingWhitespace
chat_system/app/Http/Controllers/Admin/AuthController.php: Using EditorConfig core...
app/Http/Controllers/Admin/AuthController.php: editor.action.trimTrailingWhitespace
chat_system/app/Http/Controllers/Admin/AuthController.php: Using EditorConfig core...
app/Http/Controllers/Admin/AuthController.php: editor.action.trimTrailingWhitespace
chat_system/app/Http/Controllers/Admin/AuthController.php: {"insertSpaces":true,"tabSize":4}
chat_system/database/seeders/UserSeeder.php: {"insertSpaces":true,"tabSize":4}
chat_system/app/Http/Controllers/Admin/AuthController.php: {"insertSpaces":true,"tabSize":4}
chat_system/app/Http/Controllers/Admin/AuthController.php: Using EditorConfig core...
app/Http/Controllers/Admin/AuthController.php: editor.action.trimTrailingWhitespace
chat_system/app/Http/Controllers/Admin/AuthController.php: Using EditorConfig core...
app/Http/Controllers/Admin/AuthController.php: editor.action.trimTrailingWhitespace
chat_system/app/Http/Controllers/Admin/AuthController.php: Using EditorConfig core...
app/Http/Controllers/Admin/AuthController.php: editor.action.trimTrailingWhitespace
chat_system/app/Http/Controllers/Admin/AuthController.php: Using EditorConfig core...
app/Http/Controllers/Admin/AuthController.php: editor.action.trimTrailingWhitespace
chat_system/app/Http/Controllers/Admin/AuthController.php: Using EditorConfig core...
app/Http/Controllers/Admin/AuthController.php: editor.action.trimTrailingWhitespace
chat_system/app/Http/Controllers/Admin/AuthController.php: Using EditorConfig core...
app/Http/Controllers/Admin/AuthController.php: editor.action.trimTrailingWhitespace
chat_system/app/Http/Controllers/Admin/AuthController.php: Using EditorConfig core...
app/Http/Controllers/Admin/AuthController.php: editor.action.trimTrailingWhitespace
chat_system/app/Http/Controllers/Admin/AuthController.php: Using EditorConfig core...
app/Http/Controllers/Admin/AuthController.php: editor.action.trimTrailingWhitespace
chat_system/app/Http/Controllers/Admin/AuthController.php: Using EditorConfig core...
app/Http/Controllers/Admin/AuthController.php: editor.action.trimTrailingWhitespace
chat_system/app/Http/Controllers/Admin/AuthController.php: Using EditorConfig core...
app/Http/Controllers/Admin/AuthController.php: editor.action.trimTrailingWhitespace
chat_system/app/Http/Controllers/Admin/AuthController.php: Using EditorConfig core...
app/Http/Controllers/Admin/AuthController.php: editor.action.trimTrailingWhitespace
chat_system/app/Http/Controllers/Admin/AuthController.php: Using EditorConfig core...
app/Http/Controllers/Admin/AuthController.php: editor.action.trimTrailingWhitespace
chat_system/app/Http/Controllers/Admin/AuthController.php: Using EditorConfig core...
app/Http/Controllers/Admin/AuthController.php: editor.action.trimTrailingWhitespace
chat_system/app/Http/Controllers/Admin/AuthController.php: Using EditorConfig core...
app/Http/Controllers/Admin/AuthController.php: editor.action.trimTrailingWhitespace
chat_system/app/Http/Controllers/Admin/AuthController.php: Using EditorConfig core...
app/Http/Controllers/Admin/AuthController.php: editor.action.trimTrailingWhitespace
chat_system/app/Http/Controllers/Admin/AuthController.php: Using EditorConfig core...
app/Http/Controllers/Admin/AuthController.php: editor.action.trimTrailingWhitespace
chat_system/app/Http/Controllers/Admin/AuthController.php: {"insertSpaces":true,"tabSize":4}
chat_system/resources/views/admin/auth/signin.blade.php: {"insertSpaces":true,"tabSize":4}
chat_system/resources/views/admin/auth/signin.blade.php: Using EditorConfig core...
resources/views/admin/auth/signin.blade.php: editor.action.trimTrailingWhitespace
chat_system/resources/views/admin/auth/signin.blade.php: Using EditorConfig core...
resources/views/admin/auth/signin.blade.php: editor.action.trimTrailingWhitespace
chat_system/resources/views/admin/auth/signin.blade.php: Using EditorConfig core...
resources/views/admin/auth/signin.blade.php: editor.action.trimTrailingWhitespace
chat_system/resources/views/admin/auth/signin.blade.php: Using EditorConfig core...
resources/views/admin/auth/signin.blade.php: editor.action.trimTrailingWhitespace
chat_system/resources/views/admin/auth/signin.blade.php: Using EditorConfig core...
resources/views/admin/auth/signin.blade.php: editor.action.trimTrailingWhitespace
chat_system/resources/views/admin/auth/signin.blade.php: Using EditorConfig core...
resources/views/admin/auth/signin.blade.php: editor.action.trimTrailingWhitespace
chat_system/resources/views/admin/auth/signin.blade.php: Using EditorConfig core...
resources/views/admin/auth/signin.blade.php: editor.action.trimTrailingWhitespace
chat_system/resources/views/admin/auth/signin.blade.php: Using EditorConfig core...
resources/views/admin/auth/signin.blade.php: editor.action.trimTrailingWhitespace
chat_system/resources/views/admin/auth/signin.blade.php: Using EditorConfig core...
resources/views/admin/auth/signin.blade.php: editor.action.trimTrailingWhitespace
chat_system/resources/views/admin/auth/signin.blade.php: Using EditorConfig core...
resources/views/admin/auth/signin.blade.php: editor.action.trimTrailingWhitespace
chat_system/resources/views/admin/auth/signin.blade.php: Using EditorConfig core...
resources/views/admin/auth/signin.blade.php: editor.action.trimTrailingWhitespace
chat_system/resources/views/admin/auth/signin.blade.php: Using EditorConfig core...
resources/views/admin/auth/signin.blade.php: editor.action.trimTrailingWhitespace
chat_system/resources/views/admin/auth/signin.blade.php: {"insertSpaces":true,"tabSize":4}
chat_system/resources/views/admin/auth/signin.blade.php: Using EditorConfig core...
resources/views/admin/auth/signin.blade.php: editor.action.trimTrailingWhitespace
chat_system/resources/views/admin/auth/signin.blade.php: Using EditorConfig core...
resources/views/admin/auth/signin.blade.php: editor.action.trimTrailingWhitespace
chat_system/resources/views/admin/auth/signin.blade.php: {"insertSpaces":true,"tabSize":4}
chat_system/resources/views/admin/auth/signin.blade.php: Using EditorConfig core...
resources/views/admin/auth/signin.blade.php: editor.action.trimTrailingWhitespace
chat_system/resources/views/admin/auth/signin.blade.php: Using EditorConfig core...
resources/views/admin/auth/signin.blade.php: editor.action.trimTrailingWhitespace
chat_system/resources/views/admin/auth/signin.blade.php: Using EditorConfig core...
resources/views/admin/auth/signin.blade.php: editor.action.trimTrailingWhitespace
chat_system/resources/views/admin/auth/signin.blade.php: Using EditorConfig core...
resources/views/admin/auth/signin.blade.php: editor.action.trimTrailingWhitespace
chat_system/resources/views/admin/auth/signin.blade.php: Using EditorConfig core...
resources/views/admin/auth/signin.blade.php: editor.action.trimTrailingWhitespace
chat_system/resources/views/admin/auth/signin.blade.php: Using EditorConfig core...
resources/views/admin/auth/signin.blade.php: editor.action.trimTrailingWhitespace
chat_system/resources/views/admin/auth/signin.blade.php: Using EditorConfig core...
resources/views/admin/auth/signin.blade.php: editor.action.trimTrailingWhitespace
chat_system/resources/views/admin/auth/signin.blade.php: Using EditorConfig core...
resources/views/admin/auth/signin.blade.php: editor.action.trimTrailingWhitespace
chat_system/resources/views/admin/auth/signin.blade.php: Using EditorConfig core...
resources/views/admin/auth/signin.blade.php: editor.action.trimTrailingWhitespace
chat_system/resources/views/admin/auth/signin.blade.php: Using EditorConfig core...
resources/views/admin/auth/signin.blade.php: editor.action.trimTrailingWhitespace
chat_system/resources/views/admin/auth/signin.blade.php: Using EditorConfig core...
resources/views/admin/auth/signin.blade.php: editor.action.trimTrailingWhitespace
chat_system/resources/views/admin/auth/signin.blade.php: Using EditorConfig core...
resources/views/admin/auth/signin.blade.php: editor.action.trimTrailingWhitespace
chat_system/resources/views/admin/auth/signin.blade.php: Using EditorConfig core...
resources/views/admin/auth/signin.blade.php: editor.action.trimTrailingWhitespace
chat_system/resources/views/admin/auth/signin.blade.php: Using EditorConfig core...
resources/views/admin/auth/signin.blade.php: editor.action.trimTrailingWhitespace
chat_system/app/Http/Controllers/Admin/AuthController.php: {"insertSpaces":true,"tabSize":4}
chat_system/app/Http/Controllers/Admin/AuthController.php: Using EditorConfig core...
app/Http/Controllers/Admin/AuthController.php: editor.action.trimTrailingWhitespace
chat_system/app/Http/Controllers/Admin/AuthController.php: Using EditorConfig core...
app/Http/Controllers/Admin/AuthController.php: editor.action.trimTrailingWhitespace
chat_system/app/Http/Controllers/Admin/AuthController.php: Using EditorConfig core...
app/Http/Controllers/Admin/AuthController.php: editor.action.trimTrailingWhitespace
chat_system/app/Http/Controllers/Admin/AuthController.php: Using EditorConfig core...
app/Http/Controllers/Admin/AuthController.php: editor.action.trimTrailingWhitespace
chat_system/app/Http/Controllers/Admin/AuthController.php: Using EditorConfig core...
app/Http/Controllers/Admin/AuthController.php: editor.action.trimTrailingWhitespace
chat_system/app/Http/Controllers/Admin/AuthController.php: {"insertSpaces":true,"tabSize":4}
chat_system/app/Http/Controllers/Admin/AuthController.php: Using EditorConfig core...
app/Http/Controllers/Admin/AuthController.php: editor.action.trimTrailingWhitespace
chat_system/app/Http/Controllers/Admin/AuthController.php: Using EditorConfig core...
app/Http/Controllers/Admin/AuthController.php: editor.action.trimTrailingWhitespace
chat_system/app/Http/Controllers/Admin/AuthController.php: Using EditorConfig core...
app/Http/Controllers/Admin/AuthController.php: editor.action.trimTrailingWhitespace
chat_system/app/Http/Controllers/Admin/AuthController.php: {"insertSpaces":true,"tabSize":4}
chat_system/app/Http/Middleware/Admin.php: {"insertSpaces":true,"tabSize":4}
chat_system/app/Http/Controllers/Admin/AuthController.php: {"insertSpaces":true,"tabSize":4}
chat_system/app/Http/Controllers/Admin/AuthController.php: {"insertSpaces":true,"tabSize":4}
chat_system/app/Http/Controllers/Admin/AuthController.php: Using EditorConfig core...
app/Http/Controllers/Admin/AuthController.php: editor.action.trimTrailingWhitespace
chat_system/app/Http/Controllers/Admin/AuthController.php: Using EditorConfig core...
app/Http/Controllers/Admin/AuthController.php: editor.action.trimTrailingWhitespace
chat_system/app/Http/Controllers/Admin/AuthController.php: Using EditorConfig core...
app/Http/Controllers/Admin/AuthController.php: editor.action.trimTrailingWhitespace
chat_system/app/Models/Role.php: {"insertSpaces":true,"tabSize":4}
chat_system/app/Models/Role.php: {"insertSpaces":true,"tabSize":4}
chat_system/resources/views/layouts/admin.blade.php: {"insertSpaces":true,"tabSize":4}
chat_system/resources/views/layouts/admin.blade.php: {"insertSpaces":true,"tabSize":4}
chat_system/resources/views/layouts/admin.blade.php: {"insertSpaces":true,"tabSize":4}
chat_system/resources/views/layouts/admin.blade.php: {"insertSpaces":true,"tabSize":4}
chat_system/resources/views/layouts/admin.blade.php: {"insertSpaces":true,"tabSize":4}
chat_system/resources/views/layouts/admin.blade.php: Using EditorConfig core...
resources/views/layouts/admin.blade.php: editor.action.trimTrailingWhitespace
chat_system/resources/views/layouts/admin.blade.php: Using EditorConfig core...
resources/views/layouts/admin.blade.php: editor.action.trimTrailingWhitespace
chat_system/resources/views/layouts/admin.blade.php: Using EditorConfig core...
resources/views/layouts/admin.blade.php: editor.action.trimTrailingWhitespace
chat_system/resources/views/layouts/admin.blade.php: Using EditorConfig core...
resources/views/layouts/admin.blade.php: editor.action.trimTrailingWhitespace
chat_system/resources/views/layouts/admin.blade.php: Using EditorConfig core...
resources/views/layouts/admin.blade.php: editor.action.trimTrailingWhitespace
chat_system/resources/views/layouts/admin.blade.php: Using EditorConfig core...
resources/views/layouts/admin.blade.php: editor.action.trimTrailingWhitespace
chat_system/resources/views/layouts/admin.blade.php: Using EditorConfig core...
resources/views/layouts/admin.blade.php: editor.action.trimTrailingWhitespace
chat_system/resources/views/layouts/admin.blade.php: Using EditorConfig core...
resources/views/layouts/admin.blade.php: editor.action.trimTrailingWhitespace
chat_system/resources/views/layouts/admin.blade.php: Using EditorConfig core...
resources/views/layouts/admin.blade.php: editor.action.trimTrailingWhitespace
chat_system/resources/views/layouts/admin.blade.php: Using EditorConfig core...
resources/views/layouts/admin.blade.php: editor.action.trimTrailingWhitespace
chat_system/resources/views/layouts/admin.blade.php: Using EditorConfig core...
resources/views/layouts/admin.blade.php: editor.action.trimTrailingWhitespace
chat_system/resources/views/layouts/admin.blade.php: {"insertSpaces":true,"tabSize":4}
chat_system/resources/views/layouts/admin.blade.php: {"insertSpaces":true,"tabSize":4}
chat_system/resources/views/layouts/admin.blade.php: {"insertSpaces":true,"tabSize":4}
chat_system/resources/views/layouts/admin.blade.php: {"insertSpaces":true,"tabSize":4}
chat_system/app/Http/Middleware/Admin.php: {"insertSpaces":true,"tabSize":4}
chat_system/app/Http/Middleware/Admin.php: Using EditorConfig core...
app/Http/Middleware/Admin.php: editor.action.trimTrailingWhitespace
chat_system/app/Http/Middleware/Admin.php: Using EditorConfig core...
app/Http/Middleware/Admin.php: editor.action.trimTrailingWhitespace
chat_system/app/Http/Middleware/Admin.php: Using EditorConfig core...
app/Http/Middleware/Admin.php: editor.action.trimTrailingWhitespace
chat_system/app/Http/Middleware/Admin.php: {"insertSpaces":true,"tabSize":4}
chat_system/app/Http/Middleware/Admin.php: Using EditorConfig core...
app/Http/Middleware/Admin.php: editor.action.trimTrailingWhitespace
chat_system/app/Http/Middleware/Admin.php: Using EditorConfig core...
app/Http/Middleware/Admin.php: editor.action.trimTrailingWhitespace
chat_system/app/Http/Middleware/Admin.php: Using EditorConfig core...
app/Http/Middleware/Admin.php: editor.action.trimTrailingWhitespace
chat_system/app/Http/Middleware/Admin.php: Using EditorConfig core...
app/Http/Middleware/Admin.php: editor.action.trimTrailingWhitespace
chat_system/app/Http/Middleware/Admin.php: Using EditorConfig core...
app/Http/Middleware/Admin.php: editor.action.trimTrailingWhitespace
chat_system/app/Http/Middleware/Admin.php: {"insertSpaces":true,"tabSize":4}
chat_system/app/Http/Middleware/Admin.php: {"insertSpaces":true,"tabSize":4}
chat_system/app/Http/Middleware/Admin.php: {"insertSpaces":true,"tabSize":4}
chat_system/app/Http/Middleware/Admin.php: {"insertSpaces":true,"tabSize":4}
chat_system/app/Models/Role.php: {"insertSpaces":true,"tabSize":4}
chat_system/app/Models/Admin.php: {"insertSpaces":true,"tabSize":4}
chat_system/app/Models/User.php: {"insertSpaces":true,"tabSize":4}
chat_system/app/Models/User.php: Using EditorConfig core...
app/Models/User.php: editor.action.trimTrailingWhitespace
chat_system/app/Models/User.php: Using EditorConfig core...
app/Models/User.php: editor.action.trimTrailingWhitespace
chat_system/app/Models/User.php: Using EditorConfig core...
app/Models/User.php: editor.action.trimTrailingWhitespace
chat_system/app/Models/User.php: Using EditorConfig core...
app/Models/User.php: editor.action.trimTrailingWhitespace
chat_system/app/Models/User.php: Using EditorConfig core...
app/Models/User.php: editor.action.trimTrailingWhitespace
chat_system/app/Models/User.php: Using EditorConfig core...
app/Models/User.php: editor.action.trimTrailingWhitespace
chat_system/app/Models/User.php: Using EditorConfig core...
app/Models/User.php: editor.action.trimTrailingWhitespace
chat_system/app/Models/User.php: Using EditorConfig core...
app/Models/User.php: editor.action.trimTrailingWhitespace
chat_system/app/Models/User.php: Using EditorConfig core...
app/Models/User.php: editor.action.trimTrailingWhitespace
chat_system/app/Models/User.php: Using EditorConfig core...
app/Models/User.php: editor.action.trimTrailingWhitespace
chat_system/app/Models/User.php: Using EditorConfig core...
app/Models/User.php: editor.action.trimTrailingWhitespace
chat_system/app/Models/User.php: Using EditorConfig core...
app/Models/User.php: editor.action.trimTrailingWhitespace
chat_system/app/Models/User.php: Using EditorConfig core...
app/Models/User.php: editor.action.trimTrailingWhitespace
chat_system/app/Models/User.php: Using EditorConfig core...
app/Models/User.php: editor.action.trimTrailingWhitespace
chat_system/app/Models/User.php: Using EditorConfig core...
app/Models/User.php: editor.action.trimTrailingWhitespace
chat_system/app/Models/User.php: Using EditorConfig core...
app/Models/User.php: editor.action.trimTrailingWhitespace
chat_system/app/Models/User.php: Using EditorConfig core...
app/Models/User.php: editor.action.trimTrailingWhitespace
chat_system/app/Models/User.php: Using EditorConfig core...
app/Models/User.php: editor.action.trimTrailingWhitespace
chat_system/app/Models/User.php: Using EditorConfig core...
app/Models/User.php: editor.action.trimTrailingWhitespace
chat_system/app/Models/User.php: {"insertSpaces":true,"tabSize":4}
chat_system/app/Models/User.php: {"insertSpaces":true,"tabSize":4}
chat_system/app/Http/Middleware/Admin.php: {"insertSpaces":true,"tabSize":4}
chat_system/app/Http/Middleware/Admin.php: Using EditorConfig core...
app/Http/Middleware/Admin.php: editor.action.trimTrailingWhitespace
chat_system/app/Http/Middleware/Admin.php: Using EditorConfig core...
app/Http/Middleware/Admin.php: editor.action.trimTrailingWhitespace
chat_system/app/Http/Middleware/Admin.php: Using EditorConfig core...
app/Http/Middleware/Admin.php: editor.action.trimTrailingWhitespace
chat_system/app/Http/Middleware/Admin.php: Using EditorConfig core...
app/Http/Middleware/Admin.php: editor.action.trimTrailingWhitespace
chat_system/app/Http/Middleware/Admin.php: Using EditorConfig core...
app/Http/Middleware/Admin.php: editor.action.trimTrailingWhitespace
chat_system/app/Http/Middleware/Admin.php: {"insertSpaces":true,"tabSize":4}
chat_system/app/Models/Admin.php: {"insertSpaces":true,"tabSize":4}
chat_system/app/Models/Role.php: {"insertSpaces":true,"tabSize":4}
chat_system/app/Models/User.php: {"insertSpaces":true,"tabSize":4}
chat_system/app/Models/User.php: {"insertSpaces":true,"tabSize":4}
chat_system/routes/web.php: {"insertSpaces":true,"tabSize":4}
chat_system/app/Http/Controllers/Admin/AuthController.php: {"insertSpaces":true,"tabSize":4}
chat_system/app/Http/Controllers/Admin/AuthController.php: Using EditorConfig core...
app/Http/Controllers/Admin/AuthController.php: editor.action.trimTrailingWhitespace
chat_system/app/Http/Controllers/Admin/AuthController.php: Using EditorConfig core...
app/Http/Controllers/Admin/AuthController.php: editor.action.trimTrailingWhitespace
chat_system/app/Http/Controllers/Admin/AuthController.php: Using EditorConfig core...
app/Http/Controllers/Admin/AuthController.php: editor.action.trimTrailingWhitespace
chat_system/app/Http/Controllers/Admin/AuthController.php: Using EditorConfig core...
app/Http/Controllers/Admin/AuthController.php: editor.action.trimTrailingWhitespace
chat_system/app/Http/Controllers/Admin/AuthController.php: Using EditorConfig core...
app/Http/Controllers/Admin/AuthController.php: editor.action.trimTrailingWhitespace
chat_system/app/Http/Controllers/Admin/AuthController.php: Using EditorConfig core...
app/Http/Controllers/Admin/AuthController.php: editor.action.trimTrailingWhitespace
chat_system/app/Http/Controllers/Admin/AuthController.php: Using EditorConfig core...
app/Http/Controllers/Admin/AuthController.php: editor.action.trimTrailingWhitespace
chat_system/app/Http/Controllers/Admin/AuthController.php: Using EditorConfig core...
app/Http/Controllers/Admin/AuthController.php: editor.action.trimTrailingWhitespace
chat_system/app/Http/Controllers/Admin/AuthController.php: Using EditorConfig core...
app/Http/Controllers/Admin/AuthController.php: editor.action.trimTrailingWhitespace
chat_system/app/Http/Controllers/Admin/AuthController.php: Using EditorConfig core...
app/Http/Controllers/Admin/AuthController.php: editor.action.trimTrailingWhitespace
chat_system/app/Http/Controllers/Admin/AuthController.php: {"insertSpaces":true,"tabSize":4}
chat_system/app/Http/Controllers/Admin/AuthController.php: {"insertSpaces":true,"tabSize":4}
chat_system/app/Http/Controllers/Admin/AuthController.php: {"insertSpaces":true,"tabSize":4}
chat_system/app/Http/Controllers/Admin/AuthController.php: {"insertSpaces":true,"tabSize":4}
chat_system/resources/views/welcome.blade.php: {"insertSpaces":true,"tabSize":4}
chat_system/resources/views/admin/auth/signin.blade.php: {"insertSpaces":true,"tabSize":4}
chat_system/resources/views/admin/auth/signin.blade.php: {"insertSpaces":true,"tabSize":4}
chat_system/resources/views/admin/auth/signin.blade.php: Using EditorConfig core...
resources/views/admin/auth/signin.blade.php: editor.action.trimTrailingWhitespace
chat_system/resources/views/admin/auth/signin.blade.php: Using EditorConfig core...
resources/views/admin/auth/signin.blade.php: editor.action.trimTrailingWhitespace
chat_system/resources/views/admin/auth/signin.blade.php: Using EditorConfig core...
resources/views/admin/auth/signin.blade.php: editor.action.trimTrailingWhitespace
chat_system/resources/views/admin/auth/signin.blade.php: Using EditorConfig core...
resources/views/admin/auth/signin.blade.php: editor.action.trimTrailingWhitespace
chat_system/resources/views/admin/auth/signin.blade.php: Using EditorConfig core...
resources/views/admin/auth/signin.blade.php: editor.action.trimTrailingWhitespace
chat_system/resources/views/admin/auth/signin.blade.php: Using EditorConfig core...
resources/views/admin/auth/signin.blade.php: editor.action.trimTrailingWhitespace
chat_system/resources/views/admin/auth/signin.blade.php: Using EditorConfig core...
resources/views/admin/auth/signin.blade.php: editor.action.trimTrailingWhitespace
chat_system/resources/views/admin/auth/signin.blade.php: {"insertSpaces":true,"tabSize":4}
chat_system/resources/views/admin/auth/signin.blade.php: {"insertSpaces":true,"tabSize":4}
chat_system/resources/views/admin/auth/signin.blade.php: Using EditorConfig core...
resources/views/admin/auth/signin.blade.php: editor.action.trimTrailingWhitespace
chat_system/resources/views/admin/auth/signin.blade.php: Using EditorConfig core...
resources/views/admin/auth/signin.blade.php: editor.action.trimTrailingWhitespace
chat_system/resources/views/admin/auth/signin.blade.php: Using EditorConfig core...
resources/views/admin/auth/signin.blade.php: editor.action.trimTrailingWhitespace
chat_system/resources/views/admin/auth/signin.blade.php: Using EditorConfig core...
resources/views/admin/auth/signin.blade.php: editor.action.trimTrailingWhitespace
chat_system/app/Http/Controllers/Admin/AuthController.php: {"insertSpaces":true,"tabSize":4}
chat_system/app/Http/Controllers/Admin/AuthController.php: {"insertSpaces":true,"tabSize":4}
chat_system/app/Http/Controllers/Admin/AuthController.php: {"insertSpaces":true,"tabSize":4}
chat_system/app/Http/Controllers/Admin/AuthController.php: {"insertSpaces":true,"tabSize":4}
chat_system/config/app.php: {"insertSpaces":true,"tabSize":4}
chat_system/config/app.php: Using EditorConfig core...
config/app.php: editor.action.trimTrailingWhitespace
chat_system/config/app.php: Using EditorConfig core...
config/app.php: editor.action.trimTrailingWhitespace
chat_system/config/app.php: Using EditorConfig core...
config/app.php: editor.action.trimTrailingWhitespace
chat_system/config/app.php: Using EditorConfig core...
config/app.php: editor.action.trimTrailingWhitespace
chat_system/config/app.php: Using EditorConfig core...
config/app.php: editor.action.trimTrailingWhitespace
chat_system/config/app.php: Using EditorConfig core...
config/app.php: editor.action.trimTrailingWhitespace
chat_system/config/app.php: Using EditorConfig core...
config/app.php: editor.action.trimTrailingWhitespace
chat_system/config/app.php: {"insertSpaces":true,"tabSize":4}
chat_system/config/app.php: {"insertSpaces":true,"tabSize":4}
chat_system/config/app.php: {"insertSpaces":true,"tabSize":4}
chat_system/config/app.php: {"insertSpaces":true,"tabSize":4}
chat_system/config/app.php: {"insertSpaces":true,"tabSize":4}
chat_system/config/app.php: {"insertSpaces":true,"tabSize":4}
chat_system/config/app.php: {"insertSpaces":true,"tabSize":4}
chat_system/app/Providers/RouteServiceProvider.php: {"insertSpaces":true,"tabSize":4}
chat_system/app/Providers/RouteServiceProvider.php: Using EditorConfig core...
app/Providers/RouteServiceProvider.php: editor.action.trimTrailingWhitespace
chat_system/app/Providers/RouteServiceProvider.php: Using EditorConfig core...
app/Providers/RouteServiceProvider.php: editor.action.trimTrailingWhitespace
chat_system/app/Providers/RouteServiceProvider.php: Using EditorConfig core...
app/Providers/RouteServiceProvider.php: editor.action.trimTrailingWhitespace
chat_system/app/Http/Controllers/Admin/AuthController.php: {"insertSpaces":true,"tabSize":4}
chat_system/routes/web.php: {"insertSpaces":true,"tabSize":4}
chat_system/routes/web.php: {"insertSpaces":true,"tabSize":4}
chat_system/app/Providers/RouteServiceProvider.php: {"insertSpaces":true,"tabSize":4}
chat_system/app/Providers/RouteServiceProvider.php: Using EditorConfig core...
app/Providers/RouteServiceProvider.php: editor.action.trimTrailingWhitespace
chat_system/app/Providers/RouteServiceProvider.php: Using EditorConfig core...
app/Providers/RouteServiceProvider.php: editor.action.trimTrailingWhitespace
chat_system/app/Providers/RouteServiceProvider.php: Using EditorConfig core...
app/Providers/RouteServiceProvider.php: editor.action.trimTrailingWhitespace
chat_system/app/Providers/RouteServiceProvider.php: Using EditorConfig core...
app/Providers/RouteServiceProvider.php: editor.action.trimTrailingWhitespace
chat_system/app/Providers/RouteServiceProvider.php: Using EditorConfig core...
app/Providers/RouteServiceProvider.php: editor.action.trimTrailingWhitespace
chat_system/app/Providers/RouteServiceProvider.php: Using EditorConfig core...
app/Providers/RouteServiceProvider.php: editor.action.trimTrailingWhitespace
chat_system/app/Providers/RouteServiceProvider.php: Using EditorConfig core...
app/Providers/RouteServiceProvider.php: editor.action.trimTrailingWhitespace
chat_system/app/Providers/RouteServiceProvider.php: Using EditorConfig core...
app/Providers/RouteServiceProvider.php: editor.action.trimTrailingWhitespace
chat_system/app/Providers/RouteServiceProvider.php: Using EditorConfig core...
app/Providers/RouteServiceProvider.php: editor.action.trimTrailingWhitespace
chat_system/app/Providers/RouteServiceProvider.php: Using EditorConfig core...
app/Providers/RouteServiceProvider.php: editor.action.trimTrailingWhitespace
chat_system/app/Providers/RouteServiceProvider.php: Using EditorConfig core...
app/Providers/RouteServiceProvider.php: editor.action.trimTrailingWhitespace
chat_system/app/Providers/RouteServiceProvider.php: Using EditorConfig core...
app/Providers/RouteServiceProvider.php: editor.action.trimTrailingWhitespace
chat_system/app/Providers/RouteServiceProvider.php: Using EditorConfig core...
app/Providers/RouteServiceProvider.php: editor.action.trimTrailingWhitespace
chat_system/routes/web.php: {"insertSpaces":true,"tabSize":4}
chat_system/resources/views/layouts/admin_auth.blade.php: {"insertSpaces":true,"tabSize":4}
chat_system/resources/views/layouts/admin.blade.php: {"insertSpaces":true,"tabSize":4}
chat_system/resources/views/layouts/admin_auth.blade.php: {"insertSpaces":true,"tabSize":4}
chat_system/resources/views/layouts/admin.blade.php: {"insertSpaces":true,"tabSize":4}
chat_system/resources/views/layouts/admin_auth.blade.php: {"insertSpaces":true,"tabSize":4}
chat_system/resources/views/layouts/admin.blade.php: {"insertSpaces":true,"tabSize":4}
chat_system/resources/views/layouts/admin_auth.blade.php: {"insertSpaces":true,"tabSize":4}
chat_system/resources/views/layouts/admin.blade.php: {"insertSpaces":true,"tabSize":4}
chat_system/resources/views/layouts/admin_auth.blade.php: {"insertSpaces":true,"tabSize":4}
chat_system/resources/views/layouts/admin.blade.php: {"insertSpaces":true,"tabSize":4}
chat_system/resources/views/layouts/admin_auth.blade.php: {"insertSpaces":true,"tabSize":4}
chat_system/resources/views/layouts/admin_auth.blade.php: {"insertSpaces":true,"tabSize":4}
chat_system/resources/views/layouts/admin_auth.blade.php: Using EditorConfig core...
resources/views/layouts/admin_auth.blade.php: editor.action.trimTrailingWhitespace
chat_system/resources/views/layouts/admin_auth.blade.php: Using EditorConfig core...
resources/views/layouts/admin_auth.blade.php: editor.action.trimTrailingWhitespace
chat_system/resources/views/layouts/admin_auth.blade.php: Using EditorConfig core...
resources/views/layouts/admin_auth.blade.php: editor.action.trimTrailingWhitespace
chat_system/resources/views/layouts/admin_auth.blade.php: Using EditorConfig core...
resources/views/layouts/admin_auth.blade.php: editor.action.trimTrailingWhitespace
chat_system/resources/views/layouts/admin_auth.blade.php: Using EditorConfig core...
resources/views/layouts/admin_auth.blade.php: editor.action.trimTrailingWhitespace
chat_system/resources/views/layouts/admin_auth.blade.php: Using EditorConfig core...
resources/views/layouts/admin_auth.blade.php: editor.action.trimTrailingWhitespace
chat_system/resources/views/layouts/admin.blade.php: {"insertSpaces":true,"tabSize":4}
chat_system/resources/views/layouts/admin_auth.blade.php: {"insertSpaces":true,"tabSize":4}
chat_system/resources/views/layouts/admin_auth.blade.php: Using EditorConfig core...
resources/views/layouts/admin_auth.blade.php: editor.action.trimTrailingWhitespace
chat_system/resources/views/admin/auth/signin.blade.php: {"insertSpaces":true,"tabSize":4}
chat_system/resources/views/admin/auth/signin.blade.php: Using EditorConfig core...
resources/views/admin/auth/signin.blade.php: editor.action.trimTrailingWhitespace
chat_system/resources/views/admin/auth/signin.blade.php: Using EditorConfig core...
resources/views/admin/auth/signin.blade.php: editor.action.trimTrailingWhitespace
chat_system/resources/views/admin/auth/signin.blade.php: Using EditorConfig core...
resources/views/admin/auth/signin.blade.php: editor.action.trimTrailingWhitespace
chat_system/resources/views/admin/auth/signin.blade.php: Using EditorConfig core...
resources/views/admin/auth/signin.blade.php: editor.action.trimTrailingWhitespace
chat_system/resources/views/admin/auth/signin.blade.php: Using EditorConfig core...
resources/views/admin/auth/signin.blade.php: editor.action.trimTrailingWhitespace
chat_system/resources/views/admin/auth/signin.blade.php: Using EditorConfig core...
resources/views/admin/auth/signin.blade.php: editor.action.trimTrailingWhitespace
chat_system/resources/views/admin/auth/signin.blade.php: {"insertSpaces":true,"tabSize":4}
chat_system/resources/views/admin/auth/reset_password.blade.php: {"insertSpaces":true,"tabSize":4}
chat_system/resources/views/admin/auth/reset_password.blade.php: Using EditorConfig core...
resources/views/admin/auth/reset_password.blade.php: editor.action.trimTrailingWhitespace
chat_system/resources/views/admin/auth/signup.blade.php: {"insertSpaces":true,"tabSize":4}
chat_system/resources/views/admin/auth/signup.blade.php: Using EditorConfig core...
resources/views/admin/auth/signup.blade.php: editor.action.trimTrailingWhitespace
chat_system/resources/views/admin/auth/signup.blade.php: Using EditorConfig core...
resources/views/admin/auth/signup.blade.php: editor.action.trimTrailingWhitespace
chat_system/resources/views/admin/auth/signup.blade.php: Using EditorConfig core...
resources/views/admin/auth/signup.blade.php: editor.action.trimTrailingWhitespace
chat_system/resources/views/admin/auth/signup.blade.php: Using EditorConfig core...
resources/views/admin/auth/signup.blade.php: editor.action.trimTrailingWhitespace
chat_system/resources/views/admin/auth/signup.blade.php: Using EditorConfig core...
resources/views/admin/auth/signup.blade.php: editor.action.trimTrailingWhitespace
chat_system/resources/views/admin/auth/signup.blade.php: Using EditorConfig core...
resources/views/admin/auth/signup.blade.php: editor.action.trimTrailingWhitespace
chat_system/resources/views/admin/auth/signup.blade.php: Using EditorConfig core...
resources/views/admin/auth/signup.blade.php: editor.action.trimTrailingWhitespace
chat_system/resources/views/admin/auth/signup.blade.php: Using EditorConfig core...
resources/views/admin/auth/signup.blade.php: editor.action.trimTrailingWhitespace
chat_system/resources/views/admin/auth/signup.blade.php: Using EditorConfig core...
resources/views/admin/auth/signup.blade.php: editor.action.trimTrailingWhitespace
chat_system/resources/views/admin/auth/signup.blade.php: Using EditorConfig core...
resources/views/admin/auth/signup.blade.php: editor.action.trimTrailingWhitespace
chat_system/resources/views/admin/auth/signup.blade.php: Using EditorConfig core...
resources/views/admin/auth/signup.blade.php: editor.action.trimTrailingWhitespace
chat_system/resources/views/admin/auth/signup.blade.php: {"insertSpaces":true,"tabSize":4}
chat_system/resources/views/admin/auth/signin.blade.php: {"insertSpaces":true,"tabSize":4}
chat_system/resources/views/admin/auth/signin.blade.php: Using EditorConfig core...
resources/views/admin/auth/signin.blade.php: editor.action.trimTrailingWhitespace
chat_system/resources/views/admin/auth/signin.blade.php: Using EditorConfig core...
resources/views/admin/auth/signin.blade.php: editor.action.trimTrailingWhitespace
chat_system/resources/views/admin/auth/signin.blade.php: Using EditorConfig core...
resources/views/admin/auth/signin.blade.php: editor.action.trimTrailingWhitespace
chat_system/resources/views/admin/auth/signin.blade.php: Using EditorConfig core...
resources/views/admin/auth/signin.blade.php: editor.action.trimTrailingWhitespace
chat_system/resources/views/admin/auth/signin.blade.php: Using EditorConfig core...
resources/views/admin/auth/signin.blade.php: editor.action.trimTrailingWhitespace
chat_system/resources/views/admin/auth/signin.blade.php: Using EditorConfig core...
resources/views/admin/auth/signin.blade.php: editor.action.trimTrailingWhitespace
chat_system/resources/views/admin/auth/signin.blade.php: Using EditorConfig core...
resources/views/admin/auth/signin.blade.php: editor.action.trimTrailingWhitespace
chat_system/resources/views/admin/auth/signin.blade.php: Using EditorConfig core...
resources/views/admin/auth/signin.blade.php: editor.action.trimTrailingWhitespace
chat_system/resources/views/admin/auth/signin.blade.php: Using EditorConfig core...
resources/views/admin/auth/signin.blade.php: editor.action.trimTrailingWhitespace
chat_system/resources/views/admin/auth/signin.blade.php: Using EditorConfig core...
resources/views/admin/auth/signin.blade.php: editor.action.trimTrailingWhitespace
chat_system/resources/views/admin/auth/signin.blade.php: Using EditorConfig core...
resources/views/admin/auth/signin.blade.php: editor.action.trimTrailingWhitespace
chat_system/resources/views/admin/auth/signin.blade.php: Using EditorConfig core...
resources/views/admin/auth/signin.blade.php: editor.action.trimTrailingWhitespace
chat_system/resources/views/admin/auth/signin.blade.php: {"insertSpaces":true,"tabSize":4}
chat_system/resources/views/admin/auth/signin.blade.php: Using EditorConfig core...
resources/views/admin/auth/signin.blade.php: editor.action.trimTrailingWhitespace
chat_system/resources/views/admin/auth/signin.blade.php: Using EditorConfig core...
resources/views/admin/auth/signin.blade.php: editor.action.trimTrailingWhitespace
chat_system/resources/views/admin/auth/signin.blade.php: Using EditorConfig core...
resources/views/admin/auth/signin.blade.php: editor.action.trimTrailingWhitespace
chat_system/resources/views/admin/auth/signin.blade.php: Using EditorConfig core...
resources/views/admin/auth/signin.blade.php: editor.action.trimTrailingWhitespace
chat_system/resources/views/admin/auth/signin.blade.php: Using EditorConfig core...
resources/views/admin/auth/signin.blade.php: editor.action.trimTrailingWhitespace
chat_system/resources/views/admin/auth/signin.blade.php: Using EditorConfig core...
resources/views/admin/auth/signin.blade.php: editor.action.trimTrailingWhitespace
chat_system/resources/views/admin/auth/signin.blade.php: Using EditorConfig core...
resources/views/admin/auth/signin.blade.php: editor.action.trimTrailingWhitespace
chat_system/resources/views/admin/auth/signin.blade.php: Using EditorConfig core...
resources/views/admin/auth/signin.blade.php: editor.action.trimTrailingWhitespace
chat_system/resources/views/admin/auth/signin.blade.php: Using EditorConfig core...
resources/views/admin/auth/signin.blade.php: editor.action.trimTrailingWhitespace
chat_system/resources/views/admin/auth/signin.blade.php: Using EditorConfig core...
resources/views/admin/auth/signin.blade.php: editor.action.trimTrailingWhitespace
chat_system/resources/views/admin/auth/signin.blade.php: Using EditorConfig core...
resources/views/admin/auth/signin.blade.php: editor.action.trimTrailingWhitespace
chat_system/resources/views/admin/auth/signin.blade.php: {"insertSpaces":true,"tabSize":4}
chat_system/resources/views/admin/auth/signin.blade.php: {"insertSpaces":true,"tabSize":4}
chat_system/resources/views/admin/auth/signin.blade.php: Using EditorConfig core...
resources/views/admin/auth/signin.blade.php: editor.action.trimTrailingWhitespace
chat_system/resources/views/admin/auth/signin.blade.php: Using EditorConfig core...
resources/views/admin/auth/signin.blade.php: editor.action.trimTrailingWhitespace
chat_system/resources/views/admin/auth/signin.blade.php: Using EditorConfig core...
resources/views/admin/auth/signin.blade.php: editor.action.trimTrailingWhitespace
chat_system/resources/views/admin/auth/signin.blade.php: Using EditorConfig core...
resources/views/admin/auth/signin.blade.php: editor.action.trimTrailingWhitespace
chat_system/resources/views/admin/auth/signin.blade.php: Using EditorConfig core...
resources/views/admin/auth/signin.blade.php: editor.action.trimTrailingWhitespace
chat_system/resources/views/admin/auth/signin.blade.php: Using EditorConfig core...
resources/views/admin/auth/signin.blade.php: editor.action.trimTrailingWhitespace
chat_system/resources/views/admin/auth/signin.blade.php: Using EditorConfig core...
resources/views/admin/auth/signin.blade.php: editor.action.trimTrailingWhitespace
chat_system/resources/views/admin/auth/signin.blade.php: Using EditorConfig core...
resources/views/admin/auth/signin.blade.php: editor.action.trimTrailingWhitespace
chat_system/resources/views/admin/auth/signin.blade.php: Using EditorConfig core...
resources/views/admin/auth/signin.blade.php: editor.action.trimTrailingWhitespace
chat_system/resources/views/admin/auth/signin.blade.php: Using EditorConfig core...
resources/views/admin/auth/signin.blade.php: editor.action.trimTrailingWhitespace
chat_system/resources/views/admin/auth/signin.blade.php: {"insertSpaces":true,"tabSize":4}
chat_system/resources/views/admin/auth/signin.blade.php: Using EditorConfig core...
resources/views/admin/auth/signin.blade.php: editor.action.trimTrailingWhitespace
chat_system/resources/views/admin/auth/signin.blade.php: Using EditorConfig core...
resources/views/admin/auth/signin.blade.php: editor.action.trimTrailingWhitespace
chat_system/resources/views/admin/auth/signin.blade.php: {"insertSpaces":true,"tabSize":4}
chat_system/resources/views/admin/auth/signin.blade.php: Using EditorConfig core...
resources/views/admin/auth/signin.blade.php: editor.action.trimTrailingWhitespace
chat_system/resources/views/admin/auth/signin.blade.php: Using EditorConfig core...
resources/views/admin/auth/signin.blade.php: editor.action.trimTrailingWhitespace
chat_system/resources/views/admin/auth/signin.blade.php: Using EditorConfig core...
resources/views/admin/auth/signin.blade.php: editor.action.trimTrailingWhitespace
chat_system/resources/views/admin/auth/signin.blade.php: Using EditorConfig core...
resources/views/admin/auth/signin.blade.php: editor.action.trimTrailingWhitespace
chat_system/resources/views/admin/auth/signin.blade.php: Using EditorConfig core...
resources/views/admin/auth/signin.blade.php: editor.action.trimTrailingWhitespace
chat_system/resources/views/admin/auth/signin.blade.php: Using EditorConfig core...
resources/views/admin/auth/signin.blade.php: editor.action.trimTrailingWhitespace
chat_system/resources/views/admin/auth/signin.blade.php: Using EditorConfig core...
resources/views/admin/auth/signin.blade.php: editor.action.trimTrailingWhitespace
chat_system/resources/views/admin/auth/signin.blade.php: Using EditorConfig core...
resources/views/admin/auth/signin.blade.php: editor.action.trimTrailingWhitespace
chat_system/resources/views/admin/auth/signin.blade.php: Using EditorConfig core...
resources/views/admin/auth/signin.blade.php: editor.action.trimTrailingWhitespace
chat_system/resources/views/admin/auth/signin.blade.php: Using EditorConfig core...
resources/views/admin/auth/signin.blade.php: editor.action.trimTrailingWhitespace
chat_system/resources/views/admin/auth/signin.blade.php: Using EditorConfig core...
resources/views/admin/auth/signin.blade.php: editor.action.trimTrailingWhitespace
chat_system/resources/views/admin/auth/signin.blade.php: Using EditorConfig core...
resources/views/admin/auth/signin.blade.php: editor.action.trimTrailingWhitespace
chat_system/resources/views/admin/auth/signin.blade.php: Using EditorConfig core...
resources/views/admin/auth/signin.blade.php: editor.action.trimTrailingWhitespace
chat_system/resources/views/admin/auth/signin.blade.php: Using EditorConfig core...
resources/views/admin/auth/signin.blade.php: editor.action.trimTrailingWhitespace
chat_system/resources/views/admin/auth/signin.blade.php: {"insertSpaces":true,"tabSize":4}
chat_system/resources/views/admin/auth/signup.blade.php: {"insertSpaces":true,"tabSize":4}
chat_system/resources/views/admin/auth/signup.blade.php: {"insertSpaces":true,"tabSize":4}
chat_system/resources/views/admin/auth/signin.blade.php: {"insertSpaces":true,"tabSize":4}
chat_system/resources/views/admin/auth/signin.blade.php: Using EditorConfig core...
resources/views/admin/auth/signin.blade.php: editor.action.trimTrailingWhitespace
chat_system/resources/views/admin/auth/signin.blade.php: Using EditorConfig core...
resources/views/admin/auth/signin.blade.php: editor.action.trimTrailingWhitespace
chat_system/resources/views/admin/auth/signin.blade.php: {"insertSpaces":true,"tabSize":4}
chat_system/resources/views/admin/auth/signup.blade.php: {"insertSpaces":true,"tabSize":4}
chat_system/resources/views/admin/auth/signup.blade.php: {"insertSpaces":true,"tabSize":4}
chat_system/resources/views/admin/auth/signup.blade.php: Using EditorConfig core...
resources/views/admin/auth/signup.blade.php: editor.action.trimTrailingWhitespace
chat_system/resources/views/admin/auth/signup.blade.php: Using EditorConfig core...
resources/views/admin/auth/signup.blade.php: editor.action.trimTrailingWhitespace
chat_system/resources/views/admin/auth/signup.blade.php: Using EditorConfig core...
resources/views/admin/auth/signup.blade.php: editor.action.trimTrailingWhitespace
chat_system/resources/views/admin/auth/signup.blade.php: {"insertSpaces":true,"tabSize":4}
chat_system/resources/views/admin/auth/signup.blade.php: Using EditorConfig core...
resources/views/admin/auth/signup.blade.php: editor.action.trimTrailingWhitespace
chat_system/resources/views/admin/auth/signup.blade.php: Using EditorConfig core...
resources/views/admin/auth/signup.blade.php: editor.action.trimTrailingWhitespace
chat_system/resources/views/admin/auth/signup.blade.php: {"insertSpaces":true,"tabSize":4}
chat_system/resources/views/admin/auth/signup.blade.php: Using EditorConfig core...
resources/views/admin/auth/signup.blade.php: editor.action.trimTrailingWhitespace
chat_system/resources/views/admin/auth/signup.blade.php: Using EditorConfig core...
resources/views/admin/auth/signup.blade.php: editor.action.trimTrailingWhitespace
chat_system/resources/views/admin/auth/signup.blade.php: Using EditorConfig core...
resources/views/admin/auth/signup.blade.php: editor.action.trimTrailingWhitespace
chat_system/resources/views/admin/auth/signup.blade.php: Using EditorConfig core...
resources/views/admin/auth/signup.blade.php: editor.action.trimTrailingWhitespace
chat_system/resources/views/admin/auth/signup.blade.php: Using EditorConfig core...
resources/views/admin/auth/signup.blade.php: editor.action.trimTrailingWhitespace
chat_system/resources/views/admin/auth/signup.blade.php: Using EditorConfig core...
resources/views/admin/auth/signup.blade.php: editor.action.trimTrailingWhitespace
chat_system/resources/views/admin/auth/signup.blade.php: Using EditorConfig core...
resources/views/admin/auth/signup.blade.php: editor.action.trimTrailingWhitespace
chat_system/resources/views/admin/auth/signup.blade.php: Using EditorConfig core...
resources/views/admin/auth/signup.blade.php: editor.action.trimTrailingWhitespace
chat_system/resources/views/admin/auth/signup.blade.php: {"insertSpaces":true,"tabSize":4}
chat_system/resources/views/admin/auth/signin.blade.php: {"insertSpaces":true,"tabSize":4}
chat_system/resources/views/admin/auth/signup.blade.php: {"insertSpaces":true,"tabSize":4}
chat_system/resources/views/admin/auth/signup.blade.php: Using EditorConfig core...
resources/views/admin/auth/signup.blade.php: editor.action.trimTrailingWhitespace
chat_system/resources/views/admin/auth/signup.blade.php: Using EditorConfig core...
resources/views/admin/auth/signup.blade.php: editor.action.trimTrailingWhitespace
chat_system/resources/views/admin/auth/signup.blade.php: Using EditorConfig core...
resources/views/admin/auth/signup.blade.php: editor.action.trimTrailingWhitespace
chat_system/resources/views/admin/auth/signup.blade.php: {"insertSpaces":true,"tabSize":4}
chat_system/resources/views/admin/auth/signup.blade.php: Using EditorConfig core...
resources/views/admin/auth/signup.blade.php: editor.action.trimTrailingWhitespace
chat_system/resources/views/admin/auth/signup.blade.php: Using EditorConfig core...
resources/views/admin/auth/signup.blade.php: editor.action.trimTrailingWhitespace
chat_system/resources/views/admin/auth/signup.blade.php: Using EditorConfig core...
resources/views/admin/auth/signup.blade.php: editor.action.trimTrailingWhitespace
chat_system/resources/views/admin/auth/signup.blade.php: Using EditorConfig core...
resources/views/admin/auth/signup.blade.php: editor.action.trimTrailingWhitespace
chat_system/resources/views/admin/auth/signup.blade.php: {"insertSpaces":true,"tabSize":4}
chat_system/resources/views/admin/auth/signup.blade.php: Using EditorConfig core...
resources/views/admin/auth/signup.blade.php: editor.action.trimTrailingWhitespace
chat_system/resources/views/admin/auth/signup.blade.php: Using EditorConfig core...
resources/views/admin/auth/signup.blade.php: editor.action.trimTrailingWhitespace
chat_system/resources/views/admin/auth/signup.blade.php: Using EditorConfig core...
resources/views/admin/auth/signup.blade.php: editor.action.trimTrailingWhitespace
chat_system/resources/views/admin/auth/signup.blade.php: Using EditorConfig core...
resources/views/admin/auth/signup.blade.php: editor.action.trimTrailingWhitespace
chat_system/resources/views/admin/auth/signup.blade.php: Using EditorConfig core...
resources/views/admin/auth/signup.blade.php: editor.action.trimTrailingWhitespace
chat_system/resources/views/admin/auth/signup.blade.php: {"insertSpaces":true,"tabSize":4}
chat_system/resources/views/admin/auth/signup.blade.php: Using EditorConfig core...
resources/views/admin/auth/signup.blade.php: editor.action.trimTrailingWhitespace
chat_system/resources/views/admin/auth/signup.blade.php: Using EditorConfig core...
resources/views/admin/auth/signup.blade.php: editor.action.trimTrailingWhitespace
chat_system/resources/views/admin/auth/signup.blade.php: {"insertSpaces":true,"tabSize":4}
chat_system/resources/views/admin/auth/reset_password.blade.php: {"insertSpaces":true,"tabSize":4}
chat_system/resources/views/admin/auth/signin.blade.php: {"insertSpaces":true,"tabSize":4}
chat_system/resources/views/admin/auth/reset_password.blade.php: {"insertSpaces":true,"tabSize":4}
chat_system/resources/views/admin/auth/reset_password.blade.php: Using EditorConfig core...
resources/views/admin/auth/reset_password.blade.php: editor.action.trimTrailingWhitespace
chat_system/resources/views/admin/auth/reset_password.blade.php: Using EditorConfig core...
resources/views/admin/auth/reset_password.blade.php: editor.action.trimTrailingWhitespace
chat_system/resources/views/admin/auth/reset_password.blade.php: Using EditorConfig core...
resources/views/admin/auth/reset_password.blade.php: editor.action.trimTrailingWhitespace
chat_system/resources/views/admin/auth/reset_password.blade.php: Using EditorConfig core...
resources/views/admin/auth/reset_password.blade.php: editor.action.trimTrailingWhitespace
chat_system/resources/views/admin/auth/reset_password.blade.php: Using EditorConfig core...
resources/views/admin/auth/reset_password.blade.php: editor.action.trimTrailingWhitespace
chat_system/resources/views/admin/auth/reset_password.blade.php: Using EditorConfig core...
resources/views/admin/auth/reset_password.blade.php: editor.action.trimTrailingWhitespace
chat_system/resources/views/admin/auth/reset_password.blade.php: Using EditorConfig core...
resources/views/admin/auth/reset_password.blade.php: editor.action.trimTrailingWhitespace
chat_system/resources/views/admin/auth/reset_password.blade.php: Using EditorConfig core...
resources/views/admin/auth/reset_password.blade.php: editor.action.trimTrailingWhitespace
chat_system/resources/views/admin/auth/reset_password.blade.php: Using EditorConfig core...
resources/views/admin/auth/reset_password.blade.php: editor.action.trimTrailingWhitespace
chat_system/resources/views/admin/auth/reset_password.blade.php: Using EditorConfig core...
resources/views/admin/auth/reset_password.blade.php: editor.action.trimTrailingWhitespace
chat_system/resources/views/admin/auth/reset_password.blade.php: Using EditorConfig core...
resources/views/admin/auth/reset_password.blade.php: editor.action.trimTrailingWhitespace
chat_system/resources/views/admin/auth/reset_password.blade.php: Using EditorConfig core...
resources/views/admin/auth/reset_password.blade.php: editor.action.trimTrailingWhitespace
chat_system/resources/views/admin/auth/reset_password.blade.php: {"insertSpaces":true,"tabSize":4}
chat_system/resources/views/admin/auth/reset_password.blade.php: {"insertSpaces":true,"tabSize":4}
chat_system/resources/views/admin/auth/reset_password.blade.php: {"insertSpaces":true,"tabSize":4}
chat_system/resources/views/admin/auth/reset_password.blade.php: {"insertSpaces":true,"tabSize":4}
chat_system/resources/views/admin/auth/reset_password.blade.php: {"insertSpaces":true,"tabSize":4}
chat_system/resources/views/admin/auth/reset_password.blade.php: {"insertSpaces":true,"tabSize":4}
chat_system/resources/views/admin/auth/reset_password.blade.php: {"insertSpaces":true,"tabSize":4}
chat_system/resources/views/admin/chat/setting.blade.php: Using EditorConfig core...
resources/views/admin/chat/setting.blade.php: trimTrailingWhitespace()
chat_system/resources/views/admin/auth/reset_password.blade.php: {"insertSpaces":true,"tabSize":4}
chat_system/resources/views/admin/auth/reset_password.blade.php: {"insertSpaces":true,"tabSize":4}
chat_system/resources/views/admin/auth/reset_password.blade.php: {"insertSpaces":true,"tabSize":4}
chat_system/resources/views/admin/auth/reset_password.blade.php: {"insertSpaces":true,"tabSize":4}
chat_system/resources/views/admin/auth/reset_password.blade.php: {"insertSpaces":true,"tabSize":4}
chat_system/resources/views/admin/auth/reset_password.blade.php: {"insertSpaces":true,"tabSize":4}
chat_system/resources/views/admin/auth/reset_password.blade.php: {"insertSpaces":true,"tabSize":4}
chat_system/resources/views/admin/auth/reset_password.blade.php: {"insertSpaces":true,"tabSize":4}
chat_system/resources/views/admin/auth/reset_password.blade.php: {"insertSpaces":true,"tabSize":4}
