Initializing document watcher...
chat_system/app/Http/Controllers/User/AuthController.php: Using EditorConfig core...
app/Http/Controllers/User/AuthController.php: editor.action.trimTrailingWhitespace
chat_system/app/Http/Controllers/User/AuthController.php: Using EditorConfig core...
app/Http/Controllers/User/AuthController.php: editor.action.trimTrailingWhitespace
chat_system/app/Http/Controllers/User/AuthController.php: Using EditorConfig core...
app/Http/Controllers/User/AuthController.php: editor.action.trimTrailingWhitespace
chat_system/app/Http/Controllers/User/AuthController.php: Using EditorConfig core...
app/Http/Controllers/User/AuthController.php: editor.action.trimTrailingWhitespace
chat_system/app/Http/Controllers/User/AuthController.php: Using EditorConfig core...
app/Http/Controllers/User/AuthController.php: editor.action.trimTrailingWhitespace
chat_system/app/Http/Controllers/User/AuthController.php: Using EditorConfig core...
app/Http/Controllers/User/AuthController.php: editor.action.trimTrailingWhitespace
chat_system/app/Http/Controllers/User/AuthController.php: Using EditorConfig core...
app/Http/Controllers/User/AuthController.php: editor.action.trimTrailingWhitespace
chat_system/app/Http/Controllers/User/AuthController.php: Using EditorConfig core...
app/Http/Controllers/User/AuthController.php: editor.action.trimTrailingWhitespace
chat_system/app/Http/Controllers/User/AuthController.php: Using EditorConfig core...
app/Http/Controllers/User/AuthController.php: editor.action.trimTrailingWhitespace
chat_system/app/Http/Controllers/User/AuthController.php: Using EditorConfig core...
app/Http/Controllers/User/AuthController.php: editor.action.trimTrailingWhitespace
chat_system/app/Http/Controllers/User/AuthController.php: Using EditorConfig core...
app/Http/Controllers/User/AuthController.php: editor.action.trimTrailingWhitespace
chat_system/app/Http/Controllers/User/AuthController.php: Using EditorConfig core...
app/Http/Controllers/User/AuthController.php: editor.action.trimTrailingWhitespace
chat_system/app/Http/Controllers/User/AuthController.php: Using EditorConfig core...
app/Http/Controllers/User/AuthController.php: editor.action.trimTrailingWhitespace
chat_system/app/Http/Controllers/User/AuthController.php: Using EditorConfig core...
app/Http/Controllers/User/AuthController.php: editor.action.trimTrailingWhitespace
chat_system/app/Http/Controllers/User/AuthController.php: Using EditorConfig core...
app/Http/Controllers/User/AuthController.php: editor.action.trimTrailingWhitespace
chat_system/app/Http/Controllers/User/AuthController.php: Using EditorConfig core...
app/Http/Controllers/User/AuthController.php: editor.action.trimTrailingWhitespace
chat_system/app/Http/Controllers/User/AuthController.php: Using EditorConfig core...
app/Http/Controllers/User/AuthController.php: editor.action.trimTrailingWhitespace
chat_system/app/Http/Controllers/User/AuthController.php: Using EditorConfig core...
app/Http/Controllers/User/AuthController.php: editor.action.trimTrailingWhitespace
chat_system/app/Http/Controllers/User/AuthController.php: Using EditorConfig core...
app/Http/Controllers/User/AuthController.php: editor.action.trimTrailingWhitespace
chat_system/app/Http/Controllers/User/AuthController.php: Using EditorConfig core...
app/Http/Controllers/User/AuthController.php: editor.action.trimTrailingWhitespace
chat_system/app/Http/Controllers/User/AuthController.php: Using EditorConfig core...
app/Http/Controllers/User/AuthController.php: editor.action.trimTrailingWhitespace
chat_system/app/Http/Controllers/User/AuthController.php: Using EditorConfig core...
app/Http/Controllers/User/AuthController.php: editor.action.trimTrailingWhitespace
chat_system/app/Http/Controllers/User/AuthController.php: Using EditorConfig core...
app/Http/Controllers/User/AuthController.php: editor.action.trimTrailingWhitespace
chat_system/app/Http/Controllers/User/AuthController.php: Using EditorConfig core...
app/Http/Controllers/User/AuthController.php: editor.action.trimTrailingWhitespace
chat_system/app/Http/Controllers/User/AuthController.php: Using EditorConfig core...
app/Http/Controllers/User/AuthController.php: editor.action.trimTrailingWhitespace
chat_system/database/migrations/2014_10_12_000000_create_users_table.php: {"insertSpaces":true,"tabSize":4}
chat_system/database/migrations/2014_09_08_093915_create_roles_table.php: {"insertSpaces":true,"tabSize":4}
chat_system/database/migrations/2014_10_12_000000_create_users_table.php: {"insertSpaces":true,"tabSize":4}
chat_system/database/migrations/2014_10_12_000000_create_users_table.php: {"insertSpaces":true,"tabSize":4}
chat_system/database/migrations/2014_10_12_000000_create_users_table.php: {"insertSpaces":true,"tabSize":4}
chat_system/database/migrations/2014_10_12_000000_create_users_table.php: {"insertSpaces":true,"tabSize":4}
chat_system/database/migrations/2014_10_12_000000_create_users_table.php: {"insertSpaces":true,"tabSize":4}
chat_system/database/migrations/2014_10_12_000000_create_users_table.php: {"insertSpaces":true,"tabSize":4}
chat_system/database/migrations/2014_10_12_000000_create_users_table.php: {"insertSpaces":true,"tabSize":4}
chat_system/database/migrations/2014_10_12_000000_create_users_table.php: {"insertSpaces":true,"tabSize":4}
chat_system/database/migrations/2014_10_12_000000_create_users_table.php: {"insertSpaces":true,"tabSize":4}
chat_system/database/migrations/2014_10_12_000000_create_users_table.php: {"insertSpaces":true,"tabSize":4}
chat_system/database/migrations/2014_10_12_000000_create_users_table.php: {"insertSpaces":true,"tabSize":4}
chat_system/database/migrations/2014_10_12_000000_create_users_table.php: {"insertSpaces":true,"tabSize":4}
chat_system/database/migrations/2014_10_12_000000_create_users_table.php: {"insertSpaces":true,"tabSize":4}
chat_system/database/migrations/2014_10_12_000000_create_users_table.php: {"insertSpaces":true,"tabSize":4}
chat_system/database/migrations/2014_10_12_000000_create_users_table.php: {"insertSpaces":true,"tabSize":4}
chat_system/database/migrations/2014_10_12_000000_create_users_table.php: {"insertSpaces":true,"tabSize":4}
chat_system/database/migrations/2014_10_12_000000_create_users_table.php: Using EditorConfig core...
database/migrations/2014_10_12_000000_create_users_table.php: editor.action.trimTrailingWhitespace
chat_system/database/migrations/2014_10_12_000000_create_users_table.php: {"insertSpaces":true,"tabSize":4}
chat_system/database/migrations/2014_10_12_000000_create_users_table.php: {"insertSpaces":true,"tabSize":4}
chat_system/app/Http/Controllers/User/AuthController.php: {"insertSpaces":true,"tabSize":4}
chat_system/app/Http/Controllers/User/AuthController.php: Using EditorConfig core...
app/Http/Controllers/User/AuthController.php: editor.action.trimTrailingWhitespace
chat_system/app/Http/Controllers/User/AuthController.php: Using EditorConfig core...
app/Http/Controllers/User/AuthController.php: editor.action.trimTrailingWhitespace
chat_system/app/Http/Controllers/User/AuthController.php: Using EditorConfig core...
app/Http/Controllers/User/AuthController.php: editor.action.trimTrailingWhitespace
chat_system/app/Http/Controllers/User/AuthController.php: Using EditorConfig core...
app/Http/Controllers/User/AuthController.php: editor.action.trimTrailingWhitespace
chat_system/app/Http/Controllers/User/AuthController.php: Using EditorConfig core...
app/Http/Controllers/User/AuthController.php: editor.action.trimTrailingWhitespace
chat_system/app/Http/Controllers/User/AuthController.php: Using EditorConfig core...
app/Http/Controllers/User/AuthController.php: editor.action.trimTrailingWhitespace
chat_system/app/Http/Controllers/User/AuthController.php: Using EditorConfig core...
app/Http/Controllers/User/AuthController.php: editor.action.trimTrailingWhitespace
chat_system/app/Http/Controllers/User/AuthController.php: {"insertSpaces":true,"tabSize":4}
chat_system/app/Http/Controllers/User/AuthController.php: {"insertSpaces":true,"tabSize":4}
chat_system/app/Http/Controllers/User/AuthController.php: {"insertSpaces":true,"tabSize":4}
chat_system/app/Http/Controllers/User/AuthController.php: {"insertSpaces":true,"tabSize":4}
chat_system/app/Http/Controllers/User/AuthController.php: {"insertSpaces":true,"tabSize":4}
chat_system/app/Http/Controllers/User/AuthController.php: Using EditorConfig core...
app/Http/Controllers/User/AuthController.php: editor.action.trimTrailingWhitespace
chat_system/app/Http/Controllers/User/AuthController.php: Using EditorConfig core...
app/Http/Controllers/User/AuthController.php: editor.action.trimTrailingWhitespace
chat_system/app/Http/Controllers/User/AuthController.php: Using EditorConfig core...
app/Http/Controllers/User/AuthController.php: editor.action.trimTrailingWhitespace
chat_system/app/Http/Controllers/User/AuthController.php: Using EditorConfig core...
app/Http/Controllers/User/AuthController.php: editor.action.trimTrailingWhitespace
chat_system/app/Http/Controllers/User/AuthController.php: Using EditorConfig core...
app/Http/Controllers/User/AuthController.php: editor.action.trimTrailingWhitespace
chat_system/app/Http/Controllers/User/AuthController.php: Using EditorConfig core...
app/Http/Controllers/User/AuthController.php: editor.action.trimTrailingWhitespace
chat_system/app/Http/Controllers/User/AuthController.php: Using EditorConfig core...
app/Http/Controllers/User/AuthController.php: editor.action.trimTrailingWhitespace
chat_system/app/Http/Controllers/User/AuthController.php: Using EditorConfig core...
app/Http/Controllers/User/AuthController.php: editor.action.trimTrailingWhitespace
chat_system/app/Http/Controllers/User/AuthController.php: Using EditorConfig core...
app/Http/Controllers/User/AuthController.php: editor.action.trimTrailingWhitespace
chat_system/app/Http/Controllers/User/AuthController.php: {"insertSpaces":true,"tabSize":4}
chat_system/app/Http/Controllers/User/AuthController.php: {"insertSpaces":true,"tabSize":4}
chat_system/app/Http/Controllers/User/AuthController.php: Using EditorConfig core...
app/Http/Controllers/User/AuthController.php: editor.action.trimTrailingWhitespace
chat_system/app/Http/Controllers/User/AuthController.php: Using EditorConfig core...
app/Http/Controllers/User/AuthController.php: editor.action.trimTrailingWhitespace
chat_system/app/Http/Controllers/User/AuthController.php: Using EditorConfig core...
app/Http/Controllers/User/AuthController.php: editor.action.trimTrailingWhitespace
chat_system/app/Http/Controllers/User/AuthController.php: Using EditorConfig core...
app/Http/Controllers/User/AuthController.php: editor.action.trimTrailingWhitespace
chat_system/app/Http/Controllers/User/AuthController.php: Using EditorConfig core...
app/Http/Controllers/User/AuthController.php: editor.action.trimTrailingWhitespace
chat_system/app/Http/Controllers/User/AuthController.php: Using EditorConfig core...
app/Http/Controllers/User/AuthController.php: editor.action.trimTrailingWhitespace
chat_system/app/Http/Controllers/User/AuthController.php: Using EditorConfig core...
app/Http/Controllers/User/AuthController.php: editor.action.trimTrailingWhitespace
chat_system/app/Http/Controllers/User/AuthController.php: Using EditorConfig core...
app/Http/Controllers/User/AuthController.php: editor.action.trimTrailingWhitespace
chat_system/app/Http/Controllers/User/AuthController.php: Using EditorConfig core...
app/Http/Controllers/User/AuthController.php: editor.action.trimTrailingWhitespace
chat_system/app/Http/Controllers/User/AuthController.php: Using EditorConfig core...
app/Http/Controllers/User/AuthController.php: editor.action.trimTrailingWhitespace
chat_system/app/Http/Controllers/User/AuthController.php: Using EditorConfig core...
app/Http/Controllers/User/AuthController.php: editor.action.trimTrailingWhitespace
chat_system/app/Http/Controllers/User/AuthController.php: Using EditorConfig core...
app/Http/Controllers/User/AuthController.php: editor.action.trimTrailingWhitespace
chat_system/app/Http/Controllers/User/AuthController.php: Using EditorConfig core...
app/Http/Controllers/User/AuthController.php: editor.action.trimTrailingWhitespace
chat_system/app/Http/Controllers/User/AuthController.php: Using EditorConfig core...
app/Http/Controllers/User/AuthController.php: editor.action.trimTrailingWhitespace
chat_system/app/Http/Controllers/User/AuthController.php: Using EditorConfig core...
app/Http/Controllers/User/AuthController.php: editor.action.trimTrailingWhitespace
chat_system/app/Http/Controllers/User/AuthController.php: Using EditorConfig core...
app/Http/Controllers/User/AuthController.php: editor.action.trimTrailingWhitespace
chat_system/app/Http/Controllers/User/AuthController.php: Using EditorConfig core...
app/Http/Controllers/User/AuthController.php: editor.action.trimTrailingWhitespace
chat_system/app/Http/Controllers/User/AuthController.php: Using EditorConfig core...
app/Http/Controllers/User/AuthController.php: editor.action.trimTrailingWhitespace
chat_system/app/Http/Controllers/User/AuthController.php: Using EditorConfig core...
app/Http/Controllers/User/AuthController.php: editor.action.trimTrailingWhitespace
chat_system/app/Http/Controllers/User/AuthController.php: Using EditorConfig core...
app/Http/Controllers/User/AuthController.php: editor.action.trimTrailingWhitespace
chat_system/app/Http/Controllers/User/AuthController.php: {"insertSpaces":true,"tabSize":4}
chat_system/database/migrations/2014_10_12_000000_create_users_table.php: {"insertSpaces":true,"tabSize":4}
chat_system/app/Http/Controllers/User/AuthController.php: {"insertSpaces":true,"tabSize":4}
chat_system/app/Http/Controllers/User/AuthController.php: Using EditorConfig core...
app/Http/Controllers/User/AuthController.php: editor.action.trimTrailingWhitespace
chat_system/app/Http/Controllers/User/AuthController.php: Using EditorConfig core...
app/Http/Controllers/User/AuthController.php: editor.action.trimTrailingWhitespace
chat_system/app/Http/Controllers/User/AuthController.php: Using EditorConfig core...
app/Http/Controllers/User/AuthController.php: editor.action.trimTrailingWhitespace
chat_system/app/Http/Controllers/User/AuthController.php: Using EditorConfig core...
app/Http/Controllers/User/AuthController.php: editor.action.trimTrailingWhitespace
chat_system/app/Http/Controllers/User/AuthController.php: Using EditorConfig core...
app/Http/Controllers/User/AuthController.php: editor.action.trimTrailingWhitespace
chat_system/app/Http/Controllers/User/AuthController.php: Using EditorConfig core...
app/Http/Controllers/User/AuthController.php: editor.action.trimTrailingWhitespace
chat_system/app/Http/Controllers/User/AuthController.php: Using EditorConfig core...
app/Http/Controllers/User/AuthController.php: editor.action.trimTrailingWhitespace
chat_system/app/Http/Controllers/User/AuthController.php: Using EditorConfig core...
app/Http/Controllers/User/AuthController.php: editor.action.trimTrailingWhitespace
chat_system/app/Http/Controllers/User/AuthController.php: Using EditorConfig core...
app/Http/Controllers/User/AuthController.php: editor.action.trimTrailingWhitespace
chat_system/app/Http/Controllers/User/AuthController.php: Using EditorConfig core...
app/Http/Controllers/User/AuthController.php: editor.action.trimTrailingWhitespace
chat_system/app/Http/Controllers/User/AuthController.php: Using EditorConfig core...
app/Http/Controllers/User/AuthController.php: editor.action.trimTrailingWhitespace
chat_system/app/Http/Controllers/User/AuthController.php: Using EditorConfig core...
app/Http/Controllers/User/AuthController.php: editor.action.trimTrailingWhitespace
chat_system/app/Http/Controllers/User/AuthController.php: Using EditorConfig core...
app/Http/Controllers/User/AuthController.php: editor.action.trimTrailingWhitespace
chat_system/app/Http/Controllers/User/AuthController.php: Using EditorConfig core...
app/Http/Controllers/User/AuthController.php: editor.action.trimTrailingWhitespace
chat_system/app/Http/Controllers/User/AuthController.php: Using EditorConfig core...
app/Http/Controllers/User/AuthController.php: editor.action.trimTrailingWhitespace
chat_system/app/Http/Controllers/User/AuthController.php: Using EditorConfig core...
app/Http/Controllers/User/AuthController.php: editor.action.trimTrailingWhitespace
chat_system/app/Http/Controllers/User/AuthController.php: Using EditorConfig core...
app/Http/Controllers/User/AuthController.php: editor.action.trimTrailingWhitespace
chat_system/app/Http/Controllers/User/AuthController.php: Using EditorConfig core...
app/Http/Controllers/User/AuthController.php: editor.action.trimTrailingWhitespace
chat_system/app/Http/Controllers/User/AuthController.php: Using EditorConfig core...
app/Http/Controllers/User/AuthController.php: editor.action.trimTrailingWhitespace
chat_system/app/Http/Controllers/User/AuthController.php: Using EditorConfig core...
app/Http/Controllers/User/AuthController.php: editor.action.trimTrailingWhitespace
chat_system/app/Http/Controllers/User/AuthController.php: Using EditorConfig core...
app/Http/Controllers/User/AuthController.php: editor.action.trimTrailingWhitespace
chat_system/app/Http/Controllers/User/AuthController.php: Using EditorConfig core...
app/Http/Controllers/User/AuthController.php: editor.action.trimTrailingWhitespace
chat_system/app/Http/Controllers/User/AuthController.php: Using EditorConfig core...
app/Http/Controllers/User/AuthController.php: editor.action.trimTrailingWhitespace
chat_system/app/Http/Controllers/User/AuthController.php: Using EditorConfig core...
app/Http/Controllers/User/AuthController.php: editor.action.trimTrailingWhitespace
chat_system/app/Http/Controllers/User/AuthController.php: Using EditorConfig core...
app/Http/Controllers/User/AuthController.php: editor.action.trimTrailingWhitespace
chat_system/app/Http/Controllers/User/AuthController.php: Using EditorConfig core...
app/Http/Controllers/User/AuthController.php: editor.action.trimTrailingWhitespace
chat_system/app/Http/Controllers/User/AuthController.php: Using EditorConfig core...
app/Http/Controllers/User/AuthController.php: editor.action.trimTrailingWhitespace
chat_system/app/Http/Controllers/User/AuthController.php: Using EditorConfig core...
app/Http/Controllers/User/AuthController.php: editor.action.trimTrailingWhitespace
chat_system/app/Http/Controllers/User/AuthController.php: Using EditorConfig core...
app/Http/Controllers/User/AuthController.php: editor.action.trimTrailingWhitespace
chat_system/app/Http/Controllers/User/AuthController.php: Using EditorConfig core...
app/Http/Controllers/User/AuthController.php: editor.action.trimTrailingWhitespace
chat_system/app/Http/Controllers/User/AuthController.php: Using EditorConfig core...
app/Http/Controllers/User/AuthController.php: editor.action.trimTrailingWhitespace
chat_system/app/Http/Controllers/User/AuthController.php: Using EditorConfig core...
app/Http/Controllers/User/AuthController.php: editor.action.trimTrailingWhitespace
chat_system/app/Http/Controllers/User/AuthController.php: Using EditorConfig core...
app/Http/Controllers/User/AuthController.php: editor.action.trimTrailingWhitespace
chat_system/app/Http/Controllers/User/AuthController.php: {"insertSpaces":true,"tabSize":4}
chat_system/app/Http/Controllers/User/AuthController.php: Using EditorConfig core...
app/Http/Controllers/User/AuthController.php: editor.action.trimTrailingWhitespace
chat_system/app/Http/Controllers/User/AuthController.php: Using EditorConfig core...
app/Http/Controllers/User/AuthController.php: editor.action.trimTrailingWhitespace
chat_system/app/Http/Controllers/User/AuthController.php: Using EditorConfig core...
app/Http/Controllers/User/AuthController.php: editor.action.trimTrailingWhitespace
chat_system/app/Http/Controllers/User/AuthController.php: Using EditorConfig core...
app/Http/Controllers/User/AuthController.php: editor.action.trimTrailingWhitespace
chat_system/app/Http/Controllers/User/AuthController.php: Using EditorConfig core...
app/Http/Controllers/User/AuthController.php: editor.action.trimTrailingWhitespace
chat_system/app/Http/Controllers/User/AuthController.php: Using EditorConfig core...
app/Http/Controllers/User/AuthController.php: editor.action.trimTrailingWhitespace
chat_system/app/Http/Controllers/User/AuthController.php: Using EditorConfig core...
app/Http/Controllers/User/AuthController.php: editor.action.trimTrailingWhitespace
chat_system/app/Http/Controllers/User/AuthController.php: Using EditorConfig core...
app/Http/Controllers/User/AuthController.php: editor.action.trimTrailingWhitespace
chat_system/app/Http/Controllers/User/AuthController.php: Using EditorConfig core...
app/Http/Controllers/User/AuthController.php: editor.action.trimTrailingWhitespace
chat_system/app/Http/Controllers/User/AuthController.php: Using EditorConfig core...
app/Http/Controllers/User/AuthController.php: editor.action.trimTrailingWhitespace
chat_system/app/Http/Controllers/User/AuthController.php: Using EditorConfig core...
app/Http/Controllers/User/AuthController.php: editor.action.trimTrailingWhitespace
chat_system/app/Http/Controllers/User/AuthController.php: Using EditorConfig core...
app/Http/Controllers/User/AuthController.php: editor.action.trimTrailingWhitespace
chat_system/app/Http/Controllers/User/AuthController.php: Using EditorConfig core...
app/Http/Controllers/User/AuthController.php: editor.action.trimTrailingWhitespace
chat_system/app/Http/Controllers/User/AuthController.php: Using EditorConfig core...
app/Http/Controllers/User/AuthController.php: editor.action.trimTrailingWhitespace
chat_system/app/Http/Controllers/User/AuthController.php: Using EditorConfig core...
app/Http/Controllers/User/AuthController.php: editor.action.trimTrailingWhitespace
chat_system/app/Http/Controllers/User/AuthController.php: Using EditorConfig core...
app/Http/Controllers/User/AuthController.php: editor.action.trimTrailingWhitespace
chat_system/app/Http/Controllers/User/AuthController.php: Using EditorConfig core...
app/Http/Controllers/User/AuthController.php: editor.action.trimTrailingWhitespace
chat_system/app/Http/Controllers/User/AuthController.php: Using EditorConfig core...
app/Http/Controllers/User/AuthController.php: editor.action.trimTrailingWhitespace
chat_system/app/Http/Controllers/User/AuthController.php: Using EditorConfig core...
app/Http/Controllers/User/AuthController.php: editor.action.trimTrailingWhitespace
chat_system/app/Http/Controllers/User/AuthController.php: Using EditorConfig core...
app/Http/Controllers/User/AuthController.php: editor.action.trimTrailingWhitespace
chat_system/app/Http/Controllers/User/AuthController.php: Using EditorConfig core...
app/Http/Controllers/User/AuthController.php: editor.action.trimTrailingWhitespace
chat_system/app/Http/Controllers/User/AuthController.php: Using EditorConfig core...
app/Http/Controllers/User/AuthController.php: editor.action.trimTrailingWhitespace
chat_system/app/Http/Controllers/User/AuthController.php: Using EditorConfig core...
app/Http/Controllers/User/AuthController.php: editor.action.trimTrailingWhitespace
chat_system/app/Http/Controllers/User/AuthController.php: {"insertSpaces":true,"tabSize":4}
chat_system/resources/views/user/auth/signup.blade.php: {"insertSpaces":true,"tabSize":4}
chat_system/resources/views/user/auth/signup.blade.php: {"insertSpaces":true,"tabSize":4}
chat_system/app/Http/Controllers/User/AuthController.php: {"insertSpaces":true,"tabSize":4}
chat_system/app/Http/Controllers/User/AuthController.php: Using EditorConfig core...
app/Http/Controllers/User/AuthController.php: editor.action.trimTrailingWhitespace
chat_system/app/Http/Controllers/User/AuthController.php: Using EditorConfig core...
app/Http/Controllers/User/AuthController.php: editor.action.trimTrailingWhitespace
chat_system/app/Http/Controllers/User/AuthController.php: Using EditorConfig core...
app/Http/Controllers/User/AuthController.php: editor.action.trimTrailingWhitespace
chat_system/app/Http/Controllers/User/AuthController.php: Using EditorConfig core...
app/Http/Controllers/User/AuthController.php: editor.action.trimTrailingWhitespace
chat_system/app/Http/Controllers/User/AuthController.php: Using EditorConfig core...
app/Http/Controllers/User/AuthController.php: editor.action.trimTrailingWhitespace
chat_system/app/Http/Controllers/User/AuthController.php: Using EditorConfig core...
app/Http/Controllers/User/AuthController.php: editor.action.trimTrailingWhitespace
chat_system/app/Http/Controllers/User/AuthController.php: {"insertSpaces":true,"tabSize":4}
chat_system/app/Http/Controllers/User/AuthController.php: Using EditorConfig core...
app/Http/Controllers/User/AuthController.php: editor.action.trimTrailingWhitespace
chat_system/app/Http/Controllers/User/AuthController.php: Using EditorConfig core...
app/Http/Controllers/User/AuthController.php: editor.action.trimTrailingWhitespace
chat_system/app/Http/Controllers/User/AuthController.php: Using EditorConfig core...
app/Http/Controllers/User/AuthController.php: editor.action.trimTrailingWhitespace
chat_system/app/Http/Controllers/User/AuthController.php: Using EditorConfig core...
app/Http/Controllers/User/AuthController.php: editor.action.trimTrailingWhitespace
chat_system/app/Http/Controllers/User/AuthController.php: Using EditorConfig core...
app/Http/Controllers/User/AuthController.php: editor.action.trimTrailingWhitespace
chat_system/app/Http/Controllers/User/AuthController.php: Using EditorConfig core...
app/Http/Controllers/User/AuthController.php: editor.action.trimTrailingWhitespace
chat_system/app/Http/Controllers/User/AuthController.php: Using EditorConfig core...
app/Http/Controllers/User/AuthController.php: editor.action.trimTrailingWhitespace
chat_system/app/Http/Controllers/User/AuthController.php: Using EditorConfig core...
app/Http/Controllers/User/AuthController.php: editor.action.trimTrailingWhitespace
chat_system/app/Http/Controllers/User/AuthController.php: Using EditorConfig core...
app/Http/Controllers/User/AuthController.php: editor.action.trimTrailingWhitespace
chat_system/app/Http/Controllers/User/AuthController.php: Using EditorConfig core...
app/Http/Controllers/User/AuthController.php: editor.action.trimTrailingWhitespace
chat_system/app/Http/Controllers/User/AuthController.php: Using EditorConfig core...
app/Http/Controllers/User/AuthController.php: editor.action.trimTrailingWhitespace
chat_system/app/Http/Controllers/User/AuthController.php: Using EditorConfig core...
app/Http/Controllers/User/AuthController.php: editor.action.trimTrailingWhitespace
chat_system/app/Http/Controllers/User/AuthController.php: Using EditorConfig core...
app/Http/Controllers/User/AuthController.php: editor.action.trimTrailingWhitespace
chat_system/app/Http/Controllers/User/AuthController.php: Using EditorConfig core...
app/Http/Controllers/User/AuthController.php: editor.action.trimTrailingWhitespace
chat_system/app/Http/Controllers/User/AuthController.php: Using EditorConfig core...
app/Http/Controllers/User/AuthController.php: editor.action.trimTrailingWhitespace
chat_system/app/Http/Controllers/User/AuthController.php: Using EditorConfig core...
app/Http/Controllers/User/AuthController.php: editor.action.trimTrailingWhitespace
chat_system/app/Http/Controllers/User/AuthController.php: Using EditorConfig core...
app/Http/Controllers/User/AuthController.php: editor.action.trimTrailingWhitespace
chat_system/app/Http/Controllers/User/AuthController.php: Using EditorConfig core...
app/Http/Controllers/User/AuthController.php: editor.action.trimTrailingWhitespace
chat_system/app/Http/Controllers/User/AuthController.php: Using EditorConfig core...
app/Http/Controllers/User/AuthController.php: editor.action.trimTrailingWhitespace
chat_system/app/Http/Controllers/User/AuthController.php: Using EditorConfig core...
app/Http/Controllers/User/AuthController.php: editor.action.trimTrailingWhitespace
chat_system/app/Http/Controllers/User/AuthController.php: {"insertSpaces":true,"tabSize":4}
chat_system/app/Http/Controllers/User/AuthController.php: Using EditorConfig core...
app/Http/Controllers/User/AuthController.php: editor.action.trimTrailingWhitespace
chat_system/app/Http/Controllers/User/AuthController.php: Using EditorConfig core...
app/Http/Controllers/User/AuthController.php: editor.action.trimTrailingWhitespace
chat_system/app/Http/Controllers/User/AuthController.php: Using EditorConfig core...
app/Http/Controllers/User/AuthController.php: editor.action.trimTrailingWhitespace
chat_system/app/Http/Controllers/User/AuthController.php: Using EditorConfig core...
app/Http/Controllers/User/AuthController.php: editor.action.trimTrailingWhitespace
chat_system/app/Http/Controllers/User/AuthController.php: {"insertSpaces":true,"tabSize":4}
chat_system/app/Http/Controllers/User/AuthController.php: Using EditorConfig core...
app/Http/Controllers/User/AuthController.php: editor.action.trimTrailingWhitespace
chat_system/app/Http/Controllers/User/AuthController.php: Using EditorConfig core...
app/Http/Controllers/User/AuthController.php: editor.action.trimTrailingWhitespace
chat_system/app/Http/Controllers/User/AuthController.php: Using EditorConfig core...
app/Http/Controllers/User/AuthController.php: editor.action.trimTrailingWhitespace
chat_system/app/Http/Controllers/User/AuthController.php: Using EditorConfig core...
app/Http/Controllers/User/AuthController.php: editor.action.trimTrailingWhitespace
chat_system/app/Http/Controllers/User/AuthController.php: {"insertSpaces":true,"tabSize":4}
chat_system/app/Models/User.php: {"insertSpaces":true,"tabSize":4}
chat_system/app/Http/Controllers/User/AuthController.php: {"insertSpaces":true,"tabSize":4}
chat_system/app/Http/Controllers/User/AuthController.php: Using EditorConfig core...
app/Http/Controllers/User/AuthController.php: editor.action.trimTrailingWhitespace
chat_system/app/Http/Controllers/User/AuthController.php: {"insertSpaces":true,"tabSize":4}
chat_system/app/Http/Controllers/User/AuthController.php: Using EditorConfig core...
app/Http/Controllers/User/AuthController.php: editor.action.trimTrailingWhitespace
chat_system/app/Http/Controllers/User/AuthController.php: {"insertSpaces":true,"tabSize":4}
chat_system/app/Http/Controllers/User/AuthController.php: Using EditorConfig core...
app/Http/Controllers/User/AuthController.php: editor.action.trimTrailingWhitespace
chat_system/app/Http/Controllers/User/AuthController.php: Using EditorConfig core...
app/Http/Controllers/User/AuthController.php: editor.action.trimTrailingWhitespace
chat_system/app/Http/Controllers/User/AuthController.php: Using EditorConfig core...
app/Http/Controllers/User/AuthController.php: editor.action.trimTrailingWhitespace
chat_system/app/Http/Controllers/User/AuthController.php: Using EditorConfig core...
app/Http/Controllers/User/AuthController.php: editor.action.trimTrailingWhitespace
chat_system/app/Http/Controllers/User/AuthController.php: Using EditorConfig core...
app/Http/Controllers/User/AuthController.php: editor.action.trimTrailingWhitespace
chat_system/app/Http/Controllers/User/AuthController.php: Using EditorConfig core...
app/Http/Controllers/User/AuthController.php: editor.action.trimTrailingWhitespace
chat_system/app/Http/Controllers/User/AuthController.php: Using EditorConfig core...
app/Http/Controllers/User/AuthController.php: editor.action.trimTrailingWhitespace
chat_system/app/Http/Controllers/User/AuthController.php: Using EditorConfig core...
app/Http/Controllers/User/AuthController.php: editor.action.trimTrailingWhitespace
chat_system/app/Http/Controllers/User/AuthController.php: Using EditorConfig core...
app/Http/Controllers/User/AuthController.php: editor.action.trimTrailingWhitespace
chat_system/app/Http/Controllers/User/AuthController.php: Using EditorConfig core...
app/Http/Controllers/User/AuthController.php: editor.action.trimTrailingWhitespace
chat_system/app/Http/Controllers/User/AuthController.php: Using EditorConfig core...
app/Http/Controllers/User/AuthController.php: editor.action.trimTrailingWhitespace
chat_system/app/Http/Controllers/User/AuthController.php: Using EditorConfig core...
app/Http/Controllers/User/AuthController.php: editor.action.trimTrailingWhitespace
chat_system/app/Http/Controllers/User/AuthController.php: Using EditorConfig core...
app/Http/Controllers/User/AuthController.php: editor.action.trimTrailingWhitespace
chat_system/app/Http/Controllers/User/AuthController.php: {"insertSpaces":true,"tabSize":4}
chat_system/app/Http/Controllers/User/AuthController.php: {"insertSpaces":true,"tabSize":4}
chat_system/app/Http/Controllers/User/AuthController.php: Using EditorConfig core...
app/Http/Controllers/User/AuthController.php: editor.action.trimTrailingWhitespace
chat_system/app/Http/Controllers/User/AuthController.php: {"insertSpaces":true,"tabSize":4}
chat_system/app/Http/Controllers/User/AuthController.php: Using EditorConfig core...
app/Http/Controllers/User/AuthController.php: editor.action.trimTrailingWhitespace
chat_system/app/Http/Controllers/User/AuthController.php: {"insertSpaces":true,"tabSize":4}
chat_system/app/Http/Controllers/User/AuthController.php: Using EditorConfig core...
app/Http/Controllers/User/AuthController.php: editor.action.trimTrailingWhitespace
chat_system/app/Http/Controllers/User/AuthController.php: Using EditorConfig core...
app/Http/Controllers/User/AuthController.php: editor.action.trimTrailingWhitespace
chat_system/app/Http/Controllers/User/AuthController.php: Using EditorConfig core...
app/Http/Controllers/User/AuthController.php: editor.action.trimTrailingWhitespace
chat_system/app/Http/Controllers/User/AuthController.php: {"insertSpaces":true,"tabSize":4}
chat_system/app/Http/Controllers/User/AuthController.php: Using EditorConfig core...
app/Http/Controllers/User/AuthController.php: editor.action.trimTrailingWhitespace
chat_system/app/Http/Controllers/User/AuthController.php: {"insertSpaces":true,"tabSize":4}
chat_system/app/Http/Controllers/User/AuthController.php: Using EditorConfig core...
app/Http/Controllers/User/AuthController.php: editor.action.trimTrailingWhitespace
chat_system/app/Http/Controllers/User/AuthController.php: Using EditorConfig core...
app/Http/Controllers/User/AuthController.php: editor.action.trimTrailingWhitespace
chat_system/app/Http/Controllers/User/AuthController.php: {"insertSpaces":true,"tabSize":4}
chat_system/app/Http/Controllers/User/AuthController.php: Using EditorConfig core...
app/Http/Controllers/User/AuthController.php: editor.action.trimTrailingWhitespace
chat_system/app/Http/Controllers/User/AuthController.php: Using EditorConfig core...
app/Http/Controllers/User/AuthController.php: editor.action.trimTrailingWhitespace
chat_system/app/Http/Controllers/User/AuthController.php: Using EditorConfig core...
app/Http/Controllers/User/AuthController.php: editor.action.trimTrailingWhitespace
chat_system/app/Http/Controllers/User/AuthController.php: {"insertSpaces":true,"tabSize":4}
chat_system/app/Http/Controllers/User/AuthController.php: Using EditorConfig core...
app/Http/Controllers/User/AuthController.php: editor.action.trimTrailingWhitespace
chat_system/app/Http/Controllers/User/AuthController.php: Using EditorConfig core...
app/Http/Controllers/User/AuthController.php: editor.action.trimTrailingWhitespace
chat_system/app/Http/Controllers/User/AuthController.php: {"insertSpaces":true,"tabSize":4}
chat_system/app/Http/Controllers/User/AuthController.php: Using EditorConfig core...
app/Http/Controllers/User/AuthController.php: editor.action.trimTrailingWhitespace
chat_system/app/Http/Controllers/User/AuthController.php: Using EditorConfig core...
app/Http/Controllers/User/AuthController.php: editor.action.trimTrailingWhitespace
chat_system/app/Http/Controllers/User/AuthController.php: Using EditorConfig core...
app/Http/Controllers/User/AuthController.php: editor.action.trimTrailingWhitespace
chat_system/app/Http/Controllers/User/AuthController.php: Using EditorConfig core...
app/Http/Controllers/User/AuthController.php: editor.action.trimTrailingWhitespace
chat_system/app/Http/Controllers/User/AuthController.php: Using EditorConfig core...
app/Http/Controllers/User/AuthController.php: editor.action.trimTrailingWhitespace
chat_system/app/Http/Controllers/User/AuthController.php: Using EditorConfig core...
app/Http/Controllers/User/AuthController.php: editor.action.trimTrailingWhitespace
chat_system/app/Http/Controllers/User/AuthController.php: Using EditorConfig core...
app/Http/Controllers/User/AuthController.php: editor.action.trimTrailingWhitespace
chat_system/app/Http/Controllers/User/AuthController.php: Using EditorConfig core...
app/Http/Controllers/User/AuthController.php: editor.action.trimTrailingWhitespace
chat_system/app/Http/Controllers/User/AuthController.php: Using EditorConfig core...
app/Http/Controllers/User/AuthController.php: editor.action.trimTrailingWhitespace
chat_system/app/Http/Controllers/User/AuthController.php: Using EditorConfig core...
app/Http/Controllers/User/AuthController.php: editor.action.trimTrailingWhitespace
chat_system/app/Http/Controllers/User/AuthController.php: Using EditorConfig core...
app/Http/Controllers/User/AuthController.php: editor.action.trimTrailingWhitespace
chat_system/app/Http/Controllers/User/AuthController.php: Using EditorConfig core...
app/Http/Controllers/User/AuthController.php: editor.action.trimTrailingWhitespace
chat_system/app/Http/Controllers/User/AuthController.php: {"insertSpaces":true,"tabSize":4}
chat_system/app/Http/Controllers/User/AuthController.php: Using EditorConfig core...
app/Http/Controllers/User/AuthController.php: editor.action.trimTrailingWhitespace
chat_system/app/Http/Controllers/User/AuthController.php: {"insertSpaces":true,"tabSize":4}
chat_system/database/migrations/2014_10_12_000000_create_users_table.php: {"insertSpaces":true,"tabSize":4}
chat_system/database/migrations/2014_09_08_093915_create_roles_table.php: {"insertSpaces":true,"tabSize":4}
chat_system/database/migrations/2014_10_12_000000_create_users_table.php: {"insertSpaces":true,"tabSize":4}
chat_system/database/migrations/2014_10_12_100000_create_password_resets_table.php: {"insertSpaces":true,"tabSize":4}
chat_system/database/migrations/2019_08_19_000000_create_failed_jobs_table.php: {"insertSpaces":true,"tabSize":4}
chat_system/database/migrations/2014_10_12_000000_create_users_table.php: {"insertSpaces":true,"tabSize":4}
chat_system/database/migrations/2019_08_19_000000_create_failed_jobs_table.php: {"insertSpaces":true,"tabSize":4}
chat_system/app/Http/Controllers/User/AuthController.php: {"insertSpaces":true,"tabSize":4}
chat_system/app/Models/Role.php: {"insertSpaces":true,"tabSize":4}
chat_system/app/Http/Controllers/User/AuthController.php: {"insertSpaces":true,"tabSize":4}
chat_system/app/Models/User.php: {"insertSpaces":true,"tabSize":4}
chat_system/app/Http/Controllers/User/AuthController.php: {"insertSpaces":true,"tabSize":4}
chat_system/app/Http/Controllers/User/AuthController.php: Using EditorConfig core...
app/Http/Controllers/User/AuthController.php: editor.action.trimTrailingWhitespace
chat_system/app/Http/Controllers/User/AuthController.php: Using EditorConfig core...
app/Http/Controllers/User/AuthController.php: editor.action.trimTrailingWhitespace
chat_system/app/Http/Controllers/User/AuthController.php: {"insertSpaces":true,"tabSize":4}
chat_system/app/Http/Controllers/User/AuthController.php: Using EditorConfig core...
app/Http/Controllers/User/AuthController.php: editor.action.trimTrailingWhitespace
chat_system/app/Http/Controllers/User/AuthController.php: Using EditorConfig core...
app/Http/Controllers/User/AuthController.php: editor.action.trimTrailingWhitespace
chat_system/app/Http/Controllers/User/AuthController.php: {"insertSpaces":true,"tabSize":4}
chat_system/app/Http/Controllers/User/AuthController.php: Using EditorConfig core...
app/Http/Controllers/User/AuthController.php: editor.action.trimTrailingWhitespace
chat_system/app/Http/Controllers/User/AuthController.php: Using EditorConfig core...
app/Http/Controllers/User/AuthController.php: editor.action.trimTrailingWhitespace
chat_system/app/Http/Controllers/User/AuthController.php: {"insertSpaces":true,"tabSize":4}
chat_system/app/Http/Controllers/User/AuthController.php: Using EditorConfig core...
app/Http/Controllers/User/AuthController.php: editor.action.trimTrailingWhitespace
chat_system/app/Http/Controllers/User/AuthController.php: {"insertSpaces":true,"tabSize":4}
chat_system/app/Http/Controllers/User/AuthController.php: Using EditorConfig core...
app/Http/Controllers/User/AuthController.php: editor.action.trimTrailingWhitespace
chat_system/app/Http/Controllers/User/AuthController.php: Using EditorConfig core...
app/Http/Controllers/User/AuthController.php: editor.action.trimTrailingWhitespace
chat_system/app/Http/Controllers/User/AuthController.php: Using EditorConfig core...
app/Http/Controllers/User/AuthController.php: editor.action.trimTrailingWhitespace
chat_system/app/Http/Controllers/User/AuthController.php: {"insertSpaces":true,"tabSize":4}
chat_system/app/Models/User.php: {"insertSpaces":true,"tabSize":4}
chat_system/app/Models/User.php: Using EditorConfig core...
app/Models/User.php: editor.action.trimTrailingWhitespace
chat_system/app/Models/User.php: Using EditorConfig core...
app/Models/User.php: editor.action.trimTrailingWhitespace
chat_system/app/Models/User.php: Using EditorConfig core...
app/Models/User.php: editor.action.trimTrailingWhitespace
chat_system/app/Models/User.php: {"insertSpaces":true,"tabSize":4}
chat_system/app/Http/Controllers/User/AuthController.php: {"insertSpaces":true,"tabSize":4}
chat_system/app/Http/Controllers/User/AuthController.php: Using EditorConfig core...
app/Http/Controllers/User/AuthController.php: editor.action.trimTrailingWhitespace
chat_system/app/Http/Controllers/User/AuthController.php: Using EditorConfig core...
app/Http/Controllers/User/AuthController.php: editor.action.trimTrailingWhitespace
chat_system/app/Http/Controllers/User/AuthController.php: Using EditorConfig core...
app/Http/Controllers/User/AuthController.php: editor.action.trimTrailingWhitespace
chat_system/app/Http/Controllers/User/AuthController.php: Using EditorConfig core...
app/Http/Controllers/User/AuthController.php: editor.action.trimTrailingWhitespace
chat_system/app/Http/Controllers/User/AuthController.php: Using EditorConfig core...
app/Http/Controllers/User/AuthController.php: editor.action.trimTrailingWhitespace
chat_system/app/Http/Controllers/User/AuthController.php: Using EditorConfig core...
app/Http/Controllers/User/AuthController.php: editor.action.trimTrailingWhitespace
chat_system/app/Http/Controllers/User/AuthController.php: Using EditorConfig core...
app/Http/Controllers/User/AuthController.php: editor.action.trimTrailingWhitespace
chat_system/app/Http/Controllers/User/AuthController.php: Using EditorConfig core...
app/Http/Controllers/User/AuthController.php: editor.action.trimTrailingWhitespace
chat_system/app/Http/Controllers/User/AuthController.php: Using EditorConfig core...
app/Http/Controllers/User/AuthController.php: editor.action.trimTrailingWhitespace
chat_system/app/Http/Controllers/User/AuthController.php: Using EditorConfig core...
app/Http/Controllers/User/AuthController.php: editor.action.trimTrailingWhitespace
chat_system/app/Http/Controllers/User/AuthController.php: Using EditorConfig core...
app/Http/Controllers/User/AuthController.php: editor.action.trimTrailingWhitespace
chat_system/app/Http/Controllers/User/AuthController.php: Using EditorConfig core...
app/Http/Controllers/User/AuthController.php: editor.action.trimTrailingWhitespace
chat_system/app/Http/Controllers/User/AuthController.php: Using EditorConfig core...
app/Http/Controllers/User/AuthController.php: editor.action.trimTrailingWhitespace
chat_system/app/Http/Controllers/User/AuthController.php: Using EditorConfig core...
app/Http/Controllers/User/AuthController.php: editor.action.trimTrailingWhitespace
chat_system/app/Http/Controllers/User/AuthController.php: Using EditorConfig core...
app/Http/Controllers/User/AuthController.php: editor.action.trimTrailingWhitespace
chat_system/app/Http/Controllers/User/AuthController.php: {"insertSpaces":true,"tabSize":4}
chat_system/app/Http/Controllers/User/AuthController.php: {"insertSpaces":true,"tabSize":4}
