Initializing document watcher...
chat_system/routes/web.php: {"insertSpaces":true,"tabSize":4}
chat_system/app/Http/Controllers/User/AuthController.php: {"insertSpaces":true,"tabSize":4}
chat_system/app/Http/Controllers/User/AuthController.php: {"insertSpaces":true,"tabSize":4}
chat_system/app/Http/Controllers/User/AuthController.php: Using EditorConfig core...
app/Http/Controllers/User/AuthController.php: editor.action.trimTrailingWhitespace
chat_system/app/Http/Controllers/User/AuthController.php: Using EditorConfig core...
app/Http/Controllers/User/AuthController.php: editor.action.trimTrailingWhitespace
chat_system/app/Http/Controllers/User/AuthController.php: Using EditorConfig core...
app/Http/Controllers/User/AuthController.php: editor.action.trimTrailingWhitespace
chat_system/app/Http/Controllers/User/AuthController.php: Using EditorConfig core...
app/Http/Controllers/User/AuthController.php: editor.action.trimTrailingWhitespace
chat_system/app/Http/Controllers/User/AuthController.php: Using EditorConfig core...
app/Http/Controllers/User/AuthController.php: editor.action.trimTrailingWhitespace
chat_system/app/Http/Controllers/User/AuthController.php: Using EditorConfig core...
app/Http/Controllers/User/AuthController.php: editor.action.trimTrailingWhitespace
chat_system/app/Http/Controllers/User/AuthController.php: Using EditorConfig core...
app/Http/Controllers/User/AuthController.php: editor.action.trimTrailingWhitespace
chat_system/app/Http/Controllers/User/AuthController.php: Using EditorConfig core...
app/Http/Controllers/User/AuthController.php: editor.action.trimTrailingWhitespace
chat_system/app/Http/Controllers/User/AuthController.php: Using EditorConfig core...
app/Http/Controllers/User/AuthController.php: editor.action.trimTrailingWhitespace
chat_system/app/Http/Controllers/User/AuthController.php: Using EditorConfig core...
app/Http/Controllers/User/AuthController.php: editor.action.trimTrailingWhitespace
chat_system/app/Http/Controllers/User/AuthController.php: Using EditorConfig core...
app/Http/Controllers/User/AuthController.php: editor.action.trimTrailingWhitespace
chat_system/app/Http/Controllers/User/AuthController.php: Using EditorConfig core...
app/Http/Controllers/User/AuthController.php: editor.action.trimTrailingWhitespace
chat_system/app/Http/Controllers/User/AuthController.php: Using EditorConfig core...
app/Http/Controllers/User/AuthController.php: editor.action.trimTrailingWhitespace
chat_system/app/Http/Controllers/User/AuthController.php: Using EditorConfig core...
app/Http/Controllers/User/AuthController.php: editor.action.trimTrailingWhitespace
chat_system/app/Http/Controllers/User/AuthController.php: Using EditorConfig core...
app/Http/Controllers/User/AuthController.php: editor.action.trimTrailingWhitespace
chat_system/app/Http/Controllers/User/AuthController.php: Using EditorConfig core...
app/Http/Controllers/User/AuthController.php: editor.action.trimTrailingWhitespace
chat_system/app/Http/Controllers/User/AuthController.php: Using EditorConfig core...
app/Http/Controllers/User/AuthController.php: editor.action.trimTrailingWhitespace
chat_system/app/Http/Controllers/User/AuthController.php: Using EditorConfig core...
app/Http/Controllers/User/AuthController.php: editor.action.trimTrailingWhitespace
chat_system/app/Http/Controllers/User/AuthController.php: Using EditorConfig core...
app/Http/Controllers/User/AuthController.php: editor.action.trimTrailingWhitespace
chat_system/app/Http/Controllers/User/AuthController.php: Using EditorConfig core...
app/Http/Controllers/User/AuthController.php: editor.action.trimTrailingWhitespace
chat_system/app/Http/Controllers/User/AuthController.php: Using EditorConfig core...
app/Http/Controllers/User/AuthController.php: editor.action.trimTrailingWhitespace
chat_system/app/Http/Controllers/User/AuthController.php: Using EditorConfig core...
app/Http/Controllers/User/AuthController.php: editor.action.trimTrailingWhitespace
chat_system/app/Http/Controllers/User/AuthController.php: Using EditorConfig core...
app/Http/Controllers/User/AuthController.php: editor.action.trimTrailingWhitespace
chat_system/app/Http/Controllers/User/AuthController.php: Using EditorConfig core...
app/Http/Controllers/User/AuthController.php: editor.action.trimTrailingWhitespace
chat_system/app/Http/Controllers/User/AuthController.php: Using EditorConfig core...
app/Http/Controllers/User/AuthController.php: editor.action.trimTrailingWhitespace
chat_system/app/Http/Controllers/User/AuthController.php: Using EditorConfig core...
app/Http/Controllers/User/AuthController.php: editor.action.trimTrailingWhitespace
chat_system/app/Http/Controllers/User/AuthController.php: Using EditorConfig core...
app/Http/Controllers/User/AuthController.php: editor.action.trimTrailingWhitespace
chat_system/app/Http/Controllers/User/AuthController.php: Using EditorConfig core...
app/Http/Controllers/User/AuthController.php: editor.action.trimTrailingWhitespace
chat_system/app/Http/Controllers/User/AuthController.php: Using EditorConfig core...
app/Http/Controllers/User/AuthController.php: editor.action.trimTrailingWhitespace
chat_system/app/Http/Controllers/User/AuthController.php: Using EditorConfig core...
app/Http/Controllers/User/AuthController.php: editor.action.trimTrailingWhitespace
chat_system/app/Http/Controllers/User/AuthController.php: Using EditorConfig core...
app/Http/Controllers/User/AuthController.php: editor.action.trimTrailingWhitespace
chat_system/app/Http/Controllers/User/AuthController.php: Using EditorConfig core...
app/Http/Controllers/User/AuthController.php: editor.action.trimTrailingWhitespace
chat_system/app/Http/Controllers/User/AuthController.php: Using EditorConfig core...
app/Http/Controllers/User/AuthController.php: editor.action.trimTrailingWhitespace
chat_system/app/Http/Controllers/User/AuthController.php: Using EditorConfig core...
app/Http/Controllers/User/AuthController.php: editor.action.trimTrailingWhitespace
chat_system/app/Http/Controllers/User/AuthController.php: Using EditorConfig core...
app/Http/Controllers/User/AuthController.php: editor.action.trimTrailingWhitespace
chat_system/app/Http/Controllers/User/AuthController.php: Using EditorConfig core...
app/Http/Controllers/User/AuthController.php: editor.action.trimTrailingWhitespace
chat_system/app/Http/Controllers/User/AuthController.php: Using EditorConfig core...
app/Http/Controllers/User/AuthController.php: editor.action.trimTrailingWhitespace
chat_system/app/Http/Controllers/User/AuthController.php: Using EditorConfig core...
app/Http/Controllers/User/AuthController.php: editor.action.trimTrailingWhitespace
chat_system/app/Http/Controllers/User/AuthController.php: Using EditorConfig core...
app/Http/Controllers/User/AuthController.php: editor.action.trimTrailingWhitespace
chat_system/app/Http/Controllers/User/AuthController.php: Using EditorConfig core...
app/Http/Controllers/User/AuthController.php: editor.action.trimTrailingWhitespace
chat_system/app/Http/Controllers/User/AuthController.php: Using EditorConfig core...
app/Http/Controllers/User/AuthController.php: editor.action.trimTrailingWhitespace
chat_system/app/Http/Controllers/User/AuthController.php: Using EditorConfig core...
app/Http/Controllers/User/AuthController.php: editor.action.trimTrailingWhitespace
chat_system/app/Http/Controllers/User/AuthController.php: Using EditorConfig core...
app/Http/Controllers/User/AuthController.php: editor.action.trimTrailingWhitespace
chat_system/app/Http/Controllers/User/AuthController.php: {"insertSpaces":true,"tabSize":4}
chat_system/app/Http/Controllers/User/AuthController.php: Using EditorConfig core...
app/Http/Controllers/User/AuthController.php: editor.action.trimTrailingWhitespace
chat_system/app/Http/Controllers/User/AuthController.php: Using EditorConfig core...
app/Http/Controllers/User/AuthController.php: editor.action.trimTrailingWhitespace
chat_system/app/Http/Controllers/User/AuthController.php: Using EditorConfig core...
app/Http/Controllers/User/AuthController.php: editor.action.trimTrailingWhitespace
chat_system/app/Http/Controllers/User/AuthController.php: Using EditorConfig core...
app/Http/Controllers/User/AuthController.php: editor.action.trimTrailingWhitespace
chat_system/app/Http/Controllers/User/AuthController.php: Using EditorConfig core...
app/Http/Controllers/User/AuthController.php: editor.action.trimTrailingWhitespace
chat_system/app/Http/Controllers/User/AuthController.php: Using EditorConfig core...
app/Http/Controllers/User/AuthController.php: editor.action.trimTrailingWhitespace
chat_system/app/Http/Controllers/User/AuthController.php: Using EditorConfig core...
app/Http/Controllers/User/AuthController.php: editor.action.trimTrailingWhitespace
chat_system/app/Http/Controllers/User/AuthController.php: Using EditorConfig core...
app/Http/Controllers/User/AuthController.php: editor.action.trimTrailingWhitespace
chat_system/app/Http/Controllers/User/AuthController.php: Using EditorConfig core...
app/Http/Controllers/User/AuthController.php: editor.action.trimTrailingWhitespace
chat_system/app/Http/Controllers/User/AuthController.php: Using EditorConfig core...
app/Http/Controllers/User/AuthController.php: editor.action.trimTrailingWhitespace
chat_system/app/Http/Controllers/User/AuthController.php: {"insertSpaces":true,"tabSize":4}
chat_system/resources/views/user/auth/reset_password.blade copy.php: {"insertSpaces":true,"tabSize":4}
chat_system/resources/views/user/auth/reset_password.blade copy.php: Using EditorConfig core...
resources/views/user/auth/reset_password.blade copy.php: editor.action.trimTrailingWhitespace
chat_system/resources/views/user/auth/reset_password.blade copy.php: Using EditorConfig core...
resources/views/user/auth/reset_password.blade copy.php: editor.action.trimTrailingWhitespace
chat_system/resources/views/user/auth/reset_password.blade copy.php: Using EditorConfig core...
resources/views/user/auth/reset_password.blade copy.php: editor.action.trimTrailingWhitespace
chat_system/resources/views/user/auth/reset_password.blade copy.php: Using EditorConfig core...
resources/views/user/auth/reset_password.blade copy.php: editor.action.trimTrailingWhitespace
chat_system/resources/views/user/auth/reset_password.blade copy.php: Using EditorConfig core...
resources/views/user/auth/reset_password.blade copy.php: editor.action.trimTrailingWhitespace
chat_system/resources/views/user/auth/reset_password.blade copy.php: Using EditorConfig core...
resources/views/user/auth/reset_password.blade copy.php: editor.action.trimTrailingWhitespace
chat_system/resources/views/user/auth/reset_password.blade copy.php: Using EditorConfig core...
resources/views/user/auth/reset_password.blade copy.php: editor.action.trimTrailingWhitespace
chat_system/resources/views/user/auth/reset_password.blade copy.php: Using EditorConfig core...
resources/views/user/auth/reset_password.blade copy.php: editor.action.trimTrailingWhitespace
chat_system/resources/views/user/auth/reset_password.blade copy.php: Using EditorConfig core...
resources/views/user/auth/reset_password.blade copy.php: editor.action.trimTrailingWhitespace
chat_system/resources/views/user/auth/reset_password.blade copy.php: Using EditorConfig core...
resources/views/user/auth/reset_password.blade copy.php: editor.action.trimTrailingWhitespace
chat_system/resources/views/user/auth/reset_password.blade copy.php: Using EditorConfig core...
resources/views/user/auth/reset_password.blade copy.php: editor.action.trimTrailingWhitespace
chat_system/resources/views/user/auth/reset_password.blade copy.php: Using EditorConfig core...
resources/views/user/auth/reset_password.blade copy.php: editor.action.trimTrailingWhitespace
chat_system/resources/views/user/auth/reset_password.blade copy.php: Using EditorConfig core...
resources/views/user/auth/reset_password.blade copy.php: editor.action.trimTrailingWhitespace
chat_system/resources/views/user/auth/reset_password.blade copy.php: Using EditorConfig core...
resources/views/user/auth/reset_password.blade copy.php: editor.action.trimTrailingWhitespace
chat_system/resources/views/user/auth/reset_password.blade copy.php: Using EditorConfig core...
resources/views/user/auth/reset_password.blade copy.php: editor.action.trimTrailingWhitespace
chat_system/resources/views/user/auth/reset_password.blade copy.php: Using EditorConfig core...
resources/views/user/auth/reset_password.blade copy.php: editor.action.trimTrailingWhitespace
chat_system/resources/views/user/auth/reset_password.blade copy.php: {"insertSpaces":true,"tabSize":4}
chat_system/routes/web.php: {"insertSpaces":true,"tabSize":4}
chat_system/routes/web.php: Using EditorConfig core...
routes/web.php: editor.action.trimTrailingWhitespace
chat_system/routes/web.php: Using EditorConfig core...
routes/web.php: editor.action.trimTrailingWhitespace
chat_system/routes/web.php: Using EditorConfig core...
routes/web.php: editor.action.trimTrailingWhitespace
chat_system/routes/web.php: Using EditorConfig core...
routes/web.php: editor.action.trimTrailingWhitespace
chat_system/routes/web.php: Using EditorConfig core...
routes/web.php: editor.action.trimTrailingWhitespace
chat_system/routes/web.php: Using EditorConfig core...
routes/web.php: editor.action.trimTrailingWhitespace
chat_system/routes/web.php: Using EditorConfig core...
routes/web.php: editor.action.trimTrailingWhitespace
chat_system/routes/web.php: Using EditorConfig core...
routes/web.php: editor.action.trimTrailingWhitespace
chat_system/routes/web.php: Using EditorConfig core...
routes/web.php: editor.action.trimTrailingWhitespace
chat_system/routes/web.php: Using EditorConfig core...
routes/web.php: editor.action.trimTrailingWhitespace
chat_system/routes/web.php: Using EditorConfig core...
routes/web.php: editor.action.trimTrailingWhitespace
chat_system/routes/web.php: Using EditorConfig core...
routes/web.php: editor.action.trimTrailingWhitespace
chat_system/routes/web.php: Using EditorConfig core...
routes/web.php: editor.action.trimTrailingWhitespace
chat_system/routes/web.php: Using EditorConfig core...
routes/web.php: editor.action.trimTrailingWhitespace
chat_system/routes/web.php: Using EditorConfig core...
routes/web.php: editor.action.trimTrailingWhitespace
chat_system/routes/web.php: {"insertSpaces":true,"tabSize":4}
chat_system/app/Http/Controllers/User/AuthController.php: {"insertSpaces":true,"tabSize":4}
chat_system/routes/web.php: {"insertSpaces":true,"tabSize":4}
chat_system/app/Http/Controllers/User/AuthController.php: {"insertSpaces":true,"tabSize":4}
chat_system/routes/web.php: {"insertSpaces":true,"tabSize":4}
chat_system/routes/web.php: {"insertSpaces":true,"tabSize":4}
chat_system/app/Http/Controllers/User/AuthController.php: {"insertSpaces":true,"tabSize":4}
chat_system/app/Http/Controllers/User/AuthController.php: Using EditorConfig core...
app/Http/Controllers/User/AuthController.php: editor.action.trimTrailingWhitespace
chat_system/app/Http/Controllers/User/AuthController.php: Using EditorConfig core...
app/Http/Controllers/User/AuthController.php: editor.action.trimTrailingWhitespace
chat_system/app/Http/Controllers/User/AuthController.php: Using EditorConfig core...
app/Http/Controllers/User/AuthController.php: editor.action.trimTrailingWhitespace
chat_system/app/Http/Controllers/User/AuthController.php: Using EditorConfig core...
app/Http/Controllers/User/AuthController.php: editor.action.trimTrailingWhitespace
chat_system/app/Http/Controllers/User/AuthController.php: Using EditorConfig core...
app/Http/Controllers/User/AuthController.php: editor.action.trimTrailingWhitespace
chat_system/app/Http/Controllers/User/AuthController.php: Using EditorConfig core...
app/Http/Controllers/User/AuthController.php: editor.action.trimTrailingWhitespace
chat_system/app/Http/Controllers/User/AuthController.php: Using EditorConfig core...
app/Http/Controllers/User/AuthController.php: editor.action.trimTrailingWhitespace
chat_system/app/Http/Controllers/User/AuthController.php: Using EditorConfig core...
app/Http/Controllers/User/AuthController.php: editor.action.trimTrailingWhitespace
chat_system/app/Http/Controllers/User/AuthController.php: Using EditorConfig core...
app/Http/Controllers/User/AuthController.php: editor.action.trimTrailingWhitespace
chat_system/app/Http/Controllers/User/AuthController.php: Using EditorConfig core...
app/Http/Controllers/User/AuthController.php: editor.action.trimTrailingWhitespace
chat_system/app/Http/Controllers/User/AuthController.php: Using EditorConfig core...
app/Http/Controllers/User/AuthController.php: editor.action.trimTrailingWhitespace
chat_system/app/Http/Controllers/User/AuthController.php: Using EditorConfig core...
app/Http/Controllers/User/AuthController.php: editor.action.trimTrailingWhitespace
chat_system/app/Http/Controllers/User/AuthController.php: Using EditorConfig core...
app/Http/Controllers/User/AuthController.php: editor.action.trimTrailingWhitespace
chat_system/app/Http/Controllers/User/AuthController.php: {"insertSpaces":true,"tabSize":4}
chat_system/app/Http/Controllers/User/AuthController.php: {"insertSpaces":true,"tabSize":4}
chat_system/resources/views/user/auth/reset_password.blade copy.php: {"insertSpaces":true,"tabSize":4}
chat_system/app/Http/Middleware/User.php: {"insertSpaces":true,"tabSize":4}
chat_system/routes/web.php: {"insertSpaces":true,"tabSize":4}
chat_system/routes/web.php: Using EditorConfig core...
routes/web.php: editor.action.trimTrailingWhitespace
chat_system/routes/web.php: Using EditorConfig core...
routes/web.php: editor.action.trimTrailingWhitespace
chat_system/routes/web.php: Using EditorConfig core...
routes/web.php: editor.action.trimTrailingWhitespace
chat_system/routes/web.php: Using EditorConfig core...
routes/web.php: editor.action.trimTrailingWhitespace
chat_system/routes/web.php: Using EditorConfig core...
routes/web.php: editor.action.trimTrailingWhitespace
chat_system/routes/web.php: Using EditorConfig core...
routes/web.php: editor.action.trimTrailingWhitespace
chat_system/routes/web.php: Using EditorConfig core...
routes/web.php: editor.action.trimTrailingWhitespace
chat_system/routes/web.php: Using EditorConfig core...
routes/web.php: editor.action.trimTrailingWhitespace
chat_system/routes/web.php: Using EditorConfig core...
routes/web.php: editor.action.trimTrailingWhitespace
chat_system/routes/web.php: Using EditorConfig core...
routes/web.php: editor.action.trimTrailingWhitespace
chat_system/routes/web.php: {"insertSpaces":true,"tabSize":4}
chat_system/resources/views/user/auth/reset_password.blade copy.php: {"insertSpaces":true,"tabSize":4}
chat_system/resources/views/user/auth/reset_password.blade.php: {"insertSpaces":true,"tabSize":4}
chat_system/resources/views/user/auth/reset_password.blade.php: Using EditorConfig core...
resources/views/user/auth/reset_password.blade.php: editor.action.trimTrailingWhitespace
chat_system/resources/views/user/auth/reset_password.blade.php: Using EditorConfig core...
resources/views/user/auth/reset_password.blade.php: editor.action.trimTrailingWhitespace
chat_system/resources/views/user/auth/reset_password.blade.php: Using EditorConfig core...
resources/views/user/auth/reset_password.blade.php: editor.action.trimTrailingWhitespace
chat_system/resources/views/user/auth/reset_password.blade copy.php: {"insertSpaces":true,"tabSize":4}
chat_system/resources/views/user/auth/reset_password.blade.php: {"insertSpaces":true,"tabSize":4}
chat_system/resources/views/user/auth/reset_password.blade copy.php: {"insertSpaces":true,"tabSize":4}
chat_system/resources/views/user/auth/reset_password.blade.php: {"insertSpaces":true,"tabSize":4}
chat_system/resources/views/user/auth/reset_password.blade copy.php: {"insertSpaces":true,"tabSize":4}
chat_system/resources/views/user/auth/reset_password.blade copy.php: {"insertSpaces":true,"tabSize":4}
chat_system/resources/views/user/auth/reset_password.blade.php: {"insertSpaces":true,"tabSize":4}
chat_system/resources/views/user/auth/reset_password.blade.php: Using EditorConfig core...
resources/views/user/auth/reset_password.blade.php: editor.action.trimTrailingWhitespace
chat_system/resources/views/user/auth/reset_password.blade.php: Using EditorConfig core...
resources/views/user/auth/reset_password.blade.php: editor.action.trimTrailingWhitespace
chat_system/resources/views/user/auth/reset_password.blade.php: Using EditorConfig core...
resources/views/user/auth/reset_password.blade.php: editor.action.trimTrailingWhitespace
chat_system/resources/views/user/auth/reset_password.blade.php: Using EditorConfig core...
resources/views/user/auth/reset_password.blade.php: editor.action.trimTrailingWhitespace
chat_system/resources/views/user/auth/reset_password.blade.php: Using EditorConfig core...
resources/views/user/auth/reset_password.blade.php: editor.action.trimTrailingWhitespace
chat_system/resources/views/user/auth/reset_password.blade.php: Using EditorConfig core...
resources/views/user/auth/reset_password.blade.php: editor.action.trimTrailingWhitespace
chat_system/resources/views/user/auth/reset_password.blade.php: Using EditorConfig core...
resources/views/user/auth/reset_password.blade.php: editor.action.trimTrailingWhitespace
chat_system/resources/views/user/auth/reset_password.blade.php: Using EditorConfig core...
resources/views/user/auth/reset_password.blade.php: editor.action.trimTrailingWhitespace
chat_system/resources/views/user/auth/reset_password.blade.php: Using EditorConfig core...
resources/views/user/auth/reset_password.blade.php: editor.action.trimTrailingWhitespace
chat_system/resources/views/user/auth/reset_password.blade.php: Using EditorConfig core...
resources/views/user/auth/reset_password.blade.php: editor.action.trimTrailingWhitespace
chat_system/resources/views/user/auth/reset_password.blade.php: Using EditorConfig core...
resources/views/user/auth/reset_password.blade.php: editor.action.trimTrailingWhitespace
chat_system/resources/views/user/auth/reset_password.blade.php: Using EditorConfig core...
resources/views/user/auth/reset_password.blade.php: editor.action.trimTrailingWhitespace
chat_system/resources/views/user/auth/reset_password.blade.php: Using EditorConfig core...
resources/views/user/auth/reset_password.blade.php: editor.action.trimTrailingWhitespace
chat_system/resources/views/user/auth/reset_password.blade.php: Using EditorConfig core...
resources/views/user/auth/reset_password.blade.php: editor.action.trimTrailingWhitespace
chat_system/resources/views/user/auth/reset_password.blade.php: Using EditorConfig core...
resources/views/user/auth/reset_password.blade.php: editor.action.trimTrailingWhitespace
chat_system/resources/views/user/auth/reset_password.blade.php: Using EditorConfig core...
resources/views/user/auth/reset_password.blade.php: editor.action.trimTrailingWhitespace
chat_system/resources/views/user/auth/reset_password.blade.php: Using EditorConfig core...
resources/views/user/auth/reset_password.blade.php: editor.action.trimTrailingWhitespace
chat_system/resources/views/user/auth/reset_password.blade.php: Using EditorConfig core...
resources/views/user/auth/reset_password.blade.php: editor.action.trimTrailingWhitespace
chat_system/resources/views/user/auth/reset_password.blade.php: Using EditorConfig core...
resources/views/user/auth/reset_password.blade.php: editor.action.trimTrailingWhitespace
chat_system/resources/views/user/auth/reset_password.blade.php: Using EditorConfig core...
resources/views/user/auth/reset_password.blade.php: editor.action.trimTrailingWhitespace
chat_system/resources/views/user/auth/reset_password.blade.php: {"insertSpaces":true,"tabSize":4}
chat_system/resources/views/user/auth/forgot_password.blade.php: {"insertSpaces":true,"tabSize":4}
chat_system/app/Http/Controllers/User/AuthController.php: {"insertSpaces":true,"tabSize":4}
chat_system/app/Http/Controllers/User/AuthController.php: Using EditorConfig core...
app/Http/Controllers/User/AuthController.php: editor.action.trimTrailingWhitespace
chat_system/app/Http/Controllers/User/AuthController.php: Using EditorConfig core...
app/Http/Controllers/User/AuthController.php: editor.action.trimTrailingWhitespace
chat_system/app/Http/Controllers/User/AuthController.php: Using EditorConfig core...
app/Http/Controllers/User/AuthController.php: editor.action.trimTrailingWhitespace
chat_system/app/Http/Controllers/User/AuthController.php: Using EditorConfig core...
app/Http/Controllers/User/AuthController.php: editor.action.trimTrailingWhitespace
chat_system/app/Http/Controllers/User/AuthController.php: Using EditorConfig core...
app/Http/Controllers/User/AuthController.php: editor.action.trimTrailingWhitespace
chat_system/app/Http/Controllers/User/AuthController.php: Using EditorConfig core...
app/Http/Controllers/User/AuthController.php: editor.action.trimTrailingWhitespace
chat_system/app/Http/Controllers/User/AuthController.php: Using EditorConfig core...
app/Http/Controllers/User/AuthController.php: editor.action.trimTrailingWhitespace
chat_system/app/Http/Controllers/User/AuthController.php: Using EditorConfig core...
app/Http/Controllers/User/AuthController.php: editor.action.trimTrailingWhitespace
chat_system/app/Http/Controllers/User/AuthController.php: Using EditorConfig core...
app/Http/Controllers/User/AuthController.php: editor.action.trimTrailingWhitespace
chat_system/app/Http/Controllers/User/AuthController.php: Using EditorConfig core...
app/Http/Controllers/User/AuthController.php: editor.action.trimTrailingWhitespace
chat_system/app/Http/Controllers/User/AuthController.php: Using EditorConfig core...
app/Http/Controllers/User/AuthController.php: editor.action.trimTrailingWhitespace
chat_system/app/Http/Controllers/User/AuthController.php: Using EditorConfig core...
app/Http/Controllers/User/AuthController.php: editor.action.trimTrailingWhitespace
chat_system/app/Http/Controllers/User/AuthController.php: {"insertSpaces":true,"tabSize":4}
chat_system/app/Http/Controllers/User/AuthController.php: Using EditorConfig core...
app/Http/Controllers/User/AuthController.php: editor.action.trimTrailingWhitespace
chat_system/app/Http/Controllers/User/AuthController.php: Using EditorConfig core...
app/Http/Controllers/User/AuthController.php: editor.action.trimTrailingWhitespace
chat_system/app/Http/Controllers/User/AuthController.php: {"insertSpaces":true,"tabSize":4}
chat_system/app/Http/Controllers/User/AuthController.php: Using EditorConfig core...
app/Http/Controllers/User/AuthController.php: editor.action.trimTrailingWhitespace
chat_system/app/Http/Controllers/User/AuthController.php: Using EditorConfig core...
app/Http/Controllers/User/AuthController.php: editor.action.trimTrailingWhitespace
chat_system/app/Http/Controllers/User/AuthController.php: Using EditorConfig core...
app/Http/Controllers/User/AuthController.php: editor.action.trimTrailingWhitespace
chat_system/app/Http/Controllers/User/AuthController.php: Using EditorConfig core...
app/Http/Controllers/User/AuthController.php: editor.action.trimTrailingWhitespace
chat_system/app/Http/Controllers/User/AuthController.php: Using EditorConfig core...
app/Http/Controllers/User/AuthController.php: editor.action.trimTrailingWhitespace
chat_system/app/Http/Controllers/User/AuthController.php: Using EditorConfig core...
app/Http/Controllers/User/AuthController.php: editor.action.trimTrailingWhitespace
chat_system/app/Http/Controllers/User/AuthController.php: Using EditorConfig core...
app/Http/Controllers/User/AuthController.php: editor.action.trimTrailingWhitespace
chat_system/app/Http/Controllers/User/AuthController.php: Using EditorConfig core...
app/Http/Controllers/User/AuthController.php: editor.action.trimTrailingWhitespace
chat_system/app/Http/Controllers/User/AuthController.php: Using EditorConfig core...
app/Http/Controllers/User/AuthController.php: editor.action.trimTrailingWhitespace
chat_system/app/Http/Controllers/User/AuthController.php: {"insertSpaces":true,"tabSize":4}
chat_system/app/Http/Controllers/User/AuthController.php: Using EditorConfig core...
app/Http/Controllers/User/AuthController.php: editor.action.trimTrailingWhitespace
chat_system/app/Http/Controllers/User/AuthController.php: Using EditorConfig core...
app/Http/Controllers/User/AuthController.php: editor.action.trimTrailingWhitespace
chat_system/app/Http/Controllers/User/AuthController.php: Using EditorConfig core...
app/Http/Controllers/User/AuthController.php: editor.action.trimTrailingWhitespace
chat_system/app/Http/Controllers/User/AuthController.php: Using EditorConfig core...
app/Http/Controllers/User/AuthController.php: editor.action.trimTrailingWhitespace
chat_system/app/Http/Controllers/User/AuthController.php: Using EditorConfig core...
app/Http/Controllers/User/AuthController.php: editor.action.trimTrailingWhitespace
chat_system/app/Http/Controllers/User/AuthController.php: Using EditorConfig core...
app/Http/Controllers/User/AuthController.php: editor.action.trimTrailingWhitespace
chat_system/app/Http/Controllers/User/AuthController.php: Using EditorConfig core...
app/Http/Controllers/User/AuthController.php: editor.action.trimTrailingWhitespace
chat_system/app/Http/Controllers/User/AuthController.php: Using EditorConfig core...
app/Http/Controllers/User/AuthController.php: editor.action.trimTrailingWhitespace
chat_system/app/Http/Controllers/User/AuthController.php: Using EditorConfig core...
app/Http/Controllers/User/AuthController.php: editor.action.trimTrailingWhitespace
chat_system/app/Http/Controllers/User/AuthController.php: Using EditorConfig core...
app/Http/Controllers/User/AuthController.php: editor.action.trimTrailingWhitespace
chat_system/app/Http/Controllers/User/AuthController.php: Using EditorConfig core...
app/Http/Controllers/User/AuthController.php: editor.action.trimTrailingWhitespace
chat_system/app/Http/Controllers/User/AuthController.php: {"insertSpaces":true,"tabSize":4}
chat_system/app/Http/Controllers/User/AuthController.php: Using EditorConfig core...
app/Http/Controllers/User/AuthController.php: editor.action.trimTrailingWhitespace
chat_system/app/Http/Controllers/User/AuthController.php: Using EditorConfig core...
app/Http/Controllers/User/AuthController.php: editor.action.trimTrailingWhitespace
chat_system/app/Http/Controllers/User/AuthController.php: Using EditorConfig core...
app/Http/Controllers/User/AuthController.php: editor.action.trimTrailingWhitespace
chat_system/app/Http/Controllers/User/AuthController.php: Using EditorConfig core...
app/Http/Controllers/User/AuthController.php: editor.action.trimTrailingWhitespace
chat_system/app/Http/Controllers/User/AuthController.php: Using EditorConfig core...
app/Http/Controllers/User/AuthController.php: editor.action.trimTrailingWhitespace
chat_system/app/Http/Controllers/User/AuthController.php: Using EditorConfig core...
app/Http/Controllers/User/AuthController.php: editor.action.trimTrailingWhitespace
chat_system/app/Http/Controllers/User/AuthController.php: Using EditorConfig core...
app/Http/Controllers/User/AuthController.php: editor.action.trimTrailingWhitespace
chat_system/app/Http/Controllers/User/AuthController.php: Using EditorConfig core...
app/Http/Controllers/User/AuthController.php: editor.action.trimTrailingWhitespace
chat_system/app/Http/Controllers/User/AuthController.php: Using EditorConfig core...
app/Http/Controllers/User/AuthController.php: editor.action.trimTrailingWhitespace
chat_system/app/Http/Controllers/User/AuthController.php: Using EditorConfig core...
app/Http/Controllers/User/AuthController.php: editor.action.trimTrailingWhitespace
chat_system/app/Http/Controllers/User/AuthController.php: Using EditorConfig core...
app/Http/Controllers/User/AuthController.php: editor.action.trimTrailingWhitespace
chat_system/app/Http/Controllers/User/AuthController.php: Using EditorConfig core...
app/Http/Controllers/User/AuthController.php: editor.action.trimTrailingWhitespace
chat_system/app/Http/Controllers/User/AuthController.php: {"insertSpaces":true,"tabSize":4}
chat_system/app/Http/Controllers/User/AuthController.php: Using EditorConfig core...
app/Http/Controllers/User/AuthController.php: editor.action.trimTrailingWhitespace
chat_system/app/Http/Controllers/User/AuthController.php: {"insertSpaces":true,"tabSize":4}
chat_system/app/Http/Controllers/User/AuthController.php: Using EditorConfig core...
app/Http/Controllers/User/AuthController.php: editor.action.trimTrailingWhitespace
chat_system/app/Http/Controllers/User/AuthController.php: Using EditorConfig core...
app/Http/Controllers/User/AuthController.php: editor.action.trimTrailingWhitespace
chat_system/app/Http/Controllers/User/AuthController.php: Using EditorConfig core...
app/Http/Controllers/User/AuthController.php: editor.action.trimTrailingWhitespace
chat_system/app/Http/Controllers/User/AuthController.php: Using EditorConfig core...
app/Http/Controllers/User/AuthController.php: editor.action.trimTrailingWhitespace
chat_system/app/Http/Controllers/User/AuthController.php: Using EditorConfig core...
app/Http/Controllers/User/AuthController.php: editor.action.trimTrailingWhitespace
chat_system/app/Http/Controllers/User/AuthController.php: Using EditorConfig core...
app/Http/Controllers/User/AuthController.php: editor.action.trimTrailingWhitespace
chat_system/app/Http/Controllers/User/AuthController.php: Using EditorConfig core...
app/Http/Controllers/User/AuthController.php: editor.action.trimTrailingWhitespace
chat_system/app/Http/Controllers/User/AuthController.php: Using EditorConfig core...
app/Http/Controllers/User/AuthController.php: editor.action.trimTrailingWhitespace
chat_system/app/Http/Controllers/User/AuthController.php: Using EditorConfig core...
app/Http/Controllers/User/AuthController.php: editor.action.trimTrailingWhitespace
chat_system/app/Http/Controllers/User/AuthController.php: {"insertSpaces":true,"tabSize":4}
chat_system/app/Http/Controllers/User/AuthController.php: Using EditorConfig core...
app/Http/Controllers/User/AuthController.php: editor.action.trimTrailingWhitespace
chat_system/app/Http/Controllers/User/AuthController.php: Using EditorConfig core...
app/Http/Controllers/User/AuthController.php: editor.action.trimTrailingWhitespace
chat_system/app/Http/Controllers/User/AuthController.php: Using EditorConfig core...
app/Http/Controllers/User/AuthController.php: editor.action.trimTrailingWhitespace
chat_system/app/Http/Controllers/User/AuthController.php: Using EditorConfig core...
app/Http/Controllers/User/AuthController.php: editor.action.trimTrailingWhitespace
chat_system/app/Http/Controllers/User/AuthController.php: Using EditorConfig core...
app/Http/Controllers/User/AuthController.php: editor.action.trimTrailingWhitespace
chat_system/app/Http/Controllers/User/AuthController.php: Using EditorConfig core...
app/Http/Controllers/User/AuthController.php: editor.action.trimTrailingWhitespace
chat_system/app/Http/Controllers/User/AuthController.php: Using EditorConfig core...
app/Http/Controllers/User/AuthController.php: editor.action.trimTrailingWhitespace
chat_system/app/Http/Controllers/User/AuthController.php: Using EditorConfig core...
app/Http/Controllers/User/AuthController.php: editor.action.trimTrailingWhitespace
chat_system/app/Http/Controllers/User/AuthController.php: Using EditorConfig core...
app/Http/Controllers/User/AuthController.php: editor.action.trimTrailingWhitespace
chat_system/app/Http/Controllers/User/AuthController.php: Using EditorConfig core...
app/Http/Controllers/User/AuthController.php: editor.action.trimTrailingWhitespace
chat_system/app/Http/Controllers/User/AuthController.php: Using EditorConfig core...
app/Http/Controllers/User/AuthController.php: editor.action.trimTrailingWhitespace
chat_system/app/Http/Controllers/User/AuthController.php: Using EditorConfig core...
app/Http/Controllers/User/AuthController.php: editor.action.trimTrailingWhitespace
chat_system/app/Http/Controllers/User/AuthController.php: Using EditorConfig core...
app/Http/Controllers/User/AuthController.php: editor.action.trimTrailingWhitespace
chat_system/app/Http/Controllers/User/AuthController.php: Using EditorConfig core...
app/Http/Controllers/User/AuthController.php: editor.action.trimTrailingWhitespace
chat_system/app/Http/Controllers/User/AuthController.php: Using EditorConfig core...
app/Http/Controllers/User/AuthController.php: editor.action.trimTrailingWhitespace
chat_system/app/Http/Controllers/User/AuthController.php: Using EditorConfig core...
app/Http/Controllers/User/AuthController.php: editor.action.trimTrailingWhitespace
chat_system/app/Http/Controllers/User/AuthController.php: Using EditorConfig core...
app/Http/Controllers/User/AuthController.php: editor.action.trimTrailingWhitespace
chat_system/app/Http/Controllers/User/AuthController.php: Using EditorConfig core...
app/Http/Controllers/User/AuthController.php: editor.action.trimTrailingWhitespace
chat_system/app/Http/Controllers/User/AuthController.php: Using EditorConfig core...
app/Http/Controllers/User/AuthController.php: editor.action.trimTrailingWhitespace
chat_system/app/Http/Controllers/User/AuthController.php: Using EditorConfig core...
app/Http/Controllers/User/AuthController.php: editor.action.trimTrailingWhitespace
chat_system/app/Http/Controllers/User/AuthController.php: Using EditorConfig core...
app/Http/Controllers/User/AuthController.php: editor.action.trimTrailingWhitespace
chat_system/app/Http/Controllers/User/AuthController.php: Using EditorConfig core...
app/Http/Controllers/User/AuthController.php: editor.action.trimTrailingWhitespace
chat_system/app/Http/Controllers/User/AuthController.php: Using EditorConfig core...
app/Http/Controllers/User/AuthController.php: editor.action.trimTrailingWhitespace
chat_system/app/Http/Controllers/User/AuthController.php: Using EditorConfig core...
app/Http/Controllers/User/AuthController.php: editor.action.trimTrailingWhitespace
chat_system/app/Http/Controllers/User/AuthController.php: Using EditorConfig core...
app/Http/Controllers/User/AuthController.php: editor.action.trimTrailingWhitespace
chat_system/app/Http/Controllers/User/AuthController.php: Using EditorConfig core...
app/Http/Controllers/User/AuthController.php: editor.action.trimTrailingWhitespace
chat_system/app/Http/Controllers/User/AuthController.php: Using EditorConfig core...
app/Http/Controllers/User/AuthController.php: editor.action.trimTrailingWhitespace
chat_system/app/Http/Controllers/User/AuthController.php: Using EditorConfig core...
app/Http/Controllers/User/AuthController.php: editor.action.trimTrailingWhitespace
chat_system/app/Http/Controllers/User/AuthController.php: Using EditorConfig core...
app/Http/Controllers/User/AuthController.php: editor.action.trimTrailingWhitespace
chat_system/app/Http/Controllers/User/AuthController.php: Using EditorConfig core...
app/Http/Controllers/User/AuthController.php: editor.action.trimTrailingWhitespace
chat_system/app/Http/Controllers/User/AuthController.php: Using EditorConfig core...
app/Http/Controllers/User/AuthController.php: editor.action.trimTrailingWhitespace
chat_system/app/Http/Controllers/User/AuthController.php: Using EditorConfig core...
app/Http/Controllers/User/AuthController.php: editor.action.trimTrailingWhitespace
chat_system/app/Http/Controllers/User/AuthController.php: Using EditorConfig core...
app/Http/Controllers/User/AuthController.php: editor.action.trimTrailingWhitespace
chat_system/app/Http/Controllers/User/AuthController.php: Using EditorConfig core...
app/Http/Controllers/User/AuthController.php: editor.action.trimTrailingWhitespace
chat_system/app/Http/Controllers/User/AuthController.php: Using EditorConfig core...
app/Http/Controllers/User/AuthController.php: editor.action.trimTrailingWhitespace
chat_system/app/Http/Controllers/User/AuthController.php: Using EditorConfig core...
app/Http/Controllers/User/AuthController.php: editor.action.trimTrailingWhitespace
chat_system/app/Http/Controllers/User/AuthController.php: Using EditorConfig core...
app/Http/Controllers/User/AuthController.php: editor.action.trimTrailingWhitespace
chat_system/app/Http/Controllers/User/AuthController.php: Using EditorConfig core...
app/Http/Controllers/User/AuthController.php: editor.action.trimTrailingWhitespace
chat_system/app/Http/Controllers/User/AuthController.php: Using EditorConfig core...
app/Http/Controllers/User/AuthController.php: editor.action.trimTrailingWhitespace
chat_system/app/Http/Controllers/User/AuthController.php: Using EditorConfig core...
app/Http/Controllers/User/AuthController.php: editor.action.trimTrailingWhitespace
chat_system/app/Http/Controllers/User/AuthController.php: Using EditorConfig core...
app/Http/Controllers/User/AuthController.php: editor.action.trimTrailingWhitespace
chat_system/app/Http/Controllers/User/AuthController.php: Using EditorConfig core...
app/Http/Controllers/User/AuthController.php: editor.action.trimTrailingWhitespace
chat_system/app/Http/Controllers/User/AuthController.php: Using EditorConfig core...
app/Http/Controllers/User/AuthController.php: editor.action.trimTrailingWhitespace
chat_system/app/Http/Controllers/User/AuthController.php: Using EditorConfig core...
app/Http/Controllers/User/AuthController.php: editor.action.trimTrailingWhitespace
chat_system/app/Http/Controllers/User/AuthController.php: Using EditorConfig core...
app/Http/Controllers/User/AuthController.php: editor.action.trimTrailingWhitespace
chat_system/app/Http/Controllers/User/AuthController.php: Using EditorConfig core...
app/Http/Controllers/User/AuthController.php: editor.action.trimTrailingWhitespace
chat_system/app/Http/Controllers/User/AuthController.php: Using EditorConfig core...
app/Http/Controllers/User/AuthController.php: editor.action.trimTrailingWhitespace
chat_system/app/Http/Controllers/User/AuthController.php: Using EditorConfig core...
app/Http/Controllers/User/AuthController.php: editor.action.trimTrailingWhitespace
chat_system/app/Http/Controllers/User/AuthController.php: Using EditorConfig core...
app/Http/Controllers/User/AuthController.php: editor.action.trimTrailingWhitespace
chat_system/app/Http/Controllers/User/AuthController.php: Using EditorConfig core...
app/Http/Controllers/User/AuthController.php: editor.action.trimTrailingWhitespace
chat_system/app/Http/Controllers/User/AuthController.php: Using EditorConfig core...
app/Http/Controllers/User/AuthController.php: editor.action.trimTrailingWhitespace
chat_system/app/Http/Controllers/User/AuthController.php: Using EditorConfig core...
app/Http/Controllers/User/AuthController.php: editor.action.trimTrailingWhitespace
chat_system/app/Http/Controllers/User/AuthController.php: Using EditorConfig core...
app/Http/Controllers/User/AuthController.php: editor.action.trimTrailingWhitespace
chat_system/app/Http/Controllers/User/AuthController.php: Using EditorConfig core...
app/Http/Controllers/User/AuthController.php: editor.action.trimTrailingWhitespace
chat_system/app/Http/Controllers/User/AuthController.php: Using EditorConfig core...
app/Http/Controllers/User/AuthController.php: editor.action.trimTrailingWhitespace
chat_system/app/Http/Controllers/User/AuthController.php: Using EditorConfig core...
app/Http/Controllers/User/AuthController.php: editor.action.trimTrailingWhitespace
chat_system/app/Http/Controllers/User/AuthController.php: Using EditorConfig core...
app/Http/Controllers/User/AuthController.php: editor.action.trimTrailingWhitespace
chat_system/app/Http/Controllers/User/AuthController.php: Using EditorConfig core...
app/Http/Controllers/User/AuthController.php: editor.action.trimTrailingWhitespace
chat_system/app/Http/Controllers/User/AuthController.php: Using EditorConfig core...
app/Http/Controllers/User/AuthController.php: editor.action.trimTrailingWhitespace
chat_system/app/Http/Controllers/User/AuthController.php: Using EditorConfig core...
app/Http/Controllers/User/AuthController.php: editor.action.trimTrailingWhitespace
chat_system/app/Http/Controllers/User/AuthController.php: Using EditorConfig core...
app/Http/Controllers/User/AuthController.php: editor.action.trimTrailingWhitespace
chat_system/app/Http/Controllers/User/AuthController.php: {"insertSpaces":true,"tabSize":4}
chat_system/app/Http/Controllers/User/AuthController.php: {"insertSpaces":true,"tabSize":4}
chat_system/app/Notifications/InvoicePaid.php: {"insertSpaces":true,"tabSize":4}
chat_system/app/Notifications/InvoicePaid.php: {"insertSpaces":true,"tabSize":4}
chat_system/app/Notifications/InvoicePaid.php: {"insertSpaces":true,"tabSize":4}
chat_system/app/Http/Controllers/User/AuthController.php: {"insertSpaces":true,"tabSize":4}
chat_system/app/Notifications/ForgetPasswordUser.php: {"insertSpaces":true,"tabSize":4}
chat_system/app/Notifications/ForgetPasswordUser.php: {"insertSpaces":true,"tabSize":4}
chat_system/app/Http/Controllers/User/AuthController.php: {"insertSpaces":true,"tabSize":4}
chat_system/app/Http/Controllers/User/AuthController.php: Using EditorConfig core...
app/Http/Controllers/User/AuthController.php: editor.action.trimTrailingWhitespace
chat_system/app/Http/Controllers/User/AuthController.php: Using EditorConfig core...
app/Http/Controllers/User/AuthController.php: editor.action.trimTrailingWhitespace
chat_system/app/Http/Controllers/User/AuthController.php: Using EditorConfig core...
app/Http/Controllers/User/AuthController.php: editor.action.trimTrailingWhitespace
chat_system/app/Http/Controllers/User/AuthController.php: Using EditorConfig core...
app/Http/Controllers/User/AuthController.php: editor.action.trimTrailingWhitespace
chat_system/app/Http/Controllers/User/AuthController.php: Using EditorConfig core...
app/Http/Controllers/User/AuthController.php: editor.action.trimTrailingWhitespace
chat_system/app/Http/Controllers/User/AuthController.php: Using EditorConfig core...
app/Http/Controllers/User/AuthController.php: editor.action.trimTrailingWhitespace
chat_system/app/Http/Controllers/User/AuthController.php: Using EditorConfig core...
app/Http/Controllers/User/AuthController.php: editor.action.trimTrailingWhitespace
chat_system/app/Http/Controllers/User/AuthController.php: Using EditorConfig core...
app/Http/Controllers/User/AuthController.php: editor.action.trimTrailingWhitespace
chat_system/app/Http/Controllers/User/AuthController.php: Using EditorConfig core...
app/Http/Controllers/User/AuthController.php: editor.action.trimTrailingWhitespace
chat_system/app/Http/Controllers/User/AuthController.php: Using EditorConfig core...
app/Http/Controllers/User/AuthController.php: editor.action.trimTrailingWhitespace
chat_system/app/Http/Controllers/User/AuthController.php: Using EditorConfig core...
app/Http/Controllers/User/AuthController.php: editor.action.trimTrailingWhitespace
chat_system/app/Http/Controllers/User/AuthController.php: Using EditorConfig core...
app/Http/Controllers/User/AuthController.php: editor.action.trimTrailingWhitespace
chat_system/app/Http/Controllers/User/AuthController.php: Using EditorConfig core...
app/Http/Controllers/User/AuthController.php: editor.action.trimTrailingWhitespace
chat_system/app/Http/Controllers/User/AuthController.php: Using EditorConfig core...
app/Http/Controllers/User/AuthController.php: editor.action.trimTrailingWhitespace
chat_system/app/Http/Controllers/User/AuthController.php: Using EditorConfig core...
app/Http/Controllers/User/AuthController.php: editor.action.trimTrailingWhitespace
chat_system/app/Http/Controllers/User/AuthController.php: Using EditorConfig core...
app/Http/Controllers/User/AuthController.php: editor.action.trimTrailingWhitespace
chat_system/app/Http/Controllers/User/AuthController.php: Using EditorConfig core...
app/Http/Controllers/User/AuthController.php: editor.action.trimTrailingWhitespace
chat_system/app/Http/Controllers/User/AuthController.php: Using EditorConfig core...
app/Http/Controllers/User/AuthController.php: editor.action.trimTrailingWhitespace
chat_system/app/Http/Controllers/User/AuthController.php: Using EditorConfig core...
app/Http/Controllers/User/AuthController.php: editor.action.trimTrailingWhitespace
chat_system/app/Http/Controllers/User/AuthController.php: Using EditorConfig core...
app/Http/Controllers/User/AuthController.php: editor.action.trimTrailingWhitespace
chat_system/app/Http/Controllers/User/AuthController.php: Using EditorConfig core...
app/Http/Controllers/User/AuthController.php: editor.action.trimTrailingWhitespace
chat_system/app/Http/Controllers/User/AuthController.php: Using EditorConfig core...
app/Http/Controllers/User/AuthController.php: editor.action.trimTrailingWhitespace
chat_system/app/Http/Controllers/User/AuthController.php: Using EditorConfig core...
app/Http/Controllers/User/AuthController.php: editor.action.trimTrailingWhitespace
chat_system/app/Http/Controllers/User/AuthController.php: Using EditorConfig core...
app/Http/Controllers/User/AuthController.php: editor.action.trimTrailingWhitespace
chat_system/app/Http/Controllers/User/AuthController.php: Using EditorConfig core...
app/Http/Controllers/User/AuthController.php: editor.action.trimTrailingWhitespace
chat_system/app/Http/Controllers/User/AuthController.php: Using EditorConfig core...
app/Http/Controllers/User/AuthController.php: editor.action.trimTrailingWhitespace
chat_system/app/Http/Controllers/User/AuthController.php: Using EditorConfig core...
app/Http/Controllers/User/AuthController.php: editor.action.trimTrailingWhitespace
chat_system/app/Http/Controllers/User/AuthController.php: Using EditorConfig core...
app/Http/Controllers/User/AuthController.php: editor.action.trimTrailingWhitespace
chat_system/app/Http/Controllers/User/AuthController.php: Using EditorConfig core...
app/Http/Controllers/User/AuthController.php: editor.action.trimTrailingWhitespace
chat_system/app/Http/Controllers/User/AuthController.php: Using EditorConfig core...
app/Http/Controllers/User/AuthController.php: editor.action.trimTrailingWhitespace
chat_system/app/Http/Controllers/User/AuthController.php: Using EditorConfig core...
app/Http/Controllers/User/AuthController.php: editor.action.trimTrailingWhitespace
chat_system/app/Http/Controllers/User/AuthController.php: Using EditorConfig core...
app/Http/Controllers/User/AuthController.php: editor.action.trimTrailingWhitespace
chat_system/app/Http/Controllers/User/AuthController.php: Using EditorConfig core...
app/Http/Controllers/User/AuthController.php: editor.action.trimTrailingWhitespace
chat_system/app/Http/Controllers/User/AuthController.php: Using EditorConfig core...
app/Http/Controllers/User/AuthController.php: editor.action.trimTrailingWhitespace
chat_system/app/Http/Controllers/User/AuthController.php: Using EditorConfig core...
app/Http/Controllers/User/AuthController.php: editor.action.trimTrailingWhitespace
chat_system/app/Http/Controllers/User/AuthController.php: Using EditorConfig core...
app/Http/Controllers/User/AuthController.php: editor.action.trimTrailingWhitespace
chat_system/app/Http/Controllers/User/AuthController.php: Using EditorConfig core...
app/Http/Controllers/User/AuthController.php: editor.action.trimTrailingWhitespace
chat_system/app/Http/Controllers/User/AuthController.php: Using EditorConfig core...
app/Http/Controllers/User/AuthController.php: editor.action.trimTrailingWhitespace
chat_system/app/Http/Controllers/User/AuthController.php: Using EditorConfig core...
app/Http/Controllers/User/AuthController.php: editor.action.trimTrailingWhitespace
chat_system/app/Http/Controllers/User/AuthController.php: Using EditorConfig core...
app/Http/Controllers/User/AuthController.php: editor.action.trimTrailingWhitespace
chat_system/app/Http/Controllers/User/AuthController.php: Using EditorConfig core...
app/Http/Controllers/User/AuthController.php: editor.action.trimTrailingWhitespace
chat_system/app/Http/Controllers/User/AuthController.php: Using EditorConfig core...
app/Http/Controllers/User/AuthController.php: editor.action.trimTrailingWhitespace
chat_system/app/Http/Controllers/User/AuthController.php: Using EditorConfig core...
app/Http/Controllers/User/AuthController.php: editor.action.trimTrailingWhitespace
chat_system/app/Http/Controllers/User/AuthController.php: Using EditorConfig core...
app/Http/Controllers/User/AuthController.php: editor.action.trimTrailingWhitespace
chat_system/app/Http/Controllers/User/AuthController.php: Using EditorConfig core...
app/Http/Controllers/User/AuthController.php: editor.action.trimTrailingWhitespace
chat_system/app/Http/Controllers/User/AuthController.php: Using EditorConfig core...
app/Http/Controllers/User/AuthController.php: editor.action.trimTrailingWhitespace
chat_system/app/Http/Controllers/User/AuthController.php: Using EditorConfig core...
app/Http/Controllers/User/AuthController.php: editor.action.trimTrailingWhitespace
chat_system/app/Http/Controllers/User/AuthController.php: Using EditorConfig core...
app/Http/Controllers/User/AuthController.php: editor.action.trimTrailingWhitespace
chat_system/app/Http/Controllers/User/AuthController.php: Using EditorConfig core...
app/Http/Controllers/User/AuthController.php: editor.action.trimTrailingWhitespace
chat_system/app/Http/Controllers/User/AuthController.php: Using EditorConfig core...
app/Http/Controllers/User/AuthController.php: editor.action.trimTrailingWhitespace
chat_system/app/Http/Controllers/User/AuthController.php: Using EditorConfig core...
app/Http/Controllers/User/AuthController.php: editor.action.trimTrailingWhitespace
chat_system/app/Http/Controllers/User/AuthController.php: Using EditorConfig core...
app/Http/Controllers/User/AuthController.php: editor.action.trimTrailingWhitespace
chat_system/app/Http/Controllers/User/AuthController.php: Using EditorConfig core...
app/Http/Controllers/User/AuthController.php: editor.action.trimTrailingWhitespace
chat_system/app/Http/Controllers/User/AuthController.php: Using EditorConfig core...
app/Http/Controllers/User/AuthController.php: editor.action.trimTrailingWhitespace
chat_system/app/Http/Controllers/User/AuthController.php: Using EditorConfig core...
app/Http/Controllers/User/AuthController.php: editor.action.trimTrailingWhitespace
chat_system/app/Http/Controllers/User/AuthController.php: Using EditorConfig core...
app/Http/Controllers/User/AuthController.php: editor.action.trimTrailingWhitespace
chat_system/app/Http/Controllers/User/AuthController.php: Using EditorConfig core...
app/Http/Controllers/User/AuthController.php: editor.action.trimTrailingWhitespace
chat_system/app/Http/Controllers/User/AuthController.php: Using EditorConfig core...
app/Http/Controllers/User/AuthController.php: editor.action.trimTrailingWhitespace
chat_system/app/Http/Controllers/User/AuthController.php: Using EditorConfig core...
app/Http/Controllers/User/AuthController.php: editor.action.trimTrailingWhitespace
chat_system/app/Http/Controllers/User/AuthController.php: Using EditorConfig core...
app/Http/Controllers/User/AuthController.php: editor.action.trimTrailingWhitespace
chat_system/app/Http/Controllers/User/AuthController.php: Using EditorConfig core...
app/Http/Controllers/User/AuthController.php: editor.action.trimTrailingWhitespace
chat_system/app/Http/Controllers/User/AuthController.php: Using EditorConfig core...
app/Http/Controllers/User/AuthController.php: editor.action.trimTrailingWhitespace
chat_system/app/Http/Controllers/User/AuthController.php: Using EditorConfig core...
app/Http/Controllers/User/AuthController.php: editor.action.trimTrailingWhitespace
chat_system/app/Http/Controllers/User/AuthController.php: {"insertSpaces":true,"tabSize":4}
chat_system/routes/web.php: {"insertSpaces":true,"tabSize":4}
chat_system/routes/web.php: Using EditorConfig core...
routes/web.php: editor.action.trimTrailingWhitespace
chat_system/app/Http/Controllers/User/AuthController.php: {"insertSpaces":true,"tabSize":4}
chat_system/app/Http/Controllers/User/AuthController.php: Using EditorConfig core...
app/Http/Controllers/User/AuthController.php: editor.action.trimTrailingWhitespace
chat_system/app/Http/Controllers/User/AuthController.php: Using EditorConfig core...
app/Http/Controllers/User/AuthController.php: editor.action.trimTrailingWhitespace
chat_system/app/Http/Controllers/User/AuthController.php: Using EditorConfig core...
app/Http/Controllers/User/AuthController.php: editor.action.trimTrailingWhitespace
chat_system/app/Http/Controllers/User/AuthController.php: Using EditorConfig core...
app/Http/Controllers/User/AuthController.php: editor.action.trimTrailingWhitespace
chat_system/app/Http/Controllers/User/AuthController.php: Using EditorConfig core...
app/Http/Controllers/User/AuthController.php: editor.action.trimTrailingWhitespace
chat_system/app/Http/Controllers/User/AuthController.php: {"insertSpaces":true,"tabSize":4}
chat_system/app/Http/Controllers/User/AuthController.php: Using EditorConfig core...
app/Http/Controllers/User/AuthController.php: editor.action.trimTrailingWhitespace
chat_system/routes/web.php: {"insertSpaces":true,"tabSize":4}
chat_system/routes/web.php: Using EditorConfig core...
routes/web.php: editor.action.trimTrailingWhitespace
chat_system/routes/web.php: Using EditorConfig core...
routes/web.php: editor.action.trimTrailingWhitespace
chat_system/routes/web.php: Using EditorConfig core...
routes/web.php: editor.action.trimTrailingWhitespace
chat_system/routes/web.php: Using EditorConfig core...
routes/web.php: editor.action.trimTrailingWhitespace
chat_system/routes/web.php: Using EditorConfig core...
routes/web.php: editor.action.trimTrailingWhitespace
chat_system/routes/web.php: Using EditorConfig core...
routes/web.php: editor.action.trimTrailingWhitespace
chat_system/routes/web.php: Using EditorConfig core...
routes/web.php: editor.action.trimTrailingWhitespace
chat_system/app/Http/Controllers/User/AuthController.php: {"insertSpaces":true,"tabSize":4}
chat_system/app/Http/Controllers/User/AuthController.php: {"insertSpaces":true,"tabSize":4}
chat_system/resources/views/user/auth/reset_password.blade.php: {"insertSpaces":true,"tabSize":4}
chat_system/resources/views/user/auth/reset_password.blade.php: Using EditorConfig core...
resources/views/user/auth/reset_password.blade.php: editor.action.trimTrailingWhitespace
chat_system/resources/views/user/auth/reset_password.blade.php: Using EditorConfig core...
resources/views/user/auth/reset_password.blade.php: editor.action.trimTrailingWhitespace
chat_system/resources/views/user/auth/reset_password.blade.php: Using EditorConfig core...
resources/views/user/auth/reset_password.blade.php: editor.action.trimTrailingWhitespace
chat_system/resources/views/user/auth/reset_password.blade.php: Using EditorConfig core...
resources/views/user/auth/reset_password.blade.php: editor.action.trimTrailingWhitespace
chat_system/resources/views/user/auth/reset_password.blade.php: Using EditorConfig core...
resources/views/user/auth/reset_password.blade.php: editor.action.trimTrailingWhitespace
chat_system/resources/views/user/auth/reset_password.blade.php: Using EditorConfig core...
resources/views/user/auth/reset_password.blade.php: editor.action.trimTrailingWhitespace
chat_system/resources/views/user/auth/reset_password.blade.php: Using EditorConfig core...
resources/views/user/auth/reset_password.blade.php: editor.action.trimTrailingWhitespace
chat_system/resources/views/user/auth/reset_password.blade.php: Using EditorConfig core...
resources/views/user/auth/reset_password.blade.php: editor.action.trimTrailingWhitespace
chat_system/resources/views/user/auth/reset_password.blade.php: Using EditorConfig core...
resources/views/user/auth/reset_password.blade.php: editor.action.trimTrailingWhitespace
chat_system/resources/views/user/auth/reset_password.blade.php: Using EditorConfig core...
resources/views/user/auth/reset_password.blade.php: editor.action.trimTrailingWhitespace
chat_system/resources/views/user/auth/reset_password.blade.php: Using EditorConfig core...
resources/views/user/auth/reset_password.blade.php: editor.action.trimTrailingWhitespace
chat_system/resources/views/user/auth/reset_password.blade.php: Using EditorConfig core...
resources/views/user/auth/reset_password.blade.php: editor.action.trimTrailingWhitespace
chat_system/resources/views/user/auth/reset_password.blade.php: Using EditorConfig core...
resources/views/user/auth/reset_password.blade.php: editor.action.trimTrailingWhitespace
chat_system/resources/views/user/auth/reset_password.blade.php: Using EditorConfig core...
resources/views/user/auth/reset_password.blade.php: editor.action.trimTrailingWhitespace
chat_system/resources/views/user/auth/reset_password.blade.php: Using EditorConfig core...
resources/views/user/auth/reset_password.blade.php: editor.action.trimTrailingWhitespace
chat_system/resources/views/user/auth/reset_password.blade.php: Using EditorConfig core...
resources/views/user/auth/reset_password.blade.php: editor.action.trimTrailingWhitespace
chat_system/resources/views/user/auth/reset_password.blade.php: Using EditorConfig core...
resources/views/user/auth/reset_password.blade.php: editor.action.trimTrailingWhitespace
chat_system/resources/views/user/auth/reset_password.blade.php: Using EditorConfig core...
resources/views/user/auth/reset_password.blade.php: editor.action.trimTrailingWhitespace
chat_system/resources/views/user/auth/reset_password.blade.php: Using EditorConfig core...
resources/views/user/auth/reset_password.blade.php: editor.action.trimTrailingWhitespace
chat_system/resources/views/user/auth/reset_password.blade.php: Using EditorConfig core...
resources/views/user/auth/reset_password.blade.php: editor.action.trimTrailingWhitespace
chat_system/resources/views/user/auth/reset_password.blade.php: Using EditorConfig core...
resources/views/user/auth/reset_password.blade.php: editor.action.trimTrailingWhitespace
chat_system/resources/views/user/auth/reset_password.blade.php: Using EditorConfig core...
resources/views/user/auth/reset_password.blade.php: editor.action.trimTrailingWhitespace
chat_system/resources/views/user/auth/reset_password.blade.php: Using EditorConfig core...
resources/views/user/auth/reset_password.blade.php: editor.action.trimTrailingWhitespace
chat_system/resources/views/user/auth/reset_password.blade.php: Using EditorConfig core...
resources/views/user/auth/reset_password.blade.php: editor.action.trimTrailingWhitespace
chat_system/resources/views/user/auth/reset_password.blade.php: {"insertSpaces":true,"tabSize":4}
chat_system/routes/web.php: {"insertSpaces":true,"tabSize":4}
chat_system/routes/web.php: {"insertSpaces":true,"tabSize":4}
chat_system/routes/web.php: {"insertSpaces":true,"tabSize":4}
chat_system/app/Http/Controllers/User/AuthController.php: {"insertSpaces":true,"tabSize":4}
chat_system/app/Http/Controllers/User/AuthController.php: {"insertSpaces":true,"tabSize":4}
chat_system/app/Notifications/ForgetPasswordUser.php: {"insertSpaces":true,"tabSize":4}
chat_system/app/Notifications/ForgetPasswordUser.php: {"insertSpaces":true,"tabSize":4}
chat_system/app/Notifications/ForgetPasswordUser.php: {"insertSpaces":true,"tabSize":4}
chat_system/app/Notifications/ForgetPasswordUser.php: Using EditorConfig core...
app/Notifications/ForgetPasswordUser.php: editor.action.trimTrailingWhitespace
chat_system/app/Notifications/ForgetPasswordUser.php: {"insertSpaces":true,"tabSize":4}
chat_system/app/Notifications/ForgetPasswordUser.php: Using EditorConfig core...
app/Notifications/ForgetPasswordUser.php: editor.action.trimTrailingWhitespace
chat_system/app/Notifications/ForgetPasswordUser.php: Using EditorConfig core...
app/Notifications/ForgetPasswordUser.php: editor.action.trimTrailingWhitespace
chat_system/app/Notifications/ForgetPasswordUser.php: Using EditorConfig core...
app/Notifications/ForgetPasswordUser.php: editor.action.trimTrailingWhitespace
chat_system/app/Notifications/ForgetPasswordUser.php: {"insertSpaces":true,"tabSize":4}
chat_system/app/Notifications/ForgetPasswordUser.php: {"insertSpaces":true,"tabSize":4}
chat_system/app/Notifications/ForgetPasswordUser.php: {"insertSpaces":true,"tabSize":4}
chat_system/app/Notifications/ForgetPasswordUser.php: {"insertSpaces":true,"tabSize":4}
chat_system/app/Notifications/ForgetPasswordUser.php: {"insertSpaces":true,"tabSize":4}
chat_system/app/Notifications/ForgetPasswordUser.php: Using EditorConfig core...
app/Notifications/ForgetPasswordUser.php: editor.action.trimTrailingWhitespace
chat_system/app/Notifications/ForgetPasswordUser.php: Using EditorConfig core...
app/Notifications/ForgetPasswordUser.php: editor.action.trimTrailingWhitespace
chat_system/app/Notifications/ForgetPasswordUser.php: Using EditorConfig core...
app/Notifications/ForgetPasswordUser.php: editor.action.trimTrailingWhitespace
chat_system/app/Notifications/ForgetPasswordUser.php: Using EditorConfig core...
app/Notifications/ForgetPasswordUser.php: editor.action.trimTrailingWhitespace
chat_system/app/Notifications/ForgetPasswordUser.php: Using EditorConfig core...
app/Notifications/ForgetPasswordUser.php: editor.action.trimTrailingWhitespace
chat_system/app/Notifications/ForgetPasswordUser.php: {"insertSpaces":true,"tabSize":4}
chat_system/app/Notifications/ForgetPasswordUser.php: {"insertSpaces":true,"tabSize":4}
chat_system/app/Notifications/ForgetPasswordUser.php: Using EditorConfig core...
app/Notifications/ForgetPasswordUser.php: editor.action.trimTrailingWhitespace
chat_system/app/Notifications/ForgetPasswordUser.php: Using EditorConfig core...
app/Notifications/ForgetPasswordUser.php: editor.action.trimTrailingWhitespace
chat_system/app/Notifications/ForgetPasswordUser.php: Using EditorConfig core...
app/Notifications/ForgetPasswordUser.php: editor.action.trimTrailingWhitespace
chat_system/app/Notifications/ForgetPasswordUser.php: Using EditorConfig core...
app/Notifications/ForgetPasswordUser.php: editor.action.trimTrailingWhitespace
chat_system/app/Notifications/ForgetPasswordUser.php: {"insertSpaces":true,"tabSize":4}
chat_system/app/Notifications/ForgetPasswordUser.php: {"insertSpaces":true,"tabSize":4}
chat_system/app/Notifications/ForgetPasswordUser.php: {"insertSpaces":true,"tabSize":4}
chat_system/resources/views/user/auth/reset_password.blade.php: {"insertSpaces":true,"tabSize":4}
chat_system/app/Notifications/ForgetPasswordUser.php: {"insertSpaces":true,"tabSize":4}
chat_system/app/Http/Controllers/User/AuthController.php: {"insertSpaces":true,"tabSize":4}
chat_system/app/Http/Controllers/User/AuthController.php: {"insertSpaces":true,"tabSize":4}
chat_system/app/Http/Controllers/User/AuthController.php: {"insertSpaces":true,"tabSize":4}
chat_system/app/Notifications/ForgetPasswordUser.php: {"insertSpaces":true,"tabSize":4}
chat_system/app/Notifications/ForgetPasswordUser.php: {"insertSpaces":true,"tabSize":4}
chat_system/app/Http/Controllers/User/AuthController.php: {"insertSpaces":true,"tabSize":4}
chat_system/resources/views/user/auth/reset_password.blade.php: {"insertSpaces":true,"tabSize":4}
chat_system/app/Http/Controllers/User/AuthController.php: {"insertSpaces":true,"tabSize":4}
chat_system/app/Http/Controllers/User/AuthController.php: Using EditorConfig core...
app/Http/Controllers/User/AuthController.php: editor.action.trimTrailingWhitespace
chat_system/app/Http/Controllers/User/AuthController.php: Using EditorConfig core...
app/Http/Controllers/User/AuthController.php: editor.action.trimTrailingWhitespace
chat_system/app/Http/Controllers/User/AuthController.php: Using EditorConfig core...
app/Http/Controllers/User/AuthController.php: editor.action.trimTrailingWhitespace
chat_system/app/Http/Controllers/User/AuthController.php: Using EditorConfig core...
app/Http/Controllers/User/AuthController.php: editor.action.trimTrailingWhitespace
chat_system/app/Http/Controllers/User/AuthController.php: Using EditorConfig core...
app/Http/Controllers/User/AuthController.php: editor.action.trimTrailingWhitespace
chat_system/app/Http/Controllers/User/AuthController.php: Using EditorConfig core...
app/Http/Controllers/User/AuthController.php: editor.action.trimTrailingWhitespace
chat_system/app/Http/Controllers/User/AuthController.php: Using EditorConfig core...
app/Http/Controllers/User/AuthController.php: editor.action.trimTrailingWhitespace
chat_system/app/Http/Controllers/User/AuthController.php: {"insertSpaces":true,"tabSize":4}
chat_system/app/Http/Controllers/User/AuthController.php: {"insertSpaces":true,"tabSize":4}
chat_system/app/Http/Controllers/User/AuthController.php: Using EditorConfig core...
app/Http/Controllers/User/AuthController.php: editor.action.trimTrailingWhitespace
chat_system/app/Http/Controllers/User/AuthController.php: Using EditorConfig core...
app/Http/Controllers/User/AuthController.php: editor.action.trimTrailingWhitespace
chat_system/app/Http/Controllers/User/AuthController.php: Using EditorConfig core...
app/Http/Controllers/User/AuthController.php: editor.action.trimTrailingWhitespace
chat_system/app/Http/Controllers/User/AuthController.php: Using EditorConfig core...
app/Http/Controllers/User/AuthController.php: editor.action.trimTrailingWhitespace
chat_system/app/Http/Controllers/User/AuthController.php: Using EditorConfig core...
app/Http/Controllers/User/AuthController.php: editor.action.trimTrailingWhitespace
chat_system/app/Http/Controllers/User/AuthController.php: Using EditorConfig core...
app/Http/Controllers/User/AuthController.php: editor.action.trimTrailingWhitespace
chat_system/app/Http/Controllers/User/AuthController.php: Using EditorConfig core...
app/Http/Controllers/User/AuthController.php: editor.action.trimTrailingWhitespace
chat_system/resources/views/user/auth/signup.blade.php: {"insertSpaces":true,"tabSize":4}
chat_system/app/Http/Controllers/User/AuthController.php: {"insertSpaces":true,"tabSize":4}
chat_system/app/Notifications/ForgetPasswordUser.php: {"insertSpaces":true,"tabSize":4}
chat_system/resources/views/user/auth/signup.blade.php: {"insertSpaces":true,"tabSize":4}
chat_system/resources/views/user/auth/signup.blade.php: {"insertSpaces":true,"tabSize":4}
chat_system/resources/views/user/auth/signup.blade.php: {"insertSpaces":true,"tabSize":4}
chat_system/resources/views/user/auth/signup.blade.php: {"insertSpaces":true,"tabSize":4}
chat_system/resources/views/user/auth/signup.blade.php: {"insertSpaces":true,"tabSize":4}
chat_system/resources/views/user/auth/signup.blade.php: {"insertSpaces":true,"tabSize":4}
No more open editors.
chat_system/.env: {"insertSpaces":true,"tabSize":4}
chat_system/.env: Using EditorConfig core...
.env: editor.action.trimTrailingWhitespace
chat_system/.env: Using EditorConfig core...
.env: editor.action.trimTrailingWhitespace
chat_system/.env: Using EditorConfig core...
.env: editor.action.trimTrailingWhitespace
chat_system/.env: Using EditorConfig core...
.env: editor.action.trimTrailingWhitespace
chat_system/.env: Using EditorConfig core...
.env: editor.action.trimTrailingWhitespace
chat_system/.env: Using EditorConfig core...
.env: editor.action.trimTrailingWhitespace
chat_system/.env: Using EditorConfig core...
.env: editor.action.trimTrailingWhitespace
chat_system/.env: Using EditorConfig core...
.env: editor.action.trimTrailingWhitespace
chat_system/.env: {"insertSpaces":true,"tabSize":4}
chat_system/resources/views/user/auth/reset_password.blade.php: {"insertSpaces":true,"tabSize":4}
chat_system/resources/views/user/auth/reset_password.blade.php: {"insertSpaces":true,"tabSize":4}
chat_system/app/Http/Controllers/User/AuthController.php: {"insertSpaces":true,"tabSize":4}
chat_system/app/Notifications/ForgetPasswordUser.php: {"insertSpaces":true,"tabSize":4}
chat_system/app/Notifications/ForgetPasswordUser.php: Using EditorConfig core...
app/Notifications/ForgetPasswordUser.php: editor.action.trimTrailingWhitespace
chat_system/app/Notifications/ForgetPasswordUser.php: Using EditorConfig core...
app/Notifications/ForgetPasswordUser.php: editor.action.trimTrailingWhitespace
chat_system/app/Notifications/ForgetPasswordUser.php: Using EditorConfig core...
app/Notifications/ForgetPasswordUser.php: editor.action.trimTrailingWhitespace
chat_system/app/Notifications/ForgetPasswordUser.php: Using EditorConfig core...
app/Notifications/ForgetPasswordUser.php: editor.action.trimTrailingWhitespace
chat_system/app/Notifications/ForgetPasswordUser.php: {"insertSpaces":true,"tabSize":4}
chat_system/app/Notifications/ForgetPasswordUser.php: {"insertSpaces":true,"tabSize":4}
chat_system/app/Notifications/ForgetPasswordUser.php: {"insertSpaces":true,"tabSize":4}
chat_system/app/Notifications/ForgetPasswordUser.php: {"insertSpaces":true,"tabSize":4}
chat_system/app/Http/Controllers/User/AuthController.php: {"insertSpaces":true,"tabSize":4}
chat_system/app/Notifications/ForgetPasswordUser.php: {"insertSpaces":true,"tabSize":4}
chat_system/app/Notifications/ForgetPasswordUser.php: Using EditorConfig core...
app/Notifications/ForgetPasswordUser.php: editor.action.trimTrailingWhitespace
chat_system/app/Notifications/ForgetPasswordUser.php: Using EditorConfig core...
app/Notifications/ForgetPasswordUser.php: editor.action.trimTrailingWhitespace
chat_system/app/Notifications/ForgetPasswordUser.php: Using EditorConfig core...
app/Notifications/ForgetPasswordUser.php: editor.action.trimTrailingWhitespace
chat_system/app/Notifications/ForgetPasswordUser.php: Using EditorConfig core...
app/Notifications/ForgetPasswordUser.php: editor.action.trimTrailingWhitespace
chat_system/app/Notifications/ForgetPasswordUser.php: Using EditorConfig core...
app/Notifications/ForgetPasswordUser.php: editor.action.trimTrailingWhitespace
chat_system/app/Notifications/ForgetPasswordUser.php: Using EditorConfig core...
app/Notifications/ForgetPasswordUser.php: editor.action.trimTrailingWhitespace
chat_system/app/Notifications/ForgetPasswordUser.php: Using EditorConfig core...
app/Notifications/ForgetPasswordUser.php: editor.action.trimTrailingWhitespace
chat_system/app/Notifications/ForgetPasswordUser.php: Using EditorConfig core...
app/Notifications/ForgetPasswordUser.php: editor.action.trimTrailingWhitespace
chat_system/app/Notifications/ForgetPasswordUser.php: Using EditorConfig core...
app/Notifications/ForgetPasswordUser.php: editor.action.trimTrailingWhitespace
chat_system/app/Notifications/ForgetPasswordUser.php: Using EditorConfig core...
app/Notifications/ForgetPasswordUser.php: editor.action.trimTrailingWhitespace
chat_system/app/Notifications/ForgetPasswordUser.php: Using EditorConfig core...
app/Notifications/ForgetPasswordUser.php: editor.action.trimTrailingWhitespace
chat_system/app/Notifications/ForgetPasswordUser.php: Using EditorConfig core...
app/Notifications/ForgetPasswordUser.php: editor.action.trimTrailingWhitespace
chat_system/app/Notifications/ForgetPasswordUser.php: Using EditorConfig core...
app/Notifications/ForgetPasswordUser.php: editor.action.trimTrailingWhitespace
chat_system/app/Notifications/ForgetPasswordUser.php: Using EditorConfig core...
app/Notifications/ForgetPasswordUser.php: editor.action.trimTrailingWhitespace
chat_system/app/Notifications/ForgetPasswordUser.php: Using EditorConfig core...
app/Notifications/ForgetPasswordUser.php: editor.action.trimTrailingWhitespace
chat_system/app/Notifications/ForgetPasswordUser.php: Using EditorConfig core...
app/Notifications/ForgetPasswordUser.php: editor.action.trimTrailingWhitespace
chat_system/app/Notifications/ForgetPasswordUser.php: Using EditorConfig core...
app/Notifications/ForgetPasswordUser.php: editor.action.trimTrailingWhitespace
chat_system/app/Notifications/ForgetPasswordUser.php: Using EditorConfig core...
app/Notifications/ForgetPasswordUser.php: editor.action.trimTrailingWhitespace
chat_system/app/Notifications/ForgetPasswordUser.php: Using EditorConfig core...
app/Notifications/ForgetPasswordUser.php: editor.action.trimTrailingWhitespace
chat_system/app/Notifications/ForgetPasswordUser.php: Using EditorConfig core...
app/Notifications/ForgetPasswordUser.php: editor.action.trimTrailingWhitespace
chat_system/app/Notifications/ForgetPasswordUser.php: Using EditorConfig core...
app/Notifications/ForgetPasswordUser.php: editor.action.trimTrailingWhitespace
chat_system/app/Notifications/ForgetPasswordUser.php: Using EditorConfig core...
app/Notifications/ForgetPasswordUser.php: editor.action.trimTrailingWhitespace
chat_system/app/Notifications/ForgetPasswordUser.php: Using EditorConfig core...
app/Notifications/ForgetPasswordUser.php: editor.action.trimTrailingWhitespace
chat_system/app/Notifications/ForgetPasswordUser.php: Using EditorConfig core...
app/Notifications/ForgetPasswordUser.php: editor.action.trimTrailingWhitespace
chat_system/app/Notifications/ForgetPasswordUser.php: Using EditorConfig core...
app/Notifications/ForgetPasswordUser.php: editor.action.trimTrailingWhitespace
chat_system/app/Notifications/ForgetPasswordUser.php: Using EditorConfig core...
app/Notifications/ForgetPasswordUser.php: editor.action.trimTrailingWhitespace
chat_system/app/Notifications/ForgetPasswordUser.php: Using EditorConfig core...
app/Notifications/ForgetPasswordUser.php: editor.action.trimTrailingWhitespace
chat_system/app/Notifications/ForgetPasswordUser.php: Using EditorConfig core...
app/Notifications/ForgetPasswordUser.php: editor.action.trimTrailingWhitespace
chat_system/app/Notifications/ForgetPasswordUser.php: Using EditorConfig core...
app/Notifications/ForgetPasswordUser.php: editor.action.trimTrailingWhitespace
chat_system/app/Notifications/ForgetPasswordUser.php: Using EditorConfig core...
app/Notifications/ForgetPasswordUser.php: editor.action.trimTrailingWhitespace
chat_system/app/Notifications/ForgetPasswordUser.php: Using EditorConfig core...
app/Notifications/ForgetPasswordUser.php: editor.action.trimTrailingWhitespace
chat_system/app/Notifications/ForgetPasswordUser.php: Using EditorConfig core...
app/Notifications/ForgetPasswordUser.php: editor.action.trimTrailingWhitespace
chat_system/app/Notifications/ForgetPasswordUser.php: {"insertSpaces":true,"tabSize":4}
chat_system/app/Notifications/ForgetPasswordUser.php: Using EditorConfig core...
app/Notifications/ForgetPasswordUser.php: editor.action.trimTrailingWhitespace
chat_system/app/Notifications/ForgetPasswordUser.php: Using EditorConfig core...
app/Notifications/ForgetPasswordUser.php: editor.action.trimTrailingWhitespace
chat_system/app/Notifications/ForgetPasswordUser.php: Using EditorConfig core...
app/Notifications/ForgetPasswordUser.php: editor.action.trimTrailingWhitespace
chat_system/app/Notifications/ForgetPasswordUser.php: Using EditorConfig core...
app/Notifications/ForgetPasswordUser.php: editor.action.trimTrailingWhitespace
chat_system/app/Notifications/ForgetPasswordUser.php: Using EditorConfig core...
app/Notifications/ForgetPasswordUser.php: editor.action.trimTrailingWhitespace
chat_system/app/Notifications/ForgetPasswordUser.php: Using EditorConfig core...
app/Notifications/ForgetPasswordUser.php: editor.action.trimTrailingWhitespace
chat_system/app/Notifications/ForgetPasswordUser.php: {"insertSpaces":true,"tabSize":4}
chat_system/vendor/laravel/framework/src/Illuminate/Notifications/Messages/MailMessage.php: {"insertSpaces":true,"tabSize":4}
chat_system/vendor/laravel/framework/src/Illuminate/Notifications/Messages/MailMessage.php: {"insertSpaces":true,"tabSize":4}
chat_system/app/Notifications/ForgetPasswordUser.php: {"insertSpaces":true,"tabSize":4}
chat_system/app/Notifications/ForgetPasswordUser.php: Using EditorConfig core...
app/Notifications/ForgetPasswordUser.php: editor.action.trimTrailingWhitespace
chat_system/app/Notifications/ForgetPasswordUser.php: Using EditorConfig core...
app/Notifications/ForgetPasswordUser.php: editor.action.trimTrailingWhitespace
chat_system/app/Notifications/ForgetPasswordUser.php: Using EditorConfig core...
app/Notifications/ForgetPasswordUser.php: editor.action.trimTrailingWhitespace
chat_system/app/Notifications/ForgetPasswordUser.php: Using EditorConfig core...
app/Notifications/ForgetPasswordUser.php: editor.action.trimTrailingWhitespace
chat_system/app/Notifications/ForgetPasswordUser.php: Using EditorConfig core...
app/Notifications/ForgetPasswordUser.php: editor.action.trimTrailingWhitespace
chat_system/app/Notifications/ForgetPasswordUser.php: {"insertSpaces":true,"tabSize":4}
chat_system/resources/views/user/auth/reset_password.blade.php: {"insertSpaces":true,"tabSize":4}
chat_system/.env: {"insertSpaces":true,"tabSize":4}
chat_system/.env: {"insertSpaces":true,"tabSize":4}
chat_system/.env: {"insertSpaces":true,"tabSize":4}
chat_system/.env: {"insertSpaces":true,"tabSize":4}
chat_system/resources/views/user/auth/reset_password.blade.php: {"insertSpaces":true,"tabSize":4}
chat_system/app/Http/Controllers/User/AuthController.php: {"insertSpaces":true,"tabSize":4}
chat_system/resources/views/user/auth/reset_password.blade.php: {"insertSpaces":true,"tabSize":4}
chat_system/app/Http/Controllers/User/AuthController.php: {"insertSpaces":true,"tabSize":4}
chat_system/app/Notifications/ForgetPasswordUser.php: {"insertSpaces":true,"tabSize":4}
chat_system/app/Notifications/ForgetPasswordUser.php: {"insertSpaces":true,"tabSize":4}
chat_system/app/Notifications/ForgetPasswordUser.php: {"insertSpaces":true,"tabSize":4}
chat_system/app/Notifications/ForgetPasswordUser.php: {"insertSpaces":true,"tabSize":4}
chat_system/app/Notifications/ForgetPasswordUser.php: {"insertSpaces":true,"tabSize":4}
chat_system/app/Notifications/ForgetPasswordUser.php: {"insertSpaces":true,"tabSize":4}
chat_system/resources/views/user/auth/reset_password.blade.php: {"insertSpaces":true,"tabSize":4}
chat_system/app/Http/Controllers/User/AuthController.php: {"insertSpaces":true,"tabSize":4}
chat_system/app/Http/Controllers/User/AuthController.php: Using EditorConfig core...
app/Http/Controllers/User/AuthController.php: editor.action.trimTrailingWhitespace
chat_system/app/Http/Controllers/User/AuthController.php: Using EditorConfig core...
app/Http/Controllers/User/AuthController.php: editor.action.trimTrailingWhitespace
chat_system/app/Http/Controllers/User/AuthController.php: Using EditorConfig core...
app/Http/Controllers/User/AuthController.php: editor.action.trimTrailingWhitespace
chat_system/app/Http/Controllers/User/AuthController.php: Using EditorConfig core...
app/Http/Controllers/User/AuthController.php: editor.action.trimTrailingWhitespace
chat_system/app/Notifications/ForgetPasswordUser.php: {"insertSpaces":true,"tabSize":4}
chat_system/app/Http/Controllers/User/AuthController.php: {"insertSpaces":true,"tabSize":4}
chat_system/resources/views/user/auth/reset_password.blade.php: {"insertSpaces":true,"tabSize":4}
chat_system/resources/views/user/auth/reset_password.blade.php: Using EditorConfig core...
resources/views/user/auth/reset_password.blade.php: editor.action.trimTrailingWhitespace
chat_system/resources/views/user/auth/reset_password.blade.php: Using EditorConfig core...
resources/views/user/auth/reset_password.blade.php: editor.action.trimTrailingWhitespace
chat_system/resources/views/user/auth/reset_password.blade.php: Using EditorConfig core...
resources/views/user/auth/reset_password.blade.php: editor.action.trimTrailingWhitespace
chat_system/resources/views/user/auth/reset_password.blade.php: Using EditorConfig core...
resources/views/user/auth/reset_password.blade.php: editor.action.trimTrailingWhitespace
chat_system/resources/views/user/auth/reset_password.blade.php: Using EditorConfig core...
resources/views/user/auth/reset_password.blade.php: editor.action.trimTrailingWhitespace
chat_system/resources/views/user/auth/reset_password.blade.php: Using EditorConfig core...
resources/views/user/auth/reset_password.blade.php: editor.action.trimTrailingWhitespace
chat_system/resources/views/user/auth/reset_password.blade.php: Using EditorConfig core...
resources/views/user/auth/reset_password.blade.php: editor.action.trimTrailingWhitespace
chat_system/resources/views/user/auth/reset_password.blade.php: Using EditorConfig core...
resources/views/user/auth/reset_password.blade.php: editor.action.trimTrailingWhitespace
chat_system/resources/views/user/auth/reset_password.blade.php: Using EditorConfig core...
resources/views/user/auth/reset_password.blade.php: editor.action.trimTrailingWhitespace
chat_system/resources/views/user/auth/reset_password.blade.php: Using EditorConfig core...
resources/views/user/auth/reset_password.blade.php: editor.action.trimTrailingWhitespace
chat_system/resources/views/user/auth/reset_password.blade.php: Using EditorConfig core...
resources/views/user/auth/reset_password.blade.php: editor.action.trimTrailingWhitespace
chat_system/routes/web.php: {"insertSpaces":true,"tabSize":4}
chat_system/routes/web.php: {"insertSpaces":true,"tabSize":4}
chat_system/app/Http/Controllers/User/AuthController.php: {"insertSpaces":true,"tabSize":4}
chat_system/app/Http/Middleware/User.php: {"insertSpaces":true,"tabSize":4}
chat_system/resources/views/user/auth/reset_password.blade.php: {"insertSpaces":true,"tabSize":4}
chat_system/resources/views/user/auth/reset_password.blade.php: Using EditorConfig core...
resources/views/user/auth/reset_password.blade.php: editor.action.trimTrailingWhitespace
chat_system/resources/views/user/auth/reset_password.blade.php: Using EditorConfig core...
resources/views/user/auth/reset_password.blade.php: editor.action.trimTrailingWhitespace
chat_system/resources/views/user/auth/reset_password.blade.php: Using EditorConfig core...
resources/views/user/auth/reset_password.blade.php: editor.action.trimTrailingWhitespace
chat_system/resources/views/user/auth/reset_password.blade.php: Using EditorConfig core...
resources/views/user/auth/reset_password.blade.php: editor.action.trimTrailingWhitespace
chat_system/resources/views/user/auth/reset_password.blade.php: Using EditorConfig core...
resources/views/user/auth/reset_password.blade.php: editor.action.trimTrailingWhitespace
chat_system/resources/views/user/auth/reset_password.blade.php: Using EditorConfig core...
resources/views/user/auth/reset_password.blade.php: editor.action.trimTrailingWhitespace
chat_system/resources/views/user/auth/reset_password.blade.php: Using EditorConfig core...
resources/views/user/auth/reset_password.blade.php: editor.action.trimTrailingWhitespace
chat_system/resources/views/user/auth/reset_password.blade.php: Using EditorConfig core...
resources/views/user/auth/reset_password.blade.php: editor.action.trimTrailingWhitespace
chat_system/resources/views/user/auth/reset_password.blade.php: Using EditorConfig core...
resources/views/user/auth/reset_password.blade.php: editor.action.trimTrailingWhitespace
chat_system/resources/views/user/auth/reset_password.blade.php: Using EditorConfig core...
resources/views/user/auth/reset_password.blade.php: editor.action.trimTrailingWhitespace
chat_system/resources/views/user/auth/reset_password.blade.php: Using EditorConfig core...
resources/views/user/auth/reset_password.blade.php: editor.action.trimTrailingWhitespace
chat_system/resources/views/user/auth/reset_password.blade.php: Using EditorConfig core...
resources/views/user/auth/reset_password.blade.php: editor.action.trimTrailingWhitespace
chat_system/resources/views/user/auth/reset_password.blade.php: Using EditorConfig core...
resources/views/user/auth/reset_password.blade.php: editor.action.trimTrailingWhitespace
chat_system/resources/views/user/auth/reset_password.blade.php: Using EditorConfig core...
resources/views/user/auth/reset_password.blade.php: editor.action.trimTrailingWhitespace
chat_system/app/Http/Controllers/User/AuthController.php: {"insertSpaces":true,"tabSize":4}
chat_system/app/Http/Controllers/User/AuthController.php: Using EditorConfig core...
app/Http/Controllers/User/AuthController.php: editor.action.trimTrailingWhitespace
chat_system/app/Http/Controllers/User/AuthController.php: Using EditorConfig core...
app/Http/Controllers/User/AuthController.php: editor.action.trimTrailingWhitespace
chat_system/app/Http/Controllers/User/AuthController.php: Using EditorConfig core...
app/Http/Controllers/User/AuthController.php: editor.action.trimTrailingWhitespace
chat_system/app/Http/Controllers/User/AuthController.php: Using EditorConfig core...
app/Http/Controllers/User/AuthController.php: editor.action.trimTrailingWhitespace
chat_system/app/Http/Controllers/User/AuthController.php: Using EditorConfig core...
app/Http/Controllers/User/AuthController.php: editor.action.trimTrailingWhitespace
chat_system/app/Http/Controllers/User/AuthController.php: Using EditorConfig core...
app/Http/Controllers/User/AuthController.php: editor.action.trimTrailingWhitespace
chat_system/app/Http/Controllers/User/AuthController.php: Using EditorConfig core...
app/Http/Controllers/User/AuthController.php: editor.action.trimTrailingWhitespace
chat_system/app/Http/Controllers/User/AuthController.php: Using EditorConfig core...
app/Http/Controllers/User/AuthController.php: editor.action.trimTrailingWhitespace
chat_system/app/Http/Controllers/User/AuthController.php: Using EditorConfig core...
app/Http/Controllers/User/AuthController.php: editor.action.trimTrailingWhitespace
chat_system/app/Http/Controllers/User/AuthController.php: Using EditorConfig core...
app/Http/Controllers/User/AuthController.php: editor.action.trimTrailingWhitespace
chat_system/app/Http/Controllers/User/AuthController.php: Using EditorConfig core...
app/Http/Controllers/User/AuthController.php: editor.action.trimTrailingWhitespace
chat_system/app/Http/Controllers/User/AuthController.php: Using EditorConfig core...
app/Http/Controllers/User/AuthController.php: editor.action.trimTrailingWhitespace
chat_system/app/Http/Controllers/User/AuthController.php: Using EditorConfig core...
app/Http/Controllers/User/AuthController.php: editor.action.trimTrailingWhitespace
chat_system/app/Http/Controllers/User/AuthController.php: Using EditorConfig core...
app/Http/Controllers/User/AuthController.php: editor.action.trimTrailingWhitespace
chat_system/app/Http/Controllers/User/AuthController.php: Using EditorConfig core...
app/Http/Controllers/User/AuthController.php: editor.action.trimTrailingWhitespace
chat_system/app/Http/Controllers/User/AuthController.php: {"insertSpaces":true,"tabSize":4}
chat_system/app/Http/Controllers/User/AuthController.php: {"insertSpaces":true,"tabSize":4}
chat_system/.env: {"insertSpaces":true,"tabSize":4}
chat_system/.env: {"insertSpaces":true,"tabSize":4}
chat_system/.env: {"insertSpaces":true,"tabSize":4}
chat_system/.env: {"insertSpaces":true,"tabSize":4}
chat_system/.env: {"insertSpaces":true,"tabSize":4}
