[Info  - 4:18:25 pm] Initialising intelephense 1.7.1
[Info  - 4:18:25 pm] Reading state from /var/www/html/chat_system/~/.vscode-root/User/workspaceStorage/a1724bc378757307ba4f9369e51b622d/bmewburn.vscode-intelephense-client/475f69b4.
[Info  - 4:18:28 pm] Initialised in 2869 ms
[Warn  - 4:18:29 pm] file:///var/www/html/chat_system/vendor/fakerphp/faker/src/Faker/Provider/nl_BE/Text.php is over the maximum file size of 1000000 bytes.
[Info  - 4:18:29 pm] Indexing started.
[Info  - 4:18:29 pm] Indexing ended. 3 files indexed in 0s.
[Info  - 4:18:29 pm] Writing state to /var/www/html/chat_system/~/.vscode-root/User/workspaceStorage/a1724bc378757307ba4f9369e51b622d/bmewburn.vscode-intelephense-client/475f69b4.
[Info  - 4:18:32 pm] Wrote state in 2.5s.
[Info  - 4:28:07 pm] Indexing started.
[Info  - 4:28:07 pm] Indexing ended. 1 files indexed in 0s.
[Info  - 4:33:42 pm] Indexing started.
[Info  - 4:33:42 pm] Indexing ended. 1 files indexed in 0s.
[Info  - 4:33:42 pm] Indexing started.
[Info  - 4:33:43 pm] Indexing ended. 1 files indexed in 0s.
[Info  - 4:33:43 pm] Indexing started.
[Info  - 4:33:43 pm] Indexing ended. 1 files indexed in 0s.
[Info  - 4:33:52 pm] Indexing started.
[Info  - 4:33:52 pm] Indexing ended. 1 files indexed in 0s.
[Info  - 4:34:40 pm] Indexing started.
[Info  - 4:34:40 pm] Indexing ended. 1 files indexed in 0s.
[Info  - 4:35:41 pm] Indexing started.
[Info  - 4:35:42 pm] Indexing ended. 1 files indexed in 0s.
[Info  - 4:35:48 pm] Indexing started.
[Info  - 4:35:48 pm] Indexing ended. 1 files indexed in 0s.
[Info  - 4:35:49 pm] Indexing started.
[Info  - 4:35:49 pm] Indexing ended. 2 files indexed in 0s.
[Info  - 4:35:54 pm] Indexing started.
[Info  - 4:35:54 pm] Indexing ended. 1 files indexed in 0s.
[Info  - 4:35:57 pm] Indexing started.
[Info  - 4:35:57 pm] Indexing ended. 2 files indexed in 0s.
[Info  - 4:35:58 pm] Indexing started.
[Info  - 4:35:58 pm] Indexing ended. 5 files indexed in 0s.
[Info  - 4:35:59 pm] Indexing started.
[Info  - 4:35:59 pm] Indexing ended. 2 files indexed in 0s.
[Info  - 4:35:59 pm] Indexing started.
[Info  - 4:35:59 pm] Indexing ended. 2 files indexed in 0s.
[Info  - 4:36:00 pm] Indexing started.
[Info  - 4:36:00 pm] Indexing ended. 4 files indexed in 0s.
[Info  - 4:36:26 pm] Indexing started.
[Info  - 4:36:26 pm] Indexing ended. 2 files indexed in 0s.
[Info  - 4:36:55 pm] Indexing started.
[Info  - 4:36:55 pm] Indexing ended. 1 files indexed in 0s.
[Info  - 4:49:16 pm] Indexing started.
[Info  - 4:49:16 pm] Indexing ended. 1 files indexed in 0s.
[Info  - 4:49:44 pm] Indexing started.
[Info  - 4:49:44 pm] Indexing ended. 1 files indexed in 0s.
[Info  - 4:50:04 pm] Indexing started.
[Info  - 4:50:04 pm] Indexing ended. 1 files indexed in 0s.
[Info  - 4:55:37 pm] Indexing started.
[Info  - 4:55:37 pm] Indexing ended. 1 files indexed in 0s.
[Info  - 4:55:44 pm] Indexing started.
[Info  - 4:55:44 pm] Indexing ended. 1 files indexed in 0s.
[Info  - 4:55:45 pm] Indexing started.
[Info  - 4:55:45 pm] Indexing ended. 4 files indexed in 0s.
[Info  - 4:56:21 pm] Indexing started.
[Info  - 4:56:21 pm] Indexing ended. 1 files indexed in 0s.
[Info  - 4:56:22 pm] Indexing started.
[Info  - 4:56:22 pm] Indexing ended. 1 files indexed in 0s.
[Info  - 4:56:31 pm] Indexing started.
[Info  - 4:56:31 pm] Indexing ended. 1 files indexed in 0s.
[Info  - 4:56:33 pm] Indexing started.
[Info  - 4:56:33 pm] Indexing ended. 8 files indexed in 0s.
[Info  - 4:56:34 pm] Indexing started.
[Info  - 4:56:34 pm] Indexing ended. 8 files indexed in 0s.
[Info  - 5:00:40 pm] Indexing started.
[Info  - 5:00:41 pm] Indexing ended. 13 files indexed in 0s.
[Info  - 5:24:33 pm] Indexing started.
[Info  - 5:24:33 pm] Indexing ended. 1 files indexed in 0s.
[Info  - 6:01:26 pm] Indexing started.
[Info  - 6:01:26 pm] Indexing ended. 1 files indexed in 0s.
[Info  - 6:01:29 pm] Indexing started.
[Info  - 6:01:30 pm] Indexing ended. 1 files indexed in 0s.
[Info  - 6:01:32 pm] Indexing started.
[Info  - 6:01:32 pm] Indexing ended. 2 files indexed in 0s.
[Info  - 6:01:33 pm] Indexing started.
[Info  - 6:01:33 pm] Indexing ended. 7 files indexed in 0s.
[Info  - 6:03:13 pm] Indexing started.
[Info  - 6:03:13 pm] Indexing ended. 1 files indexed in 0s.
[Info  - 6:03:16 pm] Indexing started.
[Info  - 6:03:16 pm] Indexing ended. 1 files indexed in 0s.
[Info  - 6:03:19 pm] Indexing started.
[Info  - 6:03:19 pm] Indexing ended. 1 files indexed in 0s.
[Info  - 6:03:22 pm] Indexing started.
[Info  - 6:03:23 pm] Indexing ended. 1 files indexed in 0s.
[Info  - 6:03:25 pm] Indexing started.
[Info  - 6:03:26 pm] Indexing ended. 1 files indexed in 0s.
[Info  - 6:03:27 pm] Indexing started.
[Info  - 6:03:27 pm] Indexing ended. 1 files indexed in 0s.
[Info  - 6:03:27 pm] Indexing started.
[Info  - 6:03:27 pm] Indexing ended. 3 files indexed in 0s.
[Info  - 6:03:29 pm] Indexing started.
[Info  - 6:03:29 pm] Indexing ended. 1 files indexed in 0s.
[Info  - 6:03:29 pm] Indexing started.
[Info  - 6:03:30 pm] Indexing ended. 4 files indexed in 0s.
