[2021-07-16 15:57:53.032] [renderer1] [error] Cannot read property 'substring' of undefined: TypeError: Cannot read property 'substring' of undefined
	at LinkProvider.provideDocumentLinks (/root/.vscode/extensions/stef-k.laravel-goto-controller-0.0.12/out/link.js:42:69)
	at /usr/share/code/resources/app/out/vs/workbench/services/extensions/node/extensionHostProcess.js:87:175547
	at /usr/share/code/resources/app/out/vs/workbench/services/extensions/node/extensionHostProcess.js:64:12043
	at new Promise (<anonymous>)
	at m (/usr/share/code/resources/app/out/vs/workbench/services/extensions/node/extensionHostProcess.js:64:12015)
	at B.provideLinks (/usr/share/code/resources/app/out/vs/workbench/services/extensions/node/extensionHostProcess.js:87:175527)
	at /usr/share/code/resources/app/out/vs/workbench/services/extensions/node/extensionHostProcess.js:87:192184
	at Ce._withAdapter (/usr/share/code/resources/app/out/vs/workbench/services/extensions/node/extensionHostProcess.js:87:180570)
	at Ce.$provideDocumentLinks (/usr/share/code/resources/app/out/vs/workbench/services/extensions/node/extensionHostProcess.js:87:192160)
	at l._doInvokeHandler (/usr/share/code/resources/app/out/vs/workbench/services/extensions/node/extensionHostProcess.js:91:12836)
	at l._invokeHandler (/usr/share/code/resources/app/out/vs/workbench/services/extensions/node/extensionHostProcess.js:91:12520)
	at l._receiveRequest (/usr/share/code/resources/app/out/vs/workbench/services/extensions/node/extensionHostProcess.js:91:11136)
	at l._receiveOneMessage (/usr/share/code/resources/app/out/vs/workbench/services/extensions/node/extensionHostProcess.js:91:9973)
	at /usr/share/code/resources/app/out/vs/workbench/services/extensions/node/extensionHostProcess.js:91:8074
	at fire (/usr/share/code/resources/app/out/vs/workbench/services/extensions/node/extensionHostProcess.js:57:1836)
	at S.fire (/usr/share/code/resources/app/out/vs/workbench/services/extensions/node/extensionHostProcess.js:65:15497)
	at /usr/share/code/resources/app/out/vs/workbench/services/extensions/node/extensionHostProcess.js:106:29764
	at fire (/usr/share/code/resources/app/out/vs/workbench/services/extensions/node/extensionHostProcess.js:57:1836)
	at S.fire (/usr/share/code/resources/app/out/vs/workbench/services/extensions/node/extensionHostProcess.js:65:15497)
	at t._receiveMessage (/usr/share/code/resources/app/out/vs/workbench/services/extensions/node/extensionHostProcess.js:65:20755)
	at /usr/share/code/resources/app/out/vs/workbench/services/extensions/node/extensionHostProcess.js:65:17641
	at fire (/usr/share/code/resources/app/out/vs/workbench/services/extensions/node/extensionHostProcess.js:57:1836)
	at acceptChunk (/usr/share/code/resources/app/out/vs/workbench/services/extensions/node/extensionHostProcess.js:65:12862)
	at /usr/share/code/resources/app/out/vs/workbench/services/extensions/node/extensionHostProcess.js:65:12210
	at Socket.v (/usr/share/code/resources/app/out/vs/workbench/services/extensions/node/extensionHostProcess.js:106:13195)
	at Socket.emit (events.js:315:20)
	at Socket.EventEmitter.emit (domain.js:467:12)
	at addChunk (internal/streams/readable.js:309:12)
	at readableAddChunk (internal/streams/readable.js:284:9)
	at Socket.Readable.push (internal/streams/readable.js:223:10)
	at Pipe.onStreamRead (internal/stream_base_commons.js:188:23)
[2021-07-16 16:01:46.964] [renderer1] [error] Cannot read property 'toLowerCase' of undefined: TypeError: Cannot read property 'toLowerCase' of undefined
    at new o (file:///usr/share/code/resources/app/out/vs/workbench/workbench.desktop.main.js:661:11600)
    at $ (file:///usr/share/code/resources/app/out/vs/workbench/workbench.desktop.main.js:661:14407)
    at file:///usr/share/code/resources/app/out/vs/workbench/workbench.desktop.main.js:661:15052
    at async Promise.all (index 3)
    at async f (file:///usr/share/code/resources/app/out/vs/workbench/workbench.desktop.main.js:661:14888)
    at async Promise.all (index 0)
[2021-07-16 16:02:02.524] [renderer1] [error] Cannot read property 'toLowerCase' of undefined: TypeError: Cannot read property 'toLowerCase' of undefined
    at new o (file:///usr/share/code/resources/app/out/vs/workbench/workbench.desktop.main.js:661:11600)
    at $ (file:///usr/share/code/resources/app/out/vs/workbench/workbench.desktop.main.js:661:14407)
    at file:///usr/share/code/resources/app/out/vs/workbench/workbench.desktop.main.js:661:15052
    at async Promise.all (index 3)
    at async f (file:///usr/share/code/resources/app/out/vs/workbench/workbench.desktop.main.js:661:14888)
    at async Promise.all (index 0)
[2021-07-16 16:02:09.948] [renderer1] [error] Cannot read property 'toLowerCase' of undefined: TypeError: Cannot read property 'toLowerCase' of undefined
    at new o (file:///usr/share/code/resources/app/out/vs/workbench/workbench.desktop.main.js:661:11600)
    at $ (file:///usr/share/code/resources/app/out/vs/workbench/workbench.desktop.main.js:661:14407)
    at file:///usr/share/code/resources/app/out/vs/workbench/workbench.desktop.main.js:661:15052
    at async Promise.all (index 3)
    at async f (file:///usr/share/code/resources/app/out/vs/workbench/workbench.desktop.main.js:661:14888)
    at async Promise.all (index 0)
[2021-07-16 16:02:11.289] [renderer1] [error] Cannot read property 'toLowerCase' of undefined: TypeError: Cannot read property 'toLowerCase' of undefined
    at new o (file:///usr/share/code/resources/app/out/vs/workbench/workbench.desktop.main.js:661:11600)
    at $ (file:///usr/share/code/resources/app/out/vs/workbench/workbench.desktop.main.js:661:14407)
    at file:///usr/share/code/resources/app/out/vs/workbench/workbench.desktop.main.js:661:15052
    at async Promise.all (index 3)
    at async f (file:///usr/share/code/resources/app/out/vs/workbench/workbench.desktop.main.js:661:14888)
    at async Promise.all (index 0)
[2021-07-16 16:02:14.843] [renderer1] [error] Cannot read property 'toLowerCase' of undefined: TypeError: Cannot read property 'toLowerCase' of undefined
    at new o (file:///usr/share/code/resources/app/out/vs/workbench/workbench.desktop.main.js:661:11600)
    at $ (file:///usr/share/code/resources/app/out/vs/workbench/workbench.desktop.main.js:661:14407)
    at file:///usr/share/code/resources/app/out/vs/workbench/workbench.desktop.main.js:661:15052
    at async Promise.all (index 3)
    at async f (file:///usr/share/code/resources/app/out/vs/workbench/workbench.desktop.main.js:661:14888)
    at async Promise.all (index 0)
[2021-07-16 16:04:20.024] [renderer1] [error] Cannot read property 'substring' of undefined: TypeError: Cannot read property 'substring' of undefined
	at LinkProvider.provideDocumentLinks (/root/.vscode/extensions/stef-k.laravel-goto-controller-0.0.12/out/link.js:42:69)
	at /usr/share/code/resources/app/out/vs/workbench/services/extensions/node/extensionHostProcess.js:87:175547
	at /usr/share/code/resources/app/out/vs/workbench/services/extensions/node/extensionHostProcess.js:64:12043
	at new Promise (<anonymous>)
	at m (/usr/share/code/resources/app/out/vs/workbench/services/extensions/node/extensionHostProcess.js:64:12015)
	at B.provideLinks (/usr/share/code/resources/app/out/vs/workbench/services/extensions/node/extensionHostProcess.js:87:175527)
	at /usr/share/code/resources/app/out/vs/workbench/services/extensions/node/extensionHostProcess.js:87:192184
	at Ce._withAdapter (/usr/share/code/resources/app/out/vs/workbench/services/extensions/node/extensionHostProcess.js:87:180570)
	at Ce.$provideDocumentLinks (/usr/share/code/resources/app/out/vs/workbench/services/extensions/node/extensionHostProcess.js:87:192160)
	at l._doInvokeHandler (/usr/share/code/resources/app/out/vs/workbench/services/extensions/node/extensionHostProcess.js:91:12836)
	at l._invokeHandler (/usr/share/code/resources/app/out/vs/workbench/services/extensions/node/extensionHostProcess.js:91:12520)
	at l._receiveRequest (/usr/share/code/resources/app/out/vs/workbench/services/extensions/node/extensionHostProcess.js:91:11136)
	at l._receiveOneMessage (/usr/share/code/resources/app/out/vs/workbench/services/extensions/node/extensionHostProcess.js:91:9973)
	at /usr/share/code/resources/app/out/vs/workbench/services/extensions/node/extensionHostProcess.js:91:8074
	at fire (/usr/share/code/resources/app/out/vs/workbench/services/extensions/node/extensionHostProcess.js:57:1836)
	at S.fire (/usr/share/code/resources/app/out/vs/workbench/services/extensions/node/extensionHostProcess.js:65:15497)
	at /usr/share/code/resources/app/out/vs/workbench/services/extensions/node/extensionHostProcess.js:106:29764
	at fire (/usr/share/code/resources/app/out/vs/workbench/services/extensions/node/extensionHostProcess.js:57:1836)
	at S.fire (/usr/share/code/resources/app/out/vs/workbench/services/extensions/node/extensionHostProcess.js:65:15497)
	at t._receiveMessage (/usr/share/code/resources/app/out/vs/workbench/services/extensions/node/extensionHostProcess.js:65:20755)
	at /usr/share/code/resources/app/out/vs/workbench/services/extensions/node/extensionHostProcess.js:65:17641
	at fire (/usr/share/code/resources/app/out/vs/workbench/services/extensions/node/extensionHostProcess.js:57:1836)
	at acceptChunk (/usr/share/code/resources/app/out/vs/workbench/services/extensions/node/extensionHostProcess.js:65:12862)
	at /usr/share/code/resources/app/out/vs/workbench/services/extensions/node/extensionHostProcess.js:65:12210
	at Socket.v (/usr/share/code/resources/app/out/vs/workbench/services/extensions/node/extensionHostProcess.js:106:13195)
	at Socket.emit (events.js:315:20)
	at Socket.EventEmitter.emit (domain.js:467:12)
	at addChunk (internal/streams/readable.js:309:12)
	at readableAddChunk (internal/streams/readable.js:284:9)
	at Socket.Readable.push (internal/streams/readable.js:223:10)
	at Pipe.onStreamRead (internal/stream_base_commons.js:188:23)
[2021-07-16 16:05:52.624] [renderer1] [error] Cannot read property 'substring' of undefined: TypeError: Cannot read property 'substring' of undefined
	at LinkProvider.provideDocumentLinks (/root/.vscode/extensions/stef-k.laravel-goto-controller-0.0.12/out/link.js:42:69)
	at /usr/share/code/resources/app/out/vs/workbench/services/extensions/node/extensionHostProcess.js:87:175547
	at /usr/share/code/resources/app/out/vs/workbench/services/extensions/node/extensionHostProcess.js:64:12043
	at new Promise (<anonymous>)
	at m (/usr/share/code/resources/app/out/vs/workbench/services/extensions/node/extensionHostProcess.js:64:12015)
	at B.provideLinks (/usr/share/code/resources/app/out/vs/workbench/services/extensions/node/extensionHostProcess.js:87:175527)
	at /usr/share/code/resources/app/out/vs/workbench/services/extensions/node/extensionHostProcess.js:87:192184
	at Ce._withAdapter (/usr/share/code/resources/app/out/vs/workbench/services/extensions/node/extensionHostProcess.js:87:180570)
	at Ce.$provideDocumentLinks (/usr/share/code/resources/app/out/vs/workbench/services/extensions/node/extensionHostProcess.js:87:192160)
	at l._doInvokeHandler (/usr/share/code/resources/app/out/vs/workbench/services/extensions/node/extensionHostProcess.js:91:12836)
	at l._invokeHandler (/usr/share/code/resources/app/out/vs/workbench/services/extensions/node/extensionHostProcess.js:91:12520)
	at l._receiveRequest (/usr/share/code/resources/app/out/vs/workbench/services/extensions/node/extensionHostProcess.js:91:11136)
	at l._receiveOneMessage (/usr/share/code/resources/app/out/vs/workbench/services/extensions/node/extensionHostProcess.js:91:9973)
	at /usr/share/code/resources/app/out/vs/workbench/services/extensions/node/extensionHostProcess.js:91:8074
	at fire (/usr/share/code/resources/app/out/vs/workbench/services/extensions/node/extensionHostProcess.js:57:1836)
	at S.fire (/usr/share/code/resources/app/out/vs/workbench/services/extensions/node/extensionHostProcess.js:65:15497)
	at /usr/share/code/resources/app/out/vs/workbench/services/extensions/node/extensionHostProcess.js:106:29764
	at fire (/usr/share/code/resources/app/out/vs/workbench/services/extensions/node/extensionHostProcess.js:57:1836)
	at S.fire (/usr/share/code/resources/app/out/vs/workbench/services/extensions/node/extensionHostProcess.js:65:15497)
	at t._receiveMessage (/usr/share/code/resources/app/out/vs/workbench/services/extensions/node/extensionHostProcess.js:65:20755)
	at /usr/share/code/resources/app/out/vs/workbench/services/extensions/node/extensionHostProcess.js:65:17641
	at fire (/usr/share/code/resources/app/out/vs/workbench/services/extensions/node/extensionHostProcess.js:57:1836)
	at acceptChunk (/usr/share/code/resources/app/out/vs/workbench/services/extensions/node/extensionHostProcess.js:65:12862)
	at /usr/share/code/resources/app/out/vs/workbench/services/extensions/node/extensionHostProcess.js:65:12210
	at Socket.v (/usr/share/code/resources/app/out/vs/workbench/services/extensions/node/extensionHostProcess.js:106:13195)
	at Socket.emit (events.js:315:20)
	at Socket.EventEmitter.emit (domain.js:467:12)
	at addChunk (internal/streams/readable.js:309:12)
	at readableAddChunk (internal/streams/readable.js:284:9)
	at Socket.Readable.push (internal/streams/readable.js:223:10)
	at Pipe.onStreamRead (internal/stream_base_commons.js:188:23)
[2021-07-16 16:06:00.891] [renderer1] [error] Cannot read property 'substring' of undefined: TypeError: Cannot read property 'substring' of undefined
	at LinkProvider.provideDocumentLinks (/root/.vscode/extensions/stef-k.laravel-goto-controller-0.0.12/out/link.js:42:69)
	at /usr/share/code/resources/app/out/vs/workbench/services/extensions/node/extensionHostProcess.js:87:175547
	at /usr/share/code/resources/app/out/vs/workbench/services/extensions/node/extensionHostProcess.js:64:12043
	at new Promise (<anonymous>)
	at m (/usr/share/code/resources/app/out/vs/workbench/services/extensions/node/extensionHostProcess.js:64:12015)
	at B.provideLinks (/usr/share/code/resources/app/out/vs/workbench/services/extensions/node/extensionHostProcess.js:87:175527)
	at /usr/share/code/resources/app/out/vs/workbench/services/extensions/node/extensionHostProcess.js:87:192184
	at Ce._withAdapter (/usr/share/code/resources/app/out/vs/workbench/services/extensions/node/extensionHostProcess.js:87:180570)
	at Ce.$provideDocumentLinks (/usr/share/code/resources/app/out/vs/workbench/services/extensions/node/extensionHostProcess.js:87:192160)
	at l._doInvokeHandler (/usr/share/code/resources/app/out/vs/workbench/services/extensions/node/extensionHostProcess.js:91:12836)
	at l._invokeHandler (/usr/share/code/resources/app/out/vs/workbench/services/extensions/node/extensionHostProcess.js:91:12520)
	at l._receiveRequest (/usr/share/code/resources/app/out/vs/workbench/services/extensions/node/extensionHostProcess.js:91:11136)
	at l._receiveOneMessage (/usr/share/code/resources/app/out/vs/workbench/services/extensions/node/extensionHostProcess.js:91:9973)
	at /usr/share/code/resources/app/out/vs/workbench/services/extensions/node/extensionHostProcess.js:91:8074
	at fire (/usr/share/code/resources/app/out/vs/workbench/services/extensions/node/extensionHostProcess.js:57:1836)
	at S.fire (/usr/share/code/resources/app/out/vs/workbench/services/extensions/node/extensionHostProcess.js:65:15497)
	at /usr/share/code/resources/app/out/vs/workbench/services/extensions/node/extensionHostProcess.js:106:29764
	at fire (/usr/share/code/resources/app/out/vs/workbench/services/extensions/node/extensionHostProcess.js:57:1836)
	at S.fire (/usr/share/code/resources/app/out/vs/workbench/services/extensions/node/extensionHostProcess.js:65:15497)
	at t._receiveMessage (/usr/share/code/resources/app/out/vs/workbench/services/extensions/node/extensionHostProcess.js:65:20755)
	at /usr/share/code/resources/app/out/vs/workbench/services/extensions/node/extensionHostProcess.js:65:17641
	at fire (/usr/share/code/resources/app/out/vs/workbench/services/extensions/node/extensionHostProcess.js:57:1836)
	at acceptChunk (/usr/share/code/resources/app/out/vs/workbench/services/extensions/node/extensionHostProcess.js:65:12862)
	at /usr/share/code/resources/app/out/vs/workbench/services/extensions/node/extensionHostProcess.js:65:12210
	at Socket.v (/usr/share/code/resources/app/out/vs/workbench/services/extensions/node/extensionHostProcess.js:106:13195)
	at Socket.emit (events.js:315:20)
	at Socket.EventEmitter.emit (domain.js:467:12)
	at addChunk (internal/streams/readable.js:309:12)
	at readableAddChunk (internal/streams/readable.js:284:9)
	at Socket.Readable.push (internal/streams/readable.js:223:10)
	at Pipe.onStreamRead (internal/stream_base_commons.js:188:23)
[2021-07-16 16:06:01.969] [renderer1] [error] Cannot read property 'substring' of undefined: TypeError: Cannot read property 'substring' of undefined
	at LinkProvider.provideDocumentLinks (/root/.vscode/extensions/stef-k.laravel-goto-controller-0.0.12/out/link.js:42:69)
	at /usr/share/code/resources/app/out/vs/workbench/services/extensions/node/extensionHostProcess.js:87:175547
	at /usr/share/code/resources/app/out/vs/workbench/services/extensions/node/extensionHostProcess.js:64:12043
	at new Promise (<anonymous>)
	at m (/usr/share/code/resources/app/out/vs/workbench/services/extensions/node/extensionHostProcess.js:64:12015)
	at B.provideLinks (/usr/share/code/resources/app/out/vs/workbench/services/extensions/node/extensionHostProcess.js:87:175527)
	at /usr/share/code/resources/app/out/vs/workbench/services/extensions/node/extensionHostProcess.js:87:192184
	at Ce._withAdapter (/usr/share/code/resources/app/out/vs/workbench/services/extensions/node/extensionHostProcess.js:87:180570)
	at Ce.$provideDocumentLinks (/usr/share/code/resources/app/out/vs/workbench/services/extensions/node/extensionHostProcess.js:87:192160)
	at l._doInvokeHandler (/usr/share/code/resources/app/out/vs/workbench/services/extensions/node/extensionHostProcess.js:91:12836)
	at l._invokeHandler (/usr/share/code/resources/app/out/vs/workbench/services/extensions/node/extensionHostProcess.js:91:12520)
	at l._receiveRequest (/usr/share/code/resources/app/out/vs/workbench/services/extensions/node/extensionHostProcess.js:91:11136)
	at l._receiveOneMessage (/usr/share/code/resources/app/out/vs/workbench/services/extensions/node/extensionHostProcess.js:91:9973)
	at /usr/share/code/resources/app/out/vs/workbench/services/extensions/node/extensionHostProcess.js:91:8074
	at fire (/usr/share/code/resources/app/out/vs/workbench/services/extensions/node/extensionHostProcess.js:57:1836)
	at S.fire (/usr/share/code/resources/app/out/vs/workbench/services/extensions/node/extensionHostProcess.js:65:15497)
	at /usr/share/code/resources/app/out/vs/workbench/services/extensions/node/extensionHostProcess.js:106:29764
	at fire (/usr/share/code/resources/app/out/vs/workbench/services/extensions/node/extensionHostProcess.js:57:1836)
	at S.fire (/usr/share/code/resources/app/out/vs/workbench/services/extensions/node/extensionHostProcess.js:65:15497)
	at t._receiveMessage (/usr/share/code/resources/app/out/vs/workbench/services/extensions/node/extensionHostProcess.js:65:20755)
	at /usr/share/code/resources/app/out/vs/workbench/services/extensions/node/extensionHostProcess.js:65:17641
	at fire (/usr/share/code/resources/app/out/vs/workbench/services/extensions/node/extensionHostProcess.js:57:1836)
	at acceptChunk (/usr/share/code/resources/app/out/vs/workbench/services/extensions/node/extensionHostProcess.js:65:12862)
	at /usr/share/code/resources/app/out/vs/workbench/services/extensions/node/extensionHostProcess.js:65:12210
	at Socket.v (/usr/share/code/resources/app/out/vs/workbench/services/extensions/node/extensionHostProcess.js:106:13195)
	at Socket.emit (events.js:315:20)
	at Socket.EventEmitter.emit (domain.js:467:12)
	at addChunk (internal/streams/readable.js:309:12)
	at readableAddChunk (internal/streams/readable.js:284:9)
	at Socket.Readable.push (internal/streams/readable.js:223:10)
	at Pipe.onStreamRead (internal/stream_base_commons.js:188:23)
[2021-07-16 16:06:05.381] [renderer1] [error] Cannot read property 'substring' of undefined: TypeError: Cannot read property 'substring' of undefined
	at LinkProvider.provideDocumentLinks (/root/.vscode/extensions/stef-k.laravel-goto-controller-0.0.12/out/link.js:42:69)
	at /usr/share/code/resources/app/out/vs/workbench/services/extensions/node/extensionHostProcess.js:87:175547
	at /usr/share/code/resources/app/out/vs/workbench/services/extensions/node/extensionHostProcess.js:64:12043
	at new Promise (<anonymous>)
	at m (/usr/share/code/resources/app/out/vs/workbench/services/extensions/node/extensionHostProcess.js:64:12015)
	at B.provideLinks (/usr/share/code/resources/app/out/vs/workbench/services/extensions/node/extensionHostProcess.js:87:175527)
	at /usr/share/code/resources/app/out/vs/workbench/services/extensions/node/extensionHostProcess.js:87:192184
	at Ce._withAdapter (/usr/share/code/resources/app/out/vs/workbench/services/extensions/node/extensionHostProcess.js:87:180570)
	at Ce.$provideDocumentLinks (/usr/share/code/resources/app/out/vs/workbench/services/extensions/node/extensionHostProcess.js:87:192160)
	at l._doInvokeHandler (/usr/share/code/resources/app/out/vs/workbench/services/extensions/node/extensionHostProcess.js:91:12836)
	at l._invokeHandler (/usr/share/code/resources/app/out/vs/workbench/services/extensions/node/extensionHostProcess.js:91:12520)
	at l._receiveRequest (/usr/share/code/resources/app/out/vs/workbench/services/extensions/node/extensionHostProcess.js:91:11136)
	at l._receiveOneMessage (/usr/share/code/resources/app/out/vs/workbench/services/extensions/node/extensionHostProcess.js:91:9973)
	at /usr/share/code/resources/app/out/vs/workbench/services/extensions/node/extensionHostProcess.js:91:8074
	at fire (/usr/share/code/resources/app/out/vs/workbench/services/extensions/node/extensionHostProcess.js:57:1836)
	at S.fire (/usr/share/code/resources/app/out/vs/workbench/services/extensions/node/extensionHostProcess.js:65:15497)
	at /usr/share/code/resources/app/out/vs/workbench/services/extensions/node/extensionHostProcess.js:106:29764
	at fire (/usr/share/code/resources/app/out/vs/workbench/services/extensions/node/extensionHostProcess.js:57:1836)
	at S.fire (/usr/share/code/resources/app/out/vs/workbench/services/extensions/node/extensionHostProcess.js:65:15497)
	at t._receiveMessage (/usr/share/code/resources/app/out/vs/workbench/services/extensions/node/extensionHostProcess.js:65:20755)
	at /usr/share/code/resources/app/out/vs/workbench/services/extensions/node/extensionHostProcess.js:65:17641
	at fire (/usr/share/code/resources/app/out/vs/workbench/services/extensions/node/extensionHostProcess.js:57:1836)
	at acceptChunk (/usr/share/code/resources/app/out/vs/workbench/services/extensions/node/extensionHostProcess.js:65:12862)
	at /usr/share/code/resources/app/out/vs/workbench/services/extensions/node/extensionHostProcess.js:65:12210
	at Socket.v (/usr/share/code/resources/app/out/vs/workbench/services/extensions/node/extensionHostProcess.js:106:13195)
	at Socket.emit (events.js:315:20)
	at Socket.EventEmitter.emit (domain.js:467:12)
	at addChunk (internal/streams/readable.js:309:12)
	at readableAddChunk (internal/streams/readable.js:284:9)
	at Socket.Readable.push (internal/streams/readable.js:223:10)
	at Pipe.onStreamRead (internal/stream_base_commons.js:188:23)
[2021-07-16 16:06:08.810] [renderer1] [error] Cannot read property 'substring' of undefined: TypeError: Cannot read property 'substring' of undefined
	at LinkProvider.provideDocumentLinks (/root/.vscode/extensions/stef-k.laravel-goto-controller-0.0.12/out/link.js:42:69)
	at /usr/share/code/resources/app/out/vs/workbench/services/extensions/node/extensionHostProcess.js:87:175547
	at /usr/share/code/resources/app/out/vs/workbench/services/extensions/node/extensionHostProcess.js:64:12043
	at new Promise (<anonymous>)
	at m (/usr/share/code/resources/app/out/vs/workbench/services/extensions/node/extensionHostProcess.js:64:12015)
	at B.provideLinks (/usr/share/code/resources/app/out/vs/workbench/services/extensions/node/extensionHostProcess.js:87:175527)
	at /usr/share/code/resources/app/out/vs/workbench/services/extensions/node/extensionHostProcess.js:87:192184
	at Ce._withAdapter (/usr/share/code/resources/app/out/vs/workbench/services/extensions/node/extensionHostProcess.js:87:180570)
	at Ce.$provideDocumentLinks (/usr/share/code/resources/app/out/vs/workbench/services/extensions/node/extensionHostProcess.js:87:192160)
	at l._doInvokeHandler (/usr/share/code/resources/app/out/vs/workbench/services/extensions/node/extensionHostProcess.js:91:12836)
	at l._invokeHandler (/usr/share/code/resources/app/out/vs/workbench/services/extensions/node/extensionHostProcess.js:91:12520)
	at l._receiveRequest (/usr/share/code/resources/app/out/vs/workbench/services/extensions/node/extensionHostProcess.js:91:11136)
	at l._receiveOneMessage (/usr/share/code/resources/app/out/vs/workbench/services/extensions/node/extensionHostProcess.js:91:9973)
	at /usr/share/code/resources/app/out/vs/workbench/services/extensions/node/extensionHostProcess.js:91:8074
	at fire (/usr/share/code/resources/app/out/vs/workbench/services/extensions/node/extensionHostProcess.js:57:1836)
	at S.fire (/usr/share/code/resources/app/out/vs/workbench/services/extensions/node/extensionHostProcess.js:65:15497)
	at /usr/share/code/resources/app/out/vs/workbench/services/extensions/node/extensionHostProcess.js:106:29764
	at fire (/usr/share/code/resources/app/out/vs/workbench/services/extensions/node/extensionHostProcess.js:57:1836)
	at S.fire (/usr/share/code/resources/app/out/vs/workbench/services/extensions/node/extensionHostProcess.js:65:15497)
	at t._receiveMessage (/usr/share/code/resources/app/out/vs/workbench/services/extensions/node/extensionHostProcess.js:65:20755)
	at /usr/share/code/resources/app/out/vs/workbench/services/extensions/node/extensionHostProcess.js:65:17641
	at fire (/usr/share/code/resources/app/out/vs/workbench/services/extensions/node/extensionHostProcess.js:57:1836)
	at acceptChunk (/usr/share/code/resources/app/out/vs/workbench/services/extensions/node/extensionHostProcess.js:65:12862)
	at /usr/share/code/resources/app/out/vs/workbench/services/extensions/node/extensionHostProcess.js:65:12210
	at Socket.v (/usr/share/code/resources/app/out/vs/workbench/services/extensions/node/extensionHostProcess.js:106:13195)
	at Socket.emit (events.js:315:20)
	at Socket.EventEmitter.emit (domain.js:467:12)
	at addChunk (internal/streams/readable.js:309:12)
	at readableAddChunk (internal/streams/readable.js:284:9)
	at Socket.Readable.push (internal/streams/readable.js:223:10)
	at Pipe.onStreamRead (internal/stream_base_commons.js:188:23)
