[Info  - 6:16:24 pm] Initialising intelephense 1.7.1
[Info  - 6:16:24 pm] Reading state from /var/www/html/chat_system/~/.vscode-root/User/workspaceStorage/a1724bc378757307ba4f9369e51b622d/bmewburn.vscode-intelephense-client/475f69b4.
[Info  - 6:16:26 pm] Initialised in 2075 ms
[Warn  - 6:16:27 pm] file:///var/www/html/chat_system/vendor/fakerphp/faker/src/Faker/Provider/nl_BE/Text.php is over the maximum file size of 1000000 bytes.
[Info  - 6:16:27 pm] Indexing started.
[Info  - 6:16:27 pm] Indexing ended. 21 files indexed in 0s.
[Info  - 6:16:27 pm] Writing state to /var/www/html/chat_system/~/.vscode-root/User/workspaceStorage/a1724bc378757307ba4f9369e51b622d/bmewburn.vscode-intelephense-client/475f69b4.
[Info  - 6:16:29 pm] Wrote state in 1.9s.
[Info  - 6:20:53 pm] Indexing started.
[Info  - 6:20:53 pm] Indexing ended. 1 files indexed in 0s.
[Info  - 6:22:02 pm] Indexing started.
[Info  - 6:22:03 pm] Indexing ended. 1 files indexed in 0s.
[Info  - 6:32:31 pm] Indexing started.
[Info  - 6:32:32 pm] Indexing ended. 1 files indexed in 0s.
[Info  - 6:32:49 pm] Indexing started.
[Info  - 6:32:49 pm] Indexing ended. 1 files indexed in 0s.
[Info  - 6:34:21 pm] Indexing started.
[Info  - 6:34:21 pm] Indexing ended. 1 files indexed in 0s.
[Info  - 6:35:08 pm] Indexing started.
[Info  - 6:35:08 pm] Indexing ended. 1 files indexed in 0s.
[Info  - 6:35:10 pm] Indexing started.
[Info  - 6:35:11 pm] Indexing ended. 1 files indexed in 0s.
[Info  - 6:35:15 pm] Indexing started.
[Info  - 6:35:15 pm] Indexing ended. 1 files indexed in 0s.
[Info  - 6:35:16 pm] Indexing started.
[Info  - 6:35:16 pm] Indexing ended. 1 files indexed in 0s.
[Info  - 6:35:16 pm] Indexing started.
[Info  - 6:35:16 pm] Indexing ended. 2 files indexed in 0s.
[Info  - 6:35:36 pm] Indexing started.
[Info  - 6:35:36 pm] Indexing ended. 1 files indexed in 0s.
[Info  - 6:35:39 pm] Indexing started.
[Info  - 6:35:39 pm] Indexing ended. 1 files indexed in 0s.
[Info  - 6:35:40 pm] Indexing started.
[Info  - 6:35:40 pm] Indexing ended. 1 files indexed in 0s.
[Info  - 6:35:40 pm] Indexing started.
[Info  - 6:35:41 pm] Indexing ended. 4 files indexed in 0s.
[Info  - 6:35:41 pm] Indexing started.
[Info  - 6:35:41 pm] Indexing ended. 1 files indexed in 0s.
[Info  - 6:36:03 pm] Indexing started.
[Info  - 6:36:03 pm] Indexing ended. 1 files indexed in 0s.
[Info  - 6:37:05 pm] Indexing started.
[Info  - 6:37:05 pm] Indexing ended. 1 files indexed in 0s.
[Info  - 6:37:23 pm] Indexing started.
[Info  - 6:37:23 pm] Indexing ended. 1 files indexed in 0s.
[Info  - 6:37:43 pm] Indexing started.
[Info  - 6:37:43 pm] Indexing ended. 1 files indexed in 0s.
[Info  - 6:37:44 pm] Indexing started.
[Info  - 6:37:44 pm] Indexing ended. 1 files indexed in 0s.
[Info  - 6:37:47 pm] Indexing started.
[Info  - 6:37:47 pm] Indexing ended. 1 files indexed in 0s.
[Info  - 6:37:58 pm] Indexing started.
[Info  - 6:37:58 pm] Indexing ended. 1 files indexed in 0s.
[Info  - 6:38:01 pm] Indexing started.
[Info  - 6:38:01 pm] Indexing ended. 1 files indexed in 0s.
[Info  - 6:38:03 pm] Indexing started.
[Info  - 6:38:03 pm] Indexing ended. 1 files indexed in 0s.
[Info  - 6:38:30 pm] Indexing started.
[Info  - 6:38:30 pm] Indexing ended. 1 files indexed in 0s.
[Info  - 6:38:33 pm] Indexing started.
[Info  - 6:38:33 pm] Indexing ended. 1 files indexed in 0s.
[Info  - 6:38:35 pm] Indexing started.
[Info  - 6:38:35 pm] Indexing ended. 1 files indexed in 0s.
[Info  - 6:38:37 pm] Indexing started.
[Info  - 6:38:37 pm] Indexing ended. 1 files indexed in 0s.
[Info  - 6:38:38 pm] Indexing started.
[Info  - 6:38:39 pm] Indexing ended. 1 files indexed in 0s.
[Info  - 6:38:41 pm] Indexing started.
[Info  - 6:38:41 pm] Indexing ended. 1 files indexed in 0s.
[Info  - 6:38:42 pm] Indexing started.
[Info  - 6:38:42 pm] Indexing ended. 1 files indexed in 0s.
[Info  - 6:38:44 pm] Indexing started.
[Info  - 6:38:44 pm] Indexing ended. 1 files indexed in 0s.
[Info  - 6:38:46 pm] Indexing started.
[Info  - 6:38:46 pm] Indexing ended. 1 files indexed in 0s.
[Info  - 6:38:57 pm] Indexing started.
[Info  - 6:38:57 pm] Indexing ended. 1 files indexed in 0s.
[Info  - 6:39:03 pm] Indexing started.
[Info  - 6:39:03 pm] Indexing ended. 1 files indexed in 0s.
[Info  - 6:39:05 pm] Indexing started.
[Info  - 6:39:05 pm] Indexing ended. 1 files indexed in 0s.
[Info  - 6:39:09 pm] Indexing started.
[Info  - 6:39:09 pm] Indexing ended. 1 files indexed in 0s.
[Info  - 6:39:10 pm] Indexing started.
[Info  - 6:39:10 pm] Indexing ended. 1 files indexed in 0s.
[Info  - 6:39:12 pm] Indexing started.
[Info  - 6:39:12 pm] Indexing ended. 1 files indexed in 0s.
[Info  - 6:39:14 pm] Indexing started.
[Info  - 6:39:14 pm] Indexing ended. 1 files indexed in 0s.
[Info  - 6:39:18 pm] Indexing started.
[Info  - 6:39:18 pm] Indexing ended. 1 files indexed in 0s.
[Info  - 6:39:25 pm] Indexing started.
[Info  - 6:39:25 pm] Indexing ended. 1 files indexed in 0s.
[Info  - 6:39:35 pm] Indexing started.
[Info  - 6:39:35 pm] Indexing ended. 2 files indexed in 0s.
[Info  - 6:39:41 pm] Indexing started.
[Info  - 6:39:41 pm] Indexing ended. 1 files indexed in 0s.
[Info  - 6:45:34 pm] Indexing started.
[Info  - 6:45:34 pm] Indexing ended. 1 files indexed in 0s.
[Info  - 6:45:54 pm] Indexing started.
[Info  - 6:45:54 pm] Indexing ended. 1 files indexed in 0s.
[Info  - 6:45:59 pm] Indexing started.
[Info  - 6:46:00 pm] Indexing ended. 1 files indexed in 0s.
[Info  - 6:46:04 pm] Indexing started.
[Info  - 6:46:04 pm] Indexing ended. 1 files indexed in 0s.
[Info  - 6:46:06 pm] Indexing started.
[Info  - 6:46:06 pm] Indexing ended. 1 files indexed in 0s.
[Info  - 6:46:07 pm] Indexing started.
[Info  - 6:46:08 pm] Indexing ended. 1 files indexed in 0s.
[Info  - 6:46:08 pm] Indexing started.
[Info  - 6:46:08 pm] Indexing ended. 2 files indexed in 0s.
[Info  - 6:46:09 pm] Indexing started.
[Info  - 6:46:10 pm] Indexing ended. 8 files indexed in 0s.
[Info  - 6:46:11 pm] Indexing started.
[Info  - 6:46:11 pm] Indexing ended. 7 files indexed in 0s.
[Info  - 6:46:13 pm] Indexing started.
[Info  - 6:46:13 pm] Indexing ended. 1 files indexed in 0s.
[Info  - 6:46:15 pm] Indexing started.
[Info  - 6:46:15 pm] Indexing ended. 2 files indexed in 0s.
[Info  - 6:46:15 pm] Indexing started.
[Info  - 6:46:16 pm] Indexing ended. 3 files indexed in 0s.
[Info  - 6:46:16 pm] Indexing started.
[Info  - 6:46:16 pm] Indexing ended. 2 files indexed in 0s.
[Info  - 6:46:16 pm] Indexing started.
[Info  - 6:46:16 pm] Indexing ended. 1 files indexed in 0s.
[Info  - 6:46:17 pm] Indexing started.
[Info  - 6:46:17 pm] Indexing ended. 1 files indexed in 0s.
[Info  - 6:46:17 pm] Indexing started.
[Info  - 6:46:17 pm] Indexing ended. 2 files indexed in 0s.
[Info  - 6:47:12 pm] Indexing started.
[Info  - 6:47:13 pm] Indexing ended. 1 files indexed in 0s.
[Info  - 6:47:24 pm] Indexing started.
[Info  - 6:47:24 pm] Indexing ended. 1 files indexed in 0s.
[Info  - 6:47:37 pm] Indexing started.
[Info  - 6:47:37 pm] Indexing ended. 1 files indexed in 0s.
[Info  - 6:47:39 pm] Indexing started.
[Info  - 6:47:40 pm] Indexing ended. 1 files indexed in 0s.
[Info  - 6:47:40 pm] Indexing started.
[Info  - 6:47:40 pm] Indexing ended. 3 files indexed in 0s.
[Info  - 6:47:40 pm] Indexing started.
[Info  - 6:47:41 pm] Indexing ended. 1 files indexed in 0s.
[Info  - 6:47:49 pm] Indexing started.
[Info  - 6:47:49 pm] Indexing ended. 1 files indexed in 0s.
[Info  - 6:47:51 pm] Indexing started.
[Info  - 6:47:51 pm] Indexing ended. 1 files indexed in 0s.
[Info  - 6:47:55 pm] Indexing started.
[Info  - 6:47:55 pm] Indexing ended. 1 files indexed in 0s.
[Info  - 6:47:56 pm] Indexing started.
[Info  - 6:47:56 pm] Indexing ended. 1 files indexed in 0s.
[Info  - 6:47:58 pm] Indexing started.
[Info  - 6:47:58 pm] Indexing ended. 1 files indexed in 0s.
[Info  - 6:47:58 pm] Indexing started.
[Info  - 6:47:58 pm] Indexing ended. 2 files indexed in 0s.
[Info  - 6:48:04 pm] Indexing started.
[Info  - 6:48:04 pm] Indexing ended. 1 files indexed in 0s.
[Info  - 6:48:13 pm] Indexing started.
[Info  - 6:48:13 pm] Indexing ended. 3 files indexed in 0s.
[Info  - 6:48:14 pm] Indexing started.
[Info  - 6:48:14 pm] Indexing ended. 5 files indexed in 0s.
[Info  - 6:48:15 pm] Indexing started.
[Info  - 6:48:16 pm] Indexing ended. 1 files indexed in 0s.
[Info  - 6:48:17 pm] Indexing started.
[Info  - 6:48:18 pm] Indexing ended. 1 files indexed in 0s.
[Info  - 6:50:13 pm] Indexing started.
[Info  - 6:50:14 pm] Indexing ended. 1 files indexed in 0s.
[Info  - 6:50:15 pm] Indexing started.
[Info  - 6:50:16 pm] Indexing ended. 1 files indexed in 0s.
[Info  - 6:50:19 pm] Indexing started.
[Info  - 6:50:19 pm] Indexing ended. 1 files indexed in 0s.
[Info  - 6:50:21 pm] Indexing started.
[Info  - 6:50:22 pm] Indexing ended. 1 files indexed in 0s.
[Info  - 6:50:24 pm] Indexing started.
[Info  - 6:50:24 pm] Indexing ended. 1 files indexed in 0s.
[Info  - 6:50:24 pm] Indexing started.
[Info  - 6:50:25 pm] Indexing ended. 2 files indexed in 0s.
[Info  - 6:50:28 pm] Indexing started.
[Info  - 6:50:28 pm] Indexing ended. 1 files indexed in 0s.
[Info  - 6:50:38 pm] Indexing started.
[Info  - 6:50:38 pm] Indexing ended. 1 files indexed in 0s.
[Info  - 6:50:55 pm] Indexing started.
[Info  - 6:50:55 pm] Indexing ended. 2 files indexed in 0s.
[Info  - 6:50:56 pm] Indexing started.
[Info  - 6:50:56 pm] Indexing ended. 6 files indexed in 0s.
[Info  - 6:50:59 pm] Indexing started.
[Info  - 6:50:59 pm] Indexing ended. 1 files indexed in 0s.
