[Info  - 12:31:29 pm] Initialising intelephense 1.7.1
[Info  - 12:31:29 pm] Reading state from /var/www/html/chat_system/~/.vscode-root/User/workspaceStorage/a1724bc378757307ba4f9369e51b622d/bmewburn.vscode-intelephense-client/475f69b4.
[Info  - 12:31:33 pm] Initialised in 4010 ms
[Warn  - 12:31:35 pm] file:///var/www/html/chat_system/vendor/fakerphp/faker/src/Faker/Provider/nl_BE/Text.php is over the maximum file size of 1000000 bytes.
[Info  - 12:31:35 pm] Indexing started.
[Info  - 12:31:36 pm] Indexing ended. 62 files indexed in 1s.
[Info  - 12:31:36 pm] Writing state to /var/www/html/chat_system/~/.vscode-root/User/workspaceStorage/a1724bc378757307ba4f9369e51b622d/bmewburn.vscode-intelephense-client/475f69b4.
[Info  - 12:31:40 pm] Wrote state in 3.6s.
[Info  - 12:55:57 pm] Indexing started.
[Info  - 12:55:58 pm] Indexing ended. 1 files indexed in 0s.
[Info  - 12:58:10 pm] Indexing started.
[Info  - 12:58:10 pm] Indexing ended. 1 files indexed in 0s.
[Info  - 1:01:22 pm] Indexing started.
[Info  - 1:01:22 pm] Indexing ended. 1 files indexed in 0s.
[Info  - 1:01:33 pm] Indexing started.
[Info  - 1:01:33 pm] Indexing ended. 1 files indexed in 0s.
[Info  - 1:04:48 pm] Indexing started.
[Info  - 1:04:48 pm] Indexing ended. 1 files indexed in 0s.
[Info  - 1:06:17 pm] Indexing started.
[Info  - 1:06:17 pm] Indexing ended. 1 files indexed in 0s.
[Info  - 1:06:28 pm] Indexing started.
[Info  - 1:06:28 pm] Indexing ended. 1 files indexed in 0s.
[Info  - 1:20:26 pm] Indexing started.
[Info  - 1:20:26 pm] Indexing ended. 1 files indexed in 0s.
[Info  - 1:20:42 pm] Indexing started.
[Info  - 1:20:43 pm] Indexing ended. 1 files indexed in 0s.
[Info  - 1:24:26 pm] Indexing started.
[Info  - 1:24:26 pm] Indexing ended. 1 files indexed in 0s.
[Info  - 1:26:08 pm] Indexing started.
[Info  - 1:26:09 pm] Indexing ended. 1 files indexed in 0s.
[Info  - 1:27:21 pm] Indexing started.
[Info  - 1:27:21 pm] Indexing ended. 24 files indexed in 0s.
[Info  - 1:27:34 pm] Indexing started.
[Info  - 1:27:35 pm] Indexing ended. 1 files indexed in 0s.
[Info  - 1:43:01 pm] Indexing started.
[Info  - 1:43:02 pm] Indexing ended. 4 files indexed in 0s.
[Info  - 1:43:35 pm] Indexing started.
[Info  - 1:43:36 pm] Indexing ended. 94 files indexed in 0s.
[Info  - 1:43:38 pm] Indexing started.
[Info  - 1:43:39 pm] Indexing ended. 7 files indexed in 0s.
[Info  - 1:51:43 pm] Indexing started.
[Info  - 1:51:44 pm] Indexing ended. 60 files indexed in 0s.
[Info  - 2:00:13 pm] Indexing started.
[Info  - 2:00:13 pm] Indexing ended. 1 files indexed in 0s.
[Info  - 2:48:29 pm] Indexing started.
[Info  - 2:48:29 pm] Indexing ended. 1 files indexed in 0s.
[Info  - 2:48:40 pm] Indexing started.
[Info  - 2:48:41 pm] Indexing ended. 1 files indexed in 0s.
[Info  - 2:50:15 pm] Indexing started.
[Info  - 2:50:15 pm] Indexing ended. 1 files indexed in 0s.
[Info  - 3:04:26 pm] Indexing started.
[Info  - 3:04:26 pm] Indexing ended. 1 files indexed in 0s.
[Info  - 3:05:29 pm] Indexing started.
[Info  - 3:05:29 pm] Indexing ended. 1 files indexed in 0s.
[Info  - 3:07:09 pm] Indexing started.
[Info  - 3:07:10 pm] Indexing ended. 1 files indexed in 0s.
[Info  - 3:07:11 pm] Indexing started.
[Info  - 3:07:12 pm] Indexing ended. 1 files indexed in 0s.
[Info  - 3:12:17 pm] Indexing started.
[Info  - 3:12:18 pm] Indexing ended. 1 files indexed in 0s.
[Info  - 3:31:47 pm] Indexing started.
[Info  - 3:31:48 pm] Indexing ended. 1 files indexed in 0s.
[Info  - 3:32:27 pm] Indexing started.
[Info  - 3:32:27 pm] Indexing ended. 1 files indexed in 0s.
[Info  - 3:37:48 pm] Indexing started.
[Info  - 3:37:48 pm] Indexing ended. 1 files indexed in 0s.
