[2021-07-16 18:12:50.223] [exthost] [info] extension host started
[2021-07-16 18:12:52.361] [exthost] [info] ExtensionService#_doActivateExtension vscode.microsoft-authentication {"startup":false,"extensionId":{"value":"vscode.microsoft-authentication","_lower":"vscode.microsoft-authentication"},"activationEvent":"onAuthenticationRequest:microsoft"}
[2021-07-16 18:12:52.361] [exthost] [info] ExtensionService#loadCommonJSModule file:///usr/share/code/resources/app/extensions/microsoft-authentication/dist/extension.js
[2021-07-16 18:12:52.389] [exthost] [info] ExtensionService#_doActivateExtension vscode.debug-auto-launch {"startup":true,"extensionId":{"value":"vscode.debug-auto-launch","_lower":"vscode.debug-auto-launch"},"activationEvent":"*"}
[2021-07-16 18:12:52.390] [exthost] [info] ExtensionService#loadCommonJSModule file:///usr/share/code/resources/app/extensions/debug-auto-launch/dist/extension
[2021-07-16 18:12:52.402] [exthost] [info] ExtensionService#_doActivateExtension vscode.git {"startup":true,"extensionId":{"value":"vscode.github","_lower":"vscode.github"},"activationEvent":"*"}
[2021-07-16 18:12:52.403] [exthost] [info] ExtensionService#loadCommonJSModule file:///usr/share/code/resources/app/extensions/git/dist/main
[2021-07-16 18:12:52.544] [exthost] [info] ExtensionService#_doActivateExtension animus-coop.vscode-phpstorm-formatter {"startup":true,"extensionId":{"value":"animus-coop.vscode-phpstorm-formatter","_lower":"animus-coop.vscode-phpstorm-formatter"},"activationEvent":"*"}
[2021-07-16 18:12:52.548] [exthost] [info] ExtensionService#loadCommonJSModule file:///root/.vscode/extensions/animus-coop.vscode-phpstorm-formatter-0.0.6/built/extension.js
[2021-07-16 18:12:52.567] [exthost] [info] ExtensionService#_doActivateExtension apility.beautify-blade {"startup":true,"extensionId":{"value":"apility.beautify-blade","_lower":"apility.beautify-blade"},"activationEvent":"*"}
[2021-07-16 18:12:52.567] [exthost] [info] ExtensionService#loadCommonJSModule file:///root/.vscode/extensions/apility.beautify-blade-1.0.1/extension
[2021-07-16 18:12:52.864] [exthost] [info] ExtensionService#_doActivateExtension austenc.laravel-blade-spacer {"startup":true,"extensionId":{"value":"austenc.laravel-blade-spacer","_lower":"austenc.laravel-blade-spacer"},"activationEvent":"*"}
[2021-07-16 18:12:52.868] [exthost] [info] ExtensionService#loadCommonJSModule file:///root/.vscode/extensions/austenc.laravel-blade-spacer-2.1.3/out/extension
[2021-07-16 18:12:52.872] [exthost] [info] ExtensionService#_doActivateExtension EditorConfig.EditorConfig {"startup":true,"extensionId":{"value":"EditorConfig.EditorConfig","_lower":"editorconfig.editorconfig"},"activationEvent":"*"}
[2021-07-16 18:12:52.872] [exthost] [info] ExtensionService#loadCommonJSModule file:///root/.vscode/extensions/editorconfig.editorconfig-0.16.4/out/editorConfigMain.js
[2021-07-16 18:12:52.978] [exthost] [info] ExtensionService#_doActivateExtension Sophisticode.php-formatter {"startup":true,"extensionId":{"value":"Sophisticode.php-formatter","_lower":"sophisticode.php-formatter"},"activationEvent":"*"}
[2021-07-16 18:12:52.978] [exthost] [info] ExtensionService#loadCommonJSModule file:///root/.vscode/extensions/sophisticode.php-formatter-0.2.4/out/extension
[2021-07-16 18:12:53.047] [exthost] [info] ExtensionService#_doActivateExtension stef-k.laravel-goto-controller {"startup":true,"extensionId":{"value":"stef-k.laravel-goto-controller","_lower":"stef-k.laravel-goto-controller"},"activationEvent":"*"}
[2021-07-16 18:12:53.048] [exthost] [info] ExtensionService#loadCommonJSModule file:///root/.vscode/extensions/stef-k.laravel-goto-controller-0.0.12/out/extension
[2021-07-16 18:12:53.089] [exthost] [info] ExtensionService#_doActivateExtension vscode.npm {"startup":true,"extensionId":{"value":"vscode.npm","_lower":"vscode.npm"},"activationEvent":"workspaceContains:package.json"}
[2021-07-16 18:12:53.089] [exthost] [info] ExtensionService#loadCommonJSModule file:///usr/share/code/resources/app/extensions/npm/dist/npmMain
[2021-07-16 18:12:54.575] [exthost] [warning] [Decorations] CAPPING events from decorations provider vscode.git 279
[2021-07-16 18:12:55.725] [exthost] [info] ExtensionService#_doActivateExtension vscode.github {"startup":true,"extensionId":{"value":"vscode.github","_lower":"vscode.github"},"activationEvent":"*"}
[2021-07-16 18:12:55.725] [exthost] [info] ExtensionService#loadCommonJSModule file:///usr/share/code/resources/app/extensions/github/dist/extension.js
[2021-07-16 18:12:56.273] [exthost] [info] ExtensionService#_doActivateExtension ms-vscode.js-debug {"startup":false,"extensionId":{"value":"ms-vscode.js-debug","_lower":"ms-vscode.js-debug"},"activationEvent":"onCommand:extension.js-debug.clearAutoAttachVariables"}
[2021-07-16 18:12:56.274] [exthost] [info] ExtensionService#loadCommonJSModule file:///usr/share/code/resources/app/extensions/ms-vscode.js-debug/src/extension.js
[2021-07-16 18:12:56.770] [exthost] [info] ExtensionService#_doActivateExtension ryannaddy.laravel-artisan {"startup":true,"extensionId":{"value":"ryannaddy.laravel-artisan","_lower":"ryannaddy.laravel-artisan"},"activationEvent":"workspaceContains:**/artisan"}
[2021-07-16 18:12:56.770] [exthost] [info] ExtensionService#loadCommonJSModule file:///root/.vscode/extensions/ryannaddy.laravel-artisan-0.0.28/out/src/extension
[2021-07-16 18:12:57.046] [exthost] [info] ExtensionService#_doActivateExtension vscode.github-authentication {"startup":false,"extensionId":{"value":"vscode.github-authentication","_lower":"vscode.github-authentication"},"activationEvent":"onAuthenticationRequest:github"}
[2021-07-16 18:12:57.047] [exthost] [info] ExtensionService#loadCommonJSModule file:///usr/share/code/resources/app/extensions/github-authentication/dist/extension.js
[2021-07-16 18:12:57.340] [exthost] [info] eager extensions activated
[2021-07-16 18:12:57.372] [exthost] [info] ExtensionService#_doActivateExtension vscode.emmet {"startup":false,"extensionId":{"value":"vscode.emmet","_lower":"vscode.emmet"},"activationEvent":"onStartupFinished"}
[2021-07-16 18:12:57.372] [exthost] [info] ExtensionService#loadCommonJSModule file:///usr/share/code/resources/app/extensions/emmet/dist/node/emmetNodeMain
[2021-07-16 18:12:57.390] [exthost] [info] ExtensionService#_doActivateExtension vscode.merge-conflict {"startup":false,"extensionId":{"value":"vscode.merge-conflict","_lower":"vscode.merge-conflict"},"activationEvent":"onStartupFinished"}
[2021-07-16 18:12:57.390] [exthost] [info] ExtensionService#loadCommonJSModule file:///usr/share/code/resources/app/extensions/merge-conflict/dist/mergeConflictMain
[2021-07-16 18:12:57.396] [exthost] [info] ExtensionService#_doActivateExtension vscode.testing-editor-contributions {"startup":false,"extensionId":{"value":"vscode.testing-editor-contributions","_lower":"vscode.testing-editor-contributions"},"activationEvent":"onStartupFinished"}
[2021-07-16 18:12:57.397] [exthost] [info] ExtensionService#loadCommonJSModule file:///usr/share/code/resources/app/extensions/testing-editor-contributions/dist/extension.js
[2021-07-16 18:12:57.399] [exthost] [info] ExtensionService#_doActivateExtension ctf0.laravel-goto-view {"startup":false,"extensionId":{"value":"ctf0.laravel-goto-view","_lower":"ctf0.laravel-goto-view"},"activationEvent":"onStartupFinished"}
[2021-07-16 18:12:57.399] [exthost] [info] ExtensionService#loadCommonJSModule file:///root/.vscode/extensions/ctf0.laravel-goto-view-0.3.9/out/src/extension
[2021-07-16 18:12:57.555] [exthost] [info] ExtensionService#_doActivateExtension esbenp.prettier-vscode {"startup":false,"extensionId":{"value":"esbenp.prettier-vscode","_lower":"esbenp.prettier-vscode"},"activationEvent":"onStartupFinished"}
[2021-07-16 18:12:57.555] [exthost] [info] ExtensionService#loadCommonJSModule file:///root/.vscode/extensions/esbenp.prettier-vscode-7.1.1/dist/extension
[2021-07-16 18:15:05.810] [exthost] [warning] [Decorations] CAPPING events from decorations provider vscode.git 294
[2021-07-16 18:16:14.415] [exthost] [warning] [Decorations] CAPPING events from decorations provider vscode.git 294
[2021-07-16 18:16:19.553] [exthost] [warning] [Decorations] CAPPING events from decorations provider vscode.git 294
[2021-07-16 18:16:20.920] [exthost] [info] ExtensionService#_doActivateExtension vscode.php-language-features {"startup":false,"extensionId":{"value":"vscode.php-language-features","_lower":"vscode.php-language-features"},"activationEvent":"onLanguage:php"}
[2021-07-16 18:16:20.920] [exthost] [info] ExtensionService#loadCommonJSModule file:///usr/share/code/resources/app/extensions/php-language-features/dist/phpMain
[2021-07-16 18:16:20.984] [exthost] [info] ExtensionService#_doActivateExtension amiralizadeh9480.laravel-extra-intellisense {"startup":false,"extensionId":{"value":"amiralizadeh9480.laravel-extra-intellisense","_lower":"amiralizadeh9480.laravel-extra-intellisense"},"activationEvent":"onLanguage:php"}
[2021-07-16 18:16:20.985] [exthost] [info] ExtensionService#loadCommonJSModule file:///root/.vscode/extensions/amiralizadeh9480.laravel-extra-intellisense-0.6.1/dist/extension.js
[2021-07-16 18:16:21.006] [exthost] [info] ExtensionService#_doActivateExtension bmewburn.vscode-intelephense-client {"startup":false,"extensionId":{"value":"bmewburn.vscode-intelephense-client","_lower":"bmewburn.vscode-intelephense-client"},"activationEvent":"onLanguage:php"}
[2021-07-16 18:16:21.006] [exthost] [info] ExtensionService#loadCommonJSModule file:///root/.vscode/extensions/bmewburn.vscode-intelephense-client-1.7.1/lib/extension
[2021-07-16 18:16:21.106] [exthost] [info] ExtensionService#_doActivateExtension codingyu.laravel-goto-view {"startup":false,"extensionId":{"value":"codingyu.laravel-goto-view","_lower":"codingyu.laravel-goto-view"},"activationEvent":"onLanguage:php"}
[2021-07-16 18:16:21.106] [exthost] [info] ExtensionService#loadCommonJSModule file:///root/.vscode/extensions/codingyu.laravel-goto-view-1.3.4/out/src/extension
[2021-07-16 18:16:21.123] [exthost] [info] ExtensionService#_doActivateExtension rifi2k.format-html-in-php {"startup":false,"extensionId":{"value":"rifi2k.format-html-in-php","_lower":"rifi2k.format-html-in-php"},"activationEvent":"onLanguage:php"}
[2021-07-16 18:16:21.125] [exthost] [info] ExtensionService#loadCommonJSModule file:///root/.vscode/extensions/rifi2k.format-html-in-php-1.7.0/out/extension
[2021-07-16 18:16:29.618] [exthost] [error] [bmewburn.vscode-intelephense-client] provider FAILED
[2021-07-16 18:16:29.620] [exthost] [error] Canceled: Canceled
	at w.makeCancelError (/root/.vscode/extensions/bmewburn.vscode-intelephense-client-1.7.1/lib/extension.js:1:128391)
	at w.handleFailedRequest (/root/.vscode/extensions/bmewburn.vscode-intelephense-client-1.7.1/lib/extension.js:1:128242)
	at /root/.vscode/extensions/bmewburn.vscode-intelephense-client-1.7.1/lib/extension.js:1:88457
[2021-07-16 18:16:35.420] [exthost] [warning] [Decorations] CAPPING events from decorations provider vscode.git 295
[2021-07-16 18:16:40.512] [exthost] [warning] [Decorations] CAPPING events from decorations provider vscode.git 295
[2021-07-16 18:16:45.605] [exthost] [warning] [Decorations] CAPPING events from decorations provider vscode.git 295
[2021-07-16 18:17:15.654] [exthost] [warning] [Decorations] CAPPING events from decorations provider vscode.git 295
[2021-07-16 18:18:14.071] [exthost] [warning] [Decorations] CAPPING events from decorations provider vscode.git 295
[2021-07-16 18:18:19.175] [exthost] [warning] [Decorations] CAPPING events from decorations provider vscode.git 295
[2021-07-16 18:18:24.274] [exthost] [warning] [Decorations] CAPPING events from decorations provider vscode.git 295
[2021-07-16 18:18:29.367] [exthost] [warning] [Decorations] CAPPING events from decorations provider vscode.git 295
[2021-07-16 18:18:53.633] [exthost] [warning] [Decorations] CAPPING events from decorations provider vscode.git 295
[2021-07-16 18:19:08.818] [exthost] [warning] [Decorations] CAPPING events from decorations provider vscode.git 295
[2021-07-16 18:19:16.822] [exthost] [warning] [Decorations] CAPPING events from decorations provider vscode.git 295
[2021-07-16 18:19:35.717] [exthost] [warning] [Decorations] CAPPING events from decorations provider vscode.git 295
[2021-07-16 18:20:18.888] [exthost] [warning] [Decorations] CAPPING events from decorations provider vscode.git 295
[2021-07-16 18:20:29.762] [exthost] [warning] [Decorations] CAPPING events from decorations provider vscode.git 295
[2021-07-16 18:22:35.914] [exthost] [warning] [Decorations] CAPPING events from decorations provider vscode.git 295
[2021-07-16 18:22:37.592] [exthost] [info] ExtensionService#_doActivateExtension amirmarmul.laravel-blade-vscode {"startup":false,"extensionId":{"value":"amirmarmul.laravel-blade-vscode","_lower":"amirmarmul.laravel-blade-vscode"},"activationEvent":"onLanguage:blade"}
[2021-07-16 18:22:37.602] [exthost] [info] ExtensionService#loadCommonJSModule file:///root/.vscode/extensions/amirmarmul.laravel-blade-vscode-2.0.3/dist/extension.js
[2021-07-16 18:22:37.872] [exthost] [info] ExtensionService#_doActivateExtension onecentlin.laravel-blade {"startup":false,"extensionId":{"value":"onecentlin.laravel-blade","_lower":"onecentlin.laravel-blade"},"activationEvent":"onLanguage:blade"}
[2021-07-16 18:22:37.873] [exthost] [info] ExtensionService#loadCommonJSModule file:///root/.vscode/extensions/onecentlin.laravel-blade-1.25.0/out/extension
[2021-07-16 18:22:37.917] [exthost] [info] ExtensionService#_doActivateExtension shufo.vscode-blade-formatter {"startup":false,"extensionId":{"value":"shufo.vscode-blade-formatter","_lower":"shufo.vscode-blade-formatter"},"activationEvent":"onLanguage:blade"}
[2021-07-16 18:22:37.917] [exthost] [info] ExtensionService#loadCommonJSModule file:///root/.vscode/extensions/shufo.vscode-blade-formatter-0.7.14/extension.js
[2021-07-16 18:22:41.096] [exthost] [warning] [Decorations] CAPPING events from decorations provider vscode.git 296
[2021-07-16 18:29:58.903] [exthost] [warning] [Decorations] CAPPING events from decorations provider vscode.git 296
[2021-07-16 18:30:14.779] [exthost] [warning] [Decorations] CAPPING events from decorations provider vscode.git 296
[2021-07-16 18:30:22.442] [exthost] [warning] [Decorations] CAPPING events from decorations provider vscode.git 296
[2021-07-16 18:30:27.607] [exthost] [warning] [Decorations] CAPPING events from decorations provider vscode.git 296
[2021-07-16 18:30:36.982] [exthost] [warning] [Decorations] CAPPING events from decorations provider vscode.git 296
[2021-07-16 18:30:43.925] [exthost] [warning] [Decorations] CAPPING events from decorations provider vscode.git 296
[2021-07-16 18:31:20.319] [exthost] [warning] [Decorations] CAPPING events from decorations provider vscode.git 296
[2021-07-16 18:31:25.441] [exthost] [warning] [Decorations] CAPPING events from decorations provider vscode.git 296
[2021-07-16 18:32:07.619] [exthost] [warning] [Decorations] CAPPING events from decorations provider vscode.git 296
[2021-07-16 18:32:12.731] [exthost] [warning] [Decorations] CAPPING events from decorations provider vscode.git 296
[2021-07-16 18:32:19.909] [exthost] [warning] [Decorations] CAPPING events from decorations provider vscode.git 296
[2021-07-16 18:32:25.043] [exthost] [warning] [Decorations] CAPPING events from decorations provider vscode.git 296
[2021-07-16 18:32:30.140] [exthost] [warning] [Decorations] CAPPING events from decorations provider vscode.git 296
[2021-07-16 18:32:35.234] [exthost] [warning] [Decorations] CAPPING events from decorations provider vscode.git 296
[2021-07-16 18:32:45.774] [exthost] [warning] [Decorations] CAPPING events from decorations provider vscode.git 296
[2021-07-16 18:32:50.877] [exthost] [warning] [Decorations] CAPPING events from decorations provider vscode.git 296
[2021-07-16 18:33:30.933] [exthost] [warning] [Decorations] CAPPING events from decorations provider vscode.git 296
[2021-07-16 18:33:36.036] [exthost] [warning] [Decorations] CAPPING events from decorations provider vscode.git 296
[2021-07-16 18:34:22.190] [exthost] [warning] [Decorations] CAPPING events from decorations provider vscode.git 296
[2021-07-16 18:34:39.504] [exthost] [info] ExtensionService#_doActivateExtension vscode.html-language-features {"startup":false,"extensionId":{"value":"vscode.html-language-features","_lower":"vscode.html-language-features"},"activationEvent":"onLanguage:html"}
[2021-07-16 18:34:39.507] [exthost] [info] ExtensionService#loadCommonJSModule file:///usr/share/code/resources/app/extensions/html-language-features/client/dist/node/htmlClientMain
[2021-07-16 18:35:09.053] [exthost] [warning] [Decorations] CAPPING events from decorations provider vscode.git 296
[2021-07-16 18:35:14.170] [exthost] [warning] [Decorations] CAPPING events from decorations provider vscode.git 296
[2021-07-16 18:35:20.217] [exthost] [warning] [Decorations] CAPPING events from decorations provider vscode.git 296
[2021-07-16 18:35:37.523] [exthost] [warning] [Decorations] CAPPING events from decorations provider vscode.git 296
[2021-07-16 18:36:09.969] [exthost] [warning] [Decorations] CAPPING events from decorations provider vscode.git 296
[2021-07-16 18:36:27.839] [exthost] [warning] [Decorations] CAPPING events from decorations provider vscode.git 296
[2021-07-16 18:37:06.261] [exthost] [warning] [Decorations] CAPPING events from decorations provider vscode.git 296
[2021-07-16 18:37:24.502] [exthost] [warning] [Decorations] CAPPING events from decorations provider vscode.git 296
[2021-07-16 18:37:43.899] [exthost] [warning] [Decorations] CAPPING events from decorations provider vscode.git 296
[2021-07-16 18:37:49.005] [exthost] [warning] [Decorations] CAPPING events from decorations provider vscode.git 296
[2021-07-16 18:37:59.477] [exthost] [warning] [Decorations] CAPPING events from decorations provider vscode.git 296
[2021-07-16 18:38:04.596] [exthost] [warning] [Decorations] CAPPING events from decorations provider vscode.git 296
[2021-07-16 18:38:20.648] [exthost] [error] [shufo.vscode-blade-formatter] provider FAILED
[2021-07-16 18:38:20.654] [exthost] [error] Error: Must invoke loadWASM first.
	at new u (/usr/share/code/resources/app/node_modules.asar/vscode-oniguruma/release/main.js:1:2701)
	at Object.createOnigString (/root/.vscode/extensions/shufo.vscode-blade-formatter-0.7.14/node_modules/blade-formatter/src/vsctm.js:51:36)
	at e.createOnigString (/usr/share/code/resources/app/node_modules.asar/vscode-textmate/release/main.js:1:6287)
	at e._tokenize (/usr/share/code/resources/app/node_modules.asar/vscode-textmate/release/main.js:1:8338)
	at e.tokenizeLine (/usr/share/code/resources/app/node_modules.asar/vscode-textmate/release/main.js:1:7481)
	at /root/.vscode/extensions/shufo.vscode-blade-formatter-0.7.14/node_modules/blade-formatter/src/vsctm.js:60:22
	at arrayMap (/root/.vscode/extensions/shufo.vscode-blade-formatter-0.7.14/node_modules/lodash/lodash.js:639:23)
	at Function.map (/root/.vscode/extensions/shufo.vscode-blade-formatter-0.7.14/node_modules/lodash/lodash.js:9580:14)
	at VscodeTextmate.tokenizeLines (/root/.vscode/extensions/shufo.vscode-blade-formatter-0.7.14/node_modules/blade-formatter/src/vsctm.js:59:14)
	at /root/.vscode/extensions/shufo.vscode-blade-formatter-0.7.14/node_modules/blade-formatter/src/formatter.js:479:38
[2021-07-16 18:38:20.663] [exthost] [info] ExtensionService#_doActivateExtension vscode.configuration-editing {"startup":false,"extensionId":{"value":"vscode.configuration-editing","_lower":"vscode.configuration-editing"},"activationEvent":"onLanguage:jsonc"}
[2021-07-16 18:38:20.663] [exthost] [info] ExtensionService#loadCommonJSModule file:///usr/share/code/resources/app/extensions/configuration-editing/dist/configurationEditingMain
[2021-07-16 18:38:20.694] [exthost] [info] ExtensionService#_doActivateExtension vscode.json-language-features {"startup":false,"extensionId":{"value":"vscode.json-language-features","_lower":"vscode.json-language-features"},"activationEvent":"onLanguage:jsonc"}
[2021-07-16 18:38:20.694] [exthost] [info] ExtensionService#loadCommonJSModule file:///usr/share/code/resources/app/extensions/json-language-features/client/dist/node/jsonClientMain
[2021-07-16 18:38:20.747] [exthost] [info] ExtensionService#_doActivateExtension vscode.typescript-language-features {"startup":false,"extensionId":{"value":"vscode.typescript-language-features","_lower":"vscode.typescript-language-features"},"activationEvent":"onLanguage:jsonc"}
[2021-07-16 18:38:20.747] [exthost] [info] ExtensionService#loadCommonJSModule file:///usr/share/code/resources/app/extensions/typescript-language-features/dist/extension
[2021-07-16 18:38:21.746] [exthost] [warning] [Decorations] CAPPING events from decorations provider vscode.git 297
[2021-07-16 18:38:30.946] [exthost] [warning] [Decorations] CAPPING events from decorations provider vscode.git 297
[2021-07-16 18:38:36.076] [exthost] [warning] [Decorations] CAPPING events from decorations provider vscode.git 297
[2021-07-16 18:38:41.211] [exthost] [warning] [Decorations] CAPPING events from decorations provider vscode.git 297
[2021-07-16 18:38:46.331] [exthost] [warning] [Decorations] CAPPING events from decorations provider vscode.git 297
[2021-07-16 18:38:51.491] [exthost] [warning] [Decorations] CAPPING events from decorations provider vscode.git 297
[2021-07-16 18:38:58.484] [exthost] [warning] [Decorations] CAPPING events from decorations provider vscode.git 297
[2021-07-16 18:39:04.248] [exthost] [warning] [Decorations] CAPPING events from decorations provider vscode.git 297
[2021-07-16 18:39:09.364] [exthost] [warning] [Decorations] CAPPING events from decorations provider vscode.git 297
[2021-07-16 18:39:14.471] [exthost] [warning] [Decorations] CAPPING events from decorations provider vscode.git 297
[2021-07-16 18:39:19.582] [exthost] [warning] [Decorations] CAPPING events from decorations provider vscode.git 297
[2021-07-16 18:39:26.043] [exthost] [warning] [Decorations] CAPPING events from decorations provider vscode.git 297
[2021-07-16 18:39:36.128] [exthost] [warning] [Decorations] CAPPING events from decorations provider vscode.git 297
[2021-07-16 18:40:01.303] [exthost] [warning] [Decorations] CAPPING events from decorations provider vscode.git 297
[2021-07-16 18:46:55.272] [exthost] [warning] [Decorations] CAPPING events from decorations provider vscode.git 297
[2021-07-16 18:47:00.402] [exthost] [warning] [Decorations] CAPPING events from decorations provider vscode.git 297
[2021-07-16 18:47:13.830] [exthost] [warning] [Decorations] CAPPING events from decorations provider vscode.git 297
[2021-07-16 18:47:24.924] [exthost] [warning] [Decorations] CAPPING events from decorations provider vscode.git 297
[2021-07-16 18:47:38.051] [exthost] [warning] [Decorations] CAPPING events from decorations provider vscode.git 297
[2021-07-16 18:47:43.203] [exthost] [warning] [Decorations] CAPPING events from decorations provider vscode.git 297
[2021-07-16 18:47:50.279] [exthost] [warning] [Decorations] CAPPING events from decorations provider vscode.git 297
[2021-07-16 18:47:55.417] [exthost] [warning] [Decorations] CAPPING events from decorations provider vscode.git 297
[2021-07-16 18:48:00.538] [exthost] [warning] [Decorations] CAPPING events from decorations provider vscode.git 297
[2021-07-16 18:48:08.438] [exthost] [warning] [Decorations] CAPPING events from decorations provider vscode.git 297
[2021-07-16 18:48:15.511] [exthost] [warning] [Decorations] CAPPING events from decorations provider vscode.git 297
[2021-07-16 18:48:21.747] [exthost] [warning] [Decorations] CAPPING events from decorations provider vscode.git 297
[2021-07-16 18:50:00.597] [exthost] [warning] [Decorations] CAPPING events from decorations provider vscode.git 297
[2021-07-16 18:50:05.742] [exthost] [warning] [Decorations] CAPPING events from decorations provider vscode.git 297
[2021-07-16 18:50:14.720] [exthost] [warning] [Decorations] CAPPING events from decorations provider vscode.git 297
[2021-07-16 18:50:19.868] [exthost] [warning] [Decorations] CAPPING events from decorations provider vscode.git 297
[2021-07-16 18:50:24.996] [exthost] [warning] [Decorations] CAPPING events from decorations provider vscode.git 297
[2021-07-16 18:51:00.959] [exthost] [warning] [Decorations] CAPPING events from decorations provider vscode.git 297
[2021-07-16 18:51:06.235] [exthost] [warning] [Decorations] CAPPING events from decorations provider vscode.git 297
[2021-07-16 18:56:05.313] [exthost] [warning] [Decorations] CAPPING events from decorations provider vscode.git 297
[2021-07-16 18:56:10.422] [exthost] [warning] [Decorations] CAPPING events from decorations provider vscode.git 297
[2021-07-16 18:56:18.127] [exthost] [warning] [Decorations] CAPPING events from decorations provider vscode.git 297
[2021-07-16 18:57:30.876] [exthost] [warning] [Decorations] CAPPING events from decorations provider vscode.git 297
[2021-07-16 18:57:36.054] [exthost] [warning] [Decorations] CAPPING events from decorations provider vscode.git 297
[2021-07-16 18:58:53.373] [exthost] [warning] [Decorations] CAPPING events from decorations provider vscode.git 297
[2021-07-16 18:59:12.143] [exthost] [warning] [Decorations] CAPPING events from decorations provider vscode.git 297
[2021-07-16 18:59:20.145] [exthost] [warning] [Decorations] CAPPING events from decorations provider vscode.git 297
[2021-07-16 18:59:25.249] [exthost] [warning] [Decorations] CAPPING events from decorations provider vscode.git 297
[2021-07-16 18:59:38.691] [exthost] [warning] [Decorations] CAPPING events from decorations provider vscode.git 297
[2021-07-16 18:59:43.796] [exthost] [warning] [Decorations] CAPPING events from decorations provider vscode.git 297
[2021-07-16 18:59:51.800] [exthost] [warning] [Decorations] CAPPING events from decorations provider vscode.git 297
[2021-07-16 18:59:56.918] [exthost] [warning] [Decorations] CAPPING events from decorations provider vscode.git 297
[2021-07-16 19:00:19.525] [exthost] [warning] [Decorations] CAPPING events from decorations provider vscode.git 297
[2021-07-16 19:00:24.641] [exthost] [warning] [Decorations] CAPPING events from decorations provider vscode.git 297
[2021-07-16 19:01:38.256] [exthost] [warning] [Decorations] CAPPING events from decorations provider vscode.git 297
[2021-07-16 19:01:55.084] [exthost] [warning] [Decorations] CAPPING events from decorations provider vscode.git 297
[2021-07-16 19:02:43.722] [exthost] [warning] [Decorations] CAPPING events from decorations provider vscode.git 297
[2021-07-16 19:02:48.838] [exthost] [warning] [Decorations] CAPPING events from decorations provider vscode.git 297
[2021-07-16 19:02:59.989] [exthost] [warning] [Decorations] CAPPING events from decorations provider vscode.git 297
[2021-07-16 19:04:07.730] [exthost] [warning] [Decorations] CAPPING events from decorations provider vscode.git 297
[2021-07-16 19:04:12.874] [exthost] [warning] [Decorations] CAPPING events from decorations provider vscode.git 297
[2021-07-16 19:05:06.665] [exthost] [warning] [Decorations] CAPPING events from decorations provider vscode.git 297
[2021-07-16 19:05:11.778] [exthost] [warning] [Decorations] CAPPING events from decorations provider vscode.git 297
