[Info  - 4:57:46 pm] Initialising intelephense 1.7.1
[Info  - 4:57:46 pm] Reading state from /var/www/html/chat_system/~/.vscode-root/User/workspaceStorage/a1724bc378757307ba4f9369e51b622d/bmewburn.vscode-intelephense-client/475f69b4.
[Info  - 4:57:48 pm] Initialised in 2506 ms
[Warn  - 4:57:49 pm] file:///var/www/html/chat_system/vendor/fakerphp/faker/src/Faker/Provider/nl_BE/Text.php is over the maximum file size of 1000000 bytes.
[Info  - 5:13:50 pm] Indexing started.
[Info  - 5:13:50 pm] Indexing ended. 1 files indexed in 0s.
[Info  - 5:13:58 pm] Indexing started.
[Info  - 5:13:58 pm] Indexing ended. 1 files indexed in 0s.
[Info  - 5:13:59 pm] Indexing started.
[Info  - 5:13:59 pm] Indexing ended. 1 files indexed in 0s.
[Info  - 5:14:16 pm] Indexing started.
[Info  - 5:14:16 pm] Indexing ended. 1 files indexed in 0s.
[Info  - 5:14:24 pm] Indexing started.
[Info  - 5:14:24 pm] Indexing ended. 1 files indexed in 0s.
[Info  - 5:14:30 pm] Indexing started.
[Info  - 5:14:31 pm] Indexing ended. 1 files indexed in 0s.
[Info  - 5:14:34 pm] Indexing started.
[Info  - 5:14:34 pm] Indexing ended. 1 files indexed in 0s.
[Info  - 5:14:35 pm] Indexing started.
[Info  - 5:14:35 pm] Indexing ended. 5 files indexed in 0s.
[Info  - 5:19:07 pm] Indexing started.
[Info  - 5:19:07 pm] Indexing ended. 5 files indexed in 0s.
[Info  - 5:19:07 pm] Indexing started.
[Info  - 5:19:08 pm] Indexing ended. 10 files indexed in 0s.
[Info  - 5:20:29 pm] Indexing started.
[Info  - 5:20:29 pm] Indexing ended. 1 files indexed in 0s.
[Info  - 5:21:33 pm] Indexing started.
[Info  - 5:21:33 pm] Indexing ended. 1 files indexed in 0s.
[Info  - 5:21:34 pm] Indexing started.
[Info  - 5:21:34 pm] Indexing ended. 1 files indexed in 0s.
[Info  - 5:21:35 pm] Indexing started.
[Info  - 5:21:35 pm] Indexing ended. 2 files indexed in 0s.
[Info  - 5:21:39 pm] Indexing started.
[Info  - 5:21:40 pm] Indexing ended. 1 files indexed in 0s.
[Info  - 5:21:40 pm] Indexing started.
[Info  - 5:21:40 pm] Indexing ended. 1 files indexed in 0s.
[Info  - 5:21:40 pm] Indexing started.
[Info  - 5:21:40 pm] Indexing ended. 1 files indexed in 0s.
[Info  - 5:21:53 pm] Indexing started.
[Info  - 5:21:54 pm] Indexing ended. 2 files indexed in 0s.
[Info  - 5:21:54 pm] Indexing started.
[Info  - 5:21:54 pm] Indexing ended. 3 files indexed in 0s.
[Info  - 5:21:59 pm] Indexing started.
[Info  - 5:22:00 pm] Indexing ended. 1 files indexed in 0s.
[Info  - 5:22:02 pm] Indexing started.
[Info  - 5:22:02 pm] Indexing ended. 2 files indexed in 0s.
[Info  - 5:22:03 pm] Indexing started.
[Info  - 5:22:03 pm] Indexing ended. 4 files indexed in 0s.
[Info  - 5:22:04 pm] Indexing started.
[Info  - 5:22:04 pm] Indexing ended. 3 files indexed in 0s.
[Info  - 5:22:04 pm] Indexing started.
[Info  - 5:22:04 pm] Indexing ended. 1 files indexed in 0s.
[Info  - 5:22:08 pm] Indexing started.
[Info  - 5:22:08 pm] Indexing ended. 1 files indexed in 0s.
[Info  - 5:22:18 pm] Indexing started.
[Info  - 5:22:18 pm] Indexing ended. 1 files indexed in 0s.
[Info  - 5:22:18 pm] Indexing started.
[Info  - 5:22:19 pm] Indexing ended. 3 files indexed in 0s.
[Info  - 5:22:19 pm] Indexing started.
[Info  - 5:22:20 pm] Indexing ended. 4 files indexed in 0s.
[Info  - 5:22:32 pm] Indexing started.
[Info  - 5:22:32 pm] Indexing ended. 1 files indexed in 0s.
[Info  - 5:22:32 pm] Indexing started.
[Info  - 5:22:32 pm] Indexing ended. 3 files indexed in 0s.
[Info  - 5:22:33 pm] Indexing started.
[Info  - 5:22:33 pm] Indexing ended. 3 files indexed in 0s.
[Info  - 5:22:46 pm] Indexing started.
[Info  - 5:22:47 pm] Indexing ended. 2 files indexed in 0s.
[Info  - 5:23:05 pm] Indexing started.
[Info  - 5:23:05 pm] Indexing ended. 2 files indexed in 0s.
[Info  - 5:23:22 pm] Indexing started.
[Info  - 5:23:22 pm] Indexing ended. 1 files indexed in 0s.
[Info  - 5:23:22 pm] Indexing started.
[Info  - 5:23:22 pm] Indexing ended. 3 files indexed in 0s.
[Info  - 5:23:26 pm] Indexing started.
[Info  - 5:23:26 pm] Indexing ended. 1 files indexed in 0s.
[Info  - 5:23:27 pm] Indexing started.
[Info  - 5:23:27 pm] Indexing ended. 1 files indexed in 0s.
[Info  - 5:23:27 pm] Indexing started.
[Info  - 5:23:27 pm] Indexing ended. 2 files indexed in 0s.
[Info  - 5:23:37 pm] Indexing started.
[Info  - 5:23:37 pm] Indexing ended. 1 files indexed in 0s.
[Info  - 5:23:38 pm] Indexing started.
[Info  - 5:23:38 pm] Indexing ended. 4 files indexed in 0s.
[Info  - 5:23:39 pm] Indexing started.
[Info  - 5:23:39 pm] Indexing ended. 5 files indexed in 0s.
[Info  - 5:23:40 pm] Indexing started.
[Info  - 5:23:40 pm] Indexing ended. 3 files indexed in 0s.
[Info  - 5:23:45 pm] Indexing started.
[Info  - 5:23:45 pm] Indexing ended. 1 files indexed in 0s.
[Info  - 5:23:47 pm] Indexing started.
[Info  - 5:23:47 pm] Indexing ended. 12 files indexed in 0s.
[Info  - 5:23:50 pm] Indexing started.
[Info  - 5:23:50 pm] Indexing ended. 1 files indexed in 0s.
[Info  - 5:23:50 pm] Indexing started.
[Info  - 5:23:50 pm] Indexing ended. 2 files indexed in 0s.
[Info  - 5:23:52 pm] Indexing started.
[Info  - 5:23:52 pm] Indexing ended. 1 files indexed in 0s.
[Info  - 5:23:53 pm] Indexing started.
[Info  - 5:23:53 pm] Indexing ended. 3 files indexed in 0s.
[Info  - 5:23:55 pm] Indexing started.
[Info  - 5:23:55 pm] Indexing ended. 1 files indexed in 0s.
[Info  - 5:23:56 pm] Indexing started.
[Info  - 5:23:56 pm] Indexing ended. 5 files indexed in 0s.
[Info  - 5:23:57 pm] Indexing started.
[Info  - 5:23:58 pm] Indexing ended. 1 files indexed in 0s.
[Info  - 5:23:58 pm] Indexing started.
[Info  - 5:23:58 pm] Indexing ended. 1 files indexed in 0s.
[Info  - 5:23:58 pm] Indexing started.
[Info  - 5:23:58 pm] Indexing ended. 1 files indexed in 0s.
[Info  - 5:23:58 pm] Indexing started.
[Info  - 5:23:59 pm] Indexing ended. 1 files indexed in 0s.
[Info  - 5:24:02 pm] Indexing started.
[Info  - 5:24:02 pm] Indexing ended. 1 files indexed in 0s.
[Info  - 5:24:03 pm] Indexing started.
[Info  - 5:24:03 pm] Indexing ended. 3 files indexed in 0s.
[Info  - 5:24:10 pm] Indexing started.
[Info  - 5:24:10 pm] Indexing ended. 1 files indexed in 0s.
[Info  - 5:24:47 pm] Indexing started.
[Info  - 5:24:47 pm] Indexing ended. 1 files indexed in 0s.
[Info  - 5:25:20 pm] Indexing started.
[Info  - 5:25:20 pm] Indexing ended. 1 files indexed in 0s.
[Info  - 5:25:23 pm] Indexing started.
[Info  - 5:25:24 pm] Indexing ended. 1 files indexed in 0s.
[Info  - 5:28:36 pm] Indexing started.
[Info  - 5:28:36 pm] Indexing ended. 2 files indexed in 0s.
[Info  - 5:28:42 pm] Indexing started.
[Info  - 5:28:42 pm] Indexing ended. 2 files indexed in 0s.
[Info  - 5:28:49 pm] Indexing started.
[Info  - 5:28:49 pm] Indexing ended. 2 files indexed in 0s.
[Info  - 5:29:07 pm] Indexing started.
[Info  - 5:29:07 pm] Indexing ended. 1 files indexed in 0s.
[Info  - 5:29:07 pm] Indexing started.
[Info  - 5:29:08 pm] Indexing ended. 1 files indexed in 0s.
[Info  - 5:29:12 pm] Indexing started.
[Info  - 5:29:12 pm] Indexing ended. 1 files indexed in 0s.
[Info  - 5:29:12 pm] Indexing started.
[Info  - 5:29:13 pm] Indexing ended. 1 files indexed in 0s.
[Info  - 5:29:15 pm] Indexing started.
[Info  - 5:29:15 pm] Indexing ended. 15 files indexed in 0s.
[Info  - 5:42:20 pm] Indexing started.
[Info  - 5:42:20 pm] Indexing ended. 1 files indexed in 0s.
[Info  - 5:44:26 pm] Indexing started.
[Info  - 5:44:26 pm] Indexing ended. 1 files indexed in 0s.
[Info  - 5:50:27 pm] Indexing started.
[Info  - 5:50:27 pm] Indexing ended. 14 files indexed in 0s.
[Info  - 5:51:49 pm] Indexing started.
[Info  - 5:51:49 pm] Indexing ended. 1 files indexed in 0s.
[Info  - 5:52:22 pm] Indexing started.
[Info  - 5:52:23 pm] Indexing ended. 1 files indexed in 0s.
[Info  - 5:52:23 pm] Indexing started.
[Info  - 5:52:23 pm] Indexing ended. 1 files indexed in 0s.
[Info  - 5:52:25 pm] Indexing started.
[Info  - 5:52:25 pm] Indexing ended. 2 files indexed in 0s.
[Info  - 5:52:35 pm] Indexing started.
[Info  - 5:52:36 pm] Indexing ended. 1 files indexed in 0s.
[Info  - 5:52:36 pm] Indexing started.
[Info  - 5:52:36 pm] Indexing ended. 3 files indexed in 0s.
[Info  - 5:52:44 pm] Indexing started.
[Info  - 5:52:44 pm] Indexing ended. 1 files indexed in 0s.
[Info  - 5:52:44 pm] Indexing started.
[Info  - 5:52:44 pm] Indexing ended. 3 files indexed in 0s.
[Info  - 5:52:48 pm] Indexing started.
[Info  - 5:52:48 pm] Indexing ended. 1 files indexed in 0s.
[Info  - 5:52:48 pm] Indexing started.
[Info  - 5:52:49 pm] Indexing ended. 2 files indexed in 0s.
[Info  - 5:52:53 pm] Indexing started.
[Info  - 5:52:54 pm] Indexing ended. 1 files indexed in 0s.
[Info  - 5:52:54 pm] Indexing started.
[Info  - 5:52:54 pm] Indexing ended. 2 files indexed in 0s.
[Info  - 5:52:54 pm] Indexing started.
[Info  - 5:52:54 pm] Indexing ended. 1 files indexed in 0s.
[Info  - 5:52:57 pm] Indexing started.
[Info  - 5:52:58 pm] Indexing ended. 1 files indexed in 0s.
[Info  - 5:52:58 pm] Indexing started.
[Info  - 5:52:58 pm] Indexing ended. 3 files indexed in 0s.
[Info  - 5:53:01 pm] Indexing started.
[Info  - 5:53:02 pm] Indexing ended. 1 files indexed in 0s.
[Info  - 5:53:02 pm] Indexing started.
[Info  - 5:53:02 pm] Indexing ended. 2 files indexed in 0s.
[Info  - 5:53:02 pm] Indexing started.
[Info  - 5:53:03 pm] Indexing ended. 3 files indexed in 0s.
[Info  - 5:53:05 pm] Indexing started.
[Info  - 5:53:05 pm] Indexing ended. 3 files indexed in 0s.
[Info  - 5:53:32 pm] Indexing started.
[Info  - 5:53:32 pm] Indexing ended. 1 files indexed in 0s.
[Info  - 5:53:34 pm] Indexing started.
[Info  - 5:53:34 pm] Indexing ended. 1 files indexed in 0s.
[Info  - 5:53:37 pm] Indexing started.
[Info  - 5:53:38 pm] Indexing ended. 1 files indexed in 0s.
[Info  - 5:53:39 pm] Indexing started.
[Info  - 5:53:39 pm] Indexing ended. 1 files indexed in 0s.
[Info  - 5:53:48 pm] Indexing started.
[Info  - 5:53:48 pm] Indexing ended. 1 files indexed in 0s.
[Info  - 5:53:51 pm] Indexing started.
[Info  - 5:53:51 pm] Indexing ended. 1 files indexed in 0s.
[Info  - 5:54:00 pm] Indexing started.
[Info  - 5:54:00 pm] Indexing ended. 1 files indexed in 0s.
[Info  - 5:54:00 pm] Indexing started.
[Info  - 5:54:00 pm] Indexing ended. 3 files indexed in 0s.
[Info  - 5:54:00 pm] Indexing started.
[Info  - 5:54:01 pm] Indexing ended. 1 files indexed in 0s.
[Info  - 5:54:03 pm] Indexing started.
[Info  - 5:54:03 pm] Indexing ended. 1 files indexed in 0s.
[Info  - 5:55:25 pm] Indexing started.
[Info  - 5:55:25 pm] Indexing ended. 2 files indexed in 0s.
[Info  - 5:55:26 pm] Indexing started.
[Info  - 5:55:26 pm] Indexing ended. 3 files indexed in 0s.
[Info  - 5:55:28 pm] Indexing started.
[Info  - 5:55:28 pm] Indexing ended. 1 files indexed in 0s.
[Info  - 5:55:31 pm] Indexing started.
[Info  - 5:55:31 pm] Indexing ended. 1 files indexed in 0s.
[Info  - 5:55:33 pm] Indexing started.
[Info  - 5:55:33 pm] Indexing ended. 1 files indexed in 0s.
[Info  - 5:55:34 pm] Indexing started.
[Info  - 5:55:35 pm] Indexing ended. 1 files indexed in 0s.
[Info  - 5:55:35 pm] Indexing started.
[Info  - 5:55:35 pm] Indexing ended. 1 files indexed in 0s.
[Info  - 5:55:51 pm] Indexing started.
[Info  - 5:55:51 pm] Indexing ended. 1 files indexed in 0s.
[Info  - 5:55:59 pm] Indexing started.
[Info  - 5:55:59 pm] Indexing ended. 1 files indexed in 0s.
[Info  - 6:02:20 pm] Indexing started.
[Info  - 6:02:20 pm] Indexing ended. 1 files indexed in 0s.
[Info  - 6:02:24 pm] Indexing started.
[Info  - 6:02:24 pm] Indexing ended. 1 files indexed in 0s.
[Info  - 6:02:29 pm] Indexing started.
[Info  - 6:02:29 pm] Indexing ended. 1 files indexed in 0s.
[Info  - 6:02:37 pm] Indexing started.
[Info  - 6:02:37 pm] Indexing ended. 1 files indexed in 0s.
[Info  - 6:02:39 pm] Indexing started.
[Info  - 6:02:39 pm] Indexing ended. 1 files indexed in 0s.
[Info  - 6:02:40 pm] Indexing started.
[Info  - 6:02:41 pm] Indexing ended. 1 files indexed in 0s.
[Info  - 6:02:41 pm] Indexing started.
[Info  - 6:02:41 pm] Indexing ended. 1 files indexed in 0s.
[Info  - 6:02:42 pm] Indexing started.
[Info  - 6:02:42 pm] Indexing ended. 6 files indexed in 0s.
[Info  - 6:02:46 pm] Indexing started.
[Info  - 6:02:46 pm] Indexing ended. 1 files indexed in 0s.
[Info  - 6:03:02 pm] Indexing started.
[Info  - 6:03:02 pm] Indexing ended. 1 files indexed in 0s.
[Info  - 6:03:04 pm] Indexing started.
[Info  - 6:03:05 pm] Indexing ended. 1 files indexed in 0s.
[Info  - 6:03:06 pm] Indexing started.
[Info  - 6:03:06 pm] Indexing ended. 1 files indexed in 0s.
[Info  - 6:03:07 pm] Indexing started.
[Info  - 6:03:07 pm] Indexing ended. 2 files indexed in 0s.
[Info  - 6:03:09 pm] Indexing started.
[Info  - 6:03:09 pm] Indexing ended. 1 files indexed in 0s.
[Info  - 6:07:56 pm] Indexing started.
[Info  - 6:07:57 pm] Indexing ended. 1 files indexed in 0s.
[Info  - 6:07:57 pm] Indexing started.
[Info  - 6:07:58 pm] Indexing ended. 6 files indexed in 0s.
[Info  - 6:07:58 pm] Indexing started.
[Info  - 6:07:58 pm] Indexing ended. 1 files indexed in 0s.
[Info  - 6:07:58 pm] Indexing started.
[Info  - 6:07:58 pm] Indexing ended. 2 files indexed in 0s.
[Info  - 6:07:59 pm] Indexing started.
[Info  - 6:07:59 pm] Indexing ended. 2 files indexed in 0s.
[Info  - 6:08:00 pm] Indexing started.
[Info  - 6:08:00 pm] Indexing ended. 6 files indexed in 0s.
[Info  - 6:08:02 pm] Indexing started.
[Info  - 6:08:02 pm] Indexing ended. 1 files indexed in 0s.
[Info  - 6:08:03 pm] Indexing started.
[Info  - 6:08:03 pm] Indexing ended. 3 files indexed in 0s.
[Info  - 6:08:03 pm] Indexing started.
[Info  - 6:08:03 pm] Indexing ended. 2 files indexed in 0s.
[Info  - 6:08:15 pm] Indexing started.
[Info  - 6:08:15 pm] Indexing ended. 1 files indexed in 0s.
[Info  - 6:10:13 pm] Indexing started.
[Info  - 6:10:13 pm] Indexing ended. 1 files indexed in 0s.
[Info  - 6:10:14 pm] Indexing started.
[Info  - 6:10:14 pm] Indexing ended. 2 files indexed in 0s.
[Info  - 6:10:14 pm] Indexing started.
[Info  - 6:10:14 pm] Indexing ended. 3 files indexed in 0s.
[Info  - 6:10:17 pm] Indexing started.
[Info  - 6:10:17 pm] Indexing ended. 14 files indexed in 0s.
[Info  - 6:10:21 pm] Indexing started.
[Info  - 6:10:21 pm] Indexing ended. 2 files indexed in 0s.
[Info  - 6:10:22 pm] Indexing started.
[Info  - 6:10:22 pm] Indexing ended. 3 files indexed in 0s.
[Info  - 6:14:01 pm] Indexing started.
[Info  - 6:14:01 pm] Indexing ended. 1 files indexed in 0s.
[Info  - 6:14:04 pm] Indexing started.
[Info  - 6:14:04 pm] Indexing ended. 1 files indexed in 0s.
[Info  - 6:14:05 pm] Indexing started.
[Info  - 6:14:05 pm] Indexing ended. 2 files indexed in 0s.
[Info  - 6:14:05 pm] Indexing started.
[Info  - 6:14:05 pm] Indexing ended. 1 files indexed in 0s.
[Info  - 6:14:08 pm] Indexing started.
[Info  - 6:14:08 pm] Indexing ended. 1 files indexed in 0s.
[Info  - 6:14:09 pm] Indexing started.
[Info  - 6:14:09 pm] Indexing ended. 4 files indexed in 0s.
[Info  - 6:15:03 pm] Indexing started.
[Info  - 6:15:03 pm] Indexing ended. 1 files indexed in 0s.
[Info  - 6:15:03 pm] Indexing started.
[Info  - 6:15:04 pm] Indexing ended. 2 files indexed in 0s.
[Info  - 6:15:04 pm] Indexing started.
[Info  - 6:15:04 pm] Indexing ended. 3 files indexed in 0s.
[Info  - 6:15:08 pm] Indexing started.
[Info  - 6:15:08 pm] Indexing ended. 1 files indexed in 0s.
[Info  - 6:15:38 pm] Indexing started.
[Info  - 6:15:38 pm] Indexing ended. 1 files indexed in 0s.
[Info  - 6:15:39 pm] Indexing started.
[Info  - 6:15:39 pm] Indexing ended. 4 files indexed in 0s.
[Info  - 6:15:39 pm] Indexing started.
[Info  - 6:15:39 pm] Indexing ended. 2 files indexed in 0s.
[Info  - 6:15:40 pm] Indexing started.
[Info  - 6:15:40 pm] Indexing ended. 2 files indexed in 0s.
[Info  - 6:15:40 pm] Indexing started.
[Info  - 6:15:40 pm] Indexing ended. 1 files indexed in 0s.
[Info  - 6:15:42 pm] Indexing started.
[Info  - 6:15:42 pm] Indexing ended. 11 files indexed in 0s.
[Info  - 6:15:43 pm] Indexing started.
[Info  - 6:15:43 pm] Indexing ended. 3 files indexed in 0s.
[Info  - 6:15:43 pm] Indexing started.
[Info  - 6:15:43 pm] Indexing ended. 1 files indexed in 0s.
[Info  - 6:15:44 pm] Indexing started.
[Info  - 6:15:44 pm] Indexing ended. 3 files indexed in 0s.
[Info  - 6:15:47 pm] Indexing started.
[Info  - 6:15:47 pm] Indexing ended. 1 files indexed in 0s.
[Info  - 6:16:14 pm] Indexing started.
[Info  - 6:16:14 pm] Indexing ended. 2 files indexed in 0s.
[Info  - 6:16:14 pm] Indexing started.
[Info  - 6:16:15 pm] Indexing ended. 2 files indexed in 0s.
[Info  - 6:16:28 pm] Indexing started.
[Info  - 6:16:29 pm] Indexing ended. 1 files indexed in 0s.
[Info  - 7:00:20 pm] Indexing started.
[Info  - 7:00:21 pm] Indexing ended. 1 files indexed in 0s.
[Info  - 7:02:53 pm] Indexing started.
[Info  - 7:02:53 pm] Indexing ended. 1 files indexed in 0s.
[Info  - 7:02:53 pm] Indexing started.
[Info  - 7:02:53 pm] Indexing ended. 2 files indexed in 0s.
[Info  - 7:02:53 pm] Indexing started.
[Info  - 7:02:54 pm] Indexing ended. 1 files indexed in 0s.
[Info  - 7:02:54 pm] Indexing started.
[Info  - 7:02:54 pm] Indexing ended. 3 files indexed in 0s.
[Info  - 7:03:01 pm] Indexing started.
[Info  - 7:03:01 pm] Indexing ended. 1 files indexed in 0s.
[Info  - 7:03:15 pm] Indexing started.
[Info  - 7:03:15 pm] Indexing ended. 1 files indexed in 0s.
[Info  - 7:03:16 pm] Indexing started.
[Info  - 7:03:16 pm] Indexing ended. 5 files indexed in 0s.
[Info  - 7:03:17 pm] Indexing started.
[Info  - 7:03:17 pm] Indexing ended. 2 files indexed in 0s.
[Info  - 7:03:23 pm] Indexing started.
[Info  - 7:03:23 pm] Indexing ended. 1 files indexed in 0s.
[Info  - 7:03:24 pm] Indexing started.
[Info  - 7:03:24 pm] Indexing ended. 2 files indexed in 0s.
[Info  - 7:03:25 pm] Indexing started.
[Info  - 7:03:25 pm] Indexing ended. 4 files indexed in 0s.
[Info  - 7:03:40 pm] Indexing started.
[Info  - 7:03:40 pm] Indexing ended. 1 files indexed in 0s.
[Info  - 7:03:56 pm] Indexing started.
[Info  - 7:03:56 pm] Indexing ended. 1 files indexed in 0s.
[Info  - 7:03:58 pm] Indexing started.
[Info  - 7:03:58 pm] Indexing ended. 1 files indexed in 0s.
[Info  - 7:03:59 pm] Indexing started.
[Info  - 7:04:00 pm] Indexing ended. 1 files indexed in 0s.
[Info  - 7:04:00 pm] Indexing started.
[Info  - 7:04:01 pm] Indexing ended. 1 files indexed in 0s.
[Info  - 7:04:05 pm] Indexing started.
[Info  - 7:04:06 pm] Indexing ended. 1 files indexed in 0s.
[Info  - 7:04:07 pm] Indexing started.
[Info  - 7:04:07 pm] Indexing ended. 8 files indexed in 0s.
[Info  - 7:04:07 pm] Indexing started.
[Info  - 7:04:07 pm] Indexing ended. 2 files indexed in 0s.
[Info  - 7:04:13 pm] Indexing started.
[Info  - 7:04:13 pm] Indexing ended. 1 files indexed in 0s.
[Info  - 7:04:14 pm] Indexing started.
[Info  - 7:04:14 pm] Indexing ended. 1 files indexed in 0s.
[Info  - 7:04:16 pm] Indexing started.
[Info  - 7:04:17 pm] Indexing ended. 1 files indexed in 0s.
[Info  - 7:04:18 pm] Indexing started.
[Info  - 7:04:18 pm] Indexing ended. 1 files indexed in 0s.
[Info  - 7:04:22 pm] Indexing started.
[Info  - 7:04:22 pm] Indexing ended. 1 files indexed in 0s.
[Info  - 7:04:24 pm] Indexing started.
[Info  - 7:04:24 pm] Indexing ended. 1 files indexed in 0s.
[Info  - 7:04:26 pm] Indexing started.
[Info  - 7:04:26 pm] Indexing ended. 12 files indexed in 0s.
[Info  - 7:04:29 pm] Indexing started.
[Info  - 7:04:29 pm] Indexing ended. 1 files indexed in 0s.
[Info  - 7:04:30 pm] Indexing started.
[Info  - 7:04:30 pm] Indexing ended. 1 files indexed in 0s.
[Info  - 7:04:33 pm] Indexing started.
[Info  - 7:04:33 pm] Indexing ended. 15 files indexed in 0s.
[Info  - 7:04:37 pm] Indexing started.
[Info  - 7:04:37 pm] Indexing ended. 1 files indexed in 0s.
[Info  - 7:16:35 pm] Indexing started.
[Info  - 7:16:35 pm] Indexing ended. 1 files indexed in 0s.
[Info  - 7:16:37 pm] Indexing started.
[Info  - 7:16:37 pm] Indexing ended. 1 files indexed in 0s.
[Info  - 7:16:45 pm] Indexing started.
[Info  - 7:16:45 pm] Indexing ended. 1 files indexed in 0s.
[Info  - 7:16:46 pm] Indexing started.
[Info  - 7:16:46 pm] Indexing ended. 1 files indexed in 0s.
[Info  - 7:16:51 pm] Indexing started.
[Info  - 7:16:51 pm] Indexing ended. 1 files indexed in 0s.
[Info  - 7:16:53 pm] Indexing started.
[Info  - 7:16:53 pm] Indexing ended. 1 files indexed in 0s.
[Info  - 7:16:58 pm] Indexing started.
[Info  - 7:16:58 pm] Indexing ended. 1 files indexed in 0s.
[Info  - 7:16:58 pm] Indexing started.
[Info  - 7:16:58 pm] Indexing ended. 2 files indexed in 0s.
[Info  - 7:17:04 pm] Indexing started.
[Info  - 7:17:04 pm] Indexing ended. 1 files indexed in 0s.
[Info  - 7:17:05 pm] Indexing started.
[Info  - 7:17:05 pm] Indexing ended. 4 files indexed in 0s.
[Info  - 7:17:10 pm] Indexing started.
[Info  - 7:17:11 pm] Indexing ended. 1 files indexed in 0s.
[Info  - 7:19:12 pm] Indexing started.
[Info  - 7:19:12 pm] Indexing ended. 1 files indexed in 0s.
[Info  - 7:19:56 pm] Indexing started.
[Info  - 7:19:56 pm] Indexing ended. 1 files indexed in 0s.
