Looking for git in: git
Using git 2.25.1 from git
> git rev-parse --git-dir
Open repository: /var/www/html/chat_system
> git status -z -u
> git symbolic-ref --short HEAD
> git for-each-ref --format=%(refname)%00%(upstream:short)%00%(objectname)%00%(upstream:track) refs/heads/master refs/remotes/master
> git for-each-ref --sort -committerdate --format %(refname) %(objectname) %(*objectname)
> git remote --verbose
> git config --get commit.template
> git check-ignore -v -z --stdin
> git show --textconv :app/Console/Commands/DatabaseBackUp.php
> git ls-files --stage -- /var/www/html/chat_system/app/Console/Commands/DatabaseBackUp.php
> git cat-file -s c4d38500bc37a5f87e05820d52a95fe14b688665
> git check-ignore -v -z --stdin
> git show --textconv :.env
> git ls-files --stage -- /var/www/html/chat_system/.env
> git check-ignore -v -z --stdin
> git check-ignore -v -z --stdin
> git check-ignore -v -z --stdin
> git show --textconv :resources/views/welcome.blade.php
> git ls-files --stage -- /var/www/html/chat_system/resources/views/welcome.blade.php
> git cat-file -s b1905c9261a3006ee17b91a7b335f3d8821fd944
> git check-ignore -v -z --stdin
> git check-ignore -v -z --stdin
> git check-ignore -v -z --stdin
> git status -z -u
> git symbolic-ref --short HEAD
> git for-each-ref --format=%(refname)%00%(upstream:short)%00%(objectname)%00%(upstream:track) refs/heads/master refs/remotes/master
> git for-each-ref --sort -committerdate --format %(refname) %(objectname) %(*objectname)
> git remote --verbose
> git config --get commit.template
> git show --textconv :app/Console/Commands/DatabaseBackUp.php
> git ls-files --stage -- /var/www/html/chat_system/app/Console/Commands/DatabaseBackUp.php
> git cat-file -s c4d38500bc37a5f87e05820d52a95fe14b688665
