[Info  - 12:08:49 pm] Initialising intelephense 1.7.1
[Info  - 12:08:49 pm] Initialised in 17 ms
[Info  - 12:08:49 pm] Environment changed. Refreshing 1 in memory documents.
[Warn  - 12:08:50 pm] file:///var/www/html/chat_system/vendor/fakerphp/faker/src/Faker/Provider/nl_BE/Text.php is over the maximum file size of 1000000 bytes.
[Info  - 12:08:50 pm] Indexing started.
[Info  - 12:09:14 pm] Indexing ended. 6299 files indexed in 24s.
[Info  - 12:09:14 pm] Writing state to /var/www/html/chat_system/~/.vscode-root/User/workspaceStorage/a1724bc378757307ba4f9369e51b622d/bmewburn.vscode-intelephense-client/475f69b4.
[Info  - 12:09:17 pm] Wrote state in 2.5s.
[Info  - 12:10:14 pm] Indexing started.
[Info  - 12:10:14 pm] Indexing ended. 1 files indexed in 0s.
[Info  - 12:23:04 pm] Indexing started.
[Info  - 12:23:04 pm] Indexing ended. 1 files indexed in 0s.
[Info  - 12:23:16 pm] Indexing started.
[Info  - 12:23:16 pm] Indexing ended. 1 files indexed in 0s.
[Info  - 12:25:01 pm] Indexing started.
[Info  - 12:25:01 pm] Indexing ended. 1 files indexed in 0s.
[Info  - 12:26:03 pm] Indexing started.
[Info  - 12:26:03 pm] Indexing ended. 1 files indexed in 0s.
[Info  - 12:26:04 pm] Indexing started.
[Info  - 12:26:04 pm] Indexing ended. 8 files indexed in 0s.
[Info  - 12:26:56 pm] Indexing started.
[Info  - 12:26:57 pm] Indexing ended. 1 files indexed in 0s.
[Info  - 12:27:20 pm] Indexing started.
[Info  - 12:27:20 pm] Indexing ended. 1 files indexed in 0s.
[Info  - 12:27:21 pm] Indexing started.
[Info  - 12:27:21 pm] Indexing ended. 3 files indexed in 0s.
[Info  - 12:27:32 pm] Indexing started.
[Info  - 12:27:32 pm] Indexing ended. 8 files indexed in 0s.
[Info  - 12:32:37 pm] Indexing started.
[Info  - 12:32:37 pm] Indexing ended. 1 files indexed in 0s.
[Info  - 12:34:44 pm] Indexing started.
[Info  - 12:34:44 pm] Indexing ended. 1 files indexed in 0s.
[Info  - 12:34:44 pm] Indexing started.
[Info  - 12:34:45 pm] Indexing ended. 3 files indexed in 0s.
[Info  - 12:35:57 pm] Indexing started.
[Info  - 12:35:58 pm] Indexing ended. 1 files indexed in 0s.
[Info  - 12:35:59 pm] Indexing started.
[Info  - 12:35:59 pm] Indexing ended. 7 files indexed in 0s.
[Info  - 12:37:21 pm] Indexing started.
[Info  - 12:37:21 pm] Indexing ended. 2 files indexed in 0s.
[Info  - 12:37:37 pm] Indexing started.
[Info  - 12:37:38 pm] Indexing ended. 2 files indexed in 0s.
[Info  - 12:39:49 pm] Indexing started.
[Info  - 12:39:50 pm] Indexing ended. 1 files indexed in 0s.
[Info  - 12:39:50 pm] Indexing started.
[Info  - 12:39:50 pm] Indexing ended. 4 files indexed in 0s.
[Info  - 12:40:48 pm] Indexing started.
[Info  - 12:40:48 pm] Indexing ended. 1 files indexed in 0s.
[Info  - 12:40:48 pm] Indexing started.
[Info  - 12:40:49 pm] Indexing ended. 5 files indexed in 0s.
[Info  - 12:40:51 pm] Indexing started.
[Info  - 12:40:51 pm] Indexing ended. 16 files indexed in 0s.
[Info  - 12:42:05 pm] Indexing started.
[Info  - 12:42:06 pm] Indexing ended. 2 files indexed in 0s.
[Info  - 12:43:46 pm] Indexing started.
[Info  - 12:43:46 pm] Indexing ended. 1 files indexed in 0s.
[Info  - 12:43:47 pm] Indexing started.
[Info  - 12:43:47 pm] Indexing ended. 7 files indexed in 0s.
[Info  - 12:43:49 pm] Indexing started.
[Info  - 12:43:49 pm] Indexing ended. 7 files indexed in 0s.
[Info  - 12:51:28 pm] Indexing started.
[Info  - 12:51:28 pm] Indexing ended. 1 files indexed in 0s.
[Info  - 12:51:29 pm] Indexing started.
[Info  - 12:51:29 pm] Indexing ended. 4 files indexed in 0s.
[Info  - 12:51:30 pm] Indexing started.
[Info  - 12:51:30 pm] Indexing ended. 5 files indexed in 0s.
[Info  - 12:53:15 pm] Indexing started.
[Info  - 12:53:15 pm] Indexing ended. 2 files indexed in 0s.
[Info  - 12:54:23 pm] Indexing started.
[Info  - 12:54:23 pm] Indexing ended. 1 files indexed in 0s.
[Info  - 12:54:42 pm] Indexing started.
[Info  - 12:54:42 pm] Indexing ended. 1 files indexed in 0s.
[Info  - 12:56:15 pm] Indexing started.
[Info  - 12:56:16 pm] Indexing ended. 1 files indexed in 0s.
[Info  - 12:56:53 pm] Indexing started.
[Info  - 12:56:53 pm] Indexing ended. 1 files indexed in 0s.
[Info  - 12:56:53 pm] Indexing started.
[Info  - 12:56:53 pm] Indexing ended. 2 files indexed in 0s.
[Info  - 12:56:57 pm] Indexing started.
[Info  - 12:56:57 pm] Indexing ended. 1 files indexed in 0s.
[Info  - 12:57:40 pm] Indexing started.
[Info  - 12:57:40 pm] Indexing ended. 1 files indexed in 0s.
[Info  - 12:57:40 pm] Indexing started.
[Info  - 12:57:40 pm] Indexing ended. 2 files indexed in 0s.
[Info  - 12:57:42 pm] Indexing started.
[Info  - 12:57:42 pm] Indexing ended. 1 files indexed in 0s.
[Info  - 12:57:47 pm] Indexing started.
[Info  - 12:57:48 pm] Indexing ended. 1 files indexed in 0s.
[Info  - 12:57:48 pm] Indexing started.
[Info  - 12:57:48 pm] Indexing ended. 1 files indexed in 0s.
[Info  - 12:58:19 pm] Indexing started.
[Info  - 12:58:19 pm] Indexing ended. 1 files indexed in 0s.
[Info  - 12:58:20 pm] Indexing started.
[Info  - 12:58:20 pm] Indexing ended. 3 files indexed in 0s.
[Info  - 12:58:26 pm] Indexing started.
[Info  - 12:58:26 pm] Indexing ended. 1 files indexed in 0s.
[Info  - 12:58:26 pm] Indexing started.
[Info  - 12:58:27 pm] Indexing ended. 3 files indexed in 0s.
[Info  - 12:58:29 pm] Indexing started.
[Info  - 12:58:30 pm] Indexing ended. 2 files indexed in 0s.
[Info  - 12:59:20 pm] Indexing started.
[Info  - 12:59:20 pm] Indexing ended. 1 files indexed in 0s.
[Info  - 12:59:21 pm] Indexing started.
[Info  - 12:59:21 pm] Indexing ended. 5 files indexed in 0s.
[Info  - 12:59:32 pm] Indexing started.
[Info  - 12:59:32 pm] Indexing ended. 1 files indexed in 0s.
[Info  - 12:59:33 pm] Indexing started.
[Info  - 12:59:33 pm] Indexing ended. 5 files indexed in 0s.
[Info  - 12:59:34 pm] Indexing started.
[Info  - 12:59:34 pm] Indexing ended. 6 files indexed in 0s.
[Info  - 1:00:50 pm] Indexing started.
[Info  - 1:00:51 pm] Indexing ended. 1 files indexed in 0s.
[Info  - 1:00:51 pm] Indexing started.
[Info  - 1:00:52 pm] Indexing ended. 5 files indexed in 0s.
[Info  - 1:01:15 pm] Indexing started.
[Info  - 1:01:15 pm] Indexing ended. 1 files indexed in 0s.
[Info  - 1:01:17 pm] Indexing started.
[Info  - 1:01:17 pm] Indexing ended. 10 files indexed in 0s.
[Info  - 1:01:20 pm] Indexing started.
[Info  - 1:01:20 pm] Indexing ended. 1 files indexed in 0s.
[Info  - 1:01:50 pm] Indexing started.
[Info  - 1:01:50 pm] Indexing ended. 1 files indexed in 0s.
[Info  - 1:01:51 pm] Indexing started.
[Info  - 1:01:52 pm] Indexing ended. 2 files indexed in 0s.
[Info  - 1:04:19 pm] Indexing started.
[Info  - 1:04:19 pm] Indexing ended. 1 files indexed in 0s.
[Info  - 1:04:21 pm] Indexing started.
[Info  - 1:04:21 pm] Indexing ended. 13 files indexed in 0s.
[Info  - 1:04:43 pm] Indexing started.
[Info  - 1:04:43 pm] Indexing ended. 1 files indexed in 0s.
[Info  - 1:04:45 pm] Indexing started.
[Info  - 1:04:45 pm] Indexing ended. 10 files indexed in 0s.
[Info  - 1:04:48 pm] Indexing started.
[Info  - 1:04:48 pm] Indexing ended. 2 files indexed in 0s.
[Info  - 1:06:49 pm] Indexing started.
[Info  - 1:06:49 pm] Indexing ended. 2 files indexed in 0s.
[Info  - 1:08:07 pm] Indexing started.
[Info  - 1:08:07 pm] Indexing ended. 1 files indexed in 0s.
[Info  - 1:08:08 pm] Indexing started.
[Info  - 1:08:08 pm] Indexing ended. 6 files indexed in 0s.
[Info  - 1:08:58 pm] Indexing started.
[Info  - 1:08:58 pm] Indexing ended. 2 files indexed in 0s.
[Info  - 1:09:08 pm] Indexing started.
[Info  - 1:09:08 pm] Indexing ended. 8 files indexed in 0s.
[Info  - 1:09:29 pm] Indexing started.
[Info  - 1:09:29 pm] Indexing ended. 1 files indexed in 0s.
[Info  - 1:09:30 pm] Indexing started.
[Info  - 1:09:30 pm] Indexing ended. 4 files indexed in 0s.
[Info  - 1:09:30 pm] Indexing started.
[Info  - 1:09:30 pm] Indexing ended. 3 files indexed in 0s.
[Info  - 1:09:39 pm] Indexing started.
[Info  - 1:09:39 pm] Indexing ended. 1 files indexed in 0s.
[Info  - 1:09:40 pm] Indexing started.
[Info  - 1:09:40 pm] Indexing ended. 7 files indexed in 0s.
[Info  - 1:09:42 pm] Indexing started.
[Info  - 1:09:42 pm] Indexing ended. 8 files indexed in 0s.
[Info  - 1:09:55 pm] Indexing started.
[Info  - 1:09:56 pm] Indexing ended. 1 files indexed in 0s.
[Info  - 1:10:16 pm] Indexing started.
[Info  - 1:10:17 pm] Indexing ended. 2 files indexed in 0s.
[Info  - 1:10:19 pm] Indexing started.
[Info  - 1:10:19 pm] Indexing ended. 1 files indexed in 0s.
[Info  - 1:10:21 pm] Indexing started.
[Info  - 1:10:22 pm] Indexing ended. 1 files indexed in 0s.
[Info  - 1:11:15 pm] Indexing started.
[Info  - 1:11:16 pm] Indexing ended. 1 files indexed in 0s.
[Info  - 1:12:22 pm] Indexing started.
[Info  - 1:12:22 pm] Indexing ended. 1 files indexed in 0s.
[Info  - 1:17:54 pm] Indexing started.
[Info  - 1:17:54 pm] Indexing ended. 1 files indexed in 0s.
[Info  - 1:20:21 pm] Indexing started.
[Info  - 1:20:21 pm] Indexing ended. 2 files indexed in 0s.
[Info  - 1:20:51 pm] Indexing started.
[Info  - 1:20:51 pm] Indexing ended. 2 files indexed in 0s.
[Info  - 1:21:18 pm] Indexing started.
[Info  - 1:21:18 pm] Indexing ended. 1 files indexed in 0s.
[Info  - 1:21:30 pm] Indexing started.
[Info  - 1:21:30 pm] Indexing ended. 1 files indexed in 0s.
[Info  - 1:21:31 pm] Indexing started.
[Info  - 1:21:31 pm] Indexing ended. 5 files indexed in 0s.
[Info  - 1:41:37 pm] Indexing started.
[Info  - 1:41:37 pm] Indexing ended. 1 files indexed in 0s.
[Info  - 1:41:48 pm] Indexing started.
[Info  - 1:41:49 pm] Indexing ended. 1 files indexed in 0s.
[Info  - 1:42:34 pm] Indexing started.
[Info  - 1:42:35 pm] Indexing ended. 1 files indexed in 0s.
[Info  - 1:42:39 pm] Indexing started.
[Info  - 1:42:39 pm] Indexing ended. 1 files indexed in 0s.
[Info  - 1:43:47 pm] Indexing started.
[Info  - 1:43:48 pm] Indexing ended. 1 files indexed in 0s.
[Info  - 1:43:50 pm] Indexing started.
[Info  - 1:43:51 pm] Indexing ended. 1 files indexed in 0s.
[Info  - 1:43:51 pm] Indexing started.
[Info  - 1:43:52 pm] Indexing ended. 6 files indexed in 0s.
[Info  - 1:44:19 pm] Indexing started.
[Info  - 1:44:19 pm] Indexing ended. 1 files indexed in 0s.
[Info  - 1:44:22 pm] Indexing started.
[Info  - 1:44:22 pm] Indexing ended. 1 files indexed in 0s.
[Info  - 1:45:30 pm] Indexing started.
[Info  - 1:45:30 pm] Indexing ended. 1 files indexed in 0s.
[Info  - 1:45:32 pm] Indexing started.
[Info  - 1:45:33 pm] Indexing ended. 5 files indexed in 0s.
[Info  - 1:45:56 pm] Indexing started.
[Info  - 1:45:56 pm] Indexing ended. 1 files indexed in 0s.
[Info  - 1:45:59 pm] Indexing started.
[Info  - 1:45:59 pm] Indexing ended. 1 files indexed in 0s.
[Info  - 1:49:51 pm] Indexing started.
[Info  - 1:49:51 pm] Indexing ended. 1 files indexed in 0s.
[Info  - 1:49:54 pm] Indexing started.
[Info  - 1:49:54 pm] Indexing ended. 2 files indexed in 0s.
[Info  - 1:54:12 pm] Indexing started.
[Info  - 1:54:12 pm] Indexing ended. 1 files indexed in 0s.
[Info  - 1:54:15 pm] Indexing started.
[Info  - 1:54:15 pm] Indexing ended. 1 files indexed in 0s.
[Info  - 1:54:15 pm] Indexing started.
[Info  - 1:54:15 pm] Indexing ended. 2 files indexed in 0s.
[Info  - 1:55:16 pm] Indexing started.
[Info  - 1:55:16 pm] Indexing ended. 1 files indexed in 0s.
[Info  - 1:55:17 pm] Indexing started.
[Info  - 1:55:17 pm] Indexing ended. 5 files indexed in 0s.
[Info  - 1:55:18 pm] Indexing started.
[Info  - 1:55:18 pm] Indexing ended. 4 files indexed in 0s.
[Info  - 1:56:43 pm] Indexing started.
[Info  - 1:56:43 pm] Indexing ended. 1 files indexed in 0s.
[Info  - 1:56:44 pm] Indexing started.
[Info  - 1:56:44 pm] Indexing ended. 7 files indexed in 0s.
[Info  - 1:56:45 pm] Indexing started.
[Info  - 1:56:45 pm] Indexing ended. 4 files indexed in 0s.
[Info  - 1:58:00 pm] Indexing started.
[Info  - 1:58:01 pm] Indexing ended. 1 files indexed in 0s.
[Info  - 1:58:01 pm] Indexing started.
[Info  - 1:58:01 pm] Indexing ended. 2 files indexed in 0s.
[Info  - 1:58:02 pm] Indexing started.
[Info  - 1:58:02 pm] Indexing ended. 4 files indexed in 0s.
[Info  - 1:58:03 pm] Indexing started.
[Info  - 1:58:03 pm] Indexing ended. 4 files indexed in 0s.
[Info  - 2:00:40 pm] Indexing started.
[Info  - 2:00:41 pm] Indexing ended. 1 files indexed in 0s.
[Info  - 2:00:42 pm] Indexing started.
[Info  - 2:00:42 pm] Indexing ended. 8 files indexed in 0s.
[Info  - 2:48:39 pm] Indexing started.
[Info  - 2:48:40 pm] Indexing ended. 1 files indexed in 0s.
[Info  - 2:49:26 pm] Indexing started.
[Info  - 2:49:26 pm] Indexing ended. 1 files indexed in 0s.
[Info  - 2:49:27 pm] Indexing started.
[Info  - 2:49:27 pm] Indexing ended. 1 files indexed in 0s.
[Info  - 2:49:27 pm] Indexing started.
[Info  - 2:49:27 pm] Indexing ended. 1 files indexed in 0s.
[Info  - 2:49:38 pm] Indexing started.
[Info  - 2:49:38 pm] Indexing ended. 1 files indexed in 0s.
[Info  - 2:49:39 pm] Indexing started.
[Info  - 2:49:39 pm] Indexing ended. 5 files indexed in 0s.
[Info  - 2:50:00 pm] Indexing started.
[Info  - 2:50:00 pm] Indexing ended. 1 files indexed in 0s.
[Info  - 2:50:01 pm] Indexing started.
[Info  - 2:50:01 pm] Indexing ended. 4 files indexed in 0s.
[Info  - 2:50:12 pm] Indexing started.
[Info  - 2:50:13 pm] Indexing ended. 1 files indexed in 0s.
[Info  - 2:50:13 pm] Indexing started.
[Info  - 2:50:13 pm] Indexing ended. 4 files indexed in 0s.
[Info  - 2:50:24 pm] Indexing started.
[Info  - 2:50:24 pm] Indexing ended. 1 files indexed in 0s.
[Info  - 2:50:25 pm] Indexing started.
[Info  - 2:50:25 pm] Indexing ended. 3 files indexed in 0s.
[Info  - 2:50:39 pm] Indexing started.
[Info  - 2:50:39 pm] Indexing ended. 1 files indexed in 0s.
[Info  - 2:50:40 pm] Indexing started.
[Info  - 2:50:41 pm] Indexing ended. 6 files indexed in 0s.
[Info  - 2:50:57 pm] Indexing started.
[Info  - 2:50:58 pm] Indexing ended. 1 files indexed in 0s.
[Info  - 2:50:58 pm] Indexing started.
[Info  - 2:50:58 pm] Indexing ended. 2 files indexed in 0s.
[Info  - 2:51:00 pm] Indexing started.
[Info  - 2:51:00 pm] Indexing ended. 1 files indexed in 0s.
[Info  - 2:51:01 pm] Indexing started.
[Info  - 2:51:01 pm] Indexing ended. 5 files indexed in 0s.
[Info  - 2:51:07 pm] Indexing started.
[Info  - 2:51:07 pm] Indexing ended. 1 files indexed in 0s.
[Info  - 2:51:08 pm] Indexing started.
[Info  - 2:51:08 pm] Indexing ended. 5 files indexed in 0s.
[Info  - 2:51:15 pm] Indexing started.
[Info  - 2:51:15 pm] Indexing ended. 1 files indexed in 0s.
[Info  - 2:51:15 pm] Indexing started.
[Info  - 2:51:15 pm] Indexing ended. 2 files indexed in 0s.
[Info  - 2:51:23 pm] Indexing started.
[Info  - 2:51:23 pm] Indexing ended. 1 files indexed in 0s.
[Info  - 2:51:23 pm] Indexing started.
[Info  - 2:51:23 pm] Indexing ended. 2 files indexed in 0s.
[Info  - 2:51:29 pm] Indexing started.
[Info  - 2:51:30 pm] Indexing ended. 1 files indexed in 0s.
[Info  - 2:51:30 pm] Indexing started.
[Info  - 2:51:30 pm] Indexing ended. 2 files indexed in 0s.
[Info  - 2:51:34 pm] Indexing started.
[Info  - 2:51:34 pm] Indexing ended. 1 files indexed in 0s.
[Info  - 2:51:35 pm] Indexing started.
[Info  - 2:51:35 pm] Indexing ended. 4 files indexed in 0s.
[Info  - 2:51:47 pm] Indexing started.
[Info  - 2:51:47 pm] Indexing ended. 1 files indexed in 0s.
[Info  - 2:51:47 pm] Indexing started.
[Info  - 2:51:47 pm] Indexing ended. 3 files indexed in 0s.
[Info  - 2:51:55 pm] Indexing started.
[Info  - 2:51:56 pm] Indexing ended. 1 files indexed in 0s.
[Info  - 2:51:56 pm] Indexing started.
[Info  - 2:51:56 pm] Indexing ended. 5 files indexed in 0s.
[Info  - 2:51:57 pm] Indexing started.
[Info  - 2:51:57 pm] Indexing ended. 5 files indexed in 0s.
[Info  - 2:51:58 pm] Indexing started.
[Info  - 2:51:58 pm] Indexing ended. 2 files indexed in 0s.
[Info  - 2:51:58 pm] Indexing started.
[Info  - 2:51:58 pm] Indexing ended. 2 files indexed in 0s.
[Info  - 2:51:59 pm] Indexing started.
[Info  - 2:51:59 pm] Indexing ended. 4 files indexed in 0s.
[Info  - 2:52:32 pm] Indexing started.
[Info  - 2:52:32 pm] Indexing ended. 1 files indexed in 0s.
[Info  - 2:52:59 pm] Indexing started.
[Info  - 2:52:59 pm] Indexing ended. 1 files indexed in 0s.
[Info  - 2:53:15 pm] Indexing started.
[Info  - 2:53:16 pm] Indexing ended. 1 files indexed in 0s.
[Info  - 2:57:19 pm] Indexing started.
[Info  - 2:57:19 pm] Indexing ended. 1 files indexed in 0s.
[Info  - 3:07:27 pm] Indexing started.
[Info  - 3:07:27 pm] Indexing ended. 14 files indexed in 0s.
[Info  - 3:07:32 pm] Indexing started.
[Info  - 3:07:32 pm] Indexing ended. 4 files indexed in 0s.
[Info  - 3:08:27 pm] Indexing started.
[Info  - 3:08:27 pm] Indexing ended. 1 files indexed in 0s.
[Info  - 3:08:27 pm] Indexing started.
[Info  - 3:08:28 pm] Indexing ended. 2 files indexed in 0s.
[Info  - 3:08:28 pm] Indexing started.
[Info  - 3:08:28 pm] Indexing ended. 2 files indexed in 0s.
[Info  - 3:08:28 pm] Indexing started.
[Info  - 3:08:29 pm] Indexing ended. 2 files indexed in 0s.
[Info  - 3:08:32 pm] Indexing started.
[Info  - 3:08:32 pm] Indexing ended. 1 files indexed in 0s.
[Info  - 3:09:09 pm] Indexing started.
[Info  - 3:09:09 pm] Indexing ended. 1 files indexed in 0s.
[Info  - 3:12:17 pm] Indexing started.
[Info  - 3:12:17 pm] Indexing ended. 1 files indexed in 0s.
[Info  - 3:12:18 pm] Indexing started.
[Info  - 3:12:18 pm] Indexing ended. 3 files indexed in 0s.
[Info  - 3:13:25 pm] Indexing started.
[Info  - 3:13:26 pm] Indexing ended. 1 files indexed in 0s.
[Info  - 3:13:26 pm] Indexing started.
[Info  - 3:13:26 pm] Indexing ended. 2 files indexed in 0s.
[Info  - 3:13:27 pm] Indexing started.
[Info  - 3:13:27 pm] Indexing ended. 7 files indexed in 0s.
[Info  - 3:13:30 pm] Indexing started.
[Info  - 3:13:31 pm] Indexing ended. 2 files indexed in 0s.
[Info  - 3:16:13 pm] Indexing started.
[Info  - 3:16:13 pm] Indexing ended. 1 files indexed in 0s.
[Info  - 3:16:14 pm] Indexing started.
[Info  - 3:16:14 pm] Indexing ended. 1 files indexed in 0s.
[Info  - 3:16:14 pm] Indexing started.
[Info  - 3:16:14 pm] Indexing ended. 3 files indexed in 0s.
[Info  - 3:16:14 pm] Indexing started.
[Info  - 3:16:15 pm] Indexing ended. 1 files indexed in 0s.
[Info  - 3:16:15 pm] Indexing started.
[Info  - 3:16:15 pm] Indexing ended. 1 files indexed in 0s.
[Info  - 3:16:38 pm] Indexing started.
[Info  - 3:16:38 pm] Indexing ended. 1 files indexed in 0s.
[Info  - 3:16:39 pm] Indexing started.
[Info  - 3:16:39 pm] Indexing ended. 5 files indexed in 0s.
[Info  - 3:16:56 pm] Indexing started.
[Info  - 3:16:56 pm] Indexing ended. 1 files indexed in 0s.
[Info  - 3:16:56 pm] Indexing started.
[Info  - 3:16:56 pm] Indexing ended. 2 files indexed in 0s.
[Info  - 3:16:58 pm] Indexing started.
[Info  - 3:16:58 pm] Indexing ended. 1 files indexed in 0s.
[Info  - 3:17:33 pm] Indexing started.
[Info  - 3:17:33 pm] Indexing ended. 2 files indexed in 0s.
[Info  - 3:19:28 pm] Indexing started.
[Info  - 3:19:28 pm] Indexing ended. 1 files indexed in 0s.
[Info  - 3:19:28 pm] Indexing started.
[Info  - 3:19:28 pm] Indexing ended. 2 files indexed in 0s.
[Info  - 3:19:39 pm] Indexing started.
[Info  - 3:19:39 pm] Indexing ended. 1 files indexed in 0s.
[Info  - 3:19:40 pm] Indexing started.
[Info  - 3:19:40 pm] Indexing ended. 2 files indexed in 0s.
[Info  - 3:19:52 pm] Indexing started.
[Info  - 3:19:52 pm] Indexing ended. 1 files indexed in 0s.
[Info  - 3:19:53 pm] Indexing started.
[Info  - 3:19:53 pm] Indexing ended. 5 files indexed in 0s.
[Info  - 3:20:06 pm] Indexing started.
[Info  - 3:20:07 pm] Indexing ended. 1 files indexed in 0s.
[Info  - 3:20:07 pm] Indexing started.
[Info  - 3:20:08 pm] Indexing ended. 6 files indexed in 0s.
[Info  - 3:20:29 pm] Indexing started.
[Info  - 3:20:29 pm] Indexing ended. 1 files indexed in 0s.
[Info  - 3:20:32 pm] Indexing started.
[Info  - 3:20:33 pm] Indexing ended. 1 files indexed in 0s.
[Info  - 3:21:17 pm] Indexing started.
[Info  - 3:21:17 pm] Indexing ended. 1 files indexed in 0s.
[Info  - 3:24:17 pm] Indexing started.
[Info  - 3:24:17 pm] Indexing ended. 1 files indexed in 0s.
[Info  - 3:24:20 pm] Indexing started.
[Info  - 3:24:20 pm] Indexing ended. 15 files indexed in 0s.
[Info  - 3:24:23 pm] Indexing started.
[Info  - 3:24:23 pm] Indexing ended. 1 files indexed in 0s.
[Info  - 3:26:39 pm] Indexing started.
[Info  - 3:26:39 pm] Indexing ended. 1 files indexed in 0s.
[Info  - 3:26:39 pm] Indexing started.
[Info  - 3:26:39 pm] Indexing ended. 2 files indexed in 0s.
[Info  - 3:26:40 pm] Indexing started.
[Info  - 3:26:40 pm] Indexing ended. 3 files indexed in 0s.
[Info  - 3:26:48 pm] Indexing started.
[Info  - 3:26:49 pm] Indexing ended. 1 files indexed in 0s.
[Info  - 3:26:49 pm] Indexing started.
[Info  - 3:26:49 pm] Indexing ended. 1 files indexed in 0s.
[Info  - 3:26:51 pm] Indexing started.
[Info  - 3:26:51 pm] Indexing ended. 15 files indexed in 0s.
[Info  - 3:27:55 pm] Indexing started.
[Info  - 3:27:56 pm] Indexing ended. 1 files indexed in 0s.
[Info  - 3:29:23 pm] Indexing started.
[Info  - 3:29:24 pm] Indexing ended. 1 files indexed in 0s.
[Info  - 3:29:24 pm] Indexing started.
[Info  - 3:29:24 pm] Indexing ended. 2 files indexed in 0s.
[Info  - 3:29:26 pm] Indexing started.
[Info  - 3:29:27 pm] Indexing ended. 1 files indexed in 0s.
[Info  - 3:29:32 pm] Indexing started.
[Info  - 3:29:32 pm] Indexing ended. 1 files indexed in 0s.
[Info  - 3:29:32 pm] Indexing started.
[Info  - 3:29:32 pm] Indexing ended. 3 files indexed in 0s.
[Info  - 3:29:34 pm] Indexing started.
[Info  - 3:29:34 pm] Indexing ended. 9 files indexed in 0s.
[Info  - 3:29:47 pm] Indexing started.
[Info  - 3:29:47 pm] Indexing ended. 1 files indexed in 0s.
[Info  - 3:29:47 pm] Indexing started.
[Info  - 3:29:47 pm] Indexing ended. 2 files indexed in 0s.
[Info  - 3:29:47 pm] Indexing started.
[Info  - 3:29:48 pm] Indexing ended. 2 files indexed in 0s.
[Info  - 3:29:49 pm] Indexing started.
[Info  - 3:29:50 pm] Indexing ended. 1 files indexed in 0s.
[Info  - 3:29:54 pm] Indexing started.
[Info  - 3:29:55 pm] Indexing ended. 6 files indexed in 0s.
[Info  - 3:31:41 pm] Indexing started.
[Info  - 3:31:41 pm] Indexing ended. 1 files indexed in 0s.
[Info  - 3:34:59 pm] Indexing started.
[Info  - 3:35:00 pm] Indexing ended. 1 files indexed in 0s.
[Info  - 3:35:01 pm] Indexing started.
[Info  - 3:35:01 pm] Indexing ended. 6 files indexed in 0s.
[Info  - 3:35:01 pm] Indexing started.
[Info  - 3:35:01 pm] Indexing ended. 1 files indexed in 0s.
[Info  - 3:35:03 pm] Indexing started.
[Info  - 3:35:03 pm] Indexing ended. 1 files indexed in 0s.
[Info  - 3:35:58 pm] Indexing started.
[Info  - 3:35:58 pm] Indexing ended. 1 files indexed in 0s.
[Info  - 3:35:59 pm] Indexing started.
[Info  - 3:35:59 pm] Indexing ended. 4 files indexed in 0s.
[Info  - 3:36:07 pm] Indexing started.
[Info  - 3:36:07 pm] Indexing ended. 1 files indexed in 0s.
[Info  - 3:36:07 pm] Indexing started.
[Info  - 3:36:08 pm] Indexing ended. 2 files indexed in 0s.
[Info  - 3:36:10 pm] Indexing started.
[Info  - 3:36:10 pm] Indexing ended. 1 files indexed in 0s.
[Info  - 3:36:47 pm] Indexing started.
[Info  - 3:36:48 pm] Indexing ended. 1 files indexed in 0s.
[Info  - 3:36:48 pm] Indexing started.
[Info  - 3:36:48 pm] Indexing ended. 1 files indexed in 0s.
[Info  - 3:36:50 pm] Indexing started.
[Info  - 3:36:50 pm] Indexing ended. 1 files indexed in 0s.
[Info  - 3:37:31 pm] Indexing started.
[Info  - 3:37:31 pm] Indexing ended. 1 files indexed in 0s.
[Info  - 3:37:31 pm] Indexing started.
[Info  - 3:37:31 pm] Indexing ended. 1 files indexed in 0s.
[Info  - 3:37:32 pm] Indexing started.
[Info  - 3:37:32 pm] Indexing ended. 1 files indexed in 0s.
[Info  - 3:37:34 pm] Indexing started.
[Info  - 3:37:34 pm] Indexing ended. 1 files indexed in 0s.
[Info  - 3:40:12 pm] Indexing started.
[Info  - 3:40:12 pm] Indexing ended. 1 files indexed in 0s.
[Info  - 3:40:12 pm] Indexing started.
[Info  - 3:40:12 pm] Indexing ended. 1 files indexed in 0s.
[Info  - 3:40:16 pm] Indexing started.
[Info  - 3:40:16 pm] Indexing ended. 1 files indexed in 0s.
[Info  - 3:40:37 pm] Indexing started.
[Info  - 3:40:37 pm] Indexing ended. 1 files indexed in 0s.
[Info  - 3:40:38 pm] Indexing started.
[Info  - 3:40:38 pm] Indexing ended. 2 files indexed in 0s.
[Info  - 3:40:40 pm] Indexing started.
[Info  - 3:40:40 pm] Indexing ended. 1 files indexed in 0s.
[Info  - 3:42:16 pm] Indexing started.
[Info  - 3:42:16 pm] Indexing ended. 1 files indexed in 0s.
[Info  - 3:42:55 pm] Indexing started.
[Info  - 3:42:55 pm] Indexing ended. 1 files indexed in 0s.
[Info  - 3:42:55 pm] Indexing started.
[Info  - 3:42:56 pm] Indexing ended. 1 files indexed in 0s.
[Info  - 3:42:58 pm] Indexing started.
[Info  - 3:42:58 pm] Indexing ended. 1 files indexed in 0s.
[Info  - 3:45:33 pm] Indexing started.
[Info  - 3:45:33 pm] Indexing ended. 1 files indexed in 0s.
[Info  - 3:46:04 pm] Indexing started.
[Info  - 3:46:04 pm] Indexing ended. 1 files indexed in 0s.
[Info  - 3:46:05 pm] Indexing started.
[Info  - 3:46:05 pm] Indexing ended. 4 files indexed in 0s.
[Info  - 3:46:07 pm] Indexing started.
[Info  - 3:46:07 pm] Indexing ended. 1 files indexed in 0s.
[Info  - 3:46:18 pm] Indexing started.
[Info  - 3:46:18 pm] Indexing ended. 1 files indexed in 0s.
[Info  - 3:46:18 pm] Indexing started.
[Info  - 3:46:18 pm] Indexing ended. 1 files indexed in 0s.
[Info  - 3:46:19 pm] Indexing started.
[Info  - 3:46:19 pm] Indexing ended. 5 files indexed in 0s.
[Info  - 3:46:40 pm] Indexing started.
[Info  - 3:46:40 pm] Indexing ended. 1 files indexed in 0s.
[Info  - 3:46:40 pm] Indexing started.
[Info  - 3:46:40 pm] Indexing ended. 1 files indexed in 0s.
[Info  - 3:46:44 pm] Indexing started.
[Info  - 3:46:44 pm] Indexing ended. 1 files indexed in 0s.
[Info  - 3:49:16 pm] Indexing started.
[Info  - 3:49:16 pm] Indexing ended. 1 files indexed in 0s.
[Info  - 3:49:56 pm] Indexing started.
[Info  - 3:49:57 pm] Indexing ended. 2 files indexed in 0s.
[Info  - 3:50:27 pm] Indexing started.
[Info  - 3:50:28 pm] Indexing ended. 1 files indexed in 0s.
[Info  - 3:52:53 pm] Indexing started.
[Info  - 3:52:53 pm] Indexing ended. 1 files indexed in 0s.
[Info  - 3:52:54 pm] Indexing started.
[Info  - 3:52:54 pm] Indexing ended. 6 files indexed in 0s.
[Info  - 3:53:04 pm] Indexing started.
[Info  - 3:53:05 pm] Indexing ended. 1 files indexed in 0s.
[Info  - 3:54:59 pm] Indexing started.
[Info  - 3:55:00 pm] Indexing ended. 1 files indexed in 0s.
[Info  - 3:55:00 pm] Indexing started.
[Info  - 3:55:01 pm] Indexing ended. 6 files indexed in 0s.
[Info  - 3:55:03 pm] Indexing started.
[Info  - 3:55:03 pm] Indexing ended. 1 files indexed in 0s.
[Info  - 3:57:42 pm] Indexing started.
[Info  - 3:57:42 pm] Indexing ended. 1 files indexed in 0s.
[Info  - 3:57:42 pm] Indexing started.
[Info  - 3:57:43 pm] Indexing ended. 1 files indexed in 0s.
[Info  - 3:57:46 pm] Indexing started.
[Info  - 3:57:46 pm] Indexing ended. 1 files indexed in 0s.
[Info  - 3:57:50 pm] Indexing started.
[Info  - 3:57:50 pm] Indexing ended. 1 files indexed in 0s.
[Info  - 3:57:51 pm] Indexing started.
[Info  - 3:57:51 pm] Indexing ended. 6 files indexed in 0s.
[Info  - 3:59:44 pm] Indexing started.
[Info  - 3:59:44 pm] Indexing ended. 1 files indexed in 0s.
[Info  - 3:59:45 pm] Indexing started.
[Info  - 3:59:45 pm] Indexing ended. 5 files indexed in 0s.
[Info  - 3:59:49 pm] Indexing started.
[Info  - 3:59:49 pm] Indexing ended. 1 files indexed in 0s.
[Info  - 4:00:49 pm] Indexing started.
[Info  - 4:00:49 pm] Indexing ended. 1 files indexed in 0s.
[Info  - 4:00:50 pm] Indexing started.
[Info  - 4:00:50 pm] Indexing ended. 1 files indexed in 0s.
[Info  - 4:00:52 pm] Indexing started.
[Info  - 4:00:53 pm] Indexing ended. 1 files indexed in 0s.
[Info  - 4:01:03 pm] Indexing started.
[Info  - 4:01:03 pm] Indexing ended. 1 files indexed in 0s.
[Info  - 4:01:04 pm] Indexing started.
[Info  - 4:01:05 pm] Indexing ended. 9 files indexed in 0s.
[Info  - 4:01:09 pm] Indexing started.
[Info  - 4:01:09 pm] Indexing ended. 1 files indexed in 0s.
[Info  - 4:01:51 pm] Indexing started.
[Info  - 4:01:51 pm] Indexing ended. 1 files indexed in 0s.
[Info  - 4:02:04 pm] Indexing started.
[Info  - 4:02:04 pm] Indexing ended. 1 files indexed in 0s.
[Info  - 4:03:51 pm] Indexing started.
[Info  - 4:03:52 pm] Indexing ended. 5 files indexed in 0s.
[Info  - 4:03:52 pm] Indexing started.
[Info  - 4:03:53 pm] Indexing ended. 4 files indexed in 0s.
[Info  - 4:03:56 pm] Indexing started.
[Info  - 4:03:56 pm] Indexing ended. 1 files indexed in 0s.
[Info  - 4:04:47 pm] Indexing started.
[Info  - 4:04:47 pm] Indexing ended. 1 files indexed in 0s.
[Info  - 4:04:47 pm] Indexing started.
[Info  - 4:04:47 pm] Indexing ended. 1 files indexed in 0s.
[Info  - 4:04:49 pm] Indexing started.
[Info  - 4:04:50 pm] Indexing ended. 1 files indexed in 0s.
[Info  - 4:05:17 pm] Indexing started.
[Info  - 4:05:17 pm] Indexing ended. 2 files indexed in 0s.
[Info  - 4:05:21 pm] Indexing started.
[Info  - 4:05:21 pm] Indexing ended. 1 files indexed in 0s.
[Info  - 4:13:14 pm] Indexing started.
[Info  - 4:13:14 pm] Indexing ended. 2 files indexed in 0s.
[Info  - 4:13:16 pm] Indexing started.
[Info  - 4:13:16 pm] Indexing ended. 1 files indexed in 0s.
[Info  - 4:13:22 pm] Indexing started.
[Info  - 4:13:23 pm] Indexing ended. 1 files indexed in 0s.
[Info  - 4:13:27 pm] Indexing started.
[Info  - 4:13:28 pm] Indexing ended. 1 files indexed in 0s.
[Info  - 4:13:29 pm] Indexing started.
[Info  - 4:13:29 pm] Indexing ended. 1 files indexed in 0s.
[Info  - 4:13:37 pm] Indexing started.
[Info  - 4:13:37 pm] Indexing ended. 1 files indexed in 0s.
[Info  - 4:13:39 pm] Indexing started.
[Info  - 4:13:39 pm] Indexing ended. 7 files indexed in 0s.
[Info  - 4:13:41 pm] Indexing started.
[Info  - 4:13:41 pm] Indexing ended. 10 files indexed in 0s.
[Info  - 4:13:42 pm] Indexing started.
[Info  - 4:13:42 pm] Indexing ended. 3 files indexed in 0s.
[Info  - 4:13:42 pm] Indexing started.
[Info  - 4:13:42 pm] Indexing ended. 1 files indexed in 0s.
[Info  - 4:13:42 pm] Indexing started.
[Info  - 4:13:43 pm] Indexing ended. 2 files indexed in 0s.
[Info  - 4:13:43 pm] Indexing started.
[Info  - 4:13:43 pm] Indexing ended. 1 files indexed in 0s.
[Info  - 4:13:44 pm] Indexing started.
[Info  - 4:13:44 pm] Indexing ended. 6 files indexed in 0s.
[Info  - 4:13:44 pm] Indexing started.
[Info  - 4:13:45 pm] Indexing ended. 1 files indexed in 0s.
[Info  - 4:13:45 pm] Indexing started.
[Info  - 4:13:45 pm] Indexing ended. 1 files indexed in 0s.
[Info  - 4:13:46 pm] Indexing started.
[Info  - 4:13:46 pm] Indexing ended. 4 files indexed in 0s.
[Info  - 4:13:46 pm] Indexing started.
[Info  - 4:13:46 pm] Indexing ended. 1 files indexed in 0s.
[Info  - 4:13:46 pm] Indexing started.
[Info  - 4:13:46 pm] Indexing ended. 1 files indexed in 0s.
[Info  - 4:13:48 pm] Indexing started.
[Info  - 4:13:48 pm] Indexing ended. 1 files indexed in 0s.
[Info  - 4:13:58 pm] Indexing started.
[Info  - 4:13:58 pm] Indexing ended. 1 files indexed in 0s.
[Info  - 4:13:59 pm] Indexing started.
[Info  - 4:13:59 pm] Indexing ended. 4 files indexed in 0s.
[Info  - 4:14:17 pm] Indexing started.
[Info  - 4:14:18 pm] Indexing ended. 1 files indexed in 0s.
[Info  - 4:14:18 pm] Indexing started.
[Info  - 4:14:18 pm] Indexing ended. 3 files indexed in 0s.
[Info  - 4:14:28 pm] Indexing started.
[Info  - 4:14:28 pm] Indexing ended. 1 files indexed in 0s.
[Info  - 4:15:31 pm] Indexing started.
[Info  - 4:15:31 pm] Indexing ended. 1 files indexed in 0s.
[Info  - 4:15:32 pm] Indexing started.
[Info  - 4:15:32 pm] Indexing ended. 1 files indexed in 0s.
[Info  - 4:15:45 pm] Indexing started.
[Info  - 4:15:45 pm] Indexing ended. 1 files indexed in 0s.
[Info  - 4:15:45 pm] Indexing started.
[Info  - 4:15:46 pm] Indexing ended. 2 files indexed in 0s.
[Info  - 4:15:47 pm] Indexing started.
[Info  - 4:15:47 pm] Indexing ended. 1 files indexed in 0s.
[Info  - 4:16:38 pm] Indexing started.
[Info  - 4:16:38 pm] Indexing ended. 1 files indexed in 0s.
[Info  - 4:16:41 pm] Indexing started.
[Info  - 4:16:41 pm] Indexing ended. 1 files indexed in 0s.
[Info  - 4:17:30 pm] Indexing started.
[Info  - 4:17:30 pm] Indexing ended. 3 files indexed in 0s.
[Info  - 4:18:19 pm] Indexing started.
[Info  - 4:18:19 pm] Indexing ended. 5 files indexed in 0s.
[Info  - 4:21:56 pm] Indexing started.
[Info  - 4:21:56 pm] Indexing ended. 1 files indexed in 0s.
[Info  - 4:23:10 pm] Indexing started.
[Info  - 4:23:10 pm] Indexing ended. 1 files indexed in 0s.
[Info  - 4:23:10 pm] Indexing started.
[Info  - 4:23:10 pm] Indexing ended. 1 files indexed in 0s.
[Info  - 4:23:11 pm] Indexing started.
[Info  - 4:23:11 pm] Indexing ended. 3 files indexed in 0s.
[Info  - 4:23:26 pm] Indexing started.
[Info  - 4:23:27 pm] Indexing ended. 1 files indexed in 0s.
[Info  - 4:23:27 pm] Indexing started.
[Info  - 4:23:27 pm] Indexing ended. 1 files indexed in 0s.
[Info  - 4:23:29 pm] Indexing started.
[Info  - 4:23:29 pm] Indexing ended. 1 files indexed in 0s.
[Info  - 4:23:50 pm] Indexing started.
[Info  - 4:23:50 pm] Indexing ended. 1 files indexed in 0s.
[Info  - 4:23:50 pm] Indexing started.
[Info  - 4:23:50 pm] Indexing ended. 2 files indexed in 0s.
[Info  - 4:23:52 pm] Indexing started.
[Info  - 4:23:52 pm] Indexing ended. 1 files indexed in 0s.
[Info  - 4:23:53 pm] Indexing started.
[Info  - 4:23:53 pm] Indexing ended. 1 files indexed in 0s.
[Info  - 4:24:09 pm] Indexing started.
[Info  - 4:24:09 pm] Indexing ended. 1 files indexed in 0s.
[Info  - 4:24:09 pm] Indexing started.
[Info  - 4:24:09 pm] Indexing ended. 1 files indexed in 0s.
[Info  - 4:24:13 pm] Indexing started.
[Info  - 4:24:13 pm] Indexing ended. 1 files indexed in 0s.
[Info  - 4:24:14 pm] Indexing started.
[Info  - 4:24:14 pm] Indexing ended. 3 files indexed in 0s.
[Info  - 4:24:19 pm] Indexing started.
[Info  - 4:24:20 pm] Indexing ended. 1 files indexed in 0s.
[Info  - 4:24:45 pm] Indexing started.
[Info  - 4:24:45 pm] Indexing ended. 1 files indexed in 0s.
[Info  - 4:24:58 pm] Indexing started.
[Info  - 4:24:58 pm] Indexing ended. 1 files indexed in 0s.
[Info  - 4:25:08 pm] Indexing started.
[Info  - 4:25:08 pm] Indexing ended. 1 files indexed in 0s.
[Info  - 4:26:25 pm] Indexing started.
[Info  - 4:26:26 pm] Indexing ended. 1 files indexed in 0s.
[Info  - 4:27:03 pm] Indexing started.
[Info  - 4:27:03 pm] Indexing ended. 1 files indexed in 0s.
[Info  - 4:27:03 pm] Indexing started.
[Info  - 4:27:04 pm] Indexing ended. 1 files indexed in 0s.
[Info  - 4:27:05 pm] Indexing started.
[Info  - 4:27:05 pm] Indexing ended. 1 files indexed in 0s.
[Info  - 4:27:57 pm] Indexing started.
[Info  - 4:27:58 pm] Indexing ended. 1 files indexed in 0s.
[Info  - 4:27:58 pm] Indexing started.
[Info  - 4:27:58 pm] Indexing ended. 3 files indexed in 0s.
[Info  - 4:28:01 pm] Indexing started.
[Info  - 4:28:01 pm] Indexing ended. 1 files indexed in 0s.
[Info  - 4:28:08 pm] Indexing started.
[Info  - 4:28:08 pm] Indexing ended. 1 files indexed in 0s.
[Info  - 4:28:08 pm] Indexing started.
[Info  - 4:28:09 pm] Indexing ended. 1 files indexed in 0s.
[Info  - 4:28:10 pm] Indexing started.
[Info  - 4:28:11 pm] Indexing ended. 1 files indexed in 0s.
[Info  - 4:29:24 pm] Indexing started.
[Info  - 4:29:24 pm] Indexing ended. 1 files indexed in 0s.
[Info  - 4:29:28 pm] Indexing started.
[Info  - 4:29:29 pm] Indexing ended. 1 files indexed in 0s.
[Info  - 4:35:27 pm] Indexing started.
[Info  - 4:35:27 pm] Indexing ended. 1 files indexed in 0s.
[Info  - 4:35:28 pm] Indexing started.
[Info  - 4:35:29 pm] Indexing ended. 1 files indexed in 0s.
[Info  - 4:35:37 pm] Indexing started.
[Info  - 4:35:37 pm] Indexing ended. 1 files indexed in 0s.
[Info  - 4:35:39 pm] Indexing started.
[Info  - 4:35:39 pm] Indexing ended. 7 files indexed in 0s.
[Info  - 4:35:39 pm] Indexing started.
[Info  - 4:35:39 pm] Indexing ended. 2 files indexed in 0s.
[Info  - 4:35:54 pm] Indexing started.
[Info  - 4:35:54 pm] Indexing ended. 1 files indexed in 0s.
[Info  - 4:35:57 pm] Indexing started.
[Info  - 4:35:57 pm] Indexing ended. 12 files indexed in 0s.
[Info  - 4:35:57 pm] Indexing started.
[Info  - 4:35:57 pm] Indexing ended. 1 files indexed in 0s.
[Info  - 4:35:58 pm] Indexing started.
[Info  - 4:35:58 pm] Indexing ended. 3 files indexed in 0s.
[Info  - 4:35:58 pm] Indexing started.
[Info  - 4:35:59 pm] Indexing ended. 2 files indexed in 0s.
[Info  - 4:35:59 pm] Indexing started.
[Info  - 4:35:59 pm] Indexing ended. 3 files indexed in 0s.
[Info  - 4:38:03 pm] Indexing started.
[Info  - 4:38:03 pm] Indexing ended. 1 files indexed in 0s.
[Info  - 4:38:12 pm] Indexing started.
[Info  - 4:38:12 pm] Indexing ended. 1 files indexed in 0s.
[Info  - 4:38:13 pm] Indexing started.
[Info  - 4:38:13 pm] Indexing ended. 2 files indexed in 0s.
[Info  - 4:38:13 pm] Indexing started.
[Info  - 4:38:13 pm] Indexing ended. 3 files indexed in 0s.
[Info  - 4:38:36 pm] Indexing started.
[Info  - 4:38:36 pm] Indexing ended. 1 files indexed in 0s.
[Info  - 4:38:36 pm] Indexing started.
[Info  - 4:38:36 pm] Indexing ended. 1 files indexed in 0s.
[Info  - 4:39:37 pm] Indexing started.
[Info  - 4:39:37 pm] Indexing ended. 1 files indexed in 0s.
[Info  - 4:39:38 pm] Indexing started.
[Info  - 4:39:38 pm] Indexing ended. 1 files indexed in 0s.
[Info  - 4:39:51 pm] Indexing started.
[Info  - 4:39:51 pm] Indexing ended. 2 files indexed in 0s.
[Info  - 4:39:55 pm] Indexing started.
[Info  - 4:39:55 pm] Indexing ended. 1 files indexed in 0s.
[Info  - 4:39:55 pm] Indexing started.
[Info  - 4:39:56 pm] Indexing ended. 2 files indexed in 0s.
[Info  - 4:39:57 pm] Indexing started.
[Info  - 4:39:57 pm] Indexing ended. 1 files indexed in 0s.
[Info  - 4:40:15 pm] Indexing started.
[Info  - 4:40:15 pm] Indexing ended. 1 files indexed in 0s.
[Info  - 4:40:16 pm] Indexing started.
[Info  - 4:40:16 pm] Indexing ended. 1 files indexed in 0s.
[Info  - 4:40:19 pm] Indexing started.
[Info  - 4:40:20 pm] Indexing ended. 2 files indexed in 0s.
[Info  - 4:40:43 pm] Indexing started.
[Info  - 4:40:43 pm] Indexing ended. 1 files indexed in 0s.
[Info  - 4:41:01 pm] Indexing started.
[Info  - 4:41:01 pm] Indexing ended. 1 files indexed in 0s.
[Info  - 4:41:02 pm] Indexing started.
[Info  - 4:41:02 pm] Indexing ended. 1 files indexed in 0s.
[Info  - 4:41:04 pm] Indexing started.
[Info  - 4:41:04 pm] Indexing ended. 1 files indexed in 0s.
[Info  - 4:42:30 pm] Indexing started.
[Info  - 4:42:30 pm] Indexing ended. 1 files indexed in 0s.
[Info  - 4:42:30 pm] Indexing started.
[Info  - 4:42:31 pm] Indexing ended. 1 files indexed in 0s.
[Info  - 4:42:35 pm] Indexing started.
[Info  - 4:42:35 pm] Indexing ended. 1 files indexed in 0s.
[Info  - 4:42:49 pm] Indexing started.
[Info  - 4:42:49 pm] Indexing ended. 1 files indexed in 0s.
[Info  - 4:42:49 pm] Indexing started.
[Info  - 4:42:50 pm] Indexing ended. 1 files indexed in 0s.
[Info  - 4:42:51 pm] Indexing started.
[Info  - 4:42:52 pm] Indexing ended. 1 files indexed in 0s.
[Info  - 4:42:59 pm] Indexing started.
[Info  - 4:42:59 pm] Indexing ended. 1 files indexed in 0s.
[Info  - 4:43:00 pm] Indexing started.
[Info  - 4:43:00 pm] Indexing ended. 5 files indexed in 0s.
[Info  - 4:43:02 pm] Indexing started.
[Info  - 4:43:02 pm] Indexing ended. 1 files indexed in 0s.
[Info  - 4:43:18 pm] Indexing started.
[Info  - 4:43:18 pm] Indexing ended. 1 files indexed in 0s.
[Info  - 4:43:20 pm] Indexing started.
[Info  - 4:43:20 pm] Indexing ended. 11 files indexed in 0s.
[Info  - 4:43:33 pm] Indexing started.
[Info  - 4:43:33 pm] Indexing ended. 1 files indexed in 0s.
[Info  - 4:43:34 pm] Indexing started.
[Info  - 4:43:34 pm] Indexing ended. 7 files indexed in 0s.
[Info  - 4:43:48 pm] Indexing started.
[Info  - 4:43:48 pm] Indexing ended. 1 files indexed in 0s.
[Info  - 4:43:49 pm] Indexing started.
[Info  - 4:43:49 pm] Indexing ended. 1 files indexed in 0s.
[Info  - 4:44:04 pm] Indexing started.
[Info  - 4:44:04 pm] Indexing ended. 1 files indexed in 0s.
[Info  - 4:44:05 pm] Indexing started.
[Info  - 4:44:05 pm] Indexing ended. 7 files indexed in 0s.
[Info  - 4:44:14 pm] Indexing started.
[Info  - 4:44:14 pm] Indexing ended. 1 files indexed in 0s.
[Info  - 4:44:14 pm] Indexing started.
[Info  - 4:44:14 pm] Indexing ended. 2 files indexed in 0s.
[Info  - 4:44:19 pm] Indexing started.
[Info  - 4:44:20 pm] Indexing ended. 1 files indexed in 0s.
[Info  - 4:44:20 pm] Indexing started.
[Info  - 4:44:20 pm] Indexing ended. 2 files indexed in 0s.
[Info  - 4:44:22 pm] Indexing started.
[Info  - 4:44:22 pm] Indexing ended. 1 files indexed in 0s.
[Info  - 4:44:27 pm] Indexing started.
[Info  - 4:44:27 pm] Indexing ended. 1 files indexed in 0s.
[Info  - 4:44:31 pm] Indexing started.
[Info  - 4:44:32 pm] Indexing ended. 1 files indexed in 0s.
[Info  - 4:44:34 pm] Indexing started.
[Info  - 4:44:34 pm] Indexing ended. 1 files indexed in 0s.
[Info  - 4:45:30 pm] Indexing started.
[Info  - 4:45:30 pm] Indexing ended. 1 files indexed in 0s.
[Info  - 4:45:30 pm] Indexing started.
[Info  - 4:45:30 pm] Indexing ended. 2 files indexed in 0s.
[Info  - 4:45:31 pm] Indexing started.
[Info  - 4:45:32 pm] Indexing ended. 6 files indexed in 0s.
[Info  - 4:46:29 pm] Indexing started.
[Info  - 4:46:30 pm] Indexing ended. 1 files indexed in 0s.
[Info  - 4:46:30 pm] Indexing started.
[Info  - 4:46:30 pm] Indexing ended. 2 files indexed in 0s.
[Info  - 4:46:43 pm] Indexing started.
[Info  - 4:46:43 pm] Indexing ended. 1 files indexed in 0s.
[Info  - 4:46:52 pm] Indexing started.
[Info  - 4:46:52 pm] Indexing ended. 1 files indexed in 0s.
[Info  - 4:47:41 pm] Indexing started.
[Info  - 4:47:42 pm] Indexing ended. 1 files indexed in 0s.
[Info  - 4:47:42 pm] Indexing started.
[Info  - 4:47:42 pm] Indexing ended. 4 files indexed in 0s.
[Info  - 4:47:51 pm] Indexing started.
[Info  - 4:47:51 pm] Indexing ended. 1 files indexed in 0s.
[Info  - 4:47:51 pm] Indexing started.
[Info  - 4:47:52 pm] Indexing ended. 1 files indexed in 0s.
[Info  - 4:47:54 pm] Indexing started.
[Info  - 4:47:54 pm] Indexing ended. 1 files indexed in 0s.
[Info  - 4:47:56 pm] Indexing started.
[Info  - 4:47:56 pm] Indexing ended. 1 files indexed in 0s.
[Info  - 4:48:07 pm] Indexing started.
[Info  - 4:48:07 pm] Indexing ended. 1 files indexed in 0s.
[Info  - 4:48:07 pm] Indexing started.
[Info  - 4:48:08 pm] Indexing ended. 3 files indexed in 0s.
[Info  - 4:48:09 pm] Indexing started.
[Info  - 4:48:09 pm] Indexing ended. 1 files indexed in 0s.
[Info  - 4:48:34 pm] Indexing started.
[Info  - 4:48:34 pm] Indexing ended. 1 files indexed in 0s.
[Info  - 4:48:37 pm] Indexing started.
[Info  - 4:48:37 pm] Indexing ended. 16 files indexed in 0s.
[Info  - 4:49:32 pm] Indexing started.
[Info  - 4:49:32 pm] Indexing ended. 1 files indexed in 0s.
[Info  - 4:49:32 pm] Indexing started.
[Info  - 4:49:33 pm] Indexing ended. 4 files indexed in 0s.
[Info  - 4:49:33 pm] Indexing started.
[Info  - 4:49:33 pm] Indexing ended. 1 files indexed in 0s.
[Info  - 4:49:40 pm] Indexing started.
[Info  - 4:49:40 pm] Indexing ended. 1 files indexed in 0s.
[Info  - 4:50:12 pm] Indexing started.
[Info  - 4:50:12 pm] Indexing ended. 1 files indexed in 0s.
[Info  - 4:50:12 pm] Indexing started.
[Info  - 4:50:12 pm] Indexing ended. 2 files indexed in 0s.
[Info  - 4:50:14 pm] Indexing started.
[Info  - 4:50:14 pm] Indexing ended. 1 files indexed in 0s.
[Info  - 4:50:41 pm] Indexing started.
[Info  - 4:50:41 pm] Indexing ended. 1 files indexed in 0s.
[Info  - 4:50:41 pm] Indexing started.
[Info  - 4:50:41 pm] Indexing ended. 1 files indexed in 0s.
[Info  - 4:50:43 pm] Indexing started.
[Info  - 4:50:43 pm] Indexing ended. 1 files indexed in 0s.
[Info  - 4:51:18 pm] Indexing started.
[Info  - 4:51:18 pm] Indexing ended. 1 files indexed in 0s.
[Info  - 4:51:20 pm] Indexing started.
[Info  - 4:51:21 pm] Indexing ended. 1 files indexed in 0s.
[Info  - 4:51:52 pm] Indexing started.
[Info  - 4:51:52 pm] Indexing ended. 1 files indexed in 0s.
[Info  - 4:51:54 pm] Indexing started.
[Info  - 4:51:54 pm] Indexing ended. 7 files indexed in 0s.
[Info  - 4:51:56 pm] Indexing started.
[Info  - 4:51:57 pm] Indexing ended. 1 files indexed in 0s.
[Info  - 4:52:12 pm] Indexing started.
[Info  - 4:52:12 pm] Indexing ended. 1 files indexed in 0s.
[Info  - 4:52:12 pm] Indexing started.
[Info  - 4:52:13 pm] Indexing ended. 2 files indexed in 0s.
[Info  - 4:52:14 pm] Indexing started.
[Info  - 4:52:14 pm] Indexing ended. 1 files indexed in 0s.
[Info  - 4:52:28 pm] Indexing started.
[Info  - 4:52:29 pm] Indexing ended. 1 files indexed in 0s.
[Info  - 4:52:29 pm] Indexing started.
[Info  - 4:52:29 pm] Indexing ended. 1 files indexed in 0s.
[Info  - 4:52:31 pm] Indexing started.
[Info  - 4:52:31 pm] Indexing ended. 1 files indexed in 0s.
[Info  - 4:53:26 pm] Indexing started.
[Info  - 4:53:26 pm] Indexing ended. 1 files indexed in 0s.
[Info  - 4:53:27 pm] Indexing started.
[Info  - 4:53:27 pm] Indexing ended. 4 files indexed in 0s.
[Info  - 4:53:34 pm] Indexing started.
[Info  - 4:53:35 pm] Indexing ended. 1 files indexed in 0s.
[Info  - 4:55:25 pm] Indexing started.
[Info  - 4:55:25 pm] Indexing ended. 1 files indexed in 0s.
[Info  - 4:55:26 pm] Indexing started.
[Info  - 4:55:26 pm] Indexing ended. 4 files indexed in 0s.
[Info  - 4:56:09 pm] Indexing started.
[Info  - 4:56:09 pm] Indexing ended. 1 files indexed in 0s.
[Info  - 4:56:10 pm] Indexing started.
[Info  - 4:56:10 pm] Indexing ended. 2 files indexed in 0s.
[Info  - 4:56:14 pm] Indexing started.
[Info  - 4:56:14 pm] Indexing ended. 1 files indexed in 0s.
[Info  - 4:56:53 pm] Indexing started.
[Info  - 4:56:53 pm] Indexing ended. 1 files indexed in 0s.
[Info  - 4:56:53 pm] Indexing started.
[Info  - 4:56:53 pm] Indexing ended. 1 files indexed in 0s.
[Info  - 4:56:56 pm] Indexing started.
[Info  - 4:56:56 pm] Indexing ended. 1 files indexed in 0s.
[Info  - 4:57:00 pm] Indexing started.
[Info  - 4:57:00 pm] Indexing ended. 1 files indexed in 0s.
[Info  - 4:58:04 pm] Indexing started.
[Info  - 4:58:05 pm] Indexing ended. 1 files indexed in 0s.
[Info  - 4:58:05 pm] Indexing started.
[Info  - 4:58:05 pm] Indexing ended. 2 files indexed in 0s.
[Info  - 4:58:06 pm] Indexing started.
[Info  - 4:58:06 pm] Indexing ended. 3 files indexed in 0s.
[Info  - 4:58:16 pm] Indexing started.
[Info  - 4:58:16 pm] Indexing ended. 1 files indexed in 0s.
[Info  - 4:59:20 pm] Indexing started.
[Info  - 4:59:20 pm] Indexing ended. 1 files indexed in 0s.
[Info  - 4:59:20 pm] Indexing started.
[Info  - 4:59:20 pm] Indexing ended. 3 files indexed in 0s.
[Info  - 4:59:45 pm] Indexing started.
[Info  - 4:59:45 pm] Indexing ended. 1 files indexed in 0s.
[Info  - 4:59:45 pm] Indexing started.
[Info  - 4:59:46 pm] Indexing ended. 1 files indexed in 0s.
[Info  - 4:59:46 pm] Indexing started.
[Info  - 4:59:46 pm] Indexing ended. 2 files indexed in 0s.
[Info  - 4:59:46 pm] Indexing started.
[Info  - 4:59:47 pm] Indexing ended. 2 files indexed in 0s.
[Info  - 5:01:51 pm] Indexing started.
[Info  - 5:01:52 pm] Indexing ended. 1 files indexed in 0s.
[Info  - 5:01:53 pm] Indexing started.
[Info  - 5:01:53 pm] Indexing ended. 6 files indexed in 0s.
[Info  - 5:01:53 pm] Indexing started.
[Info  - 5:01:53 pm] Indexing ended. 2 files indexed in 0s.
[Info  - 5:02:09 pm] Indexing started.
[Info  - 5:02:10 pm] Indexing ended. 2 files indexed in 0s.
[Info  - 5:02:13 pm] Indexing started.
[Info  - 5:02:13 pm] Indexing ended. 2 files indexed in 0s.
[Info  - 5:02:25 pm] Indexing started.
[Info  - 5:02:25 pm] Indexing ended. 1 files indexed in 0s.
[Info  - 5:02:26 pm] Indexing started.
[Info  - 5:02:26 pm] Indexing ended. 1 files indexed in 0s.
[Info  - 5:03:17 pm] Indexing started.
[Info  - 5:03:17 pm] Indexing ended. 1 files indexed in 0s.
[Info  - 5:03:17 pm] Indexing started.
[Info  - 5:03:18 pm] Indexing ended. 3 files indexed in 0s.
[Info  - 5:03:19 pm] Indexing started.
[Info  - 5:03:19 pm] Indexing ended. 8 files indexed in 0s.
[Info  - 5:03:49 pm] Indexing started.
[Info  - 5:03:50 pm] Indexing ended. 1 files indexed in 0s.
[Info  - 5:04:08 pm] Indexing started.
[Info  - 5:04:09 pm] Indexing ended. 1 files indexed in 0s.
[Info  - 5:05:04 pm] Indexing started.
[Info  - 5:05:04 pm] Indexing ended. 1 files indexed in 0s.
[Info  - 5:05:36 pm] Indexing started.
[Info  - 5:05:36 pm] Indexing ended. 1 files indexed in 0s.
[Info  - 5:05:37 pm] Indexing started.
[Info  - 5:05:37 pm] Indexing ended. 4 files indexed in 0s.
[Info  - 5:05:37 pm] Indexing started.
[Info  - 5:05:37 pm] Indexing ended. 1 files indexed in 0s.
[Info  - 5:05:40 pm] Indexing started.
[Info  - 5:05:40 pm] Indexing ended. 1 files indexed in 0s.
[Info  - 5:07:01 pm] Indexing started.
[Info  - 5:07:02 pm] Indexing ended. 1 files indexed in 0s.
[Info  - 5:07:03 pm] Indexing started.
[Info  - 5:07:03 pm] Indexing ended. 7 files indexed in 0s.
[Info  - 5:07:11 pm] Indexing started.
[Info  - 5:07:12 pm] Indexing ended. 1 files indexed in 0s.
[Info  - 5:07:13 pm] Indexing started.
[Info  - 5:07:13 pm] Indexing ended. 10 files indexed in 0s.
[Info  - 5:07:18 pm] Indexing started.
[Info  - 5:07:18 pm] Indexing ended. 1 files indexed in 0s.
[Info  - 5:07:55 pm] Indexing started.
[Info  - 5:07:55 pm] Indexing ended. 1 files indexed in 0s.
[Info  - 5:07:55 pm] Indexing started.
[Info  - 5:07:55 pm] Indexing ended. 3 files indexed in 0s.
[Info  - 5:07:59 pm] Indexing started.
[Info  - 5:07:59 pm] Indexing ended. 1 files indexed in 0s.
[Info  - 5:08:12 pm] Indexing started.
[Info  - 5:08:12 pm] Indexing ended. 1 files indexed in 0s.
[Info  - 5:08:45 pm] Indexing started.
[Info  - 5:08:45 pm] Indexing ended. 1 files indexed in 0s.
[Info  - 5:08:45 pm] Indexing started.
[Info  - 5:08:45 pm] Indexing ended. 1 files indexed in 0s.
[Info  - 5:08:47 pm] Indexing started.
[Info  - 5:08:47 pm] Indexing ended. 1 files indexed in 0s.
[Info  - 5:09:39 pm] Indexing started.
[Info  - 5:09:39 pm] Indexing ended. 1 files indexed in 0s.
[Info  - 5:09:40 pm] Indexing started.
[Info  - 5:09:40 pm] Indexing ended. 1 files indexed in 0s.
[Info  - 5:09:42 pm] Indexing started.
[Info  - 5:09:42 pm] Indexing ended. 1 files indexed in 0s.
[Info  - 5:11:50 pm] Indexing started.
[Info  - 5:11:50 pm] Indexing ended. 1 files indexed in 0s.
[Info  - 5:11:55 pm] Indexing started.
[Info  - 5:11:55 pm] Indexing ended. 1 files indexed in 0s.
[Info  - 5:11:55 pm] Indexing started.
[Info  - 5:11:55 pm] Indexing ended. 2 files indexed in 0s.
[Info  - 5:11:58 pm] Indexing started.
[Info  - 5:11:58 pm] Indexing ended. 1 files indexed in 0s.
[Info  - 5:11:59 pm] Indexing started.
[Info  - 5:11:59 pm] Indexing ended. 5 files indexed in 0s.
[Info  - 5:12:02 pm] Indexing started.
[Info  - 5:12:02 pm] Indexing ended. 1 files indexed in 0s.
[Info  - 5:13:53 pm] Indexing started.
[Info  - 5:13:54 pm] Indexing ended. 1 files indexed in 0s.
[Info  - 5:13:54 pm] Indexing started.
[Info  - 5:13:54 pm] Indexing ended. 1 files indexed in 0s.
[Info  - 5:13:57 pm] Indexing started.
[Info  - 5:13:57 pm] Indexing ended. 1 files indexed in 0s.
[Info  - 5:14:04 pm] Indexing started.
[Info  - 5:14:05 pm] Indexing ended. 1 files indexed in 0s.
[Info  - 5:14:05 pm] Indexing started.
[Info  - 5:14:05 pm] Indexing ended. 2 files indexed in 0s.
[Info  - 5:14:06 pm] Indexing started.
[Info  - 5:14:06 pm] Indexing ended. 6 files indexed in 0s.
[Info  - 5:15:05 pm] Indexing started.
[Info  - 5:15:05 pm] Indexing ended. 1 files indexed in 0s.
[Info  - 5:15:06 pm] Indexing started.
[Info  - 5:15:06 pm] Indexing ended. 6 files indexed in 0s.
[Info  - 5:15:07 pm] Indexing started.
[Info  - 5:15:07 pm] Indexing ended. 7 files indexed in 0s.
[Info  - 5:15:17 pm] Indexing started.
[Info  - 5:15:17 pm] Indexing ended. 1 files indexed in 0s.
[Info  - 5:19:46 pm] Indexing started.
[Info  - 5:19:46 pm] Indexing ended. 1 files indexed in 0s.
[Info  - 5:19:46 pm] Indexing started.
[Info  - 5:19:47 pm] Indexing ended. 1 files indexed in 0s.
[Info  - 5:19:49 pm] Indexing started.
[Info  - 5:19:49 pm] Indexing ended. 1 files indexed in 0s.
[Info  - 5:20:28 pm] Indexing started.
[Info  - 5:20:29 pm] Indexing ended. 1 files indexed in 0s.
[Info  - 5:20:30 pm] Indexing started.
[Info  - 5:20:30 pm] Indexing ended. 6 files indexed in 0s.
[Info  - 5:21:52 pm] Indexing started.
[Info  - 5:21:52 pm] Indexing ended. 1 files indexed in 0s.
[Info  - 5:21:53 pm] Indexing started.
[Info  - 5:21:53 pm] Indexing ended. 5 files indexed in 0s.
[Info  - 5:22:11 pm] Indexing started.
[Info  - 5:22:11 pm] Indexing ended. 1 files indexed in 0s.
[Info  - 5:23:03 pm] Indexing started.
[Info  - 5:23:03 pm] Indexing ended. 1 files indexed in 0s.
[Info  - 5:23:03 pm] Indexing started.
[Info  - 5:23:04 pm] Indexing ended. 4 files indexed in 0s.
[Info  - 5:23:08 pm] Indexing started.
[Info  - 5:23:09 pm] Indexing ended. 1 files indexed in 0s.
[Info  - 5:24:28 pm] Indexing started.
[Info  - 5:24:29 pm] Indexing ended. 1 files indexed in 0s.
[Info  - 5:24:29 pm] Indexing started.
[Info  - 5:24:29 pm] Indexing ended. 2 files indexed in 0s.
[Info  - 5:24:31 pm] Indexing started.
[Info  - 5:24:31 pm] Indexing ended. 1 files indexed in 0s.
[Info  - 5:24:54 pm] Indexing started.
[Info  - 5:24:54 pm] Indexing ended. 1 files indexed in 0s.
[Info  - 5:24:54 pm] Indexing started.
[Info  - 5:24:54 pm] Indexing ended. 1 files indexed in 0s.
[Info  - 5:25:00 pm] Indexing started.
[Info  - 5:25:00 pm] Indexing ended. 1 files indexed in 0s.
[Info  - 5:25:07 pm] Indexing started.
[Info  - 5:25:08 pm] Indexing ended. 1 files indexed in 0s.
[Info  - 5:25:08 pm] Indexing started.
[Info  - 5:25:08 pm] Indexing ended. 2 files indexed in 0s.
[Info  - 5:25:08 pm] Indexing started.
[Info  - 5:25:08 pm] Indexing ended. 1 files indexed in 0s.
[Info  - 5:25:26 pm] Indexing started.
[Info  - 5:25:27 pm] Indexing ended. 2 files indexed in 0s.
[Info  - 5:25:28 pm] Indexing started.
[Info  - 5:25:28 pm] Indexing ended. 1 files indexed in 0s.
[Info  - 5:26:39 pm] Indexing started.
[Info  - 5:26:39 pm] Indexing ended. 1 files indexed in 0s.
[Info  - 5:26:40 pm] Indexing started.
[Info  - 5:26:40 pm] Indexing ended. 2 files indexed in 0s.
[Info  - 5:27:10 pm] Indexing started.
[Info  - 5:27:10 pm] Indexing ended. 2 files indexed in 0s.
[Info  - 5:27:13 pm] Indexing started.
[Info  - 5:27:13 pm] Indexing ended. 1 files indexed in 0s.
[Info  - 5:27:43 pm] Indexing started.
[Info  - 5:27:43 pm] Indexing ended. 1 files indexed in 0s.
[Info  - 5:27:43 pm] Indexing started.
[Info  - 5:27:44 pm] Indexing ended. 3 files indexed in 0s.
[Info  - 5:28:06 pm] Indexing started.
[Info  - 5:28:07 pm] Indexing ended. 1 files indexed in 0s.
[Info  - 5:28:08 pm] Indexing started.
[Info  - 5:28:08 pm] Indexing ended. 9 files indexed in 0s.
[Info  - 5:28:12 pm] Indexing started.
[Info  - 5:28:13 pm] Indexing ended. 1 files indexed in 0s.
[Info  - 5:28:15 pm] Indexing started.
[Info  - 5:28:15 pm] Indexing ended. 1 files indexed in 0s.
[Info  - 5:28:32 pm] Indexing started.
[Info  - 5:28:32 pm] Indexing ended. 1 files indexed in 0s.
[Info  - 5:28:35 pm] Indexing started.
[Info  - 5:28:35 pm] Indexing ended. 1 files indexed in 0s.
[Info  - 5:29:17 pm] Indexing started.
[Info  - 5:29:17 pm] Indexing ended. 1 files indexed in 0s.
[Info  - 5:29:17 pm] Indexing started.
[Info  - 5:29:17 pm] Indexing ended. 1 files indexed in 0s.
[Info  - 5:29:22 pm] Indexing started.
[Info  - 5:29:22 pm] Indexing ended. 1 files indexed in 0s.
[Info  - 5:29:31 pm] Indexing started.
[Info  - 5:29:31 pm] Indexing ended. 2 files indexed in 0s.
[Info  - 5:29:33 pm] Indexing started.
[Info  - 5:29:33 pm] Indexing ended. 1 files indexed in 0s.
[Info  - 5:29:39 pm] Indexing started.
[Info  - 5:29:39 pm] Indexing ended. 1 files indexed in 0s.
[Info  - 5:29:39 pm] Indexing started.
[Info  - 5:29:39 pm] Indexing ended. 1 files indexed in 0s.
[Info  - 5:29:41 pm] Indexing started.
[Info  - 5:29:41 pm] Indexing ended. 1 files indexed in 0s.
[Info  - 5:29:48 pm] Indexing started.
[Info  - 5:29:48 pm] Indexing ended. 1 files indexed in 0s.
[Info  - 5:30:05 pm] Indexing started.
[Info  - 5:30:05 pm] Indexing ended. 1 files indexed in 0s.
[Info  - 5:30:24 pm] Indexing started.
[Info  - 5:30:24 pm] Indexing ended. 2 files indexed in 0s.
[Info  - 5:30:27 pm] Indexing started.
[Info  - 5:30:27 pm] Indexing ended. 1 files indexed in 0s.
[Info  - 5:31:56 pm] Indexing started.
[Info  - 5:31:56 pm] Indexing ended. 1 files indexed in 0s.
[Info  - 5:31:57 pm] Indexing started.
[Info  - 5:31:57 pm] Indexing ended. 4 files indexed in 0s.
[Info  - 5:32:20 pm] Indexing started.
[Info  - 5:32:20 pm] Indexing ended. 1 files indexed in 0s.
[Info  - 5:33:49 pm] Indexing started.
[Info  - 5:33:49 pm] Indexing ended. 5 files indexed in 0s.
[Info  - 5:33:52 pm] Indexing started.
[Info  - 5:33:52 pm] Indexing ended. 1 files indexed in 0s.
[Info  - 5:34:00 pm] Indexing started.
[Info  - 5:34:00 pm] Indexing ended. 1 files indexed in 0s.
[Info  - 5:34:01 pm] Indexing started.
[Info  - 5:34:01 pm] Indexing ended. 4 files indexed in 0s.
[Info  - 5:35:05 pm] Indexing started.
[Info  - 5:35:05 pm] Indexing ended. 3 files indexed in 0s.
[Info  - 5:35:08 pm] Indexing started.
[Info  - 5:35:08 pm] Indexing ended. 1 files indexed in 0s.
[Info  - 5:35:31 pm] Indexing started.
[Info  - 5:35:31 pm] Indexing ended. 2 files indexed in 0s.
[Info  - 5:35:34 pm] Indexing started.
[Info  - 5:35:34 pm] Indexing ended. 1 files indexed in 0s.
[Info  - 5:35:51 pm] Indexing started.
[Info  - 5:35:51 pm] Indexing ended. 6 files indexed in 0s.
[Info  - 5:35:53 pm] Indexing started.
[Info  - 5:35:53 pm] Indexing ended. 1 files indexed in 0s.
[Info  - 5:37:28 pm] Indexing started.
[Info  - 5:37:28 pm] Indexing ended. 1 files indexed in 0s.
[Info  - 5:37:28 pm] Indexing started.
[Info  - 5:37:28 pm] Indexing ended. 1 files indexed in 0s.
[Info  - 5:37:31 pm] Indexing started.
[Info  - 5:37:31 pm] Indexing ended. 1 files indexed in 0s.
[Info  - 5:37:54 pm] Indexing started.
[Info  - 5:37:54 pm] Indexing ended. 1 files indexed in 0s.
[Info  - 5:37:54 pm] Indexing started.
[Info  - 5:37:54 pm] Indexing ended. 2 files indexed in 0s.
[Info  - 5:38:18 pm] Indexing started.
[Info  - 5:38:18 pm] Indexing ended. 1 files indexed in 0s.
[Info  - 5:38:18 pm] Indexing started.
[Info  - 5:38:19 pm] Indexing ended. 1 files indexed in 0s.
[Info  - 5:38:19 pm] Indexing started.
[Info  - 5:38:19 pm] Indexing ended. 2 files indexed in 0s.
[Info  - 5:38:20 pm] Indexing started.
[Info  - 5:38:20 pm] Indexing ended. 3 files indexed in 0s.
[Info  - 5:38:22 pm] Indexing started.
[Info  - 5:38:23 pm] Indexing ended. 1 files indexed in 0s.
[Info  - 5:38:30 pm] Indexing started.
[Info  - 5:38:30 pm] Indexing ended. 1 files indexed in 0s.
[Info  - 5:38:31 pm] Indexing started.
[Info  - 5:38:31 pm] Indexing ended. 8 files indexed in 0s.
[Info  - 5:38:40 pm] Indexing started.
[Info  - 5:38:40 pm] Indexing ended. 1 files indexed in 0s.
[Info  - 5:38:40 pm] Indexing started.
[Info  - 5:38:40 pm] Indexing ended. 2 files indexed in 0s.
[Info  - 5:38:42 pm] Indexing started.
[Info  - 5:38:42 pm] Indexing ended. 1 files indexed in 0s.
[Info  - 5:38:46 pm] Indexing started.
[Info  - 5:38:46 pm] Indexing ended. 1 files indexed in 0s.
[Info  - 5:38:48 pm] Indexing started.
[Info  - 5:38:48 pm] Indexing ended. 10 files indexed in 0s.
[Info  - 5:39:08 pm] Indexing started.
[Info  - 5:39:09 pm] Indexing ended. 1 files indexed in 0s.
[Info  - 5:39:09 pm] Indexing started.
[Info  - 5:39:09 pm] Indexing ended. 1 files indexed in 0s.
[Info  - 5:39:10 pm] Indexing started.
[Info  - 5:39:11 pm] Indexing ended. 1 files indexed in 0s.
[Info  - 5:39:47 pm] Indexing started.
[Info  - 5:39:47 pm] Indexing ended. 1 files indexed in 0s.
[Info  - 5:39:47 pm] Indexing started.
[Info  - 5:39:47 pm] Indexing ended. 2 files indexed in 0s.
[Info  - 5:39:49 pm] Indexing started.
[Info  - 5:39:49 pm] Indexing ended. 1 files indexed in 0s.
[Info  - 5:40:53 pm] Indexing started.
[Info  - 5:40:54 pm] Indexing ended. 1 files indexed in 0s.
[Info  - 5:40:54 pm] Indexing started.
[Info  - 5:40:55 pm] Indexing ended. 5 files indexed in 0s.
[Info  - 5:41:14 pm] Indexing started.
[Info  - 5:41:15 pm] Indexing ended. 1 files indexed in 0s.
[Info  - 5:41:23 pm] Indexing started.
[Info  - 5:41:23 pm] Indexing ended. 1 files indexed in 0s.
[Info  - 5:41:24 pm] Indexing started.
[Info  - 5:41:25 pm] Indexing ended. 9 files indexed in 0s.
[Info  - 5:41:26 pm] Indexing started.
[Info  - 5:41:26 pm] Indexing ended. 8 files indexed in 0s.
[Info  - 5:41:26 pm] Indexing started.
[Info  - 5:41:27 pm] Indexing ended. 1 files indexed in 0s.
[Info  - 5:41:29 pm] Indexing started.
[Info  - 5:41:29 pm] Indexing ended. 1 files indexed in 0s.
[Info  - 5:41:50 pm] Indexing started.
[Info  - 5:41:50 pm] Indexing ended. 2 files indexed in 0s.
[Info  - 5:41:51 pm] Indexing started.
[Info  - 5:41:52 pm] Indexing ended. 1 files indexed in 0s.
[Info  - 5:43:21 pm] Indexing started.
[Info  - 5:43:21 pm] Indexing ended. 1 files indexed in 0s.
[Info  - 5:43:22 pm] Indexing started.
[Info  - 5:43:22 pm] Indexing ended. 3 files indexed in 0s.
[Info  - 5:43:26 pm] Indexing started.
[Info  - 5:43:26 pm] Indexing ended. 1 files indexed in 0s.
[Info  - 5:43:33 pm] Indexing started.
[Info  - 5:43:33 pm] Indexing ended. 1 files indexed in 0s.
[Info  - 5:43:35 pm] Indexing started.
[Info  - 5:43:35 pm] Indexing ended. 8 files indexed in 0s.
[Info  - 6:08:31 pm] Indexing started.
[Info  - 6:08:31 pm] Indexing ended. 1 files indexed in 0s.
[Info  - 6:08:31 pm] Indexing started.
[Info  - 6:08:32 pm] Indexing ended. 2 files indexed in 0s.
[Info  - 6:08:32 pm] Indexing started.
[Info  - 6:08:33 pm] Indexing ended. 4 files indexed in 0s.
[Info  - 6:11:41 pm] Indexing started.
[Info  - 6:11:41 pm] Indexing ended. 1 files indexed in 0s.
[Info  - 6:12:22 pm] Indexing started.
[Info  - 6:12:22 pm] Indexing ended. 1 files indexed in 0s.
[Info  - 6:15:26 pm] Indexing started.
[Info  - 6:15:27 pm] Indexing ended. 1 files indexed in 0s.
[Info  - 6:16:16 pm] Indexing started.
[Info  - 6:16:17 pm] Indexing ended. 2 files indexed in 0s.
[Info  - 6:24:17 pm] Indexing started.
[Info  - 6:24:18 pm] Indexing ended. 1 files indexed in 0s.
[Info  - 6:24:40 pm] Indexing started.
[Info  - 6:24:40 pm] Indexing ended. 1 files indexed in 0s.
[Info  - 6:25:13 pm] Indexing started.
[Info  - 6:25:13 pm] Indexing ended. 1 files indexed in 0s.
[Info  - 6:26:31 pm] Indexing started.
[Info  - 6:26:31 pm] Indexing ended. 1 files indexed in 0s.
[Info  - 6:26:34 pm] Indexing started.
[Info  - 6:26:35 pm] Indexing ended. 7 files indexed in 0s.
